68558.17227, 3,   2.220,  9.344,  1.035, 4,   0.092, -0.044,  0.299, 5,   3.420,-39.360, 30.000
68558.19364, 3,   3.773,  9.725,  1.090, 4,   0.202, -0.174, -0.012, 5,   4.200,-39.480, 30.840
68558.21366, 3,   2.901, 10.011,  1.226, 4,   0.303,  0.073, -0.420, 5,   4.680,-39.660, 31.620
68558.23392, 3,   1.675,  9.956,  0.981, 4,   0.392, -0.026, -0.563, 5,   5.100,-39.600, 32.520
68558.25450, 3,  -0.449,  9.834,  0.967, 4,   0.439, -0.139, -0.684, 5,   5.520,-39.600, 33.060
68558.27708, 3,  -0.790,  9.766,  0.708, 4,   0.432, -0.653, -0.518, 5,   5.700,-39.600, 33.660
68558.29657, 3,  -0.163,  9.834,  0.735, 4,   0.388, -0.787, -0.356, 5,   5.880,-39.540, 34.080
68558.31504, 3,  -0.763,  9.739,  0.735, 4,   0.374, -0.670, -0.359, 5,   5.940,-39.540, 34.620
68558.33542, 3,  -1.498,  9.670,  0.844, 4,   0.380, -0.587, -0.318, 5,   6.060,-39.600, 34.980
68558.35564, 3,  -1.130,  9.316,  0.967, 4,   0.380, -0.671, -0.117, 5,   6.060,-39.480, 35.280
68558.38791, 3,  -0.327,  9.248,  0.259, 4,   0.375, -0.570,  0.097, 5,   5.940,-39.420, 35.460
68558.40849, 3,  -0.150,  9.589, -0.041, 4,   0.360, -0.363,  0.115, 5,   6.060,-39.300, 35.700
68558.42823, 3,  -0.640,  9.725, -0.449, 4,   0.323, -0.292,  0.218, 5,   6.060,-39.000, 35.820
68558.44933, 3,  -0.763,  9.997, -0.627, 4,   0.237, -0.271,  0.418, 5,   6.480,-38.880, 36.120
68558.46846, 3,  -1.594, 10.134, -0.409, 4,   0.162, -0.251,  0.595, 5,   6.780,-38.640, 36.480
68558.48894, 3,  -0.763, 10.120, -0.504, 4,   0.132, -0.211,  0.774, 5,   7.260,-38.400, 36.720
68558.51083, 3,   0.449, 11.182, -1.144, 4,   0.040, -0.026,  0.892, 5,   7.500,-38.040, 37.080
68558.52908, 3,   0.449, 11.182, -1.144, 4,   0.053,  0.000,  0.840, 5,   7.860,-37.920, 37.500
68558.54886, 3,   0.749, 11.850, -0.899, 4,   0.060, -0.064,  0.781, 5,   8.040,-37.620, 37.680
68558.57185, 3,  -0.286, 15.241, -1.839, 4,   0.044, -0.171,  0.777, 5,   8.280,-37.560, 37.920
68558.61679, 3,  -5.448, 18.292, -5.189, 4,   0.106, -0.488,  1.364, 5,   8.400,-37.320, 38.340
68558.64625, 3,  -5.598, 16.481, -4.290, 4,   0.172, -0.211,  1.678, 5,   8.280,-37.140, 38.700
68558.66664, 3,  -0.409, 16.862,  1.199, 4,  -0.009,  0.785,  2.220, 5,   7.680,-36.720, 39.180
68558.69052, 3,   8.744, 18.864,  4.508, 4,  -0.818,  0.086,  3.070, 5,   7.140,-36.360, 39.360
68558.70735, 3,   0.913, 19.191,  3.078, 4,  -1.217, -1.172,  2.348, 5,   6.420,-36.240, 39.420
68558.72728, 3,   0.082, 18.864,  1.376, 4,  -1.214, -1.380,  2.801, 5,   5.700,-35.880, 39.420
68558.74735, 3,   2.029, 18.292,  0.572, 4,  -1.303, -1.757,  3.574, 5,   4.680,-35.520, 39.420
68558.76731, 3,   0.681, 15.704, -0.368, 4,  -1.167, -1.321,  3.194, 5,   3.660,-35.340, 39.360
68558.78773, 3,  -1.008, 11.904, -1.103, 4,  -1.105, -0.185,  2.709, 5,   2.520,-34.860, 39.180
68558.80793, 3,  -1.866,  6.511, -0.858, 4,  -0.982,  0.563,  2.218, 5,   1.440,-34.380, 38.580
68558.82915, 3,  -3.351,  2.343, -0.831, 4,  -0.897,  1.175,  1.491, 5,   0.180,-33.840, 38.220
68558.85446, 3,  -5.543,  2.343, -0.708, 4,  -0.494,  1.934, -0.680, 5,  -1.080,-33.600, 37.620
68558.87113, 3,  -6.224, -1.703, -0.926, 4,  -0.151,  1.777, -1.404, 5,  -2.520,-33.240, 36.720
68558.88988, 3,  -6.007, -2.956, -1.212, 4,   0.177,  1.447, -2.134, 5,  -3.780,-32.940, 36.000
68558.91011, 3,  -4.222, -3.827, -1.771, 4,   0.456,  1.317, -2.788, 5,  -4.980,-32.520, 35.220
68558.93030, 3,  -1.308, -4.154, -1.798, 4,   0.685,  1.560, -3.314, 5,  -5.880,-32.220, 34.380
68558.95052, 3,   0.613, -3.541, -1.798, 4,   0.850,  1.632, -3.841, 5,  -6.600,-31.980, 33.540
68558.96994, 3,   3.487, -3.037,  3.446, 4,   0.964,  0.952, -4.192, 5,  -7.080,-31.680, 32.880
68558.99076, 3,   7.750, -1.362,  6.088, 4,   1.146, -0.255, -3.877, 5,  -7.260,-31.500, 32.160
68559.01676, 3,  12.503,  0.272,  5.244, 4,   1.155, -1.578, -2.258, 5,  -7.200,-31.380, 31.560
68559.03361, 3,  16.018,  9.848, 12.381, 4,  -0.043, -1.171, -1.159, 5,  -6.660,-31.140, 31.200
68559.05157, 3,  17.775, 14.683, -3.569, 4,   1.012, -1.820,  1.804, 5,  -6.060,-31.020, 31.080
68559.07066, 3,  -0.872,  3.623, -7.573, 4,   0.589,  2.471, -1.571, 5,  -5.340,-30.840, 30.840
68559.09180, 3,   1.376,  4.508, -0.218, 4,  -0.805,  1.420,  1.236, 5,  -4.560,-30.780, 30.660
68559.11196, 3,  10.392,  9.344,  0.109, 4,   0.104, -0.365,  1.279, 5,  -3.900,-30.780, 30.360
68559.13235, 3,   3.746,  9.398,  1.090, 4,   0.071,  0.109, -0.025, 5,  -3.180,-30.840, 30.600
68559.15249, 3,   2.452,  9.030,  1.471, 4,   0.134,  0.254, -0.285, 5,  -2.400,-30.960, 30.540
68559.17301, 3,   3.432,  9.466,  1.430, 4,   0.128, -0.265,  0.087, 5,  -1.440,-30.960, 30.780
68559.20161, 3,   2.642,  9.739,  1.444, 4,   0.261, -0.080, -0.504, 5,  -0.300,-30.960, 31.320
68559.23317, 3,   2.888,  9.766,  1.512, 4,   0.373, -0.174, -0.719, 5,   0.720,-30.840, 31.680
68559.25338, 3,   1.716,  9.602,  1.457, 4,   0.469, -0.240, -0.896, 5,   2.520,-30.780, 32.640
68559.27347, 3,   0.790,  9.548,  1.280, 4,   0.515, -0.444, -0.786, 5,   3.360,-30.600, 33.060
68559.29360, 3,   0.913,  9.602,  0.899, 4,   0.516, -0.613, -0.653, 5,   4.080,-30.420, 33.420
68559.31393, 3,   0.763,  9.698,  1.008, 4,   0.503, -0.512, -0.700, 5,   4.680,-30.240, 33.780
68559.33406, 3,   0.163,  9.602,  0.899, 4,   0.511, -0.338, -0.735, 5,   5.160,-30.180, 34.020
68559.35599, 3,   0.259,  9.616,  0.545, 4,   0.483, -0.382, -0.519, 5,   5.520,-29.940, 34.260
68559.37423, 3,   0.218,  9.575,  0.504, 4,   0.500, -0.266, -0.458, 5,   5.820,-29.760, 34.380
68559.39447, 3,  -0.354,  9.575,  0.191, 4,   0.460, -0.276, -0.374, 5,   6.180,-29.640, 34.620
68559.41553, 3,  -1.035,  9.548,  0.204, 4,   0.406, -0.247, -0.188, 5,   6.600,-29.340, 34.800
68559.43599, 3,  -1.199,  9.657, -0.191, 4,   0.347, -0.185,  0.052, 5,   7.020,-29.220, 35.280
68559.45684, 3,  -0.477,  9.711, -0.354, 4,   0.268, -0.106,  0.243, 5,   7.620,-29.040, 35.640
68559.47691, 3,  -0.613,  9.752, -0.477, 4,   0.217, -0.049,  0.302, 5,   8.100,-28.860, 35.940
68559.49687, 3,  -0.477,  9.902, -0.735, 4,   0.150, -0.031,  0.476, 5,   8.700,-28.560, 36.240
68559.52000, 3,   0.627, 10.297, -0.477, 4,   0.064,  0.125,  0.598, 5,   9.120,-28.320, 36.480
68559.53761, 3,   0.218, 10.869, -0.150, 4,   0.083, -0.020,  0.563, 5,   9.540,-28.080, 36.840
68559.55791, 3,   0.068, 12.258, -0.313, 4,   0.124, -0.086,  0.602, 5,  10.020,-27.960, 36.960
68559.57782, 3,   0.095, 14.301, -3.950, 4,   0.126, -0.476,  0.539, 5,  10.440,-27.660, 37.260
68559.59757, 3,   0.831, 16.603, -4.250, 4,   0.156, -0.572,  0.560, 5,  10.620,-27.420, 37.560
68559.61854, 3,  -2.452, 18.061, -5.707, 4,   0.266, -0.375,  0.532, 5,  10.800,-27.240, 37.740
68559.63859, 3,  -5.203, 16.086, -5.843, 4,   0.303, -0.400,  0.496, 5,  10.980,-26.940, 37.980
68559.65874, 3,  -5.380, 15.514, -3.119, 4,   0.256, -0.215,  1.005, 5,  10.980,-26.640, 38.340
68559.68019, 3,   2.356, 16.671,  1.226, 4,   0.086,  1.742,  2.683, 5,  10.920,-26.520, 38.340
68559.69927, 3,   8.731, 17.380,  2.901, 4,  -0.246,  1.443,  3.171, 5,  10.560,-26.280, 38.340
68559.71982, 3,   0.667, 18.456,  2.697, 4,  -0.853,  0.082,  2.292, 5,  10.080,-26.100, 38.340
68559.74015, 3,  -2.275, 18.319,  1.961, 4,  -0.950, -0.976,  2.437, 5,   9.180,-25.980, 38.280
68559.75937, 3,   0.994, 17.448,  1.920, 4,  -1.013, -1.666,  3.459, 5,   8.340,-25.800, 38.040
68559.77944, 3,   1.103, 16.290,  1.253, 4,  -0.816, -1.808,  3.428, 5,   7.500,-25.620, 37.740
68559.81586, 3,   2.234, 14.438,  0.640, 4,  -0.680,  0.511,  3.189, 5,   6.660,-25.380, 37.620
68559.84527, 3,  -0.027,  8.472, -0.259, 4,  -0.867,  2.091,  1.594, 5,   5.400,-25.200, 37.320
68559.86582, 3,  -2.520,  4.086,  0.272, 4,  -0.781,  2.382,  0.845, 5,   2.700,-24.780, 36.300
68559.88548, 3,  -3.677,  0.940,  0.681, 4,  -0.533,  2.505,  0.243, 5,   1.260,-24.360, 35.760
68559.90559, 3,  -4.222, -0.913,  0.613, 4,  -0.269,  2.413, -0.439, 5,  -0.180,-24.180, 34.920
68559.92579, 3,  -4.917, -1.784,  0.422, 4,   0.007,  2.187, -1.239, 5,  -1.620,-23.880, 34.080
68559.94624, 3,  -4.181, -2.288,  0.204, 4,   0.291,  1.836, -1.824, 5,  -3.000,-23.640, 33.300
68559.96630, 3,  -2.928, -2.370, -0.068, 4,   0.736,  1.577, -2.886, 5,  -4.440,-23.460, 32.280
68559.98636, 3,  -1.389, -2.601,  0.054, 4,   0.885,  1.398, -3.322, 5,  -5.760,-23.340, 31.320
68560.00651, 3,  -0.558, -2.220,  1.253, 4,   0.996,  0.523, -3.750, 5,  -6.900,-23.280, 30.420
68560.02734, 3,   0.831, -1.444,  3.609, 4,   1.116, -0.874, -3.751, 5,  -7.620,-23.220, 29.580
68560.04775, 3,   4.645,  1.062,  4.386, 4,   1.096, -1.974, -3.428, 5,  -8.220,-23.100, 28.920
68560.06796, 3,   8.853,  3.051,  3.037, 4,   0.945, -2.273, -2.776, 5,  -8.040,-23.100, 28.380
68560.08825, 3,  12.803,  3.882, 11.250, 4,   0.484, -1.819, -1.980, 5,  -7.740,-22.980, 27.900
68560.10889, 3,  16.154, 11.700, -4.018, 4,   0.035, -1.405,  0.276, 5,  -7.380,-23.040, 27.480
68560.13151, 3,  -4.971,  3.991, 12.190, 4,  -0.106,  4.822, -0.206, 5,  -6.900,-23.040, 27.060
68560.14869, 3,   5.080,  9.466,  3.977, 4,   0.370, -1.186,  0.797, 5,  -6.240,-23.100, 26.700
68560.16897, 3,   3.786,  9.289,  3.351, 4,   0.165, -0.384,  0.264, 5,  -5.340,-23.220, 26.520
68560.18939, 3,   1.757,  9.262,  2.479, 4,   0.192,  0.359, -0.580, 5,  -4.380,-23.340, 26.520
68560.20962, 3,   2.915,  9.561,  2.384, 4,   0.176, -0.185, -0.318, 5,  -3.360,-23.640, 26.520
68560.23035, 3,   3.024,  9.916,  2.029, 4,   0.171, -0.160, -0.426, 5,  -2.340,-23.700, 26.700
68560.25044, 3,   2.193,  9.848,  1.348, 4,   0.291, -0.184, -0.695, 5,  -1.080,-23.880, 26.880
68560.27096, 3,   1.798,  9.670,  1.471, 4,   0.383, -0.126, -0.854, 5,  -1.080,-24.000, 27.120
68560.29389, 3,   1.076,  9.657,  1.457, 4,   0.485, -0.228, -0.952, 5,   1.140,-24.060, 27.660
68560.31184, 3,   1.076,  9.657,  1.444, 4,   0.541, -0.414, -0.874, 5,   2.280,-24.240, 28.080
68560.33482, 3,  -0.109,  9.439,  1.185, 4,   0.568, -0.549, -0.686, 5,   3.240,-24.000, 28.740
68560.35641, 3,   0.177,  9.548,  0.817, 4,   0.567, -0.505, -0.592, 5,   4.080,-24.060, 29.040
68560.37657, 3,  -0.163,  9.548,  0.490, 4,   0.550, -0.418, -0.600, 5,   5.040,-24.000, 29.520
68560.39680, 3,  -0.654,  9.602,  0.504, 4,   0.511, -0.351, -0.546, 5,   5.460,-23.760, 29.760
68560.41540, 3,  -0.667,  9.548,  0.191, 4,   0.494, -0.382, -0.229, 5,   5.880,-23.700, 30.120
68560.43586, 3,  -0.218,  9.670, -0.123, 4,   0.415, -0.333, -0.144, 5,   6.300,-23.520, 30.420
68560.45539, 3,  -0.477,  9.793, -0.245, 4,   0.352, -0.263, -0.105, 5,   6.720,-23.400, 30.660
68560.47548, 3,  -0.817,  9.698, -0.191, 4,   0.332, -0.181,  0.081, 5,   7.200,-23.220, 30.780
68560.49552, 3,  -0.395,  9.834, -0.027, 4,   0.295, -0.159,  0.210, 5,   7.620,-23.100, 31.020
68560.51601, 3,  -0.885,  9.902, -0.368, 4,   0.270, -0.179,  0.247, 5,   7.920,-22.860, 31.320
68560.53599, 3,  -0.667, 10.188, -0.490, 4,   0.224, -0.216,  0.436, 5,   8.340,-22.560, 31.680
68560.55633, 3,  -0.844, 10.610, -0.341, 4,   0.180, -0.255,  0.539, 5,   8.640,-22.320, 31.860
68560.57648, 3,  -0.640, 11.577, -0.313, 4,   0.230, -0.196,  0.617, 5,   8.880,-22.140, 32.220
68560.59801, 3,  -0.504, 13.021, -1.757, 4,   0.220, -0.589,  0.714, 5,   9.300,-21.900, 32.640
68560.61843, 3,  -0.341, 15.214, -3.146, 4,   0.226, -0.458,  0.702, 5,   9.480,-21.720, 32.760
68560.63691, 3,  -1.594, 17.380, -4.467, 4,   0.263, -0.427,  0.816, 5,   9.780,-21.360, 32.940
68560.66075, 3,  -4.454, 16.753, -5.707, 4,   0.223, -0.462,  0.962, 5,  10.020,-21.360, 33.000
68560.67748, 3,  -6.129, 15.595, -4.944, 4,   0.151, -0.053,  1.471, 5,  10.080,-21.120, 33.240
68560.69768, 3,  -4.141, 15.214, -0.763, 4,   0.041,  0.735,  2.042, 5,   9.960,-20.880, 33.240
68560.71768, 3,   6.483, 16.222,  2.574, 4,  -0.245,  1.400,  3.041, 5,   9.660,-20.820, 33.420
68560.73789, 3,   9.848, 17.870,  3.201, 4,  -0.596,  0.914,  3.295, 5,   9.480,-20.640, 33.300
68560.75895, 3,   6.156, 18.701,  2.247, 4,  -1.328, -0.571,  3.258, 5,   8.940,-20.400, 33.180
68560.77986, 3,   1.893, 18.742,  2.315, 4,  -1.347, -0.856,  3.910, 5,   8.280,-20.220, 33.120
68560.79956, 3,   2.942, 17.747,  1.471, 4,  -1.227, -0.733,  4.089, 5,   7.380,-19.920, 33.000
68560.81931, 3,   3.201, 16.767,  0.613, 4,  -1.235,  0.239,  3.508, 5,   6.660,-19.620, 32.700
68560.83978, 3,  -1.321,  8.445, -0.599, 4,  -1.108,  1.374,  2.936, 5,   5.520,-19.440, 32.160
68560.86002, 3,  -3.078,  4.154, -1.280, 4,  -1.027,  2.038,  2.419, 5,   4.500,-19.140, 31.500
68560.88023, 3,  -5.571,  1.716, -1.076, 4,  -0.918,  2.060,  1.445, 5,   3.540,-18.900, 31.020
68560.90035, 3,  -6.361, -0.436, -0.913, 4,  -0.811,  1.857,  0.296, 5,   2.340,-18.600, 30.240
68560.92342, 3,  -6.592, -1.512, -1.090, 4,  -0.328,  1.365, -1.180, 5,   0.900,-18.420, 29.280
68560.94172, 3,  -6.116, -2.315, -1.280, 4,   0.012,  1.080, -1.926, 5,  -0.300,-18.180, 28.200
68560.96014, 3,  -4.931, -2.928, -1.417, 4,   0.282,  0.816, -2.586, 5,  -1.500,-18.000, 27.240
68560.98113, 3,  -2.874, -2.520, -0.981, 4,   0.496,  0.529, -3.248, 5,  -2.460,-17.700, 26.340
68561.00130, 3,  -0.735, -1.839, -0.109, 4,   0.705,  0.195, -3.700, 5,  -3.300,-17.580, 25.380
68561.02161, 3,   1.239, -1.839,  1.703, 4,   0.776, -0.456, -4.061, 5,  -3.960,-17.520, 24.420
68561.04232, 3,   5.026,  1.852,  3.160, 4,   0.794, -1.555, -4.082, 5,  -4.320,-17.340, 23.580
68561.06165, 3,   9.888,  3.296,  2.452, 4,   0.772, -2.563, -3.656, 5,  -4.440,-17.220, 22.860
68561.08452, 3,  11.713,  3.174, 10.229, 4,   0.121, -2.062, -1.998, 5,  -4.080,-17.040, 22.320
68561.10343, 3,  15.623, 11.346,  1.471, 4,  -0.248, -2.407,  0.681, 5,  -3.480,-16.920, 21.660
68561.12259, 3,  14.519, 14.615, -9.030, 4,   0.351, -0.123, -0.177, 5,  -2.460,-16.680, 21.240
68561.14210, 3,  -2.411, 16.249,  5.244, 4,   0.331,  3.288, -1.577, 5,  -1.440,-16.500, 20.880
68561.16534, 3,   0.109, 10.992,  1.893, 4,  -0.007,  0.874,  0.638, 5,  -1.440,-16.320, 20.640
68561.18351, 3,   7.709, 11.536,  1.893, 4,  -0.007, -0.957,  0.732, 5,   1.020,-16.080, 20.400
68561.20361, 3,   1.989,  9.384,  1.634, 4,   0.082,  0.278, -0.464, 5,   2.220,-16.020, 20.280
68561.22419, 3,   2.833,  9.779,  1.784, 4,   0.116,  0.145, -0.609, 5,   3.660,-15.840, 20.280
68561.24833, 3,   3.473,  9.861,  2.315, 4,   0.235, -0.139, -0.684, 5,   5.040,-15.660, 20.400
68561.26415, 3,   2.670,  9.861,  2.084, 4,   0.366, -0.191, -0.838, 5,   6.480,-15.360, 20.820
68561.28420, 3,   2.438,  9.657,  1.989, 4,   0.462, -0.209, -0.879, 5,   7.740,-15.120, 20.940
68561.30489, 3,   1.675,  9.439,  1.771, 4,   0.549, -0.183, -0.969, 5,   9.000,-15.000, 21.300
68561.32504, 3,   0.409,  9.548,  1.335, 4,   0.590, -0.265, -0.914, 5,  10.140,-14.700, 21.540
68561.34648, 3,   0.123,  9.398,  1.335, 4,   0.579, -0.461, -0.719, 5,  11.220,-14.400, 21.780
68561.36502, 3,   0.558,  9.643,  0.695, 4,   0.577, -0.435, -0.616, 5,  12.240,-14.100, 22.020
68561.38551, 3,   0.054,  9.616,  0.681, 4,   0.539, -0.424, -0.598, 5,  13.140,-13.740, 22.140
68561.40996, 3,  -0.095,  9.548,  0.627, 4,   0.481, -0.298, -0.356, 5,  13.560,-13.500, 22.260
68561.42783, 3,  -0.163,  9.575,  0.409, 4,   0.430, -0.256, -0.192, 5,  13.980,-13.200, 22.500
68561.44600, 3,  -0.109,  9.616,  0.286, 4,   0.383, -0.218, -0.067, 5,  14.220,-13.080, 22.620
68561.46535, 3,  -0.354,  9.670,  0.191, 4,   0.338, -0.094,  0.034, 5,  14.280,-12.900, 22.620
68561.48667, 3,   0.490,  9.820, -0.232, 4,   0.310, -0.138,  0.129, 5,  14.460,-12.780, 22.740
68561.50695, 3,  -0.109,  9.970, -0.109, 4,   0.281, -0.170,  0.123, 5,  14.820,-12.660, 23.040
68561.52711, 3,  -0.300, 10.025, -0.123, 4,   0.242, -0.235,  0.312, 5,  15.180,-12.540, 23.160
68561.54731, 3,   0.477, 10.025, -0.300, 4,   0.214, -0.308,  0.454, 5,  15.300,-12.420, 23.460
68561.57228, 3,   0.068, 11.605, -0.136, 4,   0.202, -0.285,  0.387, 5,  15.600,-12.240, 23.580
68561.58769, 3,   0.068, 11.605, -0.136, 4,   0.213, -0.410,  0.453, 5,  15.720,-12.180, 23.520
68561.60876, 3,   0.150, 13.416, -1.634, 4,   0.185, -0.517,  0.483, 5,  15.960,-12.000, 23.820
68561.62850, 3,  -0.272, 15.677, -2.928, 4,   0.156, -0.564,  0.513, 5,  16.080,-11.880, 23.880
68561.64863, 3,  -4.645, 17.584, -5.571, 4,   0.115, -0.582,  0.710, 5,  16.320,-11.760, 23.940
68561.66803, 3,  -4.645, 17.693, -5.571, 4,   0.046, -0.577,  1.132, 5,  16.380,-11.700, 23.940
68561.68907, 3,  -3.991, 16.072, -0.558, 4,  -0.046, -0.257,  1.570, 5,  16.380,-11.580, 23.940
68561.70974, 3,   5.911, 16.671,  3.351, 4,  -0.143,  0.505,  2.292, 5,  16.140,-11.580, 24.060
68561.73322, 3,  10.406, 18.101,  2.343, 4,  -0.547, -0.569,  2.896, 5,  16.020,-11.520, 24.180
68561.75151, 3,   0.272, 18.810,  1.267, 4,  -1.018, -1.645,  1.936, 5,  15.720,-11.520, 24.060
68561.76920, 3,   2.642, 18.265,  0.790, 4,  -1.153, -1.348,  3.307, 5,  15.240,-11.520, 24.060
68561.79076, 3,   4.604, 18.415,  0.354, 4,  -1.335, -2.009,  3.770, 5,  14.760,-11.520, 24.000
68561.81043, 3,   3.419, 16.862, -0.558, 4,  -1.433, -0.927,  3.369, 5,  13.920,-11.460, 23.880
68561.83108, 3,   0.300, 13.443, -0.531, 4,  -1.734,  0.087,  2.781, 5,  13.140,-11.580, 23.640
68561.85117, 3,  -2.343,  7.900,  0.354, 4,  -1.837,  0.465,  2.097, 5,  12.060,-11.640, 23.460
68561.87134, 3,  -4.794,  3.950,  0.123, 4,  -1.845,  0.402,  1.398, 5,  10.980,-11.820, 22.920
68561.89544, 3,  -7.559,  2.057, -0.899, 4,  -1.573, -0.549, -0.513, 5,   9.840,-11.940, 22.620
68561.91240, 3,  -7.900,  0.640, -1.444, 4,  -1.482, -1.011, -1.210, 5,   8.700,-12.240, 22.320
68561.93268, 3,  -6.347,  0.014, -1.757, 4,  -1.426, -0.925, -1.923, 5,   7.500,-12.600, 21.840
68561.95215, 3,  -6.320, -0.395, -2.193, 4,  -1.397, -0.340, -2.931, 5,   6.420,-12.960, 21.360
68561.97129, 3,  -5.966, -0.627, -1.989, 4,  -1.300, -0.085, -3.793, 5,   5.280,-13.440, 21.000
68561.99279, 3,  -4.903,  0.245, -2.002, 4,  -1.168, -0.101, -4.469, 5,   4.320,-13.920, 20.400
68562.01290, 3,  -3.364,  1.716, -1.812, 4,  -1.038, -0.269, -5.047, 5,   3.660,-14.460, 19.860
68562.03347, 3,  -2.411,  3.964, -0.436, 4,  -1.004, -0.908, -5.532, 5,   3.000,-15.120, 19.320
68562.05721, 3,  -1.430,  6.906,  0.953, 4,  -0.783, -4.489, -5.724, 5,   2.520,-15.780, 18.540
68562.07431, 3,   2.779,  9.820, -0.735, 4,  -0.701, -6.406, -4.964, 5,   2.640,-16.320, 17.940
68562.09472, 3,  10.379, 12.326, -5.189, 4,  -0.690, -7.103, -3.695, 5,   3.180,-16.980, 17.160
68562.11392, 3,  14.955, 10.951, -9.848, 4,  -0.548, -5.745, -2.158, 5,   3.900,-17.580, 16.320
68562.13940, 3,  17.243,  5.666, -8.635, 4,   0.061, -2.722, -1.269, 5,   4.860,-18.240, 15.600
68562.15484, 3,  18.387, 12.599,-10.637, 4,  -0.735,  0.261, -0.502, 5,   6.120,-18.780, 14.700
68562.17646, 3,  -0.572,  4.590,  4.440, 4,   0.958,  2.942, -0.471, 5,   7.320,-19.380, 13.860
68562.20001, 3,  -7.532, -0.449,  3.310, 4,   0.850, -2.141,  1.317, 5,   8.640,-19.860, 13.260
68562.21624, 3,   5.148,  9.534,  0.572, 4,   0.405, -1.165,  1.457, 5,   9.900,-20.400, 12.660
68562.23651, 3,   6.238,  7.614,  0.095, 4,   0.413, -0.108,  0.333, 5,  11.280,-20.820, 12.120
68562.25649, 3,   0.831,  9.221,  0.858, 4,   0.273, -0.335,  0.252, 5,  12.540,-21.240, 11.640
68562.27656, 3,   2.806, 10.052,  0.313, 4,   0.130, -0.480,  0.509, 5,  13.860,-21.600, 11.280
68562.29665, 3,   4.059,  9.739,  1.267, 4,  -0.047, -0.177,  0.002, 5,  15.060,-21.840, 10.740
68562.31684, 3,   2.315,  9.670,  2.275, 4,   0.002, -0.030, -0.428, 5,  16.200,-22.020, 10.440
68562.33697, 3,   0.899,  9.548,  3.010, 4,   0.170, -0.173, -0.370, 5,  17.100,-22.200, 10.260
68562.35705, 3,   0.395,  9.221,  3.637, 4,   0.367, -0.396, -0.196, 5,  18.060,-22.320,  9.840
68562.37877, 3,   0.449,  9.248,  2.533, 4,   0.613, -0.484, -0.111, 5,  19.020,-22.380,  9.660
68562.39728, 3,   0.449,  9.248,  2.533, 4,   0.561, -0.319, -0.182, 5,  19.500,-22.500,  9.420
68562.41841, 3,   0.218,  9.439,  2.247, 4,   0.442, -0.243, -0.242, 5,  19.500,-22.500,  9.480
68562.43875, 3,  -0.449,  9.316,  2.220, 4,   0.461, -0.170, -0.270, 5,  19.440,-22.440,  9.660
68562.45868, 3,   0.272,  9.412,  2.125, 4,   0.487, -0.175, -0.123, 5,  19.440,-22.440,  9.780
68562.47894, 3,   0.204,  9.439,  2.029, 4,   0.485, -0.349, -0.043, 5,  19.260,-22.380,  9.960
68562.49942, 3,  -0.341,  9.480,  1.621, 4,   0.505, -0.234, -0.093, 5,  19.320,-22.440, 10.080
68562.51953, 3,  -0.327,  9.534,  1.158, 4,   0.491, -0.179,  0.004, 5,  19.500,-22.380, 10.200
68562.54370, 3,  -0.831,  9.602,  0.735, 4,   0.368, -0.275,  0.298, 5,  19.620,-22.440, 10.320
68562.55986, 3,  -0.082,  9.616,  0.763, 4,   0.270, -0.302,  0.513, 5,  19.620,-22.440, 10.560
68562.57951, 3,   0.572,  9.548,  1.117, 4,   0.218, -0.348,  0.635, 5,  19.860,-22.320, 10.800
68562.60020, 3,  -0.422,  9.657,  1.090, 4,   0.212, -0.243,  0.589, 5,  19.920,-22.200, 10.920
68562.62045, 3,   0.245,  9.602,  0.790, 4,   0.150, -0.409,  0.823, 5,  20.100,-22.260, 11.220
68562.64054, 3,   1.062,  9.344,  0.654, 4,   0.043, -0.380,  0.969, 5,  20.160,-22.320, 11.340
68562.66078, 3,   1.485,  9.561,  1.130, 4,  -0.010, -0.273,  0.960, 5,  20.160,-22.200, 11.340
68562.68110, 3,   1.022,  9.575,  1.280, 4,  -0.015, -0.156,  0.899, 5,  20.040,-22.200, 11.580
68562.70576, 3,   0.477,  9.820,  1.199, 4,  -0.038, -0.475,  1.016, 5,  19.800,-22.260, 11.640
68562.72240, 3,   0.449, 10.229,  0.899, 4,  -0.097, -0.667,  1.147, 5,  19.560,-22.380, 11.940
68562.74111, 3,   0.722, 10.774,  0.558, 4,  -0.206, -0.850,  1.247, 5,  19.440,-22.560, 11.760
68562.76160, 3,  -0.735, 10.774,  1.253, 4,  -0.378, -1.115,  1.207, 5,  19.260,-22.740, 11.820
68562.78181, 3,   0.545, 12.476,  0.327, 4,  -0.491, -1.457,  1.435, 5,  18.900,-22.800, 11.700
68562.80176, 3,  -0.804, 14.410,  0.449, 4,  -0.574, -1.564,  1.776, 5,  18.420,-23.160, 11.820
68562.82210, 3,  -3.378, 16.930,  0.136, 4,  -0.864, -1.844,  2.084, 5,  17.820,-23.400, 11.760
68562.84240, 3,  -4.236, 18.224, -0.068, 4,  -1.293, -2.464,  2.626, 5,  17.100,-23.760, 11.640
68562.86799, 3,  -5.830, 18.878,  0.027, 4,  -2.008, -3.381,  3.153, 5,  16.380,-23.940, 11.340
68562.88562, 3,  -3.432, 18.578,  1.539, 4,  -2.079, -3.059,  3.368, 5,  15.360,-24.240, 10.920
68562.90350, 3,   3.201, 16.440,  2.002, 4,  -1.917, -2.914,  3.418, 5,  14.160,-24.720, 10.380
68562.92334, 3,   2.125, 16.140,  0.123, 4,  -1.821, -2.407,  2.007, 5,  12.720,-25.140,  9.840
68562.94375, 3,  -1.321, 13.797,  0.286, 4,  -2.297, -1.698,  0.766, 5,  11.280,-25.440,  9.120
68562.96362, 3,   0.667, 11.891, -1.280, 4,  -2.585, -1.186,  0.161, 5,   9.960,-25.860,  8.400
68562.98379, 3,   0.354, 10.256, -2.738, 4,  -2.801, -1.290, -0.921, 5,   8.580,-26.400,  7.500
68563.00394, 3,   0.477,  9.085, -4.345, 4,  -2.680, -1.413, -1.660, 5,   7.380,-26.820,  6.480
68563.02422, 3,   2.574,  8.921, -5.612, 4,  -2.529, -1.654, -1.998, 5,   6.240,-27.420,  5.520
68563.04740, 3,   3.296,  9.344, -6.606, 4,  -2.163, -1.371, -3.013, 5,   5.340,-27.780,  4.200
68563.06537, 3,   4.181,  9.916, -7.028, 4,  -1.991, -1.259, -3.368, 5,   4.620,-28.200,  3.120
68563.08506, 3,   4.536, 10.079, -7.382, 4,  -1.772, -1.202, -3.676, 5,   4.140,-28.500,  1.800
68563.10521, 3,   4.903,  9.779, -7.709, 4,  -1.502, -1.274, -3.890, 5,   3.660,-28.980,  0.480
68563.12563, 3,   5.012,  8.431, -7.695, 4,  -1.173, -1.364, -4.068, 5,   3.660,-29.100, -1.020
68563.14578, 3,   4.576,  7.178, -7.151, 4,  -0.826, -1.483, -4.202, 5,   3.960,-29.100, -2.460
68563.16628, 3,   4.318,  6.415, -6.837, 4,  -0.490, -1.748, -4.249, 5,   4.380,-29.100, -3.960
68563.18601, 3,   4.440,  6.197, -6.320, 4,  -0.199, -1.911, -4.286, 5,   5.100,-29.040, -5.280
68563.21002, 3,   6.184,  6.810, -4.672, 4,   0.265, -2.090, -4.128, 5,   6.300,-28.800, -6.600
68563.22725, 3,   6.184,  6.810, -4.672, 4,   0.382, -2.204, -3.988, 5,   7.800,-28.380, -7.860
68563.24579, 3,   7.246,  7.260, -3.092, 4,   0.505, -2.704, -3.702, 5,   9.540,-27.960, -9.060
68563.26669, 3,   9.058,  7.845, -2.724, 4,   0.644, -3.259, -3.070, 5,  11.160,-27.480,-10.200
68563.28705, 3,  16.113,  8.690, -4.250, 4,   0.748, -3.406, -2.124, 5,  12.840,-27.000,-11.280
68563.30757, 3,  17.815, 13.947,  4.481, 4,   0.864, -2.875, -1.185, 5,  14.520,-26.460,-12.240
68563.32747, 3,  18.673, 16.739,  6.619, 4,   0.215, -1.508,  0.060, 5,  16.080,-25.800,-13.080
68563.34761, 3,  -0.232,  8.050,  3.541, 4,  -0.380, -0.494,  2.134, 5,  17.520,-25.200,-13.920
68563.37164, 3,  -9.888,  9.984,  2.057, 4,  -0.157,  1.882,  0.164, 5,  18.840,-24.720,-14.580
68563.38839, 3,   4.808, 11.182, -0.163, 4,   0.238, -1.184,  3.118, 5,  20.100,-24.060,-15.240
68563.40789, 3,   8.050,  9.956,  1.893, 4,   0.145, -0.878,  1.709, 5,  21.000,-23.580,-15.600
68563.42818, 3,  -0.150, 10.433,  1.158, 4,  -0.004,  0.462, -0.635, 5,  21.780,-23.040,-15.960
68563.44856, 3,   1.294, 10.365,  1.117, 4,   0.078, -0.166,  0.012, 5,  22.380,-22.620,-16.080
68563.46859, 3,   4.236, 10.188,  1.743, 4,   0.047, -0.574,  0.573, 5,  22.620,-22.320,-16.320
68563.48884, 3,   2.234, 10.011,  2.125, 4,   0.083, -0.305, -0.159, 5,  22.740,-22.200,-16.380
68563.50877, 3,   1.512,  9.834,  2.465, 4,   0.226, -0.129, -0.578, 5,  22.620,-22.080,-16.620
68563.53356, 3,   1.403,  9.616,  2.574, 4,   0.490, -0.300, -0.577, 5,  22.500,-22.080,-16.680
68563.54942, 3,   0.504,  9.412,  2.697, 4,   0.625, -0.346, -0.677, 5,  22.260,-22.080,-16.740
68563.56950, 3,  -0.313,  9.548,  1.893, 4,   0.759, -0.429, -0.624, 5,  21.900,-22.140,-16.800
68563.58964, 3,  -0.054,  9.670,  1.430, 4,   0.744, -0.507, -0.521, 5,  21.660,-22.320,-16.740
68563.61056, 3,  -0.409,  9.670,  0.994, 4,   0.687, -0.469, -0.519, 5,  21.540,-22.380,-16.740
68563.62988, 3,  -0.763,  9.480,  1.525, 4,   0.649, -0.272, -0.465, 5,  21.480,-22.500,-16.500
68563.65009, 3,  -1.335,  9.262,  1.512, 4,   0.666, -0.183, -0.375, 5,  21.360,-22.740,-16.560
68563.67021, 3,  -1.607,  9.357,  0.967, 4,   0.699, -0.192, -0.218, 5,  21.300,-22.800,-16.440
68563.69241, 3,  -1.893,  9.602,  0.844, 4,   0.615, -0.294,  0.171, 5,  21.180,-22.920,-16.200
68563.71121, 3,  -1.335,  9.616,  0.218, 4,   0.593, -0.354,  0.363, 5,  21.120,-23.100,-15.960
68563.73035, 3,  -1.022,  9.916,  0.327, 4,   0.533, -0.349,  0.411, 5,  21.000,-23.220,-15.840
68563.75041, 3,  -1.130,  9.916,  0.381, 4,   0.522, -0.539,  0.408, 5,  21.000,-23.340,-15.720
68563.77045, 3,  -1.226, 10.256, -0.123, 4,   0.465, -0.766,  0.482, 5,  20.880,-23.520,-15.780
68563.79350, 3,  -0.286, 10.542, -1.090, 4,   0.368, -0.805,  0.631, 5,  20.820,-23.580,-15.540
68563.81073, 3,   0.136, 11.223, -1.634, 4,   0.225, -0.712,  0.689, 5,  20.820,-23.700,-15.300
68563.83079, 3,  -0.667, 12.367, -1.730, 4,   0.132, -0.639,  0.622, 5,  20.820,-23.940,-15.240
68563.85109, 3,  -0.313, 14.424, -2.683, 4,   0.156, -0.631,  0.740, 5,  20.580,-24.060,-15.060
68563.87164, 3,  -1.580, 16.971, -3.024, 4,   0.272, -0.461,  0.863, 5,  20.280,-24.300,-14.940
68563.89114, 3,  -4.699, 16.957, -3.895, 4,   0.175, -0.527,  0.991, 5,  19.920,-24.540,-14.880
68563.91122, 3,  -7.655, 16.317, -2.574, 4,   0.049, -0.660,  1.728, 5,  19.560,-24.720,-14.760
68563.93181, 3,  -3.773, 16.521,  1.730, 4,  -0.284, -0.730,  2.544, 5,  19.020,-24.960,-14.460
68563.95194, 3,   5.993, 17.829,  3.391, 4,  -0.700, -1.446,  3.187, 5,  18.360,-25.260,-14.460
68563.97200, 3,   9.507, 18.673,  2.533, 4,  -1.018, -2.628,  3.251, 5,  17.400,-25.380,-14.280
68563.99198, 3,   1.457, 19.096,  0.395, 4,  -0.900, -2.887,  2.746, 5,  16.440,-25.620,-14.400
68564.01217, 3,   3.419, 18.238, -0.613, 4,  -0.849, -2.576,  4.032, 5,  15.180,-25.800,-14.640
68564.03273, 3,   4.304, 17.938, -1.226, 4,  -0.978, -0.718,  3.707, 5,  13.740,-25.980,-14.880
68564.05241, 3,   2.179, 16.086, -2.043, 4,  -1.089,  0.588,  3.174, 5,  12.120,-26.040,-15.060
68564.07251, 3,  -0.150, 12.149, -2.288, 4,  -1.188,  1.578,  2.561, 5,  10.500,-26.100,-15.360
68564.09261, 3,  -2.179,  7.546, -2.084, 4,  -1.246,  2.169,  1.645, 5,   8.820,-25.980,-15.600
68564.11271, 3,  -4.304,  4.181, -1.607, 4,  -1.142,  2.484,  0.608, 5,   7.080,-25.920,-16.200
68564.13282, 3,  -5.925,  1.934, -0.926, 4,  -0.967,  2.525, -0.210, 5,   5.460,-25.740,-17.040
68564.15303, 3,  -6.715,  0.708, -0.572, 4,  -0.634,  2.161, -0.901, 5,   4.080,-25.440,-17.700
68564.17323, 3,  -6.442, -0.177, -0.599, 4,  -0.304,  1.502, -1.544, 5,   3.000,-25.200,-18.600
68564.19319, 3,  -6.047, -1.022, -0.504, 4,  -0.080,  0.995, -2.237, 5,   1.980,-25.140,-19.500
68564.21391, 3,  -4.072, -0.613, -0.136, 4,   0.286,  0.259, -3.146, 5,   1.140,-25.020,-20.160
68564.23321, 3,  -1.675, -0.313,  0.300, 4,   0.424,  0.183, -3.432, 5,   0.420,-24.900,-21.000
68564.25445, 3,   2.956, -0.027,  2.561, 4,   0.584,  0.120, -3.511, 5,  -0.120,-24.900,-21.900
68564.27333, 3,   4.427, -0.150,  3.677, 4,   0.693, -0.467, -3.609, 5,  -0.360,-24.960,-22.560
68564.29355, 3,   7.055, -0.068,  2.710, 4,   0.805, -1.294, -3.455, 5,  -0.180,-25.020,-23.220
68564.31374, 3,   9.344, -1.893,  0.341, 4,   0.790, -1.671, -3.008, 5,   0.180,-25.140,-23.760
68564.33380, 3,  14.438,  8.799,  9.929, 4,   0.717, -1.657, -2.594, 5,   0.900,-25.200,-24.000
68564.35395, 3,  12.108, 10.406, -4.345, 4,  -0.542, -1.394, -0.450, 5,   1.920,-25.440,-24.360
68564.37611, 3,  -3.364,  8.336,  7.587, 4,  -0.142,  5.057, -0.539, 5,   3.180,-25.920,-24.660
68564.39415, 3,   4.903, 10.706, -1.035, 4,   0.715, -1.262,  1.060, 5,   4.560,-26.280,-24.660
68564.41545, 3,   8.840,  9.616,  0.926, 4,   0.253, -0.500,  0.675, 5,   5.940,-26.760,-24.660
68564.43575, 3,   1.961,  9.112,  1.798, 4,   0.254,  0.554, -0.837, 5,   7.320,-27.300,-24.600
68564.45544, 3,   3.092, 10.283,  0.735, 4,   0.269, -0.078, -0.414, 5,   8.520,-27.780,-24.240
68564.47606, 3,   3.827,  9.956,  1.471, 4,   0.238, -0.221, -0.310, 5,   9.780,-28.320,-23.880
68564.49621, 3,   2.670,  9.997,  1.471, 4,   0.442, -0.109, -0.686, 5,  10.740,-28.860,-23.460
68564.51645, 3,   1.961,  9.766,  1.444, 4,   0.632, -0.065, -0.931, 5,  11.760,-29.280,-22.800
68564.54161, 3,   1.539,  9.739,  1.212, 4,   0.675, -0.160, -0.971, 5,  12.780,-29.640,-22.500
68564.55732, 3,  -0.041,  9.602,  1.090, 4,   0.665, -0.275, -0.920, 5,  13.680,-30.000,-21.960
68564.57730, 3,  -0.381,  9.480,  0.667, 4,   0.647, -0.450, -0.691, 5,  14.640,-30.240,-21.540
68564.59752, 3,   0.313,  9.670,  0.381, 4,   0.575, -0.498, -0.548, 5,  15.360,-30.420,-21.060
68564.61778, 3,  -0.572,  9.643,  0.449, 4,   0.532, -0.471, -0.611, 5,  15.840,-30.600,-20.520
68564.63792, 3,  -0.831,  9.384,  0.422, 4,   0.510, -0.433, -0.458, 5,  16.440,-30.720,-20.040
68564.65819, 3,  -0.763,  9.357,  0.368, 4,   0.485, -0.479, -0.212, 5,  16.680,-30.840,-19.680
68564.67838, 3,  -0.804,  9.602,  0.136, 4,   0.458, -0.412, -0.117, 5,  17.040,-30.960,-19.320
68564.70371, 3,  -0.885,  9.861, -0.041, 4,   0.359, -0.213,  0.159, 5,  17.340,-30.900,-18.960
68564.72100, 3,  -0.926,  9.766,  0.041, 4,   0.336, -0.263,  0.336, 5,  17.460,-30.960,-18.780
68564.73877, 3,  -0.967,  9.970, -0.381, 4,   0.314, -0.277,  0.443, 5,  17.640,-31.020,-18.480
68564.75900, 3,  -0.558, 10.215, -0.504, 4,   0.276, -0.229,  0.592, 5,  17.940,-31.080,-18.120
68564.77899, 3,   0.068, 10.665, -0.899, 4,   0.244, -0.268,  0.644, 5,  18.240,-31.200,-17.820
68564.79887, 3,  -0.436, 11.346, -0.858, 4,   0.209, -0.380,  0.590, 5,  18.420,-31.260,-17.520
68564.81932, 3,  -0.109, 13.280, -1.485, 4,   0.184, -0.482,  0.683, 5,  18.360,-31.320,-17.400
68564.83936, 3,  -0.436, 15.609, -2.901, 4,   0.196, -0.455,  0.687, 5,  18.540,-31.320,-17.160
68564.85999, 3,  -1.280, 17.570, -4.440, 4,   0.228, -0.310,  0.742, 5,  18.420,-31.560,-16.980
68564.88089, 3,  -3.637, 16.603, -5.080, 4,   0.202, -0.144,  1.004, 5,  18.300,-31.740,-16.800
68564.90017, 3,  -5.761, 15.609, -4.359, 4,   0.147,  0.173,  1.576, 5,  17.880,-31.920,-16.440
68564.91926, 3,  -2.411, 15.391,  0.708, 4,  -0.069,  1.034,  2.441, 5,  17.460,-32.160,-16.200
68564.93933, 3,   7.219, 17.257,  3.092, 4,  -0.379,  0.762,  3.029, 5,  16.920,-32.340,-16.260
68564.95944, 3,   9.221, 18.387,  2.452, 4,  -0.743, -0.229,  2.900, 5,  16.140,-32.640,-16.080
68564.97952, 3,   0.504, 18.960,  1.784, 4,  -1.001, -0.776,  2.566, 5,  15.540,-32.820,-16.200
68564.99955, 3,   2.670, 18.279,  1.580, 4,  -1.148, -0.868,  3.910, 5,  14.580,-32.820,-16.140
68565.01980, 3,   3.882, 17.516,  1.090, 4,  -1.191, -0.938,  3.885, 5,  13.500,-32.880,-16.320
68565.04073, 3,   2.411, 16.126, -0.068, 4,  -1.249,  1.102,  2.902, 5,  12.420,-32.820,-16.560
68565.06005, 3,  -0.027, 13.579, -0.722, 4,  -1.231,  1.449,  2.272, 5,  11.160,-32.640,-16.860
68565.08008, 3,  -2.779,  8.921, -0.627, 4,  -1.185,  1.492,  1.588, 5,   9.900,-32.460,-17.280
68565.10022, 3,  -4.427,  4.345, -0.627, 4,  -0.961,  1.297,  0.845, 5,   8.580,-32.160,-17.580
68565.12025, 3,  -4.958,  1.757,  0.054, 4,  -0.607,  1.072,  0.090, 5,   7.320,-31.800,-18.060
68565.14033, 3,  -5.707,  0.191, -0.490, 4,  -0.260,  0.900, -0.646, 5,   6.300,-31.380,-18.420
68565.16041, 3,  -4.645, -0.150, -0.926, 4,   0.015,  0.837, -1.201, 5,   5.340,-30.960,-19.020
68565.18056, 3,  -3.323, -0.504, -1.417, 4,   0.184,  1.083, -1.815, 5,   4.560,-30.420,-19.560
68565.20070, 3,  -2.683, -0.804, -1.417, 4,   0.292,  1.372, -2.494, 5,   3.960,-30.180,-20.040
68565.22148, 3,  -0.395, -0.749,  1.376, 4,   0.528,  0.971, -3.430, 5,   3.840,-29.700,-20.640
68565.24082, 3,   0.763,  0.449,  2.806, 4,   0.691, -0.098, -3.731, 5,   3.900,-29.040,-21.240
68565.26096, 3,   5.026,  2.506,  3.609, 4,   0.783, -1.210, -3.483, 5,   4.380,-28.500,-21.480
68565.28108, 3,   9.561,  4.767,  3.065, 4,   0.781, -1.829, -2.942, 5,   5.040,-27.780,-22.020
68565.30116, 3,  13.280,  4.917,  1.743, 4,   0.635, -2.115, -2.309, 5,   5.880,-27.180,-22.140
68565.32123, 3,  16.399,  3.364,  0.054, 4,   0.458, -1.799, -1.294, 5,   6.900,-26.580,-22.500
68565.34745, 3,  17.965, 11.441,  8.989, 4,  -0.692,  1.027,  1.277, 5,   8.220,-25.920,-22.680
68565.36728, 3,   8.635,  8.799,  6.129, 4,   0.150,  0.169, -1.202, 5,   9.720,-25.500,-22.800
68565.38738, 3,  -4.685, 14.165,  2.860, 4,   0.563,  2.757, -0.627, 5,  11.400,-25.140,-22.920
68565.40750, 3,   3.759, 11.822,  2.315, 4,  -0.036, -0.863,  1.567, 5,  13.140,-24.780,-22.920
68565.42756, 3,   4.345, 11.087,  1.675, 4,   0.257,  0.229,  0.093, 5,  14.760,-24.540,-22.980
68565.44768, 3,   3.201,  9.834,  1.471, 4,   0.165,  0.158, -0.150, 5,  16.440,-24.420,-22.920
68565.46776, 3,   3.092, 10.093,  1.158, 4,   0.080,  0.042, -0.313, 5,  18.060,-24.360,-22.740
68565.48784, 3,   3.065, 10.120,  1.512, 4,   0.032, -0.081, -0.343, 5,  19.560,-24.300,-22.440
68565.50848, 3,   3.174,  9.970,  1.716, 4,   0.200, -0.246, -0.589, 5,  20.940,-24.120,-22.320
68565.52802, 3,   2.642,  9.929,  1.825, 4,   0.319, -0.284, -0.734, 5,  22.080,-23.820,-22.140
68565.54813, 3,   2.111,  9.739,  1.907, 4,   0.431, -0.316, -0.747, 5,  22.860,-23.760,-21.960
68565.56824, 3,   1.703,  9.534,  1.893, 4,   0.527, -0.401, -0.753, 5,  23.640,-23.640,-21.780
68565.58831, 3,   1.212,  9.439,  1.580, 4,   0.571, -0.467, -0.719, 5,  24.180,-23.640,-21.840
68565.60842, 3,   0.967,  9.384,  1.035, 4,   0.553, -0.535, -0.650, 5,  24.660,-23.580,-21.720
68565.62857, 3,   0.817,  9.412,  0.708, 4,   0.504, -0.508, -0.595, 5,  25.140,-23.520,-21.660
68565.64862, 3,   0.831,  9.466,  0.586, 4,   0.474, -0.381, -0.525, 5,  25.500,-23.520,-21.660
68565.66874, 3,   0.885,  9.480,  0.531, 4,   0.477, -0.267, -0.466, 5,  25.740,-23.520,-21.600
68565.68945, 3,   0.422,  9.507,  0.381, 4,   0.469, -0.187, -0.343, 5,  25.920,-23.640,-21.240
68565.70884, 3,   0.272,  9.575,  0.232, 4,   0.439, -0.254, -0.266, 5,  26.160,-23.580,-21.060
68565.72899, 3,   0.163,  9.766, -0.027, 4,   0.392, -0.231, -0.123, 5,  26.280,-23.640,-20.940
68565.74913, 3,   0.204,  9.848,  0.027, 4,   0.382, -0.070, -0.025, 5,  26.520,-23.640,-20.760
68565.76927, 3,  -0.191, 10.038,  0.027, 4,   0.333, -0.123,  0.027, 5,  26.580,-23.760,-20.580
68565.78933, 3,  -0.735, 10.038, -0.504, 4,   0.296, -0.082,  0.229, 5,  26.760,-23.700,-20.280
68565.80942, 3,   0.054, 10.569, -0.654, 4,   0.211, -0.045,  0.466, 5,  26.700,-23.760,-20.100
68565.82957, 3,   0.218, 11.278, -0.872, 4,   0.168, -0.035,  0.512, 5,  26.820,-23.700,-19.740
68565.85040, 3,  -0.381, 12.844, -1.376, 4,   0.135, -0.448,  0.510, 5,  27.000,-23.760,-19.500
68565.86982, 3,  -0.041, 15.350, -2.860, 4,   0.155, -0.443,  0.580, 5,  27.060,-23.820,-19.440
68565.88983, 3,  -0.504, 17.162, -4.318, 4,   0.151, -0.455,  0.651, 5,  27.240,-23.880,-19.320
68565.90992, 3,  -2.847, 17.025, -5.285, 4,   0.105, -0.290,  0.855, 5,  27.240,-23.940,-19.020
68565.93000, 3,  -5.516, 16.276, -4.876, 4,   0.094,  0.195,  1.474, 5,  27.120,-24.000,-18.840
68565.95011, 3,  -2.942, 15.895, -1.090, 4,  -0.062,  1.046,  2.330, 5,  26.820,-24.180,-18.840
68565.97024, 3,   3.923, 16.385,  1.389, 4,  -0.270,  0.980,  2.845, 5,  26.400,-24.360,-18.660
68565.99030, 3,   9.044, 17.952,  1.594, 4,  -0.609,  0.144,  3.145, 5,  26.040,-24.480,-18.480
68566.01040, 3,   3.146, 18.742,  2.670, 4,  -0.999, -0.702,  2.681, 5,  25.320,-24.540,-18.540
68566.03139, 3,   3.650, 17.734,  1.825, 4,  -1.122, -1.150,  3.731, 5,  24.480,-24.720,-18.540
68566.05061, 3,   2.329, 15.854,  0.817, 4,  -1.117, -0.540,  3.269, 5,  23.400,-24.780,-18.600
68566.07070, 3,   0.123, 13.511, -0.327, 4,  -1.126,  0.386,  2.814, 5,  22.200,-24.780,-18.720
68566.09083, 3,  -0.899,  9.875, -0.735, 4,  -1.145,  0.827,  2.361, 5,  20.880,-24.720,-19.020
68566.11093, 3,  -1.348,  5.339, -0.300, 4,  -1.117,  1.062,  1.768, 5,  19.440,-24.540,-19.500
68566.13103, 3,  -2.220,  2.152, -0.191, 4,  -1.023,  1.262,  0.937, 5,  18.180,-24.300,-19.740
68566.15112, 3,  -3.718,  0.695, -0.422, 4,  -0.822,  1.446,  0.055, 5,  16.800,-24.000,-20.100
68566.17125, 3,  -4.304, -0.191, -0.749, 4,  -0.554,  1.417, -0.731, 5,  15.540,-23.640,-20.520
68566.19234, 3,  -3.214, -1.022, -0.708, 4,  -0.032,  0.913, -1.730, 5,  14.400,-22.980,-20.820
68566.21140, 3,  -2.016, -1.308, -0.926, 4,   0.243,  0.982, -2.370, 5,  13.200,-22.560,-21.180
68566.23151, 3,  -1.035, -1.062, -1.512, 4,   0.480,  1.180, -2.909, 5,  12.300,-22.020,-21.480
68566.25161, 3,  -1.035, -0.708, -0.804, 4,   0.577,  1.145, -3.271, 5,  11.520,-21.540,-21.840
68566.27176, 3,   0.436, -0.695,  1.662, 4,   0.665,  0.505, -3.570, 5,  10.980,-20.880,-21.960
68566.29172, 3,   2.452,  0.858,  3.609, 4,   0.792, -0.818, -3.612, 5,  10.800,-20.280,-22.080
68566.31187, 3,   7.314,  3.746,  3.174, 4,   0.945, -2.231, -3.167, 5,  10.620,-19.680,-22.440
68566.33199, 3,  13.416,  5.802,  1.525, 4,   0.928, -2.837, -2.380, 5,  10.800,-18.900,-22.680
68566.35224, 3,  16.481,  5.053,  1.226, 4,   0.502, -2.233, -1.602, 5,  11.160,-18.180,-22.860
68566.37333, 3,  17.992, 10.964, 10.379, 4,  -0.770,  0.586,  0.094, 5,  11.700,-17.400,-22.920
68566.39242, 3,  18.265, 10.924,  1.839, 4,   0.292, -1.130,  0.381, 5,  12.360,-16.680,-22.860
68566.41248, 3,  -0.627, 14.451, -4.862, 4,   0.806,  1.998, -1.820, 5,  13.320,-15.840,-22.860
68566.43253, 3,   4.645, 12.013, -0.259, 4,  -0.181, -0.099,  1.417, 5,  14.280,-15.180,-22.680
68566.45263, 3,   6.347, 10.052,  1.771, 4,   0.246,  0.378,  0.333, 5,  15.180,-14.700,-22.500
68566.47281, 3,   3.977,  9.956,  1.212, 4,   0.293,  0.327, -0.318, 5,  16.200,-14.340,-22.440
68566.49284, 3,   3.105, 10.311,  0.667, 4,   0.238,  0.191, -0.473, 5,  17.100,-13.980,-22.320
68566.51303, 3,   2.860, 10.229,  0.844, 4,   0.096,  0.055, -0.376, 5,  17.880,-13.620,-22.080
68566.53301, 3,   2.996, 10.025,  1.144, 4,   0.075, -0.053, -0.488, 5,  18.660,-13.380,-21.900
68566.55356, 3,   2.738,  9.902,  1.457, 4,   0.228, -0.164, -0.791, 5,  19.200,-13.080,-21.660
68566.57317, 3,   2.002,  9.725,  1.648, 4,   0.328, -0.205, -0.860, 5,  19.860,-12.780,-21.600
68566.59326, 3,   1.553,  9.439,  1.703, 4,   0.428, -0.261, -0.844, 5,  20.220,-12.600,-21.600
68566.61339, 3,   1.308,  9.480,  1.417, 4,   0.500, -0.335, -0.812, 5,  20.400,-12.480,-21.660
68566.63349, 3,   1.049,  9.684,  0.994, 4,   0.539, -0.398, -0.777, 5,  20.700,-12.300,-21.480
68566.65358, 3,   0.545,  9.643,  0.790, 4,   0.548, -0.355, -0.761, 5,  20.880,-12.300,-21.300
68566.67379, 3,   0.245,  9.575,  0.463, 4,   0.551, -0.327, -0.687, 5,  21.060,-12.240,-21.240
68566.69381, 3,   0.204,  9.453,  0.504, 4,   0.515, -0.265, -0.586, 5,  21.240,-12.240,-21.120
68566.71538, 3,   0.245,  9.439,  0.381, 4,   0.458, -0.182, -0.432, 5,  21.600,-12.240,-20.940
68566.73394, 3,   0.681,  9.616,  0.381, 4,   0.418, -0.198, -0.417, 5,  21.600,-12.360,-20.760
68566.75416, 3,  -0.518,  9.916, -0.191, 4,   0.365, -0.196, -0.380, 5,  21.720,-12.480,-20.820
68566.77429, 3,  -0.477,  9.888, -0.245, 4,   0.292, -0.278, -0.189, 5,  21.720,-12.360,-20.820
68566.79433, 3,  -0.831,  9.861, -0.381, 4,   0.226, -0.297, -0.103, 5,  21.780,-12.360,-20.820
68566.81453, 3,  -1.512, 10.065, -0.381, 4,   0.177, -0.339,  0.116, 5,  21.960,-12.360,-20.580
68566.83463, 3,  -1.022, 10.025, -0.531, 4,   0.108, -0.294,  0.423, 5,  22.080,-12.540,-20.580
68566.85475, 3,  -0.095, 10.147, -0.204, 4,   0.060, -0.114,  0.547, 5,  22.200,-12.540,-20.340
68566.87496, 3,  -0.082, 10.637,  0.054, 4,   0.074, -0.058,  0.496, 5,  22.320,-12.660,-20.280
68566.89620, 3,  -1.348, 11.591, -0.109, 4,   0.116, -0.446,  0.708, 5,  22.260,-12.600,-20.040
68566.91751, 3,  -1.090, 14.315, -1.444, 4,   0.092, -0.552,  0.731, 5,  22.320,-12.780,-19.920
68566.93629, 3,  -1.607, 16.671, -3.024, 4,   0.066, -0.407,  0.847, 5,  22.260,-12.840,-19.620
68566.95660, 3,  -3.800, 17.434, -4.890, 4,  -0.032, -0.499,  1.135, 5,  22.140,-12.900,-19.560
68566.97603, 3,  -5.789, 17.502, -5.448, 4,  -0.093, -0.281,  1.600, 5,  21.900,-13.020,-19.560
68566.99698, 3,  -6.047, 15.990, -3.351, 4,  -0.070,  0.061,  1.998, 5,  21.600,-13.080,-19.320
68567.01718, 3,   0.763, 17.543,  1.117, 4,  -0.246,  1.005,  2.589, 5,  21.240,-13.260,-19.260
68567.03736, 3,   4.154, 16.426,  2.683, 4,  -0.455,  0.405,  2.295, 5,  20.640,-13.440,-19.440
68567.05947, 3,   0.177, 18.292,  1.457, 4,  -1.070, -1.124,  1.898, 5,  20.100,-13.560,-19.500
68567.07927, 3,   1.743, 17.543,  0.804, 4,  -1.106, -0.930,  2.795, 5,  19.260,-13.740,-19.440
68567.09779, 3,   4.331, 16.521,  0.613, 4,  -1.168, -1.295,  3.184, 5,  18.420,-13.980,-19.440
68567.11845, 3,   5.366, 15.255,  0.054, 4,  -1.252, -0.443,  2.956, 5,  17.460,-14.160,-19.500
68567.13782, 3,   3.609, 12.272, -0.163, 4,  -1.417,  0.791,  2.571, 5,  16.080,-14.160,-19.800
68567.15770, 3,  -0.109,  8.377, -0.449, 4,  -1.626,  1.578,  1.911, 5,  14.760,-14.040,-20.100
68567.17792, 3,  -2.465,  3.596,  0.204, 4,  -1.681,  1.697,  1.241, 5,  13.380,-14.100,-20.520
68567.19819, 3,  -3.773,  0.572,  0.667, 4,  -1.566,  1.382,  0.657, 5,  12.000,-14.040,-21.000
68567.21912, 3,  -4.794,  0.572,  0.667, 4,  -0.979,  0.095, -0.777, 5,  10.620,-14.100,-21.540
68567.23849, 3,  -5.475, -0.286, -1.308, 4,  -0.712, -0.510, -1.427, 5,   9.180,-13.980,-22.080
68567.26039, 3,  -4.835, -0.409, -1.893, 4,  -0.547, -0.949, -1.948, 5,   7.740,-13.980,-22.740
68567.27886, 3,  -2.928, -0.395, -2.166, 4,  -0.444, -0.968, -2.480, 5,   6.540,-13.860,-23.400
68567.29888, 3,  -1.757,  0.272, -2.016, 4,  -0.330, -0.637, -3.084, 5,   5.220,-13.740,-23.760
68567.31959, 3,  -1.117,  1.117, -2.070, 4,  -0.269, -0.221, -3.623, 5,   3.960,-13.860,-24.420
68567.33961, 3,  -0.300,  1.975, -1.321, 4,  -0.245, -0.330, -4.001, 5,   2.880,-13.740,-25.080
68567.35962, 3,   0.667,  3.187,  0.136, 4,  -0.233, -1.029, -4.317, 5,   2.100,-13.620,-25.680
68567.38021, 3,   1.566,  5.680,  0.695, 4,   0.094, -3.208, -4.315, 5,   1.500,-13.680,-26.220
68567.40051, 3,   3.105,  7.396, -0.354, 4,   0.254, -4.687, -3.927, 5,   0.900,-13.740,-26.820
68567.42065, 3,   8.349,  8.145, -1.989, 4,   0.231, -5.337, -3.095, 5,   0.420,-13.920,-27.540
68567.44076, 3,  13.307,  8.281, -4.413, 4,   0.145, -4.815, -2.393, 5,  -0.240,-14.340,-28.020
68567.46104, 3,  15.949,  5.285, -3.214, 4,   0.236, -3.566, -1.746, 5,  -0.660,-14.700,-28.260
68567.48105, 3,  17.734, 12.408,-11.387, 4,  -1.080, -0.768, -0.009, 5,  -1.020,-15.300,-28.560
68567.50124, 3,  -0.899, -1.171,  4.032, 4,   0.803,  1.659,  0.348, 5,  -1.500,-15.780,-28.560
68567.52150, 3, -10.215,  1.444,  3.841, 4,  -0.740,  4.348, -1.213, 5,  -1.740,-16.260,-28.800
68567.54359, 3,   4.645, 10.488,  0.218, 4,   0.390, -1.005,  2.337, 5,  -1.980,-16.740,-28.920
68567.56191, 3,   8.159,  8.785,  1.512, 4,   0.330,  0.115, -0.180, 5,  -2.220,-17.280,-28.980
68567.58181, 3,  -0.095,  9.425,  1.117, 4,   0.418,  0.434, -0.392, 5,  -2.460,-17.760,-28.920
68567.60183, 3,   0.981,  9.970,  0.381, 4,   0.289, -0.225,  0.546, 5,  -2.880,-18.240,-28.920
68567.62214, 3,   4.154, 10.120,  0.586, 4,   0.117, -0.118,  0.297, 5,  -3.180,-18.780,-29.040
68567.64240, 3,   2.370, 10.052,  0.763, 4,   0.033,  0.231, -0.352, 5,  -3.480,-19.080,-28.980
68567.66251, 3,   1.553,  9.929,  1.117, 4,  -0.017,  0.228, -0.340, 5,  -3.720,-19.500,-28.920
68567.68265, 3,   0.654,  9.779,  1.798, 4,   0.016,  0.082, -0.276, 5,  -4.140,-19.980,-28.860
68567.70295, 3,   0.245,  9.575,  1.961, 4,   0.155, -0.081, -0.181, 5,  -4.740,-20.340,-28.680
68567.72344, 3,   0.763,  9.630,  1.662, 4,   0.216, -0.290, -0.084, 5,  -5.100,-20.700,-28.500
68567.74294, 3,   1.144,  9.657,  1.444, 4,   0.175, -0.219, -0.221, 5,  -5.400,-20.880,-28.260
68567.76587, 3,   1.267,  9.698,  1.525, 4,   0.162, -0.097, -0.355, 5,  -5.400,-20.940,-28.200
68567.78626, 3,   0.041,  9.262,  1.989, 4,   0.227, -0.057, -0.362, 5,  -5.460,-21.060,-28.140
68567.80620, 3,   0.041,  9.534,  1.498, 4,   0.234, -0.372, -0.209, 5,  -5.520,-21.000,-27.960
68567.82629, 3,   0.041,  9.616,  1.525, 4,   0.205, -0.364, -0.152, 5,  -5.280,-21.060,-28.020
68567.84641, 3,   0.027,  9.589,  1.485, 4,   0.205, -0.396, -0.091, 5,  -5.460,-21.180,-27.780
68567.86760, 3,  -0.449,  9.425,  1.185, 4,   0.189, -0.388,  0.082, 5,  -5.640,-21.360,-27.480
68567.88681, 3,  -0.286,  9.548,  1.117, 4,   0.143, -0.424,  0.226, 5,  -5.820,-21.420,-27.180
68567.90675, 3,  -0.232,  9.698,  1.049, 4,   0.106, -0.413,  0.326, 5,  -5.880,-21.480,-27.120
68567.92707, 3,  -0.586,  9.630,  1.062, 4,   0.070, -0.378,  0.436, 5,  -5.940,-21.540,-26.940
68567.94710, 3,  -0.354,  9.630,  1.130, 4,   0.026, -0.429,  0.608, 5,  -5.880,-21.600,-26.820
68567.96723, 3,   0.136,  9.548,  0.967, 4,  -0.021, -0.466,  0.720, 5,  -6.060,-21.780,-26.820
68567.98753, 3,   0.899,  9.589,  1.090, 4,  -0.077, -0.485,  0.786, 5,  -6.240,-21.780,-26.580
68568.00757, 3,   1.022,  9.616,  1.199, 4,  -0.111, -0.405,  0.806, 5,  -6.480,-21.780,-26.280
68568.02953, 3,   0.722,  9.711,  1.103, 4,  -0.151, -0.414,  0.803, 5,  -6.840,-21.780,-26.280
68568.04781, 3,   0.409, 10.025,  0.994, 4,  -0.202, -0.526,  0.924, 5,  -7.020,-21.720,-25.920
68568.06791, 3,   0.354, 10.447,  0.831, 4,  -0.262, -0.627,  1.033, 5,  -7.380,-21.660,-25.620
68568.08799, 3,  -0.449, 10.420,  1.267, 4,  -0.341, -0.761,  1.078, 5,  -7.860,-21.540,-25.380
68568.10806, 3,   0.123, 11.223,  0.926, 4,  -0.392, -0.991,  1.183, 5,  -8.460,-21.540,-25.200
68568.12861, 3,   0.667, 11.782,  0.654, 4,  -0.443, -1.078,  1.443, 5,  -9.000,-21.420,-25.080
68568.14874, 3,   0.763, 13.348,  0.245, 4,  -0.559, -1.096,  1.578, 5,  -9.780,-21.180,-24.900
68568.17323, 3,  -0.994, 15.078,  0.504, 4,  -1.005, -1.490,  2.044, 5, -10.500,-20.880,-24.780
68568.19208, 3,  -3.065, 17.298,  0.490, 4,  -1.389, -2.280,  2.485, 5, -11.340,-20.460,-24.540
68568.21185, 3,  -5.435, 18.415, -0.123, 4,  -1.734, -3.359,  2.883, 5, -12.360,-20.040,-24.480
68568.23256, 3,  -9.575, 18.415, -0.545, 4,  -1.914, -4.836,  3.079, 5, -13.440,-19.440,-23.940
68568.25265, 3,  -5.366, 15.473,  1.280, 4,  -2.231, -4.522,  3.535, 5, -14.820,-18.780,-23.280
68568.27279, 3,   6.442, 13.906,  3.310, 4,  -2.210, -3.541,  3.689, 5, -16.440,-17.820,-22.500
68568.29300, 3,   4.032,  8.240,  2.738, 4,  -1.942, -3.070,  2.464, 5, -18.060,-16.740,-21.540
68568.31302, 3,  -1.417,  8.485, -1.103, 4,  -1.656, -2.485, -0.056, 5, -19.620,-15.660,-20.580
68568.33569, 3,  -3.705,  6.156, -2.029, 4,  -2.067, -1.904, -0.805, 5, -21.180,-14.580,-19.680
68568.35369, 3,  -0.640,  5.380, -2.479, 4,  -2.074, -1.494, -1.864, 5, -22.620,-13.500,-18.360
68568.37343, 3,  -1.117,  3.895, -2.860, 4,  -2.038, -0.930, -2.780, 5, -24.300,-12.540,-17.400
68568.39354, 3,  -0.926,  4.168, -3.296, 4,  -1.846, -0.779, -3.278, 5, -25.740,-11.820,-16.200
68568.41401, 3,  -0.667,  4.413, -3.609, 4,  -1.582, -0.926, -3.882, 5, -27.060,-11.100,-14.880
68568.43358, 3,  -1.022,  4.754, -3.569, 4,  -1.300, -1.286, -4.364, 5, -28.260,-10.620,-13.740
68568.45365, 3,  -1.022,  5.938, -3.405, 4,  -1.008, -1.728, -4.643, 5, -29.460,-10.440,-12.480
68568.47614, 3,  -0.640,  7.573, -3.460, 4,  -0.763, -2.137, -4.920, 5, -30.540,-10.440,-11.160
68568.49712, 3,  -0.123,  9.779, -3.541, 4,  -0.506, -2.735, -5.549, 5, -31.320,-10.800, -9.720
68568.51619, 3,   0.763, 11.959, -4.059, 4,  -0.557, -2.767, -5.687, 5, -31.800,-11.460, -8.280
68568.53630, 3,   1.825, 13.770, -4.209, 4,  -0.615, -2.791, -5.706, 5, -31.740,-12.420, -6.840
68568.55639, 3,   1.880, 15.990, -4.645, 4,  -0.472, -3.203, -5.437, 5, -31.440,-13.740, -5.580
68568.57684, 3,   2.125, 17.666, -5.094, 4,  -0.209, -4.222, -4.948, 5, -30.360,-15.300, -4.440
68568.59683, 3,   6.797, 16.222, -6.565, 4,   0.190, -5.271, -4.058, 5, -28.980,-17.340, -3.300
68568.61704, 3,   9.575, 14.737, -7.546, 4,   0.475, -5.489, -2.902, 5, -27.180,-19.560, -2.280
68568.63707, 3,  12.898, 14.015, -8.336, 4,   0.541, -4.912, -1.937, 5, -25.260,-21.720, -1.020
68568.65905, 3,  13.334, 13.484, -7.668, 4,   0.230, -1.050, -0.359, 5, -23.160,-24.060,  0.120
68568.67731, 3,  16.426, 14.574, -7.859, 4,   0.159,  1.661,  0.506, 5, -21.000,-26.280,  1.140
68568.69737, 3,  -1.539, 14.873, -0.831, 4,  -0.424,  1.748, -0.033, 5, -18.900,-28.380,  2.040
68568.71740, 3,  -4.699, 12.286, -0.341, 4,   0.054,  1.720, -0.675, 5, -16.860,-30.360,  2.880
68568.73749, 3,   2.493,  9.916,  2.860, 4,  -0.010,  0.093,  2.750, 5, -14.880,-32.220,  3.660
68568.75757, 3,  -0.204,  8.622,  3.882, 4,   0.349,  0.349,  1.066, 5, -13.020,-34.020,  4.440
68568.77771, 3,  -1.634, 10.610,  0.804, 4,   0.322,  0.576,  0.800, 5, -11.340,-35.400,  5.400
68568.79775, 3,   1.076, 11.414, -0.817, 4,   0.587, -0.087,  1.040, 5,  -9.660,-36.600,  6.060
68568.81795, 3,   1.812, 10.924, -0.218, 4,   0.387, -0.494,  1.245, 5,  -8.220,-37.500,  6.660
68568.83906, 3,   0.477, 10.311,  1.035, 4,   0.084, -0.086,  0.413, 5,  -6.960,-38.220,  7.260
68568.85819, 3,   0.041,  9.929,  2.193, 4,   0.191, -0.070,  0.343, 5,  -6.000,-38.700,  7.920
68568.87836, 3,   0.572,  9.888,  1.866, 4,   0.415, -0.286,  0.321, 5,  -5.220,-38.940,  8.400
68568.89966, 3,  -0.572,  9.725,  1.621, 4,   0.521, -0.465,  0.196, 5,  -4.920,-39.060,  8.940
68568.91856, 3,  -0.586,  9.725,  1.212, 4,   0.540, -0.512,  0.225, 5,  -4.860,-39.000,  9.360
68568.93863, 3,  -0.817,  9.670,  1.199, 4,   0.479, -0.475,  0.226, 5,  -5.040,-38.940,  9.780
68568.95870, 3,  -1.444,  9.453,  1.417, 4,   0.477, -0.352,  0.181, 5,  -5.520,-38.700, 10.020
68568.97887, 3,  -1.771,  9.221,  1.839, 4,   0.488, -0.305,  0.261, 5,  -6.120,-38.520, 10.380
68569.00186, 3,  -1.989,  9.235,  1.812, 4,   0.573, -0.415,  0.488, 5,  -6.720,-38.400, 10.560
68569.02101, 3,  -1.743,  9.398,  1.226, 4,   0.551, -0.434,  0.617, 5,  -7.440,-38.160, 11.040
68569.04038, 3,  -1.675,  9.534,  0.572, 4,   0.467, -0.395,  0.708, 5,  -7.920,-37.920, 11.460
68569.05915, 3,  -1.512,  9.480,  0.817, 4,   0.382, -0.322,  0.772, 5,  -8.340,-37.680, 11.820
68569.07927, 3,  -1.103,  9.807,  0.504, 4,   0.348, -0.314,  0.860, 5,  -8.700,-37.380, 12.360
68569.09932, 3,  -1.171,  9.916,  0.695, 4,   0.301, -0.444,  0.973, 5,  -9.000,-37.200, 12.660
68569.11944, 3,  -0.667, 10.161,  0.095, 4,   0.286, -0.504,  1.079, 5,  -9.360,-37.020, 13.080
68569.14061, 3,   0.204, 10.706, -0.449, 4,   0.248, -0.488,  1.201, 5,  -9.840,-36.840, 13.740
68569.16289, 3,  -0.041, 11.264, -0.449, 4,   0.210, -0.458,  1.130, 5, -10.500,-36.600, 14.160
68569.18091, 3,  -0.041, 12.095, -0.667, 4,   0.198, -0.639,  1.199, 5, -10.980,-36.240, 14.700
68569.20047, 3,   0.994, 13.389, -1.376, 4,   0.209, -0.475,  1.224, 5, -11.640,-35.940, 15.180
68569.22221, 3,   0.027, 15.391, -1.880, 4,   0.244, -0.367,  1.193, 5, -12.300,-35.580, 15.660
68569.24234, 3,  -1.158, 17.080, -3.351, 4,   0.226, -0.582,  1.232, 5, -12.900,-35.100, 16.140
68569.26329, 3,  -3.569, 17.053, -4.127, 4,   0.141, -0.859,  1.293, 5, -13.620,-34.620, 16.680
68569.28284, 3,  -4.999, 16.440, -1.321, 4,   0.019, -0.856,  1.619, 5, -14.460,-34.260, 17.160
68569.30295, 3,   4.086, 16.739,  3.991, 4,  -0.250, -0.476,  2.196, 5, -15.240,-33.780, 17.580
68569.32487, 3,   8.186, 17.094,  4.304, 4,  -1.054, -1.088,  2.672, 5, -16.200,-33.180, 18.060
68569.34311, 3,  12.000, 18.319,  3.746, 4,  -1.547, -1.248,  2.562, 5, -17.160,-32.520, 18.360
68569.36720, 3,   4.862, 16.699,  0.899, 4,  -1.565, -1.033,  2.899, 5, -18.360,-31.980, 18.660
68569.38738, 3,   4.154, 15.609,  0.054, 4,  -1.760, -1.043,  3.497, 5, -19.740,-31.200, 19.020
68569.40744, 3,   1.226, 13.634, -0.490, 4,  -1.819, -0.776,  3.048, 5, -21.240,-30.360, 19.080
68569.42751, 3,  -1.321, 10.011, -0.531, 4,  -1.728, -0.330,  2.450, 5, -22.620,-29.400, 19.320
68569.44757, 3,  -2.561,  6.579, -0.354, 4,  -1.586, -0.132,  2.108, 5, -24.300,-28.380, 19.380
68569.46886, 3,  -3.010,  4.958, -0.490, 4,  -1.316, -0.284,  0.892, 5, -25.680,-27.480, 19.320
68569.48778, 3,  -3.419,  4.481, -0.831, 4,  -1.183, -0.349,  0.147, 5, -27.060,-26.580, 19.380
68569.50790, 3,  -2.642,  3.909, -1.239, 4,  -0.968, -0.392, -0.498, 5, -28.440,-25.800, 19.140
68569.52796, 3,  -1.539,  2.833, -1.294, 4,  -0.786, -0.262, -0.981, 5, -29.760,-25.020, 18.960
68569.54800, 3,  -0.994,  2.343, -1.607, 4,  -0.585,  0.174, -1.556, 5, -30.960,-24.300, 18.780
68569.56815, 3,  -0.463,  1.798, -1.498, 4,  -0.408,  0.522, -2.092, 5, -32.100,-23.820, 18.480
68569.58821, 3,   0.354,  1.253, -0.831, 4,  -0.243,  0.721, -2.506, 5, -33.060,-23.400, 18.120
68569.61125, 3,   0.831,  1.498, -0.381, 4,  -0.044,  0.903, -2.877, 5, -33.840,-23.220, 17.760
68569.63145, 3,   1.335,  1.893,  0.082, 4,   0.319,  0.606, -3.341, 5, -34.440,-23.340, 17.040
68569.64975, 3,   1.703,  1.852,  1.035, 4,   0.414, -0.016, -3.423, 5, -34.680,-23.640, 16.500
68569.66983, 3,   3.351,  2.452,  1.621, 4,   0.553, -0.629, -3.301, 5, -34.860,-24.360, 15.900
68569.68997, 3,   5.775,  3.923,  2.247, 4,   0.684, -1.271, -3.125, 5, -34.500,-25.080, 15.360
68569.71152, 3,   8.581,  5.285,  2.956, 4,   0.726, -1.663, -2.793, 5, -34.020,-26.280, 15.060
68569.73245, 3,  11.155,  6.606,  2.084, 4,   0.733, -1.782, -2.306, 5, -33.000,-27.540, 14.940
68569.75084, 3,  12.844,  6.892,  0.313, 4,   0.645, -1.702, -1.546, 5, -31.980,-28.980, 14.880
68569.77095, 3,  16.181, 13.212,  9.902, 4,   0.120, -1.065, -0.613, 5, -30.480,-30.720, 15.000
68569.79499, 3,  14.996, 10.515, -0.123, 4,   0.530,  0.002, -0.407, 5, -29.100,-32.280, 15.180
68569.81118, 3,  -2.261, 12.068, -2.424, 4,   0.710,  1.961, -0.280, 5, -27.660,-33.900, 15.180
68569.83126, 3,   2.901, 11.264,  1.989, 4,   0.216, -0.338,  0.938, 5, -26.340,-35.520, 15.480
68569.85153, 3,   6.088, 10.351,  1.675, 4,   0.323,  0.261,  0.212, 5, -25.080,-37.200, 15.780
68569.87238, 3,   3.637, 10.297,  1.907, 4,   0.308,  0.223, -0.300, 5, -23.820,-38.700, 16.020
68569.89479, 3,   3.323, 10.406,  0.681, 4,   0.242,  0.147, -0.367, 5, -22.680,-40.200, 16.500
68569.91968, 3,   2.806, 10.147,  1.308, 4,   0.212,  0.026, -0.599, 5, -21.480,-41.520, 16.920
68569.93684, 3,   2.806, 10.147,  1.308, 4,   0.313, -0.085, -0.696, 5, -20.520,-42.660, 17.340
68569.95595, 3,   2.601, 10.134,  1.253, 4,   0.413, -0.108, -0.818, 5, -19.440,-43.560, 18.000
68569.97537, 3,   1.866,  9.779,  1.403, 4,   0.481, -0.162, -0.864, 5, -18.480,-44.400, 18.480
68570.00291, 3,   0.749,  9.670,  0.899, 4,   0.490, -0.299, -0.815, 5, -17.400,-44.940, 19.140
68570.02305, 3,   0.477,  9.779,  0.654, 4,   0.474, -0.444, -0.728, 5, -16.560,-45.300, 19.920
68570.04479, 3,   0.245,  9.684,  0.858, 4,   0.434, -0.465, -0.606, 5, -15.960,-45.540, 20.460
68570.06341, 3,   0.177,  9.303,  0.790, 4,   0.442, -0.385, -0.527, 5, -15.420,-45.720, 20.940
68570.08414, 3,  -0.027,  9.330,  0.667, 4,   0.411, -0.393, -0.456, 5, -14.880,-45.780, 21.540
68570.10335, 3,  -0.395,  9.521,  0.449, 4,   0.394, -0.343, -0.352, 5, -14.400,-45.720, 21.840
68570.12339, 3,  -0.054,  9.670,  0.177, 4,   0.363, -0.323, -0.191, 5, -13.860,-45.660, 22.320
68570.14349, 3,   0.136,  9.630,  0.245, 4,   0.331, -0.254, -0.099, 5, -13.440,-45.780, 22.800
68570.16362, 3,  -0.449,  9.739,  0.041, 4,   0.305, -0.179, -0.071, 5, -13.020,-45.720, 23.280
68570.18519, 3,   0.014,  9.793,  0.286, 4,   0.288, -0.103,  0.032, 5, -12.420,-45.600, 23.700
68570.20375, 3,  -0.327,  9.956, -0.027, 4,   0.269, -0.034,  0.123, 5, -11.880,-45.600, 24.240
68570.22398, 3,  -0.381,  9.943, -0.109, 4,   0.219, -0.035,  0.282, 5, -11.220,-45.540, 24.780
68570.24854, 3,   0.054, 10.079, -0.409, 4,   0.188,  0.031,  0.404, 5, -10.620,-45.420, 25.380
68570.26934, 3,   0.804, 10.202, -0.531, 4,   0.163,  0.144,  0.420, 5, -10.020,-45.420, 25.920
68570.28851, 3,   0.395, 10.501, -0.613, 4,   0.142,  0.199,  0.365, 5,  -9.540,-45.360, 26.580
68570.30861, 3,  -0.477, 11.060, -0.763, 4,   0.133,  0.073,  0.426, 5,  -9.120,-45.240, 27.180
68570.32870, 3,  -1.498, 13.062, -1.253, 4,   0.119, -0.261,  0.599, 5,  -9.120,-45.120, 27.420
68570.35087, 3,  -1.880, 15.473, -3.214, 4,   0.133, -0.444,  1.017, 5,  -9.120,-45.060, 27.720
68570.36914, 3,  -2.506, 16.440, -4.481, 4,   0.054, -0.517,  1.189, 5,  -9.120,-44.880, 28.140
68570.38924, 3,  -3.909, 16.276, -5.217, 4,   0.004, -0.102,  1.531, 5,  -9.300,-44.700, 28.560
68570.40942, 3,  -3.296, 16.576, -2.806, 4,  -0.031,  0.617,  2.123, 5,  -9.600,-44.520, 28.680
68570.42941, 3,   3.024, 16.576, -0.191, 4,  -0.187,  0.303,  2.723, 5, -10.020,-44.220, 28.920
68570.44947, 3,   6.837, 18.061,  0.749, 4,  -0.488, -0.694,  2.660, 5, -10.620,-43.980, 28.980
68570.46981, 3,   0.722, 18.796,  0.953, 4,  -0.580, -1.129,  2.356, 5, -11.220,-43.560, 29.160
68570.48993, 3,   1.784, 18.605,  0.667, 4,  -0.644, -1.277,  3.237, 5, -11.880,-43.140, 29.160
68570.51031, 3,   3.378, 17.992,  0.572, 4,  -0.706, -1.447,  3.287, 5, -12.720,-42.540, 29.280
68570.53070, 3,   3.201, 16.658,  0.354, 4,  -0.915,  0.340,  2.771, 5, -13.440,-41.760, 29.280
68570.55014, 3,   2.806, 14.860,  0.572, 4,  -1.024,  1.167,  2.335, 5, -14.340,-40.980, 29.100
68570.57023, 3,   1.580, 12.122,  0.735, 4,  -1.067,  1.659,  1.661, 5, -15.420,-40.200, 28.680
68570.59035, 3,  -0.504,  7.941,  1.117, 4,  -1.009,  1.783,  1.019, 5, -16.500,-39.360, 28.200
68570.61046, 3,  -3.705,  2.261,  1.022, 4,  -0.779,  1.562,  0.416, 5, -17.700,-38.580, 27.480
68570.63074, 3,  -3.364,  0.804,  0.776, 4,  -0.460,  1.087, -0.137, 5, -18.780,-37.740, 26.880
68570.65077, 3,  -2.874,  0.027,  0.354, 4,  -0.195,  0.812, -0.600, 5, -19.800,-37.020, 26.220
68570.67085, 3,  -2.601, -0.558,  0.150, 4,   0.005,  0.881, -1.151, 5, -20.580,-36.300, 25.560
68570.69172, 3,  -2.070, -0.953,  0.150, 4,   0.259,  1.191, -2.217, 5, -21.360,-35.700, 24.660
68570.71166, 3,  -0.872, -0.953, -0.136, 4,   0.367,  1.228, -2.630, 5, -21.960,-35.220, 23.640
68570.73122, 3,  -0.313, -0.831,  0.477, 4,   0.435,  1.216, -3.018, 5, -22.320,-34.860, 22.740
68570.75122, 3,   0.463,  0.354,  1.648, 4,   0.533,  0.638, -3.344, 5, -22.500,-34.680, 21.780
68570.77136, 3,   3.133,  1.321,  3.065, 4,   0.624, -0.433, -3.286, 5, -22.260,-34.620, 21.000
68570.79730, 3,   6.497,  2.465,  3.786, 4,   0.629, -1.244, -2.954, 5, -21.660,-34.620, 20.220
68570.81932, 3,   9.861,  3.065,  2.220, 4,   0.558, -1.730, -1.905, 5, -20.640,-34.680, 19.500
68570.83760, 3,  12.340,  1.566,  1.062, 4,   0.461, -1.347, -1.272, 5, -19.380,-35.040, 18.780
68570.85762, 3,  15.936, 10.542,  4.713, 4,  -0.378, -0.323,  1.121, 5, -18.120,-35.580, 18.300
68570.87775, 3,  17.666, 14.451, -7.409, 4,   0.566, -0.628, -0.157, 5, -16.680,-36.060, 17.760
68570.89788, 3,  -0.926, 13.498,  2.996, 4,   0.592,  3.034, -1.475, 5, -15.060,-36.660, 17.460
68570.91783, 3,   4.522, 10.011,  2.343, 4,  -0.004, -0.068,  1.248, 5, -13.320,-37.320, 17.220
68570.93791, 3,   8.499, 10.896, -0.341, 4,   0.316, -0.528,  0.454, 5, -11.580,-37.860, 17.040
68570.95803, 3,   2.533,  9.698,  1.199, 4,   0.164,  0.404, -0.608, 5,  -9.960,-38.460, 17.100
68570.97813, 3,   3.909, 10.038,  1.008, 4,   0.060,  0.070, -0.378, 5,  -8.100,-38.940, 17.280
68570.99853, 3,   3.105, 10.106,  1.403, 4,   0.186, -0.041, -0.703, 5,  -6.420,-39.540, 17.280
68571.01834, 3,   2.438,  9.902,  2.057, 4,   0.352, -0.023, -0.817, 5,  -4.680,-40.080, 17.460
68571.03836, 3,   2.452,  9.848,  1.852, 4,   0.527, -0.074, -0.910, 5,  -3.120,-40.500, 17.820
68571.06245, 3,   1.771,  9.602,  1.812, 4,   0.648, -0.043, -1.015, 5,  -1.800,-40.740, 18.240
68571.08763, 3,   0.667,  9.575,  0.586, 4,   0.668, -0.425, -0.858, 5,  -0.360,-40.980, 18.720
68571.10973, 3,   0.409,  9.711,  0.163, 4,   0.610, -0.460, -0.839, 5,   0.960,-41.040, 19.020
68571.12716, 3,   0.286,  9.643,  0.082, 4,   0.557, -0.359, -0.830, 5,   2.040,-41.220, 19.380
68571.17617, 3,  -0.817,  9.507,  0.054, 4,   0.497, -0.239, -0.791, 5,   2.760,-41.280, 19.740
68571.21995, 3,  -0.572,  9.575,  0.313, 4,   0.473, -0.407, -0.520, 5,   3.300,-41.160, 20.160
68571.25088, 3,  -1.975,  9.793, -0.994, 4,   0.368, -0.619, -0.047, 5,   3.960,-41.100, 20.460
68571.26932, 3,  -1.961,  9.766, -1.417, 4,   0.177, -0.531,  0.208, 5,   5.400,-40.740, 21.300
68571.28950, 3,  -0.123,  9.984, -1.444, 4,   0.012, -0.292,  0.411, 5,   6.060,-40.560, 21.840
68571.32831, 3,  -1.417,  9.970,  0.300, 4,  -0.035,  0.235,  0.374, 5,   6.840,-40.380, 22.320
68571.34930, 3,  -1.880, 10.283,  0.354, 4,   0.068, -0.111,  0.571, 5,   7.800,-40.200, 22.740
68571.36852, 3,  -1.389, 11.891, -0.654, 4,   0.098, -0.330,  0.834, 5,   8.220,-40.200, 23.160
68571.40623, 3,  -3.323, 16.535, -3.351, 4,   0.154, -0.463,  0.956, 5,   8.760,-39.960, 23.700
68571.42330, 3,  -2.901, 16.671, -5.516, 4,   0.079, -0.644,  1.261, 5,   9.180,-39.780, 24.120
68571.47818, 3,  -4.141, 13.988, -2.601, 4,   0.123,  0.715,  1.747, 5,   9.540,-39.600, 24.420
68571.51873, 3,   7.069, 15.064,  2.084, 4,  -0.231,  0.914,  2.519, 5,   9.840,-39.360, 24.720
68571.59836, 3,   1.226, 15.296,  1.226, 4,  -0.889,  0.111,  3.050, 5,   9.720,-39.000, 24.960
68571.61814, 3,  -0.054, 12.994,  0.245, 4,  -0.944,  0.974,  2.780, 5,   8.640,-38.520, 25.020
68571.63921, 3,  -0.885,  9.044,  0.354, 4,  -0.970,  1.428,  2.352, 5,   7.500,-37.860, 25.140
68571.65828, 3,  -2.220,  4.971,  0.518, 4,  -0.960,  1.621,  1.801, 5,   6.240,-37.320, 25.020
68571.67835, 3,  -2.915,  2.452,  0.409, 4,  -0.785,  1.659,  1.068, 5,   4.920,-36.720, 24.660
68571.70068, 3,  -2.969,  1.226,  0.041, 4,  -0.223,  1.478, -0.145, 5,   3.540,-36.060, 24.360
68571.72207, 3,  -3.065,  0.477, -0.695, 4,  -0.017,  1.524, -0.704, 5,   2.160,-35.460, 23.880
68571.74068, 3,  -3.569, -0.123, -1.199, 4,   0.133,  1.480, -1.286, 5,   0.540,-34.860, 23.400
68571.76047, 3,  -2.928, -0.899, -1.144, 4,   0.282,  1.288, -1.790, 5,  -0.960,-34.260, 22.860
68571.78357, 3,  -1.171, -1.675, -1.185, 4,   0.516,  1.009, -2.214, 5,  -2.460,-33.780, 22.260
68571.80323, 3,  -0.518, -1.961, -0.817, 4,   0.762,  0.873, -2.736, 5,  -3.780,-33.120, 21.660
68571.82381, 3,  -0.395, -1.498, -0.054, 4,   0.999,  0.572, -3.157, 5,  -4.620,-32.520, 21.060
68571.84882, 3,   1.961, -0.967,  1.444, 4,   1.315, -1.947, -3.142, 5,  -5.280,-31.920, 20.520
68571.86690, 3,   6.197, -0.068,  1.607, 4,   1.308, -2.162, -2.737, 5,  -5.760,-31.380, 20.280
68571.88401, 3,   9.956,  1.171,  0.218, 4,   1.240, -1.726, -2.223, 5,  -5.700,-30.720, 19.980
68571.91040, 3,  14.737, 10.351,  9.861, 4,  -0.433,  0.085, -0.628, 5,  -5.640,-30.180, 19.860
68571.94528, 3,  -1.185, 11.182,-12.190, 4,   0.613,  1.773, -2.257, 5,  -5.100,-29.640, 19.740
68571.96519, 3,   0.245,  5.475, -0.858, 4,  -0.784,  2.568,  0.622, 5,  -2.400,-29.040, 19.740
68571.98538, 3,   9.888,  8.799, -2.193, 4,  -0.049, -1.015,  1.170, 5,  -1.020,-28.800, 19.980
68572.00943, 3,   4.222,  9.262,  0.613, 4,   0.038,  0.494, -0.943, 5,   0.420,-28.680, 20.280
68572.02671, 3,   2.751,  9.630, -0.463, 4,   0.041, -0.114, -0.337, 5,   1.800,-28.500, 20.280
68572.04608, 3,   3.609,  9.984,  0.545, 4,   0.184, -0.113, -0.652, 5,   3.180,-28.380, 20.460
68572.06634, 3,   2.996, 10.052,  0.749, 4,   0.334,  0.014, -0.901, 5,   4.740,-28.200, 20.820
68572.08640, 3,   2.411,  9.997,  1.022, 4,   0.427, -0.075, -0.988, 5,   6.300,-28.140, 21.180
68572.10719, 3,   1.471,  9.861,  0.913, 4,   0.505, -0.108, -1.052, 5,   7.740,-27.960, 21.720
68572.12693, 3,   0.708,  9.670,  0.640, 4,   0.533, -0.219, -0.985, 5,   8.820,-27.900, 22.140
68572.14742, 3,   0.449,  9.698,  0.341, 4,   0.520, -0.427, -0.839, 5,   9.840,-27.660, 22.620
68572.17011, 3,  -0.041,  9.739,  0.572, 4,   0.520, -0.230, -0.686, 5,  10.680,-27.480, 22.920
68572.18970, 3,  -0.300,  9.616,  0.627, 4,   0.537, -0.168, -0.600, 5,  11.520,-27.240, 23.160
68572.20725, 3,  -0.245,  9.548,  0.177, 4,   0.488, -0.142, -0.508, 5,  12.000,-27.120, 23.400
68572.22734, 3,  -0.313,  9.670, -0.381, 4,   0.418, -0.135, -0.403, 5,  12.480,-26.940, 23.520
68572.25100, 3,  -0.763,  9.752, -0.477, 4,   0.331, -0.198, -0.279, 5,  12.780,-26.820, 23.700
68572.27047, 3,  -0.572,  9.739, -0.245, 4,   0.245, -0.242, -0.169, 5,  13.020,-26.700, 23.880
68572.29068, 3,  -1.444,  9.698, -0.313, 4,   0.197, -0.290, -0.033, 5,  13.380,-26.460, 24.060
68572.31545, 3,  -1.675,  9.820, -0.150, 4,   0.103, -0.286,  0.267, 5,  13.860,-26.220, 24.300
68572.33196, 3,  -1.621,  9.997, -0.545, 4,   0.067, -0.238,  0.436, 5,  14.280,-26.100, 24.420
68572.35118, 3,  -0.749, 10.025, -0.449, 4,   0.032, -0.271,  0.588, 5,  14.820,-25.980, 24.840
68572.37243, 3,  -0.354, 10.351, -0.409, 4,   0.010, -0.363,  0.615, 5,  15.240,-25.800, 25.020
68572.39127, 3,  -0.463, 10.556, -0.409, 4,   0.036, -0.168,  0.671, 5,  15.660,-25.800, 25.140
68572.41150, 3,  -1.008, 11.523, -0.163, 4,   0.100, -0.203,  0.731, 5,  16.020,-25.560, 25.260
68572.43137, 3,  -1.457, 13.375, -1.539, 4,   0.116, -0.400,  0.801, 5,  16.320,-25.380, 25.320
68572.45146, 3,  -0.695, 16.440, -2.833, 4,   0.044, -0.717,  0.750, 5,  16.800,-25.260, 25.380
68572.47166, 3,  -2.833, 17.992, -4.563, 4,   0.158, -0.412,  0.987, 5,  16.920,-25.140, 25.560
68572.49295, 3,  -5.475, 17.802, -5.707, 4,   0.048, -0.606,  1.360, 5,  16.920,-24.900, 25.680
68572.51186, 3,  -6.252, 16.290, -4.195, 4,  -0.043, -0.209,  1.719, 5,  16.800,-24.780, 25.740
68572.53192, 3,  -1.253, 15.623,  0.286, 4,  -0.113,  0.553,  2.182, 5,  16.500,-24.660, 25.680
68572.55204, 3,   3.950, 16.957,  2.424, 4,  -0.436,  0.667,  2.667, 5,  16.140,-24.600, 25.740
68572.57206, 3,   7.886, 18.251,  2.029, 4,  -0.593,  0.109,  2.639, 5,  15.840,-24.360, 25.740
68572.61389, 3,   1.212, 17.420,  1.961, 4,  -1.132, -0.910,  2.421, 5,  15.240,-24.360, 25.800
68572.63421, 3,   2.683, 16.481,  1.607, 5,  14.340,-24.300, 25.560
68572.65614, 3,   2.029, 14.547,  1.022, 4,  -1.094, -0.309,  2.394, 5,  13.380,-24.240, 25.140
68572.70369, 3,  -0.586,  8.159,  0.409, 4,  -1.010,  0.561,  1.472, 5,  12.300,-24.060, 25.020
68572.73504, 3,  -1.444,  2.125, -0.014, 4,  -0.665,  0.826,  0.278, 5,  11.100,-23.940, 24.600
68572.75560, 3,  -1.703,  0.763, -0.286, 4,  -0.464,  0.983, -0.438, 5,   8.400,-23.460, 23.580
68572.80022, 3,  -3.037, -0.981, -1.594, 4,  -0.099,  1.266, -2.253, 5,   7.080,-23.100, 23.100
68572.83114, 3,  -1.294, -1.444, -1.062, 4,  -0.012,  0.899, -2.654, 5,   5.820,-22.800, 22.620
68572.85272, 3,  -0.436, -1.090, -0.572, 4,   0.246,  0.209, -3.458, 5,   3.600,-22.320, 21.240
68572.87126, 3,  -0.586, -0.817,  1.226, 4,   0.392, -1.162, -3.560, 5,   2.820,-22.200, 20.580
68572.89135, 3,   2.452, -0.449,  2.261, 4,   0.529, -2.477, -3.179, 5,   2.340,-21.960, 19.800
68572.91287, 3,   6.987,  1.280,  1.130, 4,   0.548, -3.017, -2.780, 5,   2.040,-21.600, 19.440
68572.93210, 3,  10.964,  2.206, -0.313, 4,   0.468, -2.885, -2.304, 5,   1.920,-21.180, 18.900
68572.95212, 3,  14.424,  1.839, -2.111, 4,   0.418, -2.074, -1.658, 5,   2.100,-20.820, 18.240
68572.97223, 3,  16.971, 10.678, -2.220, 4,  -0.725,  0.118, -0.172, 5,   2.520,-20.520, 17.580
68572.99233, 3,  13.988, 15.037,-10.883, 4,   0.472, -0.791, -0.424, 5,   3.240,-20.100, 17.100
68573.01693, 3,  -2.765,  7.260,  2.479, 4,  -0.554,  0.957,  2.111, 5,   4.080,-19.800, 16.920
68573.03389, 3,   8.377, 11.891, -2.016, 4,  -0.024, -1.090,  1.806, 5,   4.920,-19.380, 16.620
68573.05368, 3,   9.085, 10.229,  0.735, 4,   0.166,  0.469, -0.844, 5,   5.760,-18.960, 16.440
68573.07386, 3,  -0.463,  9.344,  1.893, 4,   0.218,  0.410, -0.461, 5,   6.900,-18.600, 16.320
68573.09391, 3,   3.473, 10.065,  0.858, 4,   0.154, -0.339,  0.292, 5,   8.100,-18.300, 16.200
68573.11447, 3,   3.623,  9.997,  1.008, 4,   0.178,  0.107, -0.304, 5,   9.180,-18.060, 16.080
68573.13373, 3,   2.956, 10.120,  0.722, 4,   0.210,  0.165, -0.559, 5,  10.200,-17.880, 16.020
68573.15518, 3,   2.601,  9.902,  0.858, 4,   0.212,  0.114, -0.631, 5,  11.100,-17.640, 15.960
68573.18010, 3,   1.022,  9.670,  1.185, 4,   0.295, -0.054, -0.768, 5,  12.000,-17.400, 16.080
68573.19828, 3,   1.226,  9.643,  0.899, 4,   0.324, -0.340, -0.654, 5,  12.900,-17.040, 16.140
68573.21608, 3,   1.226,  9.643,  0.899, 4,   0.326, -0.482, -0.642, 5,  13.440,-16.800, 16.320
68573.23676, 3,   0.981,  9.820,  0.572, 4,   0.322, -0.444, -0.722, 5,  14.100,-16.740, 16.380
68573.25657, 3,   0.095,  9.602,  0.763, 4,   0.318, -0.399, -0.738, 5,  14.580,-16.680, 16.500
68573.27671, 3,  -0.586,  9.466,  0.817, 4,   0.317, -0.338, -0.688, 5,  14.880,-16.560, 16.620
68573.29699, 3,  -0.763,  9.316,  0.872, 4,   0.322, -0.377, -0.523, 5,  15.240,-16.380, 16.740
68573.31709, 3,  -0.490,  9.453,  0.681, 4,   0.324, -0.399, -0.331, 5,  15.360,-16.260, 16.740
68573.34042, 3,  -0.763,  9.575,  0.409, 4,   0.269, -0.225, -0.115, 5,  15.540,-16.140, 16.680
68573.35785, 3,  -0.640,  9.575,  0.354, 4,   0.221, -0.255,  0.080, 5,  15.960,-16.020, 16.740
68573.37736, 3,  -0.722,  9.779,  0.422, 4,   0.171, -0.352,  0.209, 5,  16.200,-16.020, 16.800
68573.39753, 3,  -0.967,  9.807,  0.232, 4,   0.130, -0.346,  0.384, 5,  16.380,-15.960, 16.980
68573.41820, 3,  -0.708,  9.779,  0.082, 4,   0.054, -0.404,  0.576, 5,  16.620,-15.840, 17.160
68573.43835, 3,  -0.123,  9.902,  0.123, 4,  -0.001, -0.328,  0.728, 5,  16.920,-15.780, 17.220
68573.45885, 3,   0.695, 10.161,  0.286, 4,  -0.024, -0.168,  0.797, 5,  17.160,-15.660, 17.280
68573.47868, 3,   0.095, 10.515,  0.804, 4,   0.004, -0.122,  0.777, 5,  17.340,-15.600, 17.460
68573.50085, 3,   0.300, 10.924,  0.313, 4,   0.111, -0.518,  0.790, 5,  17.580,-15.480, 17.700
68573.51951, 3,   1.185, 11.645, -0.150, 4,   0.118, -0.587,  0.721, 5,  17.580,-15.480, 17.760
68573.54099, 3,   1.893, 12.408, -1.961, 4,   0.108, -0.514,  0.625, 5,  17.760,-15.360, 17.700
68573.56109, 3,   1.498, 14.887, -1.457, 4,   0.064, -0.429,  0.592, 5,  17.700,-15.240, 17.760
68573.58145, 3,  -1.893, 16.372, -1.798, 4,   0.104, -0.549,  0.503, 5,  17.580,-15.180, 17.640
68573.60132, 3,  -2.901, 16.985, -3.391, 4,   0.082, -0.999,  0.718, 5,  17.460,-15.180, 17.580
68573.62140, 3,  -3.664, 15.868, -3.160, 4,   0.046, -1.151,  0.996, 5,  17.220,-15.120, 17.640
68573.64155, 3,  -4.209, 14.206, -0.409, 4,  -0.020, -0.664,  1.152, 5,  16.980,-15.240, 17.580
68573.66262, 3,   2.642, 14.315,  3.351, 4,  -0.548, -0.130,  2.159, 5,  16.680,-15.120, 17.640
68573.68168, 3,   6.851, 14.547,  3.964, 4,  -0.775, -0.947,  1.869, 5,  16.140,-15.240, 17.520
68573.70176, 3,   7.287, 17.039,  2.710, 4,  -1.030, -1.977,  1.945, 5,  15.780,-15.180, 17.340
68573.72334, 3,   0.531, 16.317,  1.607, 4,  -1.224, -2.472,  1.752, 5,  15.180,-15.120, 17.160
68573.75419, 3,   2.016, 12.572, -0.572, 4,  -1.236, -3.170,  2.771, 5,  14.700,-15.180, 17.040
68573.78475, 3,   0.967, 10.379, -1.144, 4,  -1.333, -2.516,  2.322, 5,  13.980,-15.360, 16.920
68573.80821, 3,  -0.817,  7.423, -1.417, 4,  -1.687, -1.188,  1.318, 5,  12.600,-15.540, 16.380
68573.82601, 3,  -3.105,  5.189, -2.193, 4,  -1.784, -1.169,  0.391, 5,  11.820,-15.720, 16.020
68573.84549, 3,  -5.257,  3.528, -2.915, 4,  -1.880, -1.384, -0.488, 5,  11.220,-15.780, 15.780
68573.86545, 3,  -6.224,  2.193, -2.956, 4,  -1.801, -1.603, -1.282, 5,  10.500,-15.960, 15.480
68573.88555, 3,  -6.797,  1.471, -2.888, 4,  -1.636, -1.748, -2.041, 5,   9.780,-16.200, 15.000
68573.90579, 3,  -7.232,  1.553, -2.928, 4,  -1.449, -1.887, -2.679, 5,   9.180,-16.440, 14.400
68573.92542, 3,  -6.933,  2.588, -2.983, 4,  -1.235, -2.118, -3.220, 5,   8.700,-16.680, 14.040
68573.94544, 3,  -5.857,  4.032, -2.996, 4,  -1.044, -2.423, -3.693, 5,   8.340,-16.920, 13.500
68573.96812, 3,  -3.419,  7.559, -2.915, 4,  -0.869, -2.891, -4.520, 5,   8.160,-17.160, 12.900
68573.98750, 3,  -1.689,  9.275, -2.002, 4,  -0.896, -2.935, -4.837, 5,   8.340,-17.460, 12.360
68574.01247, 3,  -1.348, 10.924, -1.226, 4,  -0.872, -2.824, -5.182, 5,   8.820,-17.700, 11.820
68574.02751, 3,  -0.994, 12.844, -1.253, 4,  -0.817, -2.856, -5.363, 5,   9.420,-18.000, 11.160
68574.04765, 3,   0.545, 15.091, -2.125, 4,  -0.740, -3.146, -5.323, 5,  10.440,-18.120, 10.500
68574.06774, 3,   2.275, 17.311, -3.868, 4,  -0.764, -3.596, -5.082, 5,  11.460,-18.120,  9.840
68574.08783, 3,   5.516, 17.434, -5.639, 4,  -0.653, -4.866, -4.834, 5,  12.900,-18.060,  9.000
68574.10791, 3,  12.517, 14.342, -8.131, 4,  -0.244, -6.095, -3.773, 5,  14.580,-17.820,  8.160
68574.12919, 3,  16.031, 14.029,-12.054, 4,   1.161, -3.374, -0.416, 5,  16.500,-17.520,  7.200
68574.14816, 3,  17.775, 16.767,-13.225, 4,   0.902,  0.074,  0.422, 5,  18.300,-17.100,  5.940
68574.16817, 3,  -0.872, 15.078,  1.839, 4,  -0.880,  0.657, -1.334, 5,  20.100,-16.680,  4.740
68574.18824, 3,   2.029, 13.607, -0.749, 4,   0.155,  3.680,  1.089, 5,  22.020,-16.200,  3.660
68574.20848, 3,   3.160, 10.815,  0.300, 4,  -0.071,  1.611,  3.020, 5,  23.820,-15.600,  2.940
68574.22860, 3,   1.376,  9.725,  2.724, 4,  -0.195,  1.004,  1.071, 5,  25.560,-15.000,  2.160
68574.24908, 3,   1.348, 10.924,  1.852, 4,   0.009,  0.236,  1.459, 5,  27.060,-14.520,  1.320
68574.26873, 3,   1.553, 11.210, -0.150, 4,   0.378, -0.395,  1.383, 5,  28.500,-14.160,  0.660
68574.28896, 3,   2.574, 11.169,  0.177, 4,   0.404, -0.530,  1.228, 5,  29.820,-13.860,  0.660
68574.31000, 3,   1.539, 10.719,  0.545, 4,   0.087, -0.187,  0.383, 5,  30.840,-13.500, -0.660
68574.32920, 3,   0.449, 10.011,  1.607, 4,   0.095, -0.170,  0.264, 5,  31.800,-13.140, -1.320
68574.34967, 3,   0.123,  9.739,  2.193, 4,   0.196, -0.256,  0.195, 5,  32.400,-12.780, -1.680
68574.37026, 3,  -0.354,  9.616,  2.002, 4,   0.290, -0.278,  0.106, 5,  32.640,-12.600, -2.160
68574.38989, 3,  -0.627,  9.412,  1.975, 4,   0.301, -0.281,  0.082, 5,  32.880,-12.540, -2.460
68574.41005, 3,  -1.253,  9.384,  1.784, 4,   0.325, -0.279,  0.075, 5,  32.940,-12.480, -2.700
68574.43007, 3,  -1.634,  9.221,  1.648, 4,   0.322, -0.302,  0.152, 5,  32.700,-12.600, -2.940
68574.45020, 3,  -2.002,  9.194,  1.757, 4,   0.323, -0.359,  0.290, 5,  32.520,-12.780, -2.940
68574.47108, 3,  -1.866,  9.248,  1.675, 4,   0.327, -0.455,  0.611, 5,  32.280,-13.080, -2.520
68574.49044, 3,  -0.844,  9.207,  1.512, 4,   0.309, -0.546,  0.711, 5,  32.040,-13.380, -2.220
68574.51045, 3,  -0.872,  9.398,  0.913, 4,   0.280, -0.357,  0.770, 5,  31.740,-13.680, -2.040
68574.53063, 3,  -1.199,  9.357,  0.804, 4,   0.222, -0.381,  0.887, 5,  31.380,-14.100, -2.040
68574.55075, 3,  -0.913,  9.521,  1.049, 4,   0.178, -0.386,  1.012, 5,  31.020,-14.460, -2.040
68574.57071, 3,  -0.858,  9.439,  1.117, 4,   0.150, -0.359,  1.094, 5,  30.720,-14.700, -1.980
68574.59107, 3,  -0.531,  9.589,  0.967, 4,   0.109, -0.441,  1.214, 5,  30.420,-14.880, -2.040
68574.61092, 3,  -0.381,  9.834,  0.763, 4,   0.051, -0.454,  1.319, 5,  30.060,-15.060, -2.100
68574.63102, 3,  -0.776,  9.929,  0.708, 4,  -0.028, -0.414,  1.427, 5,  29.820,-15.240, -2.040
68574.65185, 3,  -0.763, 10.120,  0.667, 4,  -0.208, -0.590,  1.818, 5,  29.280,-15.420, -2.100
68574.67116, 3,  -0.490, 10.665,  0.313, 4,  -0.294, -0.648,  2.008, 5,  28.860,-15.780, -2.160
68574.69143, 3,  -1.348, 12.217,  0.354, 4,  -0.382, -0.838,  2.063, 5,  28.380,-16.020, -2.100
68574.71154, 3,  -0.749, 14.764, -0.232, 4,  -0.521, -0.873,  2.452, 5,  27.780,-16.260, -2.280
68574.73159, 3,  -2.166, 17.148, -1.948, 4,  -0.844, -1.116,  2.776, 5,  27.120,-16.620, -2.400
68574.75170, 3,  -3.786, 18.333, -1.743, 4,  -1.201, -1.671,  3.396, 5,  26.340,-16.920, -2.400
68574.77179, 3,  -7.505, 18.932, -2.247, 4,  -1.413, -2.846,  3.700, 5,  25.380,-17.340, -2.640
68574.79188, 3,  -9.875, 16.957,  0.218, 4,  -1.791, -3.939,  3.629, 5,  24.240,-17.640, -3.000
68574.81717, 3,   2.561, 12.081,  4.318, 4,  -2.414, -2.079,  2.822, 5,  22.980,-18.000, -3.660
68574.84352, 3,   4.263, 15.527,  0.572, 4,  -1.812, -1.924,  1.377, 5,  21.420,-18.240, -4.140
68574.87520, 3,   0.926, 10.842, -0.953, 4,  -2.215, -1.281,  0.105, 5,  19.860,-18.540, -4.920
68574.89524, 3,   3.351,  4.508, -1.308, 4,  -2.162, -1.536, -0.251, 5,  16.620,-18.840, -6.360
68574.91560, 3,   2.860,  3.337, -2.574, 4,  -1.941, -0.942, -0.983, 5,  14.940,-19.020, -7.260
68574.93671, 3,   2.384,  2.493, -3.065, 4,  -1.692, -0.381, -1.684, 5,  13.320,-19.140, -8.160
68574.95557, 3,   2.561,  2.029, -3.024, 4,  -1.460, -0.091, -2.252, 5,  11.760,-19.320, -9.300
68574.97909, 3,   2.506,  1.703, -2.506, 4,  -0.914,  0.561, -3.144, 5,  10.500,-19.500,-10.320
68574.99700, 3,   1.199,  1.607, -2.138, 4,  -0.645,  0.835, -3.602, 5,   9.180,-19.620,-11.460
68575.01729, 3,   0.191,  1.852, -1.839, 4,  -0.411,  0.590, -3.933, 5,   8.160,-19.740,-12.600
68575.03707, 3,   1.607,  2.356, -1.730, 4,  -0.238,  0.055, -4.051, 5,   7.380,-19.980,-13.920
68575.05722, 3,   2.956,  3.065, -1.199, 4,  -0.149, -0.317, -4.154, 5,   6.780,-20.100,-15.000
68575.07777, 3,   3.065,  3.827, -0.218, 4,  -0.107, -0.772, -4.381, 5,   6.420,-20.340,-16.140
68575.09795, 3,   5.040,  5.203,  0.123, 4,   0.035, -1.681, -4.347, 5,   6.180,-20.520,-17.220
68575.11858, 3,   7.409,  6.715, -0.136, 4,   0.210, -2.707, -3.958, 5,   6.360,-20.760,-18.240
68575.14157, 3,  11.223,  7.396, -1.594, 4,   0.408, -4.086, -2.742, 5,   6.780,-21.060,-19.080
68575.15796, 3,  15.282,  6.047, -0.218, 4,   0.414, -3.338, -1.776, 5,   7.320,-21.480,-20.040
68575.17871, 3,  17.407, 12.790,  8.390, 4,  -0.327, -2.006, -0.618, 5,   7.980,-21.900,-20.640
68575.19831, 3,  18.469, 14.152, -5.571, 4,   1.371, -1.051,  1.593, 5,   8.760,-22.440,-21.360
68575.21848, 3,  -0.531,  7.369,  5.680, 4,  -0.093,  2.026, -1.059, 5,   9.420,-23.100,-21.900
68575.23867, 3,   1.825,  7.982,  0.409, 4,   0.215,  1.373,  0.775, 5,  10.260,-23.700,-22.320
68575.25886, 3,  10.665, 10.801,  2.343, 4,   0.337, -1.331,  1.936, 5,  10.980,-24.240,-22.680
68575.28000, 3,   3.528,  9.534,  3.269, 4,   0.241, -0.270,  0.262, 5,  11.580,-24.840,-22.980
68575.30280, 3,   2.792, 10.311,  1.512, 4,   0.315, -0.328,  0.089, 5,  12.060,-25.500,-23.160
68575.32107, 3,   4.277, 10.243,  1.594, 4,   0.366, -0.231, -0.198, 5,  12.720,-26.100,-23.340
68575.34143, 3,   3.378, 10.065,  1.839, 4,   0.501, -0.077, -0.680, 5,  13.140,-26.760,-23.520
68575.36054, 3,   2.220,  9.956,  2.016, 4,   0.594, -0.105, -0.815, 5,  13.380,-27.360,-23.400
68575.38176, 3,   1.321,  9.670,  2.220, 4,   0.690, -0.207, -0.830, 5,  13.620,-27.840,-23.520
68575.40322, 3,   0.409,  9.480,  1.989, 4,   0.762, -0.326, -0.802, 5,  13.740,-28.260,-23.520
68575.42260, 3,  -0.054,  9.589,  1.539, 4,   0.775, -0.486, -0.713, 5,  13.860,-28.740,-23.280
68575.44610, 3,  -0.191,  9.521,  1.103, 4,   0.665, -0.465, -0.511, 5,  13.800,-29.100,-23.160
68575.46348, 3,  -0.109,  9.480,  0.981, 4,   0.610, -0.339, -0.461, 5,  13.740,-29.460,-22.980
68575.48374, 3,  -0.313,  9.344,  0.913, 4,   0.598, -0.311, -0.366, 5,  13.680,-29.700,-22.800
68575.50453, 3,  -0.708,  9.384,  0.872, 4,   0.561, -0.299, -0.232, 5,  13.740,-30.000,-22.620
68575.52419, 3,  -0.735,  9.480,  0.681, 4,   0.546, -0.265, -0.091, 5,  13.800,-30.180,-22.140
68575.54427, 3,  -0.817,  9.630,  0.286, 4,   0.475, -0.239,  0.035, 5,  14.100,-30.360,-21.840
68575.56434, 3,  -0.831,  9.752,  0.177, 4,   0.415, -0.221,  0.149, 5,  14.100,-30.600,-21.420
68575.58443, 3,  -0.899,  9.752,  0.082, 4,   0.361, -0.195,  0.271, 5,  14.340,-30.840,-21.060
68575.60619, 3,  -0.735,  9.834,  0.245, 4,   0.290, -0.124,  0.485, 5,  14.520,-31.020,-20.700
68575.62552, 3,  -0.354, 10.052,  0.041, 4,   0.266, -0.033,  0.578, 5,  14.700,-31.200,-20.400
68575.64522, 3,  -0.409, 10.515,  0.109, 4,   0.245, -0.062,  0.587, 5,  14.760,-31.320,-20.100
68575.66530, 3,  -0.667, 10.978, -0.123, 4,   0.276, -0.184,  0.645, 5,  14.760,-31.440,-19.740
68575.68874, 3,  -1.062, 12.844, -0.354, 4,   0.284, -0.421,  0.717, 5,  14.700,-31.620,-19.440
68575.70679, 3,  -1.117, 16.126, -2.370, 4,   0.237, -0.773,  0.687, 5,  14.520,-31.860,-19.140
68575.72722, 3,  -1.199, 17.829, -4.181, 4,   0.320, -0.896,  0.772, 5,  14.280,-32.100,-18.960
68575.74682, 3,  -3.705, 17.298, -5.217, 4,   0.338, -0.981,  0.636, 5,  14.100,-32.400,-18.780
68575.76856, 3,  -5.217, 15.568, -3.119, 4,   0.133, -0.554,  1.200, 5,  13.920,-32.580,-18.600
68575.78724, 3,   0.204, 14.860,  2.901, 4,  -0.097, -0.058,  1.925, 5,  13.500,-32.760,-18.360
68575.80766, 3,   9.861, 15.146,  3.419, 4,  -0.396, -0.261,  2.891, 5,  13.080,-32.940,-18.000
68575.82746, 3,   5.257, 17.339,  4.903, 4,  -1.217, -1.088,  3.050, 5,  12.480,-33.120,-17.760
68575.84758, 3,  -0.109, 18.428,  1.348, 4,  -1.039, -1.894,  2.610, 5,  11.640,-33.180,-17.940
68575.86766, 3,   3.119, 17.870,  1.308, 4,  -1.061, -2.204,  3.931, 5,  10.620,-33.240,-17.880
68575.88779, 3,   2.493, 17.393,  0.749, 4,  -1.204, -2.190,  4.052, 5,   9.420,-33.240,-18.120
68575.90788, 3,   0.463, 16.099, -0.341, 4,  -1.115, -1.173,  3.607, 5,   8.100,-33.060,-18.360
68575.93137, 3,  -1.226, 12.803, -0.477, 4,  -1.051,  0.892,  2.886, 5,   6.720,-32.880,-18.660
68575.94926, 3,  -2.424,  8.240, -0.477, 4,  -1.045,  1.527,  2.224, 5,   5.160,-32.640,-19.020
68575.96865, 3,  -4.290,  5.230, -0.572, 4,  -0.959,  1.640,  1.209, 5,   3.600,-32.340,-19.620
68575.98884, 3,  -5.298,  3.283, -0.354, 4,  -0.792,  1.599,  0.419, 5,   2.340,-31.980,-20.220
68576.00956, 3,  -5.285,  1.743, -0.477, 4,  -0.509,  1.373, -0.282, 5,   1.140,-31.560,-20.940
68576.03002, 3,  -4.576,  0.586, -0.272, 4,  -0.257,  1.265, -0.934, 5,   0.120,-31.080,-21.720
68576.05027, 3,  -3.323,  0.082, -0.477, 4,  -0.032,  1.355, -1.450, 5,  -0.780,-30.660,-22.500
68576.06996, 3,  -2.275, -0.327, -0.518, 4,   0.148,  1.340, -2.009, 5,  -1.500,-30.300,-23.340
68576.09561, 3,  -1.117, -0.572,  0.041, 4,   0.386,  1.074, -2.865, 5,  -2.100,-29.940,-24.180
68576.11355, 3,  -0.204, -0.436,  1.171, 4,   0.563,  0.776, -3.133, 5,  -2.340,-29.640,-25.080
68576.13158, 3,   1.185, -0.232,  2.098, 4,   0.752,  0.356, -3.307, 5,  -2.400,-29.520,-25.920
68576.15126, 3,   2.084, -0.286,  2.901, 4,   0.846, -0.249, -3.417, 5,  -1.980,-29.340,-26.700
68576.17079, 3,   4.522, -0.245,  3.105, 4,   0.780, -0.625, -3.327, 5,  -1.380,-29.400,-27.300
68576.19234, 3,   5.012, -0.123,  1.961, 4,   0.690, -0.759, -3.348, 5,  -0.300,-29.460,-27.960
68576.21244, 3,  12.272,  3.637, 10.746, 4,   0.027, -0.712, -3.154, 5,   0.960,-29.640,-28.380
68576.23267, 3,  15.895, 11.577, -4.386, 4,   0.280, -3.063, -0.943, 5,   2.400,-30.000,-28.860
68576.25755, 3,  -5.394,  8.295,  9.153, 4,   0.620,  3.634, -1.403, 5,   4.020,-30.420,-29.280
68576.27371, 3,  -5.394,  8.295,  9.153, 4,   0.480,  0.482,  0.348, 5,   5.760,-30.960,-29.400
68576.29371, 3,   1.975, 10.188,  0.940, 4,   0.446, -0.890,  0.947, 5,   7.620,-31.440,-29.460
68576.31273, 3,   7.954, 10.256,  2.356, 4,   0.409,  0.375, -0.491, 5,   9.120,-31.920,-29.340
68576.33371, 3,   1.103,  9.316,  1.961, 4,   0.444,  0.411, -0.758, 5,  10.800,-32.520,-29.280
68576.35389, 3,   2.220, 10.406,  1.553, 4,   0.230, -0.082, -0.297, 5,  12.420,-33.060,-29.040
68576.37381, 3,   3.487, 10.134,  1.634, 4,   0.278, -0.058, -0.522, 5,  13.860,-33.780,-28.860
68576.39460, 3,   2.302, 10.052,  1.376, 4,   0.378, -0.035, -0.854, 5,  15.120,-34.260,-28.620
68576.41884, 3,   1.471,  9.643,  1.662, 4,   0.469, -0.134, -0.946, 5,  16.440,-34.740,-28.260
68576.43789, 3,  -0.068,  9.425,  1.512, 4,   0.533, -0.250, -0.961, 5,  17.520,-35.100,-27.840
68576.45499, 3,   0.191,  9.384,  1.226, 4,   0.546, -0.505, -0.705, 5,  18.480,-35.460,-27.540
68576.47495, 3,   0.300,  9.670,  0.504, 4,   0.534, -0.554, -0.596, 5,  19.200,-35.700,-27.300
68576.49595, 3,  -0.354,  9.561,  0.545, 4,   0.473, -0.437, -0.586, 5,  19.860,-35.940,-26.940
68576.51618, 3,  -1.103,  9.384,  0.477, 4,   0.395, -0.327, -0.511, 5,  20.280,-36.060,-26.580
68576.53638, 3,  -1.090,  9.439,  0.436, 4,   0.332, -0.286, -0.260, 5,  20.760,-36.240,-26.400
68576.55671, 3,  -1.239,  9.589,  0.558, 4,   0.270, -0.293,  0.001, 5,  21.300,-36.360,-25.860
68576.57613, 3,  -1.062,  9.643,  0.463, 4,   0.232, -0.154,  0.159, 5,  21.720,-36.360,-25.500
68576.59761, 3,  -0.504,  9.698,  0.286, 4,   0.179, -0.086,  0.507, 5,  22.020,-36.360,-25.260
68576.61936, 3,  -0.191,  9.670,  0.082, 4,   0.148, -0.091,  0.580, 5,  22.260,-36.540,-24.960
68576.63850, 3,   0.463,  9.739,  0.313, 4,   0.136, -0.159,  0.597, 5,  22.620,-36.720,-24.840
68576.66456, 3,   1.348,  9.875,  0.313, 4,   0.156, -0.200,  0.624, 5,  22.860,-36.900,-24.540
68576.69921, 3,  -0.504, 11.414,  0.926, 4,   0.211, -0.398,  0.387, 5,  22.860,-37.020,-24.360
68576.71901, 3,   0.518, 13.212, -1.566, 4,   0.179, -0.776,  0.328, 5,  22.860,-37.320,-23.760
68576.73956, 3,   1.934, 14.860, -3.827, 4,   0.202, -0.621,  0.438, 5,  22.740,-37.380,-23.580
68576.75901, 3,  -0.504, 17.189, -4.345, 4,   0.273, -0.335,  0.280, 5,  22.380,-37.620,-23.520
68576.77912, 3,  -3.582, 17.461, -4.808, 4,   0.405, -0.320,  0.620, 5,  22.200,-37.800,-23.400
68576.79919, 3,  -5.475, 14.751, -3.936, 4,   0.436, -0.747,  1.007, 5,  21.900,-37.980,-23.160
68576.81971, 3,   0.218, 15.255,  1.607, 4,   0.290,  0.125,  1.774, 5,  21.600,-38.100,-23.160
68576.83982, 3,   9.371, 15.786,  1.989, 4,   0.071,  0.830,  2.629, 5,  21.060,-38.280,-23.100
68576.86001, 3,   3.446, 17.652,  3.991, 4,  -0.623, -0.307,  2.213, 5,  20.400,-38.400,-23.160
68576.88014, 3,   0.708, 18.592,  1.703, 4,  -0.447, -1.516,  2.521, 5,  19.440,-38.580,-23.160
68576.90331, 3,   4.290, 18.251,  2.152, 4,  -0.771, -1.791,  3.856, 5,  18.480,-38.640,-23.160
68576.92350, 3,   3.242, 17.897,  1.662, 4,  -0.772, -0.768,  3.610, 5,  17.280,-38.640,-23.220
68576.94098, 3,   1.607, 17.175,  0.831, 4,  -0.927,  0.411,  3.432, 5,  15.960,-38.460,-23.340
68576.96095, 3,  -0.504, 15.255,  0.831, 4,  -0.968,  1.219,  3.002, 5,  14.460,-38.280,-23.520
68576.98104, 3,  -2.261, 11.482, -0.436, 4,  -1.033,  1.665,  2.355, 5,  13.080,-37.980,-23.820
68577.00128, 3,  -4.086,  7.478, -0.286, 4,  -1.076,  1.735,  1.549, 5,  11.700,-37.560,-24.360
68577.02156, 3,  -5.516,  4.454, -0.286, 4,  -0.949,  1.594,  0.711, 5,  10.440,-37.020,-24.660
68577.04146, 3,  -5.639,  2.220,  0.109, 4,  -0.695,  1.337,  0.055, 5,   9.360,-36.360,-25.080
68577.06727, 3,  -3.855, -0.218, -0.150, 4,  -0.121,  0.838, -1.177, 5,   8.340,-35.880,-25.740
68577.08321, 3,  -3.855, -0.218, -0.150, 4,   0.135,  0.809, -1.794, 5,   7.560,-35.220,-26.340
68577.10248, 3,  -3.214, -0.899, -0.259, 4,   0.284,  0.696, -2.315, 5,   6.900,-34.500,-27.000
68577.12352, 3,  -2.193, -1.512,  0.586, 4,   0.392,  0.873, -2.759, 5,   6.300,-34.020,-27.540
68577.14361, 3,  -1.280, -1.757,  1.607, 4,   0.525,  0.921, -3.239, 5,   6.120,-33.360,-28.140
68577.16365, 3,  -1.267, -2.043,  2.533, 4,   0.673,  0.451, -3.625, 5,   6.480,-32.700,-28.740
68577.18368, 3,   0.204, -3.269,  3.269, 4,   0.745, -0.026, -3.714, 5,   6.840,-32.040,-29.160
68577.20410, 3,   1.485, -3.024,  2.029, 4,   0.785, -0.263, -3.888, 5,   7.620,-31.380,-29.700
68577.22969, 3,   9.153,  6.374,  2.901, 4,  -0.882, -0.453, -1.925, 5,   8.820,-30.780,-30.060
68577.26557, 3,  -2.588,  6.442,  5.598, 4,   0.824,  2.148, -1.144, 5,  10.440,-30.180,-30.300
68577.28412, 3,  -6.810,  4.835,  0.967, 4,   0.049,  2.601, -0.813, 5,  13.740,-29.160,-31.080
68577.30495, 3,   6.347, 10.065,  0.695, 4,   0.503, -0.738,  0.216, 5,  15.660,-28.620,-31.380
68577.32529, 3,   1.961,  8.554,  3.337, 4,   0.024, -0.108,  0.517, 5,  17.580,-28.260,-31.320
68577.34548, 3,   0.981,  9.807,  1.117, 4,   0.462,  0.419, -1.165, 5,  19.380,-27.900,-31.380
68577.36577, 3,   2.234,  9.739,  1.485, 4,   0.396,  0.110, -0.518, 5,  21.180,-27.720,-31.320
68577.38601, 3,   2.275,  9.902,  1.022, 4,   0.433, -0.149, -0.501, 5,  22.860,-27.480,-31.080
68577.40653, 3,   1.675,  9.902,  0.831, 4,   0.545, -0.097, -0.879, 5,  24.600,-27.360,-30.840
68577.42706, 3,   1.239,  9.589,  0.858, 4,   0.516, -0.171, -0.913, 5,  26.220,-27.240,-30.660
68577.44629, 3,  -0.123,  9.439,  0.913, 4,   0.506, -0.310, -0.906, 5,  27.720,-27.000,-30.540
68577.46658, 3,   0.177,  9.507,  0.926, 4,   0.473, -0.561, -0.671, 5,  28.800,-26.940,-30.240
68577.48692, 3,   0.300,  9.793,  0.763, 4,   0.465, -0.610, -0.554, 5,  29.580,-26.700,-30.120
68577.50687, 3,  -0.504,  9.575,  0.776, 4,   0.447, -0.469, -0.594, 5,  30.360,-26.520,-29.880
68577.52720, 3,  -0.490,  9.384,  0.695, 4,   0.437, -0.371, -0.473, 5,  30.900,-26.340,-29.820
68577.55373, 3,  -0.449,  9.357,  0.436, 4,   0.346, -0.255, -0.187, 5,  31.260,-26.220,-29.760
68577.56900, 3,  -0.654,  9.548,  0.218, 4,   0.298, -0.226, -0.063, 5,  31.440,-26.160,-29.760
68577.58860, 3,  -0.586,  9.684, -0.041, 4,   0.246, -0.189,  0.106, 5,  31.860,-26.040,-29.340
68577.60962, 3,  -0.381,  9.657, -0.041, 4,   0.197, -0.149,  0.224, 5,  32.220,-25.980,-29.100
68577.62975, 3,  -0.436,  9.739,  0.027, 4,   0.177, -0.118,  0.334, 5,  32.280,-25.980,-28.920
68577.65162, 3,  -0.136,  9.779,  0.191, 4,   0.165, -0.198,  0.452, 5,  32.340,-26.040,-28.680
68577.67189, 3,   0.041,  9.943,  0.177, 4,   0.166, -0.146,  0.413, 5,  32.520,-26.100,-28.620
68577.69203, 3,   0.204, 10.569, -0.054, 4,   0.163, -0.195,  0.392, 5,  32.580,-26.280,-28.620
68577.71291, 3,  -0.191, 11.155, -0.027, 4,   0.169, -0.469,  0.353, 5,  32.640,-26.340,-28.620
68577.73294, 3,  -0.899, 11.414, -0.272, 4,   0.170, -0.694,  0.390, 5,  32.640,-26.400,-28.560
68577.75328, 3,   0.286, 14.002, -2.166, 4,   0.218, -0.632,  0.394, 5,  32.280,-26.460,-28.440
68577.77503, 3,  -0.640, 16.767, -3.895, 4,   0.308, -0.387,  0.399, 5,  31.980,-26.580,-28.320
68577.79470, 3,  -3.541, 17.693, -5.040, 4,   0.334, -0.490,  0.489, 5,  31.680,-26.760,-28.380
68577.81400, 3,  -7.396, 16.413, -5.217, 4,   0.301, -0.825,  0.829, 5,  31.440,-26.880,-28.260
68577.83402, 3,  -5.652, 14.315, -1.866, 4,   0.274, -0.267,  1.638, 5,  31.020,-27.120,-28.020
68577.85583, 3,   8.090, 16.603,  3.010, 4,  -0.474,  1.582,  2.926, 5,  30.540,-27.360,-28.020
68577.87420, 3,   8.090, 16.603,  3.010, 4,  -1.243,  0.027,  2.666, 5,  29.940,-27.420,-27.900
68577.89429, 3,   0.913, 18.061,  3.419, 4,  -1.125, -1.100,  2.833, 5,  29.220,-27.600,-27.960
68577.91570, 3,   1.226, 18.115,  2.833, 4,  -1.332, -1.775,  3.774, 5,  28.380,-27.780,-28.140
68577.93604, 3,   0.504, 16.930,  1.457, 4,  -1.223, -2.005,  3.715, 5,  27.120,-27.840,-28.380
68577.95889, 3,  -1.062, 15.704, -0.245, 4,  -1.062, -0.849,  3.461, 5,  25.860,-27.780,-28.560
68577.97865, 3,  -2.697, 10.869, -0.545, 4,  -0.974, -0.140,  2.933, 5,  24.420,-27.720,-28.860
68578.00112, 3,  -3.705,  5.189,  0.027, 4,  -0.874,  0.655,  1.505, 5,  22.980,-27.480,-29.220
68578.02129, 3,  -4.372,  2.166, -0.191, 4,  -0.626,  1.166,  0.568, 5,  21.540,-27.120,-29.460
68578.04018, 3,  -5.339, -0.082, -0.763, 4,  -0.352,  1.339, -0.268, 5,  20.220,-26.700,-29.880
68578.06037, 3,  -5.898, -1.634, -1.321, 4,  -0.120,  1.308, -1.053, 5,  18.900,-26.220,-30.360
68578.08131, 3,  -4.754, -2.996, -1.335, 4,   0.081,  1.241, -1.646, 5,  17.940,-25.560,-30.720
68578.10103, 3,  -2.833, -3.991, -1.539, 4,   0.305,  1.403, -2.220, 5,  16.980,-24.900,-31.260
68578.12166, 3,  -1.825, -3.895, -1.580, 4,   0.486,  1.718, -2.900, 5,  16.380,-24.120,-31.620
68578.14188, 3,  -1.934, -3.378, -0.640, 4,   0.610,  1.645, -3.693, 5,  15.960,-23.340,-32.040
68578.16337, 3,   0.286, -2.860,  0.654, 4,   0.980,  0.020, -3.976, 5,  15.720,-22.440,-32.520
68578.18350, 3,   3.841, -2.166,  1.594, 4,   1.093, -0.186, -3.697, 5,  15.780,-21.480,-32.700
68578.20284, 3,   5.979, -1.321, 10.556, 4,   0.877,  0.358, -3.172, 5,  15.960,-20.460,-33.060
68578.22380, 3,  12.749,  9.085,  8.717, 4,   0.501, -0.980, -0.514, 5,  16.560,-19.320,-33.240
68578.24402, 3,  13.920,  5.557, -5.407, 4,   0.090, -1.432,  1.282, 5,  17.040,-18.180,-33.420
68578.26445, 3,  -2.806,  9.725,  7.055, 4,   0.998,  3.043, -1.618, 5,  18.000,-17.100,-33.540
68578.28450, 3,  -0.763,  7.777,  2.152, 4,   0.148,  0.706,  0.106, 5,  19.320,-16.080,-33.540
68578.30864, 3,   6.320,  9.861,  1.294, 4,   0.171, -0.039, -0.315, 5,  20.820,-15.120,-33.540
68578.32757, 3,   2.438,  9.180,  1.866, 4,   0.219,  0.110, -0.810, 5,  22.140,-14.460,-33.480
68578.34454, 3,   2.697, 10.106,  1.171, 4,   0.107, -0.065, -0.564, 5,  23.640,-13.680,-33.360
68578.36548, 3,   2.493, 10.256,  1.703, 4,   0.238, -0.088, -0.819, 5,  24.960,-13.020,-33.120
68578.38556, 3,   1.784, 10.052,  1.607, 4,   0.380, -0.167, -0.907, 5,  26.280,-12.420,-32.820
68578.40490, 3,   1.553,  9.820,  1.825, 4,   0.530, -0.200, -0.931, 5,  27.360,-11.940,-32.640
68578.42615, 3,   0.735,  9.725,  1.634, 4,   0.668, -0.188, -1.000, 5,  28.440,-11.400,-32.340
68578.44540, 3,  -0.191,  9.670,  1.144, 4,   0.695, -0.416, -0.922, 5,  29.280,-11.160,-32.160
68578.46571, 3,  -0.191,  9.739,  0.395, 4,   0.644, -0.510, -0.744, 5,  30.000,-10.800,-32.040
68578.48706, 3,  -0.477,  9.698,  0.163, 4,   0.479, -0.391, -0.553, 5,  30.480,-10.500,-31.860
68578.50593, 3,  -0.613,  9.480,  0.286, 4,   0.437, -0.339, -0.449, 5,  30.780,-10.380,-31.920
68578.52624, 3,  -0.409,  9.384,  0.545, 4,   0.405, -0.336, -0.367, 5,  31.140,-10.260,-31.800
68578.54640, 3,  -1.103,  9.439,  0.313, 4,   0.378, -0.373, -0.245, 5,  31.320,-10.320,-31.740
68578.56642, 3,  -1.280,  9.521, -0.150, 4,   0.310, -0.317, -0.015, 5,  31.620,-10.380,-31.740
68578.58671, 3,  -0.967,  9.589, -0.218, 4,   0.246, -0.202,  0.116, 5,  31.860,-10.440,-31.500
68578.60696, 3,  -1.022,  9.779, -0.272, 4,   0.211, -0.143,  0.234, 5,  31.860,-10.500,-31.500
68578.62668, 3,  -1.376,  9.807, -0.286, 4,   0.172, -0.058,  0.319, 5,  31.860,-10.560,-31.440
68578.64783, 3,  -0.831, 10.065, -0.300, 4,   0.070,  0.077,  0.668, 5,  31.860,-10.560,-31.260
68578.66680, 3,   0.123, 10.229, -0.409, 4,   0.064,  0.084,  0.768, 5,  31.860,-10.680,-31.200
68578.68691, 3,   0.123, 10.420, -0.381, 4,   0.069, -0.012,  0.743, 5,  31.860,-10.740,-31.200
68578.70695, 3,   0.095, 11.155, -0.667, 4,   0.081, -0.118,  0.742, 5,  31.740,-10.860,-31.140
68578.72746, 3,  -0.054, 11.959, -1.539, 4,   0.052, -0.449,  0.683, 5,  31.680,-11.100,-31.080
68578.74768, 3,   0.095, 15.650, -2.915, 4,   0.037, -0.620,  0.540, 5,  31.500,-11.220,-31.140
68578.76777, 3,  -3.500, 17.584, -4.835, 4,   0.189, -0.473,  0.463, 5,  31.320,-11.280,-31.020
68578.78792, 3,  -3.800, 16.549, -6.047, 4,   0.145, -0.671,  0.591, 5,  30.960,-11.400,-31.080
68578.81213, 3,  -3.800, 15.337, -4.127, 4,   0.247,  0.019,  1.362, 5,  30.720,-11.520,-31.140
68578.83043, 3,  -0.422, 14.805,  0.749, 4,   0.087,  1.589,  1.742, 5,  30.300,-11.640,-31.020
68578.84969, 3,   4.740, 13.675,  1.961, 4,   0.182,  1.812,  2.469, 5,  29.880,-11.760,-31.020
68578.87030, 3,   2.806, 16.603,  2.860, 4,  -0.397,  1.021,  2.553, 5,  29.280,-11.940,-31.020
68578.89002, 3,  -3.405, 18.061,  1.267, 4,  -0.705,  0.051,  2.140, 5,  28.560,-12.060,-30.960
68578.90989, 3,  -2.247, 18.061,  1.498, 4,  -0.751, -0.732,  2.798, 5,  27.780,-12.240,-31.140
68578.93032, 3,  -0.286, 17.870,  2.070, 4,  -0.918, -1.638,  3.151, 5,  26.820,-12.360,-31.080
68578.95054, 3,  -0.286, 16.739,  1.716, 4,  -0.912, -1.483,  2.915, 5,  25.620,-12.480,-31.140
68578.97373, 3,   0.354, 15.214,  1.062, 4,  -0.927, -0.127,  2.624, 5,  24.540,-12.480,-31.140
68578.99332, 3,   0.735, 12.612,  0.259, 4,  -0.931,  0.512,  2.254, 5,  23.100,-12.480,-31.260
68579.01139, 3,   0.300,  9.044,  0.272, 4,  -0.981,  1.095,  1.640, 5,  21.720,-12.360,-31.260
68579.03148, 3,  -0.640,  5.530,  0.218, 4,  -0.879,  1.588,  0.980, 5,  20.340,-12.300,-31.260
68579.05130, 3,  -1.348,  2.724, -0.054, 4,  -0.685,  1.738,  0.376, 5,  19.080,-11.940,-31.260
68579.07405, 3,  -2.261,  0.681, -0.354, 4,  -0.487,  1.687, -0.296, 5,  17.880,-11.640,-31.200
68579.09159, 3,  -2.642, -0.518, -0.817, 4,  -0.281,  1.618, -0.877, 5,  16.740,-11.340,-31.080
68579.11178, 3,  -2.438, -1.049, -1.226, 4,  -0.080,  1.464, -1.404, 5,  15.720,-11.100,-30.960
68579.13412, 3,  -2.261, -1.444, -1.580, 4,   0.280,  1.099, -2.497, 5,  14.700,-10.680,-30.840
68579.15399, 3,  -2.057, -1.294, -1.525, 4,   0.477,  1.004, -2.915, 5,  13.920,-10.320,-30.960
68579.17305, 3,  -0.967, -0.654, -1.226, 4,   0.707,  0.931, -3.219, 5,  13.200,-10.020,-30.840
68579.19249, 3,   0.518,  0.667, -0.844, 4,   0.877,  0.816, -3.415, 5,  12.540, -9.600,-30.840
68579.21273, 3,   1.703,  1.648, -0.354, 4,   1.025,  0.319, -3.590, 5,  12.000, -9.180,-30.780
68579.23279, 3,   2.888,  3.283,  0.531, 4,   1.142, -0.479, -3.644, 5,  11.760, -8.940,-30.600
68579.25329, 3,   5.230,  5.148,  1.158, 4,   1.263, -1.042, -3.332, 5,  11.760, -8.580,-30.480
68579.27351, 3,   8.445,  6.783,  1.376, 4,   1.350, -1.346, -2.910, 5,  11.820, -8.280,-30.180
68579.29381, 3,  11.686,  7.328,  1.444, 4,   1.370, -1.408, -2.366, 5,  12.000, -8.040,-30.060
