68508.74204, 3,  -0.885, 10.093, -0.068, 4,  -0.088, -0.473,  1.569, 5,  -4.200,-21.480, -5.580
68508.76231, 3,   0.926, 10.093, -0.477, 4,  -0.137, -0.661,  1.835, 5,  -4.800,-21.180, -5.760
68508.78590, 3,   1.934, 11.482, -2.016, 4,  -0.083, -0.768,  1.638, 5,  -5.580,-20.940, -5.940
68508.80512, 3,   1.866, 12.626, -2.683, 4,  -0.045, -0.580,  1.889, 5,  -6.300,-20.640, -5.880
68508.82500, 3,   0.477, 13.811, -2.819, 4,  -0.043, -0.406,  2.094, 5,  -6.960,-20.340, -5.700
68508.84356, 3,  -1.117, 14.996, -3.351, 4,  -0.090, -0.280,  2.480, 5,  -7.680,-19.980, -5.520
68508.86346, 3,  -1.798, 17.175, -4.290, 4,  -0.233, -0.322,  3.008, 5,  -8.400,-19.440, -5.460
68508.88415, 3,  -4.645, 18.347, -5.244, 4,  -0.393, -0.436,  3.432, 5,  -9.060,-18.840, -5.160
68508.90554, 3, -12.095, 18.932, -5.612, 4,  -0.468, -0.901,  3.736, 5,  -9.960,-18.300, -5.160
68508.93021, 3, -15.813, 19.232, -1.130, 4,  -1.202, -2.511,  5.585, 5, -11.040,-17.460, -5.040
68508.94774, 3,   0.027, 17.761,  4.958, 4,  -1.260, -0.951,  6.714, 5, -12.000,-16.320, -4.800
68508.96600, 3,   6.633, 18.633,  6.224, 4,  -0.893,  0.451,  4.560, 5, -13.140,-15.120, -4.500
68508.98643, 3,   3.296, 10.733,  1.444, 4,  -0.367,  1.188,  2.005, 5, -14.340,-13.560, -4.080
68509.00666, 3,  -1.784, 10.637,  0.695, 4,  -0.447,  0.535,  0.350, 5, -15.600,-12.000, -3.780
68509.02694, 3,  -7.450,  5.911,  1.648, 4,  -0.648,  0.760, -1.435, 5, -16.800,-10.380, -3.420
68509.04709, 3,  -8.567,  2.574,  1.376, 4,  -0.205,  0.520, -2.257, 5, -18.000, -8.880, -3.120
68509.06653, 3,  -4.658,  2.288,  1.417, 4,   0.237,  0.404, -2.264, 5, -19.140, -7.380, -3.060
68509.08694, 3,  -0.858,  2.642,  1.171, 4,   0.543,  0.517, -2.707, 5, -20.280, -6.180, -2.760
68509.10926, 3,  -0.695,  2.057,  0.804, 4,   1.034,  1.240, -5.010, 5, -21.180, -4.860, -2.520
68509.12904, 3,  -1.662,  2.493,  0.409, 4,   1.286,  1.493, -5.540, 5, -22.200, -4.020, -2.400
68509.14911, 3,  -1.607,  3.391, -0.027, 4,   1.512,  1.576, -5.862, 5, -23.220, -3.420, -2.520
68509.17687, 3,  -0.967,  6.129, -0.259, 4,   1.701,  1.403, -6.215, 5, -24.240, -3.300, -2.580
68509.21284, 3,  -1.090, 12.612, -1.417, 4,   1.744,  0.721, -7.321, 5, -25.020, -3.660, -2.760
68509.25113, 3,   1.634, 17.802, -0.409, 4,   1.905, -0.257, -7.362, 5, -25.080, -4.680, -2.820
68509.28064, 3,   6.865, 16.835,  5.857, 4,   1.823, -0.743, -6.153, 5, -24.480, -6.120, -2.820
68509.30072, 3,  13.198, 17.897,  2.983, 4,   1.060, -0.923, -4.281, 5, -21.180,-10.260, -2.820
68509.32254, 3,  16.358, 13.988,  3.405, 4,  -0.735, -2.818, -0.863, 5, -19.080,-12.420, -2.700
68509.34088, 3,  17.938, 11.836,  1.444, 4,  -0.263, -0.019,  1.549, 5, -16.680,-15.000, -2.640
68509.36082, 3,   9.439, 15.677, -2.874, 4,  -0.687,  1.620,  1.913, 5, -14.340,-17.580, -2.520
68509.38110, 3,  -5.040,  9.861,-11.210, 4,   0.138,  2.224, -0.333, 5, -12.120,-20.220, -2.580
68509.40121, 3,   7.232, 14.696, -3.078, 4,  -1.917,  3.006,  6.219, 5,  -9.900,-22.860, -2.460
68509.42213, 3,   7.491, 12.422, -1.893, 4,  -1.527, -0.373,  4.195, 5,  -7.800,-25.380, -2.280
68509.44146, 3,   9.003, 13.961,  7.273, 4,  -2.384,  1.534,  2.466, 5,  -5.820,-27.720, -2.340
68509.46160, 3,   3.105, 10.910,  4.536, 4,  -0.966,  1.378,  2.418, 5,  -4.200,-30.120, -2.460
68509.48164, 3,   0.272, 11.346,  3.705, 4,  -0.636,  0.562,  2.416, 5,  -2.460,-32.160, -2.640
68509.50353, 3,   1.934, 10.706, -2.765, 4,  -0.203, -0.219,  2.262, 5,  -1.080,-33.840, -2.760
68509.52185, 3,   3.010, 10.610,  0.177, 4,  -0.545, -0.095,  1.515, 5,   0.360,-35.220, -2.640
68509.54195, 3,   1.253, 10.338, -0.409, 4,  -0.306, -0.066,  1.064, 5,   1.500,-36.120, -2.520
68509.56238, 3,   0.327, 10.025,  0.681, 4,  -0.273, -0.133,  1.046, 5,   1.920,-36.480, -2.640
68509.58272, 3,  -0.586,  9.575,  1.171, 4,  -0.084, -0.211,  1.059, 5,   1.920,-36.360, -2.700
68509.60448, 3,  -0.409,  9.561,  1.090, 4,   0.011, -0.249,  1.114, 5,   1.080,-36.120, -2.940
68509.62955, 3,   0.095,  9.643,  0.341, 4,   0.084, -0.324,  1.129, 5,  -0.060,-35.760, -3.180
68509.64718, 3,  -0.041,  9.752,  0.095, 4,   0.078, -0.344,  1.148, 5,  -1.560,-35.520, -3.660
68509.66861, 3,   1.226, 10.501,  0.136, 4,   0.101, -0.351,  1.315, 5,  -3.120,-35.100, -3.960
68509.70927, 3,  -1.049, 10.106, -0.313, 4,   0.023, -0.607,  1.475, 5,  -4.740,-34.740, -4.320
68509.72799, 3,  -0.449, 10.283, -0.899, 4,  -0.018, -0.746,  1.696, 5,  -6.360,-34.260, -4.620
68509.74418, 3,   1.212, 10.678, -2.234, 4,   0.025, -0.639,  1.807, 5,  -8.040,-33.900, -4.860
68509.76598, 3,   1.866, 10.406, -2.465, 4,   0.020, -0.273,  1.815, 5,  -9.720,-33.360, -5.040
68509.78761, 3,   2.397, 10.937, -2.016, 4,   0.004,  0.027,  1.899, 5, -11.040,-32.880, -5.100
68509.80449, 3,   0.899, 11.972, -1.376, 4,   0.052,  0.202,  1.983, 5, -12.360,-32.220, -5.100
68509.82562, 3,  -1.158, 12.653, -2.179, 4,  -0.117, -0.084,  2.709, 5, -13.620,-31.560, -4.980
68509.84472, 3,  -0.681, 13.729, -3.255, 4,  -0.177, -0.036,  3.125, 5, -14.880,-30.900, -4.800
68509.86599, 3,  -2.329, 16.099, -4.345, 4,  -0.260, -0.081,  3.482, 5, -15.960,-30.060, -4.800
68509.88489, 3,  -6.034, 17.815, -5.448, 4,  -0.317, -0.697,  3.904, 5, -17.160,-29.160, -4.680
68509.91218, 3, -15.813, 18.619, -1.117, 4,  -0.509, -2.325,  4.231, 5, -18.540,-28.080, -4.380
68509.93241, 3,   1.798, 18.006,  6.184, 4,  -1.295, -1.543,  6.353, 5, -19.860,-26.640, -4.020
68509.95248, 3,   9.126, 18.769,  6.252, 4,  -0.521,  1.684,  4.575, 5, -21.240,-24.900, -3.660
68509.98440, 3,   3.909, 11.795,  1.335, 4,  -0.337,  1.457,  1.383, 5, -22.500,-22.920, -3.420
68510.01576, 3,  -7.355,  6.333,  2.465, 4,  -0.692,  0.362, -1.618, 5, -23.640,-20.820, -3.180
68510.03551, 3,  -8.159,  2.493,  2.152, 4,  -0.243,  0.072, -2.177, 5, -25.740,-17.100, -3.060
68510.05581, 3,  -3.909,  1.934,  1.989, 4,   0.167, -0.013, -2.097, 5, -26.640,-15.240, -2.820
68510.08274, 3,  -0.218,  2.942,  1.199, 4,   0.610,  0.792, -3.990, 5, -27.360,-13.560, -2.640
68510.10467, 3,  -1.417,  2.506,  0.695, 4,   0.681,  1.242, -5.033, 5, -27.840,-12.180, -2.760
68510.12757, 3,  -1.062,  3.569,  0.640, 4,   0.888,  1.476, -5.522, 5, -28.260,-11.040, -2.820
68510.14490, 3,  -0.572,  5.189,  0.041, 4,   1.200,  1.512, -5.809, 5, -28.380,-10.140, -2.820
68510.16487, 3,  -0.804,  8.199, -0.858, 4,   1.414,  1.400, -6.268, 5, -28.140, -9.360, -2.880
68510.18540, 3,  -1.185, 11.741, -1.430, 4,   1.444,  0.297, -7.426, 5, -27.660, -8.880, -2.880
68510.20501, 3,  -0.831, 15.636, -1.553, 4,   1.277,  0.072, -7.716, 5, -27.000, -8.700, -3.000
68510.22507, 3,   0.354, 17.570, -1.730, 4,   1.298,  0.096, -7.639, 5, -25.920, -8.820, -3.060
68510.24517, 3,   1.621, 18.551, -3.037, 4,   1.696, -0.478, -7.319, 5, -24.360, -9.240, -3.120
68510.26533, 3,   6.088, 18.578,  0.817, 4,   1.794, -0.621, -6.011, 5, -22.500,-10.260, -3.360
68510.28531, 3,  12.108, 14.642,  2.547, 4,   1.458, -0.433, -4.372, 5, -20.340,-11.520, -3.360
68510.30538, 3,  15.813, 17.080, -2.424, 4,   0.521, -1.048, -2.875, 5, -18.180,-13.080, -3.300
68510.32560, 3,  17.666, 11.250,  0.095, 4,  -0.476, -2.134, -1.456, 5, -15.900,-14.760, -3.300
68510.34652, 3,  18.605, 15.187, -1.471, 4,  -0.417,  0.074,  1.013, 5, -13.920,-16.380, -3.000
68510.36669, 3,  -0.463, 17.352,  0.341, 4,  -1.763,  1.465, -0.026, 5, -12.060,-17.640, -2.820
68510.38594, 3,  -9.997,  5.475, -9.589, 4,   0.532,  1.979,  1.311, 5, -10.320,-19.260, -2.760
68510.40598, 3,   4.754, 12.503, -9.589, 4,  -1.757, -0.736,  7.470, 5,  -8.640,-20.400, -2.760
68510.42600, 3,   1.989, 10.202,  1.444, 4,  -1.000, -0.424,  2.685, 5,  -7.380,-21.300, -2.700
68510.44624, 3,   6.674, 14.860,  3.296, 4,  -2.056,  1.088,  2.243, 5,  -6.420,-21.960, -2.520
68510.46627, 3,   4.604, 10.910,  3.705, 4,  -0.458,  0.035,  2.797, 5,  -5.760,-22.440, -2.460
68510.48645, 3,   1.512, 11.387,  1.090, 4,  -0.595,  0.592,  1.872, 5,  -5.520,-22.620, -2.400
68510.50656, 3,   1.662, 10.610, -0.640, 4,   0.016, -0.372,  1.924, 5,  -5.280,-22.680, -2.460
68510.52953, 3,   2.697, 10.706,  0.054, 4,  -0.302, -0.380,  1.227, 5,  -5.280,-22.380, -2.460
68510.54718, 3,   1.280, 10.351, -0.204, 4,  -0.140, -0.364,  0.780, 5,  -5.640,-22.020, -2.340
68510.56695, 3,  -0.354,  9.984,  0.572, 4,  -0.142, -0.474,  0.735, 5,  -6.300,-21.540, -2.400
68510.58724, 3,  -1.975,  9.425,  1.757, 4,   0.020, -0.501,  0.824, 5,  -7.320,-20.880, -2.580
68510.60707, 3,  -2.356,  9.344,  1.662, 4,   0.181, -0.548,  1.038, 5,  -8.520,-20.040, -2.940
68510.62753, 3,  -1.348,  9.262,  1.308, 4,   0.172, -0.477,  1.255, 5,  -9.960,-19.260, -3.060
68510.65636, 3,  -1.893,  9.058,  0.804, 4,   0.084, -0.192,  1.279, 5, -11.460,-18.360, -3.180
68510.67666, 3,  -1.771,  9.602,  0.572, 4,   0.036, -0.361,  1.537, 5, -12.840,-17.400, -3.420
68510.69678, 3,  -1.294,  9.711,  0.095, 4,   0.019, -0.405,  1.591, 5, -14.340,-16.560, -3.540
68510.71711, 3,  -0.272, 10.338, -0.858, 4,  -0.032, -0.598,  1.600, 5, -15.660,-15.600, -3.660
68510.73722, 3,   0.722, 10.365, -0.967, 4,  -0.075, -0.747,  1.695, 5, -17.040,-14.760, -3.660
68510.75736, 3,   2.397, 10.474, -2.315, 4,  -0.098, -0.909,  1.794, 5, -18.000,-13.920, -3.540
68510.77741, 3,   3.187, 10.706, -2.751, 4,  -0.015, -0.794,  1.805, 5, -19.080,-13.020, -3.420
68510.79989, 3,   2.029, 11.768, -2.384, 4,   0.048,  0.083,  1.808, 5, -19.920,-12.180, -3.180
68510.82013, 3,  -0.136, 12.531, -2.343, 4,   0.021,  0.240,  1.982, 5, -20.820,-11.340, -2.940
68510.83860, 3,  -0.123, 13.375, -2.942, 4,  -0.093,  0.181,  2.443, 5, -21.600,-10.440, -2.580
68510.85956, 3,  -1.253, 14.846, -3.187, 4,  -0.117,  0.295,  2.855, 5, -22.500, -9.480, -2.160
68510.87919, 3,  -4.086, 17.189, -4.277, 4,  -0.140,  0.314,  3.129, 5, -23.340, -8.460, -2.160
68510.89994, 3,  -9.997, 18.347, -5.584, 4,  -0.203,  0.007,  3.629, 5, -24.180, -7.260, -1.800
68510.91968, 3, -14.764, 18.932, -4.590, 4,  -0.294, -1.263,  3.991, 5, -25.020, -6.000, -1.620
68510.93987, 3,  -4.154, 12.326,  6.184, 4,  -0.801, -2.795,  4.741, 5, -25.980, -4.620, -1.200
68510.96326, 3,   7.668, 15.936,  8.772, 4,  -0.733,  0.689,  5.861, 5, -26.940, -2.940, -0.960
68510.98149, 3,   7.709, 17.734,  3.174, 4,  -0.622,  1.988,  3.141, 5, -28.020, -0.840, -0.660
68510.99983, 3,   0.804,  8.213,  3.555, 4,  -0.786,  0.222, -0.235, 5, -29.040,  0.960, -0.480
68511.02059, 3,  -5.230,  8.608,  2.384, 4,  -0.601,  0.563, -0.381, 5, -30.060,  2.820, -0.360
68511.04076, 3,  -7.559,  3.977,  2.411, 4,  -0.471,  0.318, -1.428, 5, -31.260,  4.740, -0.300
68511.06054, 3,  -5.353,  2.533,  1.975, 4,  -0.147,  0.265, -1.808, 5, -32.400,  6.180, -0.360
68511.08092, 3,  -1.035,  2.710,  1.226, 4,   0.195,  0.492, -2.171, 5, -33.780,  7.440, -0.480
68511.10123, 3,  -0.245,  2.384,  0.109, 4,   0.514,  0.894, -3.242, 5, -35.160,  8.340, -0.780
68511.12676, 3,  -1.280,  2.193, -0.245, 4,   0.899,  1.512, -5.049, 5, -36.720,  8.760, -1.140
68511.14429, 3,  -1.825,  2.411, -0.027, 4,   1.192,  1.550, -5.366, 5, -38.100,  8.520, -1.680
68511.16222, 3,  -1.607,  3.242, -0.572, 4,   1.467,  1.186, -5.734, 5, -39.600,  7.740, -2.460
68511.18105, 3,  -1.771,  5.435, -1.185, 4,   1.672,  0.690, -6.235, 5, -40.740,  6.240, -3.180
68511.20213, 3,  -0.885,  8.663, -2.261, 4,   1.786,  0.180, -6.771, 5, -41.640,  4.080, -3.780
68511.22240, 3,  -0.572, 12.190, -2.247, 4,   1.628, -0.405, -7.327, 5, -42.060,  1.320, -4.560
68511.24251, 3,   0.872, 15.854, -2.424, 4,   1.571, -0.276, -7.695, 5, -41.940, -2.100, -4.980
68511.26286, 3,   2.275, 17.693, -3.119, 4,   1.725, -0.025, -7.577, 5, -40.800, -6.060, -5.460
68511.28475, 3,   4.849, 18.605, -2.765, 4,   1.982,  0.010, -5.657, 5, -38.820,-10.440, -5.880
68511.30644, 3,   9.398, 14.547,  4.862, 4,   1.036,  0.782, -3.766, 5, -36.240,-15.360, -6.060
68511.32381, 3,  14.465, 17.025,  1.757, 4,   0.319, -1.374, -2.508, 5, -33.060,-20.220, -5.940
68511.34439, 3,  16.998, 13.266,  2.751, 4,  -0.887, -1.530, -0.371, 5, -29.640,-25.020, -5.760
68511.36463, 3,  18.251, 16.399, -1.675, 4,  -0.066,  0.795,  2.175, 5, -25.920,-29.820, -5.820
68511.38428, 3,  -0.640, 17.965, -2.315, 4,  -0.756,  0.229,  0.337, 5, -22.260,-34.380, -5.640
68511.40482, 3,  -5.993,  5.189, -9.058, 4,   0.142,  1.815,  3.267, 5, -18.420,-38.700, -5.520
68511.42481, 3,   6.769, 12.354, -0.286, 4,  -1.431, -1.519,  6.011, 5, -14.940,-42.780, -5.400
68511.44984, 3,   3.514, 10.529,  2.465, 4,  -2.012,  1.835,  2.333, 5, -11.580,-46.380, -5.220
68511.46771, 3,   1.076, 10.093,  4.372, 4,  -0.408,  0.590,  1.741, 5,  -8.760,-49.440, -5.220
68511.48544, 3,   1.076, 10.093,  4.372, 4,  -0.239,  0.216,  2.267, 5,  -5.760,-51.960, -4.980
68511.50977, 3,   2.710, 10.283, -1.444, 4,   0.444, -0.258,  2.374, 5,  -3.180,-53.940, -4.800
68511.52613, 3,   2.710, 10.283, -1.444, 4,  -0.554,  0.101,  1.612, 5,  -1.080,-55.200, -4.440
68511.54598, 3,   0.708, 10.174, -0.518, 4,  -0.225,  0.017,  1.058, 5,   0.480,-55.920, -4.320
68511.56631, 3,  -0.054,  9.929,  0.449, 4,  -0.203, -0.080,  0.933, 5,   1.440,-56.160, -4.200
68511.58635, 3,  -1.648,  9.534,  1.158, 4,  -0.123, -0.108,  0.905, 5,   1.560,-55.980, -4.380
68511.61082, 3,  -2.234,  9.275,  0.940, 4,   0.140, -0.270,  1.211, 5,   0.840,-55.680, -4.680
68511.62675, 3,  -0.804,  9.548,  0.123, 4,   0.129, -0.274,  1.362, 5,  -0.480,-55.260, -5.160
68511.64633, 3,  -1.144,  9.698, -0.286, 4,   0.070, -0.173,  1.273, 5,  -2.460,-54.780, -5.760
68511.66645, 3,  -0.913, 10.311, -0.613, 4,   0.051, -0.144,  1.312, 5,  -4.740,-54.360, -6.300
68511.68654, 3,  -0.640,  9.848, -0.204, 4,  -0.008, -0.296,  1.507, 5,  -7.080,-53.940, -6.600
68511.70660, 3,  -0.613, 10.174, -0.477, 4,  -0.049, -0.403,  1.510, 5,  -9.360,-53.280, -6.960
68511.72706, 3,  -0.313, 10.311, -0.899, 4,  -0.033, -0.573,  1.592, 5, -11.940,-52.680, -7.260
68511.74723, 3,   1.130, 10.569, -2.029, 4,  -0.063, -0.657,  1.735, 5, -14.040,-52.020, -7.440
68511.76736, 3,   2.343, 10.120, -2.029, 4,  -0.017, -0.565,  1.849, 5, -16.140,-51.360, -7.560
68511.78864, 3,   2.057, 10.746, -1.417, 4,  -0.014,  0.100,  1.799, 5, -17.760,-50.700, -7.320
68511.80800, 3,   0.463, 11.795, -0.885, 4,   0.023,  0.175,  1.859, 5, -19.500,-49.920, -7.260
68511.82785, 3,  -0.395, 12.163, -2.016, 4,  -0.035, -0.033,  2.157, 5, -21.240,-49.020, -7.020
68511.84802, 3,   0.218, 13.116, -2.928, 4,  -0.134, -0.092,  2.572, 5, -22.920,-48.180, -6.900
68511.86818, 3,  -1.403, 14.860, -3.596, 4,  -0.128,  0.074,  2.893, 5, -24.540,-47.100, -6.600
68511.88839, 3,  -4.454, 17.189, -4.372, 4,  -0.188,  0.134,  3.241, 5, -26.280,-45.900, -6.540
68511.90836, 3, -10.147, 18.360, -5.775, 4,  -0.283, -0.247,  3.714, 5, -28.020,-44.520, -6.240
68511.92954, 3, -14.833, 18.946, -2.452, 4,  -0.484, -1.746,  4.044, 5, -30.000,-42.900, -5.880
68511.95324, 3,  -2.983, 14.424,  6.184, 4,  -1.390, -0.358,  6.573, 5, -31.980,-40.920, -5.340
68511.97156, 3,   8.268, 16.971,  7.587, 4,  -0.640,  0.773,  5.503, 5, -33.960,-38.700, -4.980
68511.98982, 3,   6.252, 16.780,  1.893, 4,  -0.576,  1.547,  2.384, 5, -36.000,-35.940, -4.620
68512.01119, 3,  -0.245, 10.474,  2.029, 4,  -0.690,  0.038,  0.009, 5, -37.860,-33.000, -4.380
68512.03116, 3,  -5.312,  7.314,  1.376, 4,  -0.569,  0.093, -0.638, 5, -39.840,-30.240, -4.080
68512.05261, 3,  -5.612,  3.419,  1.703, 4,  -0.470, -0.024, -1.188, 5, -41.520,-27.600, -3.840
68512.07278, 3,  -2.806,  2.683,  1.594, 4,  -0.122,  0.123, -1.549, 5, -42.960,-24.900, -3.600
68512.09206, 3,  -0.776,  2.465,  0.926, 4,   0.187,  0.545, -2.323, 5, -44.280,-22.500, -3.360
68512.11580, 3,  -0.654,  2.098,  0.381, 4,   0.603,  1.446, -4.114, 5, -45.480,-20.340, -3.240
68512.13451, 3,  -1.212,  2.152,  0.409, 4,   0.832,  1.517, -4.688, 5, -46.380,-18.420, -3.060
68512.15376, 3,  -1.444,  2.574,  0.490, 4,   1.077,  1.410, -5.156, 5, -47.160,-16.980, -3.060
68512.17394, 3,  -1.444,  3.637,  0.232, 4,   1.282,  1.042, -5.661, 5, -47.820,-15.900, -3.120
68512.19375, 3,  -1.675,  5.816, -0.341, 4,   1.422,  0.509, -6.195, 5, -48.000,-15.360, -3.060
68512.21511, 3,  -1.634,  8.581, -1.090, 4,   1.492, -0.143, -6.675, 5, -47.580,-15.240, -2.880
68512.23637, 3,  -1.062, 11.673, -1.771, 4,   1.367, -0.635, -7.082, 5, -46.860,-15.720, -2.580
68512.25935, 3,   1.348, 17.557, -2.561, 4,   1.229, -0.313, -7.466, 5, -45.480,-16.680, -2.220
68512.27789, 3,   2.138, 18.537, -3.923, 4,   1.562, -0.323, -7.146, 5, -43.620,-18.300, -2.100
68512.29533, 3,   2.138, 18.537, -3.923, 4,   1.696, -0.337, -6.013, 5, -41.220,-20.460, -1.680
68512.31546, 3,   7.382, 18.973, -0.844, 4,   1.393,  0.174, -4.436, 5, -38.280,-23.220, -1.080
68512.33651, 3,  16.494, 17.107, -1.961, 4,   0.436,  0.063, -2.929, 5, -35.460,-26.400, -0.540
68512.35678, 3,  18.006, 12.108,  2.247, 4,  -0.466, -0.721, -1.033, 5, -32.220,-29.460,  0.120
68512.37694, 3,   2.601, 15.813, -0.763, 4,  -0.561,  0.893,  1.569, 5, -29.100,-32.580,  0.600
68512.39711, 3,  -8.458,  4.781,-10.161, 4,  -0.999,  1.734,  0.970, 5, -26.280,-35.820,  1.140
68512.41716, 3,   5.530, 12.149, -3.677, 4,   1.067,  0.064,  1.115, 5, -23.400,-38.820,  1.560
68512.43820, 3,   6.797, 12.408, -2.697, 4,  -1.052, -1.124,  3.588, 5, -21.240,-41.580,  1.980
68512.45782, 3,   6.797, 12.027,  7.927, 4,  -2.158,  0.904,  2.184, 5, -19.680,-44.220,  2.400
68512.47791, 3,   3.283, 10.651,  2.738, 4,  -0.773,  0.743,  2.161, 5, -18.360,-46.440,  2.640
68512.49762, 3,   0.381, 10.651,  3.677, 4,  -0.537,  0.403,  2.062, 5, -17.100,-48.240,  2.760
68512.51820, 3,   0.940, 10.351, -1.348, 4,   0.247, -0.265,  1.921, 5, -16.380,-49.800,  2.700
68512.53861, 3,   2.493, 10.828, -0.054, 4,  -0.098, -0.129,  1.786, 5, -16.320,-50.880,  2.820
68512.55858, 3,   1.158, 10.433, -0.245, 4,  -0.309, -0.088,  1.235, 5, -16.560,-51.600,  2.700
68512.58460, 3,   0.095,  9.888,  0.667, 4,  -0.096, -0.087,  0.751, 5, -17.280,-52.140,  2.340
68512.60365, 3,  -1.362,  9.507,  1.348, 4,   0.046, -0.194,  0.707, 5, -18.540,-52.260,  1.920
68512.62393, 3,  -1.648,  9.561,  1.348, 4,   0.166, -0.329,  0.900, 5, -20.040,-52.200,  1.440
68512.64392, 3,  -1.226,  9.425,  0.654, 4,   0.217, -0.327,  1.003, 5, -22.140,-51.900,  0.780
68512.66449, 3,  -0.872,  9.602,  0.082, 4,   0.180, -0.206,  1.002, 5, -24.360,-51.480,  0.300
68512.68476, 3,  -2.125,  9.289,  0.354, 4,   0.121, -0.066,  1.006, 5, -26.820,-51.120, -0.480
68512.70861, 3,  -1.253,  9.766,  0.341, 4,   0.071,  0.021,  1.210, 5, -29.340,-50.400, -1.020
68512.72613, 3,  -1.062,  9.589, -0.191, 4,   0.040,  0.051,  1.279, 5, -31.920,-49.740, -1.680
68512.74629, 3,  -0.463, 10.147, -1.267, 4,   0.003, -0.159,  1.441, 5, -34.560,-48.960, -2.280
68512.76619, 3,  -0.627, 10.120, -1.321, 4,  -0.082, -0.204,  1.545, 5, -36.660,-48.120, -2.700
68512.78647, 3,  -0.041,  9.997, -0.790, 4,  -0.123, -0.259,  1.692, 5, -38.520,-47.160, -3.000
68512.80656, 3,   0.858,  9.984, -0.926, 4,  -0.096, -0.406,  1.695, 5, -40.200,-46.260, -3.180
68512.82573, 3,   1.062, 10.569, -0.994, 4,  -0.079, -0.400,  1.751, 5, -41.880,-45.300, -3.060
68512.84680, 3,   0.163, 12.027, -1.634, 4,  -0.052, -0.334,  1.813, 5, -43.440,-44.280, -2.820
68512.86636, 3,  -0.027, 12.612, -2.329, 4,  -0.015, -0.199,  2.108, 5, -45.000,-43.140, -2.940
68512.88780, 3,   0.136, 13.253, -3.146, 4,  -0.143, -0.022,  2.828, 5, -46.500,-41.820, -2.760
68512.90757, 3,  -0.490, 14.247, -3.283, 4,  -0.184,  0.056,  3.127, 5, -48.240,-40.500, -2.640
68512.92697, 3,  -2.125, 16.481, -4.141, 4,  -0.203,  0.052,  3.566, 5, -49.980,-38.880, -2.520
68512.94688, 3,  -5.571, 17.992, -4.617, 4,  -0.276, -0.395,  3.882, 5, -51.960,-37.080, -2.520
68512.96639, 3, -12.544, 18.769, -5.067, 4,  -0.418, -2.164,  4.115, 5, -54.060,-35.220, -2.460
68512.98632, 3, -16.045, 19.150, -0.885, 4,  -1.281, -2.239,  5.458, 5, -56.340,-33.000, -2.340
68513.00761, 3,  10.120, 17.679,  6.892, 4,  -1.250, -0.488,  6.709, 5, -58.980,-30.300, -1.800
68513.02707, 3,   4.127, 11.346,  2.397, 4,  -0.759,  0.787,  5.000, 5, -61.740,-27.360, -1.620
68513.04743, 3,  -2.247, 12.354,  1.348, 4,  -0.742,  0.544, -0.041, 5, -64.320,-24.420, -1.500
68513.06749, 3,  -7.736,  6.606,  1.634, 4,  -0.680,  0.667, -1.360, 5, -66.840,-21.840, -1.380
68513.08760, 3,  -7.328,  3.010,  1.539, 4,  -0.413,  0.419, -1.605, 5, -69.240,-19.800, -1.680
68513.10788, 3,  -2.956,  2.642,  1.553, 4,  -0.046,  0.356, -1.664, 5, -71.460,-18.420, -1.800
68513.12844, 3,  -0.054,  2.275,  0.844, 4,   0.268,  0.608, -2.443, 5, -73.380,-17.520, -2.280
68513.14828, 3,  -0.286,  1.703,  0.095, 4,   0.494,  1.021, -3.697, 5, -74.940,-17.280, -2.940
68513.16839, 3,  -1.648,  1.934, -0.150, 4,   0.638,  1.412, -4.632, 5, -76.020,-17.580, -3.600
68513.18859, 3,  -1.839,  2.642, -0.232, 4,   0.863,  1.465, -5.138, 5, -76.500,-18.480, -4.440
68513.21166, 3,  -0.259,  4.645,  0.381, 4,   1.309,  1.170, -5.702, 5, -76.260,-20.160, -5.400
68513.22960, 3,  -0.054,  6.592, -1.090, 4,   1.588,  1.246, -6.366, 5, -75.000,-22.440, -6.060
68513.24964, 3,  -0.627,  9.589, -1.798, 4,   1.560,  0.521, -6.945, 5, -72.900,-25.140, -6.780
68513.27014, 3,  -0.695, 13.280, -1.716, 4,   1.490,  0.053, -7.391, 5, -69.840,-28.500, -7.200
68513.29042, 3,   0.504, 16.413, -1.253, 4,   1.464,  0.183, -7.643, 5, -65.520,-31.920, -7.500
68513.31125, 3,   0.790, 17.965, -2.206, 4,   1.701,  0.225, -7.447, 5, -60.240,-35.760, -7.800
68513.33000, 3,   3.909, 18.742, -1.498, 4,   2.049, -0.385, -6.837, 5, -53.700,-39.960, -8.040
68513.35211, 3,   9.289, 14.206,  5.244, 4,   1.753, -0.899, -5.268, 5, -46.320,-44.400, -7.980
68513.37350, 3,  14.410, 16.862,  1.498, 4,   0.129, -2.620, -1.961, 5, -38.580,-48.540, -7.620
68513.39377, 3,  16.957, 11.387,  2.996, 4,  -0.718, -1.488,  0.817, 5, -30.480,-52.260, -7.200
68513.41217, 3,  18.251, 15.459, -2.710, 4,  -0.047,  1.982,  3.207, 5, -22.500,-55.560, -6.960
68513.43082, 3,  -0.640, 14.465,  4.113, 4,  -1.393,  1.266, -0.339, 5, -14.820,-58.380, -6.600
68513.45201, 3,  -8.131,  7.859, -3.718, 4,  -0.399,  4.413,  1.459, 5,  -7.200,-60.660, -5.940
68513.47199, 3,   5.693, 10.610, -1.634, 4,  -1.586, -0.310,  6.942, 5,  -0.300,-62.520, -5.220
68513.49227, 3,  -0.177,  9.221,  3.364, 4,  -1.095,  0.092,  1.724, 5,   5.640,-64.080, -4.440
68513.51237, 3,   4.931, 14.288,  5.543, 4,  -2.418,  1.268,  2.126, 5,  11.100,-65.100, -3.480
68513.53445, 3,   1.784, 10.842,  3.160, 4,  -0.270,  0.580,  2.159, 5,  15.720,-65.760, -2.820
68513.55582, 3,  -0.463, 11.101,  1.757, 4,   0.213, -0.098,  2.050, 5,  19.320,-65.940, -2.280
68513.57365, 3,   1.226, 10.406, -1.117, 4,  -0.116, -0.044,  1.797, 5,  21.960,-65.820, -1.740
68513.59303, 3,   1.730, 10.733, -0.422, 4,  -0.297, -0.044,  1.307, 5,  23.580,-65.640, -1.380
68513.61357, 3,   1.471, 10.501, -0.913, 4,  -0.059, -0.160,  1.017, 5,  24.240,-65.220, -1.080
68513.63297, 3,   0.490, 10.243, -0.708, 4,  -0.088, -0.097,  0.836, 5,  24.120,-64.800, -1.080
68513.65377, 3,  -0.518,  9.670,  0.735, 4,  -0.047,  0.006,  0.784, 5,  22.980,-64.560, -1.440
68513.67393, 3,  -1.852,  9.384,  1.090, 4,   0.173, -0.016,  0.858, 5,  21.240,-64.440, -1.980
68513.69426, 3,  -2.247,  9.316,  0.354, 4,   0.235, -0.100,  1.050, 5,  18.900,-64.620, -2.580
68513.71546, 3,  -0.926,  9.766, -0.368, 4,   0.090, -0.151,  1.406, 5,  16.320,-64.860, -3.060
68513.73389, 3,  -1.035,  9.330, -0.341, 4,   0.001, -0.186,  1.368, 5,  13.500,-65.040, -3.120
68513.75472, 3,  -1.634,  9.357, -0.286, 4,  -0.038, -0.021,  1.453, 5,  10.800,-65.160, -3.480
68513.77498, 3,  -1.825,  9.807, -0.409, 4,  -0.078, -0.418,  1.695, 5,   7.920,-65.340, -3.660
68513.79515, 3,  -1.008,  9.956, -0.831, 4,  -0.137, -0.631,  1.914, 5,   5.280,-65.460, -4.080
68513.81545, 3,   0.395, 10.161, -1.226, 4,  -0.181, -0.708,  1.933, 5,   2.940,-65.400, -4.380
68513.83539, 3,   1.471, 10.052, -1.417, 4,  -0.165, -0.699,  1.905, 5,   0.600,-65.220, -4.500
68513.86220, 3,   0.776, 12.068, -2.179, 4,  -0.067, -0.263,  1.970, 5,  -1.740,-65.040, -4.440
68513.87985, 3,   0.327, 12.326, -2.847, 4,  -0.135, -0.247,  2.204, 5,  -4.080,-64.680, -4.320
68513.89790, 3,   0.640, 13.307, -3.065, 4,  -0.195, -0.182,  2.563, 5,  -6.240,-64.380, -4.140
68513.91725, 3,  -0.913, 15.064, -3.773, 4,  -0.151, -0.020,  2.809, 5,  -8.460,-63.780, -4.080
68513.94207, 3,  -3.555, 17.284, -4.440, 4,  -0.166, -0.035,  3.114, 5, -10.860,-63.300, -4.200
68513.96245, 3,  -8.772, 18.415, -5.748, 4,  -0.219, -0.252,  3.626, 5, -13.500,-62.580, -4.020
68513.98255, 3, -14.152, 18.960, -4.195, 4,  -0.309, -1.388,  3.930, 5, -16.500,-61.440, -3.840
68514.00389, 3,  -7.546, 16.399,  3.228, 4,  -1.481, -0.286,  6.308, 5, -19.440,-60.180, -3.540
68514.02257, 3,   5.040, 17.761,  6.865, 4,  -0.761,  0.634,  5.719, 5, -22.560,-58.440, -3.300
68514.04236, 3,   7.845, 18.633,  4.250, 4,  -0.376,  1.770,  3.957, 5, -26.160,-56.280, -3.180
68514.06337, 3,   2.942,  9.262,  2.166, 4,  -0.391,  0.624,  0.643, 5, -29.460,-53.880, -3.360
68514.08353, 3,  -4.536,  9.058,  1.893, 4,  -0.817,  0.578, -0.313, 5, -32.580,-51.540, -3.600
68514.10388, 3,  -8.254,  3.623,  2.152, 4,  -0.686,  0.028, -1.602, 5, -35.580,-49.320, -3.900
68514.12441, 3,  -6.129,  2.356,  1.771, 4,  -0.242, -0.266, -1.631, 5, -38.340,-47.100, -4.020
68514.14942, 3,  -1.771,  2.574,  1.417, 4,   0.272,  0.069, -2.892, 5, -40.800,-45.060, -4.320
68514.16721, 3,  -0.627,  2.411,  0.613, 4,   0.418,  0.544, -3.999, 5, -42.960,-43.260, -4.740
68514.18589, 3,  -1.062,  2.288,  0.368, 4,   0.541,  0.885, -4.712, 5, -44.520,-41.640, -5.100
68514.20628, 3,  -1.594,  2.792,  0.341, 4,   0.810,  0.937, -5.180, 5, -45.720,-40.440, -5.580
68514.22643, 3,  -1.321,  3.691,  0.136, 4,   1.022,  0.834, -5.569, 5, -46.440,-39.480, -5.940
68514.25051, 3,  -0.872,  5.353,  0.014, 4,   1.149,  0.609, -6.108, 5, -46.380,-38.880, -6.240
68514.27579, 3,   0.136, 10.869, -1.117, 4,   1.150,  0.054, -7.258, 5, -45.420,-38.640, -6.480
68514.29357, 3,  -0.014, 15.146, -1.321, 4,   1.003, -0.120, -7.818, 5, -43.740,-38.760, -6.840
68514.31257, 3,   1.675, 17.339, -1.117, 4,   0.925,  0.306, -7.836, 5, -40.800,-39.180, -6.960
68514.33166, 3,   2.220, 18.428, -3.446, 4,   1.253, -0.109, -7.581, 5, -36.900,-39.840, -7.200
68514.35324, 3,   6.524, 18.973,  1.280, 4,   1.653, -0.652, -6.544, 5, -32.220,-40.740, -7.200
68514.37360, 3,  13.021, 13.947,  4.318, 4,   1.372, -1.005, -4.581, 5, -26.700,-41.880, -7.140
68514.39373, 3,  16.276, 16.739, -0.245, 4,   0.798, -0.946, -2.740, 5, -21.000,-43.380, -6.840
68514.41422, 3,  17.897, 11.264,  1.280, 4,  -0.340, -2.583, -0.984, 5, -15.120,-44.520, -6.240
68514.43763, 3,  10.106, 15.391, -5.898, 4,  -0.491,  1.670,  1.549, 5,  -9.360,-45.660, -5.820
68514.45616, 3,  -4.699,  7.655,-12.708, 4,  -0.339,  0.349, -1.911, 5,  -3.840,-46.860, -5.400
68514.47918, 3,   7.409, 13.593, -7.192, 4,  -0.872,  1.813,  7.103, 5,   1.740,-47.760, -4.980
68514.49592, 3,   6.674, 13.471, -5.748, 4,  -1.220, -0.533,  3.841, 5,   6.540,-48.660, -4.440
68514.51620, 3,   7.491, 11.741,  6.878, 4,  -1.943,  1.320,  2.009, 5,  10.740,-49.560, -4.080
68514.53616, 3,   0.981, 10.515,  0.749, 4,  -1.071,  1.892,  2.198, 5,  14.760,-50.220, -3.960
68514.55693, 3,   0.395, 10.637,  2.561, 4,  -0.162,  0.662,  2.107, 5,  18.300,-50.460, -3.840
68514.58079, 3,   1.430, 10.801, -0.722, 4,   0.274, -0.227,  1.874, 5,  21.120,-50.460, -3.720
68514.59944, 3,   1.280, 10.529, -1.580, 4,  -0.202, -0.175,  1.359, 5,  23.100,-50.400, -3.600
68514.61840, 3,   1.321, 10.270,  0.041, 4,  -0.257, -0.045,  0.969, 5,  24.540,-50.040, -3.420
68514.63860, 3,   0.381, 10.052,  0.245, 4,  -0.112,  0.070,  0.669, 5,  25.080,-49.680, -3.600
68514.65820, 3,  -1.280,  9.548,  1.417, 4,  -0.001,  0.072,  0.603, 5,  24.600,-49.500, -3.780
68514.67937, 3,  -2.969,  9.289,  1.457, 4,   0.243, -0.174,  0.764, 5,  23.760,-49.320, -4.080
68514.69927, 3,  -1.975,  9.371,  0.354, 4,   0.272, -0.370,  1.080, 5,  22.380,-49.440, -4.260
68514.72375, 3,  -1.253,  9.480, -0.191, 4,   0.085, -0.062,  1.115, 5,  20.580,-49.620, -4.680
68514.74366, 3,  -1.580,  9.861, -0.381, 4,   0.055,  0.046,  1.257, 5,  18.600,-50.100, -5.100
68514.76461, 3,  -1.825,  9.412, -0.313, 4,   0.020, -0.009,  1.349, 5,  16.620,-50.400, -5.460
68514.78480, 3,  -1.743,  9.902, -0.613, 4,  -0.035,  0.100,  1.626, 5,  14.640,-50.640, -5.760
68514.80598, 3,  -0.313,  9.997, -0.531, 4,  -0.067, -0.072,  1.839, 5,  12.420,-50.940, -5.940
68514.82640, 3,  -0.095, 10.188, -0.804, 4,  -0.084, -0.322,  1.973, 5,  10.560,-51.060, -6.300
68514.84987, 3,   0.940, 10.283, -1.226, 4,  -0.114, -0.586,  1.975, 5,   8.880,-51.000, -6.360
68514.86746, 3,   1.689, 11.387, -2.029, 4,  -0.070, -0.468,  1.961, 5,   7.080,-50.940, -6.120
68514.88798, 3,   0.545, 11.931, -2.166, 4,  -0.058, -0.232,  2.010, 5,   5.160,-50.760, -6.060
68514.90777, 3,   0.545, 12.490, -2.479, 4,  -0.119, -0.188,  2.246, 5,   3.360,-50.760, -6.000
68514.92823, 3,  -0.136, 13.130, -2.642, 4,  -0.152, -0.107,  2.586, 5,   1.620,-50.460, -6.060
68514.94768, 3,  -1.920, 14.833, -3.310, 4,  -0.179, -0.057,  2.891, 5,  -0.240,-50.160, -6.120
68514.96915, 3,  -4.004, 17.175, -4.086, 4,  -0.257, -0.016,  3.384, 5,  -2.100,-49.800, -6.120
68514.99496, 3,  -8.213, 18.347, -4.890, 4,  -0.514, -1.229,  4.049, 5,  -4.260,-49.200, -6.060
68515.01209, 3, -13.879, 18.932, -3.569, 4,  -1.115, -2.492,  4.319, 5,  -6.600,-48.660, -6.060
68515.03213, 3,  -8.322, 15.977,  4.685, 4,  -1.546, -0.694,  5.901, 5,  -9.240,-47.700, -6.120
68515.05107, 3,   5.598, 17.638,  7.055, 4,  -0.808,  0.671,  5.913, 5, -11.880,-46.380, -6.000
68515.07103, 3,   6.007, 16.290,  2.547, 4,  -0.632,  1.327,  3.289, 5, -14.820,-44.700, -5.940
68515.09398, 3,  -1.321,  8.254,  1.989, 4,  -0.683,  0.199, -0.305, 5, -17.640,-42.960, -6.060
68515.11238, 3,  -7.164,  6.946,  0.804, 4,  -0.594,  0.475, -0.501, 5, -20.340,-41.160, -6.180
68515.13265, 3,  -7.437,  3.569,  1.185, 4,  -0.518,  0.225, -1.182, 5, -22.800,-39.600, -6.360
68515.15533, 3,  -4.413,  3.037,  1.171, 4,   0.151,  0.476, -2.118, 5, -25.020,-38.040, -6.420
68515.17433, 3,  -1.539,  2.874,  0.613, 4,   0.410,  0.923, -3.065, 5, -27.000,-36.480, -6.780
68515.19445, 3,  -0.926,  2.588,  0.150, 4,   0.608,  1.309, -3.952, 5, -28.620,-35.100, -7.260
68515.21461, 3,  -1.566,  2.683,  0.082, 4,   0.862,  1.351, -4.582, 5, -29.880,-33.900, -7.620
68515.23511, 3,  -2.084,  3.310, -0.041, 4,   1.189,  1.075, -5.033, 5, -30.720,-32.940, -7.980
68515.25511, 3,  -1.730,  4.454,  0.041, 4,   1.421,  0.653, -5.420, 5, -30.960,-32.160, -8.220
68515.27691, 3,  -1.580,  6.293, -0.232, 4,   1.605,  0.239, -5.945, 5, -30.660,-31.680, -8.400
68515.29927, 3,  -0.640, 12.490, -1.580, 4,   1.641, -0.705, -6.894, 5, -29.880,-31.200, -8.520
68515.31646, 3,   0.504, 16.018, -1.798, 4,   1.458, -0.720, -7.280, 5, -28.380,-31.020, -8.460
68515.33651, 3,   1.185, 17.775, -2.452, 4,   1.466, -0.598, -7.288, 5, -26.340,-30.960, -8.340
68515.35663, 3,   2.479, 18.646, -2.574, 4,   1.730, -0.942, -6.886, 5, -23.460,-31.020, -8.100
68515.37667, 3,  10.992, 19.096,  0.518, 4,   1.715, -0.727, -5.124, 5, -19.800,-31.200, -7.860
68515.39685, 3,  13.089, 14.288,  2.452, 4,   1.239, -0.899, -4.320, 5, -15.600,-31.680, -7.620
68515.41736, 3,  16.317, 16.794, -0.381, 4,   0.447, -0.790, -2.991, 5, -11.400,-32.340, -7.020
68515.43750, 3,  16.753, 14.519,  1.798, 4,  -0.291, -1.651, -0.796, 5,  -7.080,-32.940, -6.600
68515.45789, 3,   1.866, 17.025, -7.055, 4,  -0.663, -0.338,  0.939, 5,  -2.940,-33.420, -6.240
68515.48037, 3,  -8.826,  4.522,-11.155, 4,   0.173,  2.042,  1.396, 5,   1.020,-33.900, -5.580
68515.49803, 3,   5.339, 12.027, -2.724, 4,  -1.705, -0.163,  5.925, 5,   4.740,-34.500, -4.920
68515.51813, 3,   7.396, 10.869,  3.582, 4,  -1.076, -0.667,  3.472, 5,   8.040,-34.980, -4.320
68515.53823, 3,   4.495, 10.651,  7.096, 4,  -2.213,  1.999,  2.012, 5,  10.860,-35.460, -3.780
68515.55843, 3,   2.152, 10.501,  3.991, 4,  -0.313,  0.838,  1.805, 5,  13.380,-35.580, -3.300
68515.57851, 3,   0.940, 10.637,  2.996, 4,  -0.309,  0.205,  2.101, 5,  15.120,-35.760, -3.000
68515.59858, 3,   2.343, 10.665, -2.343, 4,   0.518, -0.286,  2.060, 5,  16.620,-35.700, -2.520
68515.61978, 3,   3.146, 10.746, -0.327, 4,  -0.071, -0.156,  1.696, 5,  17.520,-35.640, -2.160
68515.64362, 3,   1.348, 10.283, -0.109, 4,  -0.185, -0.013,  0.576, 5,  18.180,-35.400, -2.040
68515.65965, 3,  -0.163,  9.793,  1.212, 4,  -0.082, -0.115,  0.522, 5,  18.360,-35.160, -2.160
68515.68233, 3,  -2.479,  9.412,  1.730, 4,   0.217, -0.245,  0.589, 5,  17.940,-35.040, -2.340
68515.70263, 3,  -2.438,  9.275,  1.212, 4,   0.288, -0.466,  0.912, 5,  16.860,-35.160, -2.520
68515.72274, 3,  -1.076,  9.521, -0.068, 4,   0.290, -0.468,  1.038, 5,  15.480,-35.280, -2.640
68515.74306, 3,  -1.621,  9.643, -0.259, 4,   0.193, -0.272,  0.921, 5,  14.100,-35.460, -2.880
68515.76384, 3,  -1.171, 10.338, -0.245, 4,   0.140, -0.181,  1.042, 5,  12.600,-35.760, -3.180
68515.78725, 3,  -1.253,  9.861, -0.381, 4,   0.048, -0.184,  1.429, 5,  10.980,-35.820, -3.300
68515.80557, 3,  -1.185, 10.134, -0.654, 4,   0.024, -0.289,  1.544, 5,   9.480,-36.060, -3.600
68515.82375, 3,  -0.926, 10.215, -0.994, 4,  -0.010, -0.353,  1.708, 5,   7.860,-36.120, -3.780
68515.84441, 3,  -0.054, 10.324, -1.022, 4,  -0.026, -0.398,  1.851, 5,   6.540,-36.060, -3.780
68515.86532, 3,   1.022, 10.624, -1.403, 4,  -0.013, -0.411,  1.877, 5,   5.220,-35.940, -3.840
68515.88611, 3,   1.757, 10.774, -1.430, 4,   0.037, -0.159,  1.927, 5,   3.960,-35.940, -3.840
68515.90485, 3,   0.722, 11.414, -1.376, 4,   0.052,  0.005,  1.944, 5,   2.760,-35.760, -3.780
68515.92489, 3,  -0.245, 12.000, -1.566, 4,   0.044,  0.048,  2.162, 5,   1.560,-35.520, -3.720
68515.94610, 3,  -0.082, 12.572, -2.601, 4,  -0.088,  0.073,  2.857, 5,   0.300,-35.160, -3.660
68515.96713, 3,  -0.586, 13.702, -3.119, 4,  -0.105,  0.204,  3.162, 5,  -1.080,-34.860, -3.540
68515.98726, 3,  -3.201, 16.603, -3.773, 4,  -0.183,  0.073,  3.632, 5,  -2.640,-34.500, -3.420
68516.00779, 3, -13.280, 18.796, -5.312, 4,  -0.241, -0.860,  3.973, 5,  -4.140,-34.020, -3.420
68516.02775, 3, -12.000, 16.889,  1.675, 4,  -0.480, -2.748,  4.266, 5,  -5.760,-33.480, -3.300
68516.04946, 3,   3.759, 17.271,  7.205, 4,  -1.378, -1.128,  5.971, 5,  -7.440,-32.760, -3.060
68516.06903, 3,   9.589, 18.401,  4.290, 4,  -0.806,  0.787,  6.599, 5,  -9.540,-31.740, -2.880
68516.09156, 3,   2.247,  8.390,  2.506, 4,  -0.607,  0.906,  0.294, 5, -11.640,-30.420, -2.580
68516.11038, 3,  -5.707, 10.774,  1.117, 4,  -0.712,  0.862, -0.204, 5, -13.620,-29.220, -2.640
68516.12870, 3,  -8.077,  4.958,  1.961, 4,  -0.661,  0.440, -1.152, 5, -15.720,-27.960, -2.520
68516.14881, 3,  -5.189,  2.956,  1.961, 4,  -0.376,  0.155, -1.223, 5, -17.400,-26.760, -2.700
68516.16872, 3,  -1.444,  2.452,  1.525, 4,   0.006,  0.240, -1.682, 5, -19.020,-25.740, -2.760
68516.19366, 3,  -0.436,  1.961,  0.899, 4,   0.280,  0.591, -2.701, 5, -20.460,-24.660, -2.700
68516.20906, 3,  -0.790,  1.703,  0.354, 4,   0.457,  1.064, -3.658, 5, -21.600,-23.580, -2.880
68516.22916, 3,  -1.512,  2.111,  0.177, 4,   0.615,  1.283, -4.371, 5, -22.620,-22.680, -3.000
68516.24932, 3,  -1.512,  3.010,  0.163, 4,   0.837,  1.238, -4.872, 5, -23.400,-22.020, -3.180
68516.27038, 3,  -1.171,  4.672,  0.054, 4,   1.208,  0.634, -5.766, 5, -23.700,-21.660, -3.240
68516.28943, 3,  -0.790,  6.906, -0.327, 4,   1.314,  0.322, -6.299, 5, -23.640,-21.420, -3.120
68516.30977, 3,  -0.763, 10.256, -1.607, 4,   1.322, -0.077, -6.915, 5, -23.220,-21.420, -3.000
68516.33001, 3,  -0.654, 14.288, -2.247, 4,   1.189, -0.366, -7.357, 5, -22.260,-21.300, -2.700
68516.35010, 3,   1.989, 16.903, -1.948, 4,   1.109, -0.093, -7.404, 5, -20.640,-21.300, -2.400
68516.37025, 3,   2.615, 18.224, -3.065, 4,   1.339, -0.003, -7.203, 5, -18.540,-21.540, -2.220
68516.39109, 3,   6.633, 18.864, -1.280, 4,   1.756, -0.436, -6.459, 5, -15.960,-21.960, -1.920
68516.41185, 3,  12.994, 14.996,  2.956, 4,   1.717, -0.451, -4.729, 5, -13.080,-22.620, -1.500
68516.43539, 3,  16.263, 17.257,  1.185, 4,   0.104, -0.979, -1.816, 5, -10.020,-23.340, -0.720
68516.45341, 3,  17.897, 15.255, -0.681, 4,  -0.794, -0.419,  0.277, 5,  -6.720,-23.940, -0.180
68516.47230, 3,  16.263, 17.380, -1.784, 4,  -0.519,  1.555,  2.126, 5,  -3.780,-24.540,  0.600
68516.49157, 3,  -1.634, 14.342, -1.362, 4,  -0.713,  0.199, -0.777, 5,  -1.080,-25.020,  1.200
68516.51236, 3,   3.310,  9.058, -0.545, 4,  -0.126,  1.332,  4.213, 5,   1.740,-25.560,  1.800
68516.53294, 3,   9.793, 12.667,  1.158, 4,  -1.192, -1.920,  5.503, 5,   4.020,-26.100,  2.520
68516.55331, 3,   6.347, 11.278, 10.338, 4,  -1.025, -0.483,  2.464, 5,   6.120,-26.520,  3.300
68516.57359, 3,   3.473, 10.529,  3.623, 4,  -1.774,  1.541,  2.278, 5,   7.860,-26.820,  3.780
68516.59652, 3,   2.656, 10.488,  4.181, 4,  -0.419,  0.359,  1.920, 5,   9.360,-26.820,  4.080
68516.61565, 3,   1.226, 10.501,  0.014, 4,   0.181, -0.179,  1.896, 5,  10.440,-26.820,  4.200
68516.63378, 3,   1.839, 10.474, -0.872, 4,  -0.352,  0.002,  1.543, 5,  11.100,-26.760,  4.440
68516.65402, 3,   1.471, 10.488, -0.232, 4,  -0.198, -0.076,  1.152, 5,  11.400,-26.640,  4.440
68516.67396, 3,   0.804, 10.202, -0.054, 4,  -0.149, -0.113,  0.915, 5,  11.220,-26.640,  4.440
68516.69830, 3,  -0.681,  9.766,  0.708, 4,   0.005, -0.227,  0.825, 5,  10.440,-26.520,  4.320
68516.71602, 3,  -1.430,  9.630,  1.090, 4,   0.093, -0.334,  0.918, 5,   9.720,-26.520,  4.080
68516.74086, 3,  -0.681,  9.766, -0.163, 4,   0.136, -0.432,  0.996, 5,   8.700,-26.520,  3.780
68516.75842, 3,  -2.356,  9.684, -0.082, 4,   0.097, -0.395,  1.008, 5,   7.320,-26.460,  3.360
68516.77629, 3,  -2.356,  9.684, -0.082, 4,   0.026, -0.378,  1.191, 5,   5.940,-26.520,  3.060
68516.79674, 3,  -1.212, 10.338,  0.613, 4,  -0.010, -0.573,  1.327, 5,   4.560,-26.460,  2.820
68516.81695, 3,  -0.531,  9.834,  1.035, 4,   0.009, -0.429,  1.418, 5,   3.240,-26.460,  2.520
68516.83719, 3,  -0.681, 10.365, -0.300, 4,   0.005, -0.459,  1.364, 5,   1.860,-26.520,  2.220
68516.85769, 3,   0.640, 10.147, -0.490, 4,  -0.012, -0.348,  1.582, 5,   0.780,-26.340,  2.100
68516.87789, 3,   1.199, 10.025, -0.640, 4,  -0.013, -0.264,  1.683, 5,  -0.240,-26.220,  1.980
68516.89796, 3,   1.321, 10.283, -0.640, 4,  -0.008, -0.225,  1.637, 5,  -1.260,-26.040,  2.100
68516.92148, 3,   0.708, 11.305, -0.749, 4,   0.026, -0.037,  1.754, 5,  -2.280,-25.860,  2.160
68516.93856, 3,  -0.014, 12.013, -1.417, 4,   0.004, -0.071,  1.921, 5,  -3.300,-25.740,  2.100
68516.95873, 3,   0.409, 12.612, -2.166, 4,  -0.072, -0.071,  2.253, 5,  -4.140,-25.500,  2.160
68516.97864, 3,  -0.409, 13.634, -2.710, 4,  -0.098,  0.070,  2.520, 5,  -4.920,-25.200,  2.280
68516.99895, 3,  -2.411, 15.282, -3.991, 4,  -0.159,  0.098,  2.782, 5,  -5.820,-24.840,  2.340
68517.01949, 3,  -4.944, 17.407, -4.713, 4,  -0.299, -0.032,  3.217, 5,  -6.600,-24.420,  2.340
68517.03973, 3, -10.964, 18.469, -5.366, 4,  -0.351, -0.347,  3.695, 5,  -7.860,-23.880,  2.400
68517.05999, 3, -15.255, 19.000, -0.545, 4,  -0.571, -1.607,  3.878, 5,  -9.000,-23.160,  2.460
68517.08275, 3,  -1.090, 16.821,  6.619, 4,  -1.202, -0.094,  6.491, 5, -10.320,-22.440,  2.640
68517.10139, 3,   9.207, 18.170,  5.802, 4,  -0.499,  0.885,  5.570, 5, -11.580,-21.420,  2.640
68517.12029, 3,   2.275, 13.416,  2.629, 4,  -0.822,  1.406,  1.963, 5, -13.020,-20.160,  2.640
68517.14064, 3,  -3.351, 12.558,  1.689, 4,  -0.765,  0.307, -0.077, 5, -14.520,-18.840,  2.700
68517.16085, 3,  -7.682,  7.123,  1.321, 4,  -0.541,  0.508, -0.744, 5, -15.960,-17.580,  2.580
68517.18108, 3,  -6.878,  3.786,  1.389, 4,  -0.366,  0.394, -1.291, 5, -17.340,-16.320,  2.400
68517.20135, 3,  -3.092,  2.779,  1.525, 4,  -0.053,  0.286, -1.641, 5, -18.660,-15.300,  2.100
68517.22200, 3,  -1.308,  1.961,  0.967, 4,   0.343,  0.610, -2.397, 5, -19.920,-14.280,  1.740
68517.24331, 3,  -1.457,  1.471,  0.504, 4,   0.887,  1.411, -4.203, 5, -21.060,-13.500,  1.440
68517.26271, 3,  -1.961,  1.907,  0.449, 4,   1.165,  1.379, -4.766, 5, -21.960,-12.780,  1.200
68517.28182, 3,  -2.084,  2.928,  0.191, 4,   1.471,  1.117, -5.224, 5, -22.680,-12.240,  0.780
68517.30323, 3,  -1.485,  4.318,  0.218, 4,   1.696,  0.830, -5.647, 5, -23.220,-12.060,  0.300
68517.32240, 3,  -1.185,  6.497, -0.218, 4,   1.905,  0.713, -6.215, 5, -23.400,-12.060, -0.180
68517.34353, 3,  -0.599,  9.807, -1.103, 4,   1.971,  0.221, -6.706, 5, -23.460,-12.360, -0.480
68517.36290, 3,  -0.436, 13.661, -0.981, 4,   1.744, -0.116, -7.276, 5, -22.800,-12.900, -0.780
68517.38334, 3,   1.117, 16.590, -0.613, 4,   1.582,  0.168, -7.472, 5, -21.600,-13.680, -1.020
68517.40481, 3,   2.547, 18.061, -1.444, 4,   1.834, -0.330, -6.582, 5, -19.920,-14.760, -1.440
68517.42359, 3,   5.870, 18.796, -0.599, 4,   1.582, -0.671, -5.155, 5, -18.000,-16.020, -1.500
68517.44617, 3,  11.073, 14.669,  3.759, 4,   0.986, -0.434, -3.422, 5, -15.420,-17.520, -1.440
68517.46472, 3,  15.296, 17.025,  2.806, 4,   0.225, -1.322, -2.078, 5, -12.720,-19.140, -1.440
68517.48458, 3,  17.407, 14.887,  1.267, 4,  -0.660, -1.463, -0.358, 5,  -9.960,-20.580, -1.260
68517.50423, 3,  18.469, 15.064,  0.014, 4,  -0.369,  0.502,  2.221, 5,  -7.260,-22.080, -1.080
68517.52390, 3,  -0.531, 17.298, -1.730, 4,  -0.951,  1.199,  0.929, 5,  -4.560,-23.400, -1.020
68517.54417, 3, -10.025,  8.472,-10.637, 4,   0.787,  1.982,  0.165, 5,  -1.860,-24.660, -0.900
68517.56540, 3,   4.740, 14.002, -2.956, 4,  -1.087, -0.494,  3.074, 5,   0.480,-25.860, -0.660
68517.58423, 3,   2.996, 11.877, -0.286, 4,  -1.978,  0.983,  1.847, 5,   2.580,-26.820, -0.480
68517.60442, 3,   5.666, 14.083,  5.693, 4,  -0.958,  0.858,  2.420, 5,   4.380,-27.660, -0.360
68517.62456, 3,   3.037, 11.387,  3.187, 4,  -0.565,  0.514,  2.079, 5,   5.880,-28.260, -0.240
68517.64457, 3,   0.640, 11.237,  2.601, 4,  -0.132,  0.053,  1.863, 5,   7.020,-28.620, -0.060
68517.66467, 3,   1.348, 10.365, -0.245, 4,   0.037, -0.154,  1.792, 5,   8.040,-28.800, -0.060
68517.68475, 3,   1.457, 10.569, -0.354, 4,  -0.251, -0.101,  1.436, 5,   8.640,-28.920,  0.060
68517.70521, 3,   1.703, 10.406, -0.300, 4,  -0.137, -0.225,  1.141, 5,   8.580,-28.860,  0.120
68517.72769, 3,   0.136,  9.834,  0.354, 4,  -0.082, -0.051,  0.728, 5,   8.220,-28.500,  0.180
68517.74570, 3,  -1.321,  9.561,  0.994, 4,   0.057, -0.013,  0.712, 5,   7.560,-28.260,  0.180
68517.76532, 3,  -1.852,  9.466,  0.804, 4,   0.160, -0.055,  0.882, 5,   6.540,-28.140, -0.180
68517.78545, 3,  -1.049,  9.466,  0.354, 4,   0.159, -0.086,  1.063, 5,   5.460,-28.020, -0.480
68517.80554, 3,  -0.926,  9.684,  0.041, 4,   0.155, -0.098,  1.070, 5,   4.200,-27.900, -0.780
68517.82880, 3,  -1.062,  9.861, -0.341, 4,   0.122, -0.122,  1.101, 5,   2.940,-27.900, -1.020
68517.84565, 3,  -0.817,  9.807, -0.409, 4,   0.071, -0.301,  1.264, 5,   1.680,-27.780, -1.140
68517.86584, 3,  -0.490,  9.888, -0.627, 4,   0.025, -0.446,  1.386, 5,   0.300,-27.600, -1.200
68517.88591, 3,   0.286,  9.834, -0.640, 4,  -0.025, -0.617,  1.517, 5,  -0.780,-27.300, -1.320
68517.90720, 3,   1.280, 10.011, -1.130, 4,  -0.038, -0.515,  1.595, 5,  -1.740,-27.060, -1.500
68517.92611, 3,   1.280, 10.256, -1.362, 4,  -0.039, -0.415,  1.616, 5,  -2.640,-26.760, -1.380
68517.94610, 3,   1.090, 11.319, -1.539, 4,   0.012, -0.221,  1.703, 5,  -3.540,-26.520, -1.260
68517.96623, 3,   0.109, 12.286, -1.784, 4,   0.021, -0.128,  1.852, 5,  -4.440,-26.220, -1.200
68517.98635, 3,  -0.014, 12.476, -2.438, 4,  -0.040, -0.137,  2.144, 5,  -5.340,-25.980, -1.080
68518.00644, 3,   0.095, 13.375, -2.860, 4,  -0.111, -0.132,  2.491, 5,  -6.360,-25.560, -0.960
68518.02668, 3,  -1.335, 15.337, -3.705, 4,  -0.074,  0.000,  2.782, 5,  -7.260,-25.200, -0.840
68518.04666, 3,  -4.032, 17.434, -4.522, 4,  -0.090, -0.010,  3.083, 5,  -8.160,-24.720, -0.720
68518.06676, 3,  -9.098, 18.483, -5.339, 4,  -0.140, -0.121,  3.614, 5,  -9.180,-24.180, -0.600
68518.08705, 3, -14.315, 19.000, -2.506, 4,  -0.662, -2.962,  4.333, 5, -10.260,-23.400, -0.600
68518.10691, 3,  -5.652, 13.144,  6.565, 4,  -1.416, -1.042,  6.304, 5, -11.640,-22.320, -0.360
68518.12819, 3,   6.933, 16.331,  8.962, 4,  -0.790,  0.564,  6.090, 5, -12.960,-21.180, -0.180
68518.14723, 3,   8.526, 17.720,  2.356, 4,  -0.324,  1.803,  3.571, 5, -14.400,-19.740,  0.120
68518.16734, 3,   1.975,  8.676,  2.152, 4,  -0.605,  0.804, -0.160, 5, -15.660,-18.180,  0.180
68518.18745, 3,  -6.116,  8.104,  2.043, 4,  -0.746,  1.129, -0.520, 5, -16.920,-16.740,  0.120
68518.20755, 3,  -8.349,  3.351,  2.220, 4,  -0.489,  0.568, -1.408, 5, -18.240,-15.300,  0.060
68518.22765, 3,  -5.271,  2.506,  1.975, 4,  -0.123,  0.028, -1.431, 5, -19.500,-14.040,  0.060
68518.24823, 3,  -1.062,  2.656,  1.403, 4,   0.484,  0.139, -2.688, 5, -20.580,-12.900,  0.060
68518.26849, 3,   0.286,  2.479,  0.599, 4,   0.607,  0.581, -3.820, 5, -21.600,-11.760, -0.180
68518.28855, 3,  -0.204,  2.125,  0.272, 4,   0.678,  1.067, -4.604, 5, -22.680,-10.860, -0.360
68518.30892, 3,  -0.858,  2.411,  0.409, 4,   0.891,  1.330, -5.029, 5, -23.520,-10.320, -0.540
68518.32922, 3,  -0.695,  3.010,  0.572, 4,   1.101,  1.495, -5.373, 5, -24.120, -9.840, -0.840
68518.34889, 3,  -0.586,  4.699,  0.191, 4,   1.312,  1.486, -5.830, 5, -24.480, -9.720, -1.260
68518.36891, 3,  -0.627,  7.750, -0.449, 4,   1.487,  1.265, -6.468, 5, -24.600, -9.960, -1.680
68518.38897, 3,  -0.449, 11.141, -0.872, 4,   1.480,  0.765, -6.991, 5, -24.360,-10.500, -2.100
68518.40917, 3,  -0.354, 15.337, -1.117, 4,   1.331,  0.473, -7.497, 5, -23.700,-11.460, -2.460
68518.43039, 3,   1.185, 17.434, -0.967, 4,   1.467,  0.256, -7.288, 5, -22.440,-12.840, -3.000
68518.44929, 3,   1.049, 18.483, -1.498, 4,   1.566, -0.543, -6.313, 5, -20.580,-14.460, -3.360
68518.46941, 3,   5.353, 18.905,  2.533, 4,   1.182, -1.098, -4.537, 5, -18.300,-16.320, -3.720
68518.48968, 3,  12.449, 15.677,  3.800, 4,   0.653, -1.470, -3.042, 5, -15.900,-18.420, -3.840
68518.51016, 3,  15.990, 17.298, -0.245, 4,  -0.219, -2.726, -1.472, 5, -13.320,-20.340, -3.840
68518.53026, 3,  17.761, 11.972,  1.158, 4,  -0.686, -1.122,  0.971, 5, -10.680,-22.500, -3.900
68518.55025, 3,  11.223, 15.745, -6.034, 4,  -0.228,  1.543,  2.454, 5,  -8.100,-24.360, -4.020
68518.57038, 3,  -4.154,  8.840,-12.708, 4,  -0.829,  0.776, -1.210, 5,  -5.520,-26.220, -4.080
68518.59426, 3,   8.090, 13.579, -4.277, 4,  -1.261, -1.134,  5.228, 5,  -3.120,-27.960, -4.140
68518.61205, 3,   8.090, 13.579, -4.277, 4,  -1.293,  0.064,  2.291, 5,  -1.020,-29.640, -4.200
68518.63056, 3,   6.674, 11.850,  7.614, 4,  -2.040,  2.012,  2.351, 5,   0.900,-31.020, -4.380
68518.65073, 3,   2.397, 10.515,  2.152, 4,  -0.181,  0.606,  1.965, 5,   2.460,-32.340, -4.620
68518.67085, 3,   1.280, 10.610,  3.337, 4,  -0.400,  0.549,  1.991, 5,   4.020,-33.420, -4.680
68518.69098, 3,   1.880, 10.787, -0.804, 4,   0.277, -0.114,  1.947, 5,   5.040,-34.140, -4.860
68518.71185, 3,   1.825, 10.706, -1.226, 4,  -0.256, -0.130,  1.433, 5,   5.880,-34.620, -5.160
68518.73209, 3,   1.117, 10.351, -0.136, 4,  -0.353, -0.096,  1.056, 5,   6.240,-34.860, -5.340
68518.75743, 3,  -1.062,  9.684,  1.022, 4,  -0.189,  0.074,  0.774, 5,   6.120,-34.860, -5.520
68518.77527, 3,  -2.261,  9.412,  1.321, 4,   0.019,  0.034,  0.873, 5,   5.520,-34.860, -5.940
68518.79236, 3,  -1.839,  9.412,  0.804, 4,   0.163, -0.053,  1.126, 5,   4.680,-34.800, -6.480
68518.81279, 3,  -0.953,  9.480, -0.150, 4,   0.135, -0.010,  1.281, 5,   3.540,-34.740, -6.960
68518.83303, 3,  -0.204,  9.670, -0.436, 4,   0.062,  0.069,  1.270, 5,   2.040,-34.680, -7.320
68518.85228, 3,  -0.354,  9.670, -0.259, 4,   0.020,  0.180,  1.286, 5,   0.600,-34.440, -7.620
68518.87353, 3,  -0.790,  9.739,  0.068, 4,   0.026, -0.127,  1.276, 5,  -0.840,-34.320, -8.040
68518.89365, 3,  -0.940,  9.698, -0.191, 4,  -0.005, -0.261,  1.345, 5,  -2.520,-34.200, -8.460
68518.91660, 3,  -0.313,  9.779, -0.844, 4,  -0.073, -0.627,  1.700, 5,  -4.080,-33.960, -8.700
68518.93494, 3,   0.872,  9.929, -1.130, 4,  -0.110, -0.569,  1.758, 5,  -5.280,-33.660, -8.940
68518.95340, 3,   0.885, 10.025, -1.158, 4,  -0.110, -0.475,  1.761, 5,  -6.420,-33.300, -9.060
68518.97368, 3,   0.504, 11.087, -0.218, 4,  -0.097, -0.341,  1.853, 5,  -7.440,-32.880, -9.060
68518.99396, 3,  -0.027, 12.040, -0.409, 4,  -0.036, -0.381,  1.943, 5,  -8.640,-32.460, -9.120
68519.01400, 3,   0.163, 12.572, -1.961, 4,  -0.078, -0.418,  2.190, 5,  -9.840,-31.980, -9.060
68519.03430, 3,   0.844, 13.239, -2.479, 4,  -0.161, -0.370,  2.532, 5, -11.040,-31.560, -8.820
68519.05527, 3,  -0.804, 15.023, -3.514, 4,  -0.137, -0.131,  2.737, 5, -12.300,-31.080, -8.760
68519.07566, 3,  -2.983, 17.271, -4.154, 4,  -0.199, -0.112,  3.031, 5, -13.500,-30.420, -8.640
68519.09587, 3,  -7.886, 18.401, -4.617, 4,  -0.371, -1.105,  3.864, 5, -14.880,-29.700, -8.460
68519.11765, 3, -13.702, 18.960, -4.236, 4,  -0.680, -3.075,  4.182, 5, -16.380,-28.800, -8.280
68519.13600, 3, -10.801, 14.778,  2.234, 4,  -1.599, -2.208,  5.867, 5, -18.000,-27.840, -8.100
68519.15622, 3,   4.359, 14.969,  6.960, 4,  -1.068, -0.047,  6.524, 5, -19.680,-26.580, -7.920
68519.17664, 3,  10.243, 17.257,  2.642, 4,  -0.457,  1.030,  4.136, 5, -21.360,-25.260, -7.620
68519.19768, 3,   2.956,  8.063,  1.471, 4,  -0.465,  0.931,  0.425, 5, -23.040,-23.700, -7.440
68519.21596, 3,  -6.538,  8.894,  0.926, 4,  -0.746,  0.771, -0.687, 5, -24.540,-22.140, -7.260
68519.23613, 3,  -8.935,  3.800,  1.267, 4,  -0.491,  0.360, -1.656, 5, -25.980,-20.820, -7.080
68519.26015, 3,  -5.298,  2.819,  1.730, 4,   0.063,  0.094, -1.849, 5, -27.300,-19.620, -7.020
68519.27859, 3,  -1.103,  2.588,  1.594, 4,   0.368,  0.454, -2.950, 5, -28.500,-18.600, -7.020
68519.29919, 3,  -0.327,  2.152,  0.844, 4,   0.526,  0.954, -4.063, 5, -29.520,-17.760, -6.900
68519.31948, 3,  -1.348,  2.193,  0.654, 4,   0.655,  1.228, -4.840, 5, -30.360,-17.100, -6.960
68519.33935, 3,  -1.539,  2.765,  0.518, 4,   0.956,  1.267, -5.196, 5, -30.660,-16.920, -6.900
68519.36041, 3,  -0.804,  3.705,  0.735, 4,   1.173,  1.208, -5.526, 5, -30.600,-16.860, -6.960
68519.38077, 3,  -0.286,  5.271,  0.627, 4,   1.347,  1.174, -6.116, 5, -30.120,-16.920, -7.080
68519.40421, 3,  -1.730, 11.768, -0.872, 4,   1.510,  0.498, -7.391, 5, -29.400,-17.460, -7.140
68519.42306, 3,  -1.730, 11.768, -0.804, 4,   1.362,  0.364, -7.614, 5, -27.960,-18.180, -7.020
68519.44055, 3,   0.109, 15.636, -0.804, 4,   1.279,  0.412, -7.406, 5, -25.980,-19.080, -6.840
68519.46121, 3,   1.471, 17.584, -1.253, 4,   1.527, -0.095, -7.193, 5, -23.280,-20.100, -6.540
68519.48083, 3,   2.166, 18.551, -1.471, 4,   1.558, -0.965, -5.895, 5, -20.040,-21.300, -6.360
68519.50228, 3,  13.838, 16.562,  1.893, 4,   1.191, -1.428, -3.750, 5, -16.560,-22.680, -6.240
68519.52241, 3,  16.671, 14.329,  0.409, 4,   0.224, -2.265, -2.315, 5, -13.020,-24.180, -5.760
68519.54176, 3,  18.101, 11.727,  0.123, 4,  -0.666, -2.496, -0.661, 5,  -9.300,-25.620, -5.400
68519.56387, 3,   2.506, 14.124, -0.967, 4,  -0.838,  1.603,  1.388, 5,  -5.760,-26.880, -5.040
68519.58274, 3,  -8.513,  7.695,-10.256, 4,   0.195,  1.010, -1.654, 5,  -2.280,-28.140, -4.620
68519.60285, 3,   5.503, 13.607, -1.253, 4,  -1.252,  1.109,  6.981, 5,   0.840,-29.340, -4.320
68519.62351, 3,   4.004, 12.354,  1.989, 4,  -1.139, -1.024,  3.685, 5,   3.660,-30.360, -3.960
68519.64360, 3,   4.917, 14.056,  7.764, 4,  -1.270,  0.868,  1.589, 5,   6.360,-31.260, -3.480
68519.66375, 3,   3.351, 12.286,  3.609, 4,  -0.874,  1.176,  2.397, 5,   8.640,-31.860, -3.180
68519.68372, 3,   1.076, 11.577,  2.098, 4,  -0.330,  0.108,  2.115, 5,  10.440,-32.340, -2.820
68519.70421, 3,   1.430, 10.733,  0.191, 4,  -0.142,  0.065,  1.669, 5,  12.000,-32.580, -2.640
68519.72817, 3,   0.749, 10.488,  0.477, 4,  -0.159, -0.169,  1.287, 5,  13.200,-32.700, -2.340
68519.74628, 3,  -0.027,  9.820,  0.831, 4,  -0.078, -0.093,  1.037, 5,  13.800,-32.700, -2.280
68519.76662, 3,  -0.381,  9.888,  0.613, 4,  -0.023,  0.011,  0.885, 5,  13.800,-32.520, -2.160
68519.78484, 3,  -0.967,  9.698,  0.681, 4,   0.025, -0.143,  0.829, 5,  13.380,-32.400, -2.460
68519.80425, 3,  -1.512,  9.657,  0.654, 4,   0.142, -0.259,  0.865, 5,  12.420,-32.340, -2.460
68519.82570, 3,  -1.035,  9.698,  0.054, 4,   0.152, -0.294,  0.996, 5,  11.340,-32.340, -2.700
68519.84611, 3,  -1.090,  9.466,  0.150, 4,   0.082, -0.198,  1.025, 5,   9.960,-32.460, -3.000
68519.86654, 3,  -1.525,  9.861, -0.082, 4,   0.057, -0.166,  0.984, 5,   8.520,-32.520, -3.180
68519.89101, 3,  -1.675,  9.548, -0.082, 4,   0.028, -0.258,  1.434, 5,   7.020,-32.640, -3.420
68519.90772, 3,  -1.594,  9.670,  0.123, 4,  -0.030, -0.286,  1.534, 5,   5.580,-32.520, -3.480
68519.92697, 3,  -1.103,  9.793, -0.327, 4,  -0.063, -0.406,  1.729, 5,   4.200,-32.520, -3.720
68519.94705, 3,   0.191, 10.120, -0.545, 4,  -0.119, -0.484,  1.799, 5,   3.000,-32.460, -3.840
68519.96796, 3,   1.035, 10.065, -0.858, 4,  -0.108, -0.502,  1.786, 5,   1.800,-32.160, -4.020
68519.98743, 3,   1.444, 10.501, -0.953, 4,  -0.100, -0.418,  1.765, 5,   0.660,-32.040, -3.840
68520.00750, 3,   1.417, 11.250, -0.572, 4,  -0.058, -0.204,  1.817, 5,  -0.600,-31.740, -3.780
68520.02769, 3,   1.417, 12.272, -0.994, 4,  -0.048, -0.116,  1.832, 5,  -1.740,-31.440, -3.540
68520.05252, 3,   0.054, 12.735, -1.866, 4,  -0.173, -0.092,  2.488, 5,  -2.940,-31.080, -3.480
68520.07248, 3,  -0.300, 13.675, -2.220, 4,  -0.196, -0.028,  2.738, 5,  -4.140,-30.720, -3.180
68520.08983, 3,  -2.098, 15.010, -3.637, 4,  -0.303, -0.088,  3.151, 5,  -5.460,-30.360, -3.120
68520.10790, 3,  -3.569, 17.271, -4.822, 4,  -0.395, -0.180,  3.707, 5,  -6.900,-29.880, -2.820
68520.12896, 3,  -8.458, 18.401, -5.598, 4,  -0.480, -0.953,  3.885, 5,  -8.280,-29.100, -2.700
68520.14951, 3, -13.988, 18.960, -3.664, 4,  -0.881, -2.694,  4.223, 5,  -9.900,-28.260, -2.220
68520.16947, 3,  -5.993, 15.159,  5.148, 4,  -1.604, -1.262,  6.193, 5, -11.460,-27.240, -1.980
68520.18963, 3,   6.756, 16.467,  7.900, 4,  -0.964, -0.146,  6.084, 5, -13.140,-26.040, -1.800
68520.20917, 3,   9.398, 16.957,  2.697, 4,  -0.454,  1.365,  4.286, 5, -14.880,-24.600, -1.500
68520.23183, 3,   1.961,  8.404,  3.473, 4,  -0.867,  0.356, -0.685, 5, -16.620,-23.280, -1.500
68520.25038, 3,  -5.966,  7.423,  3.242, 4,  -0.424,  0.179, -1.530, 5, -18.240,-21.780, -1.320
68520.27053, 3,  -7.532,  3.065,  2.411, 4,  -0.144,  0.128, -1.553, 5, -19.680,-20.340, -1.200
68520.29055, 3,  -4.168,  2.452,  2.152, 4,   0.116,  0.296, -2.006, 5, -21.000,-19.140, -0.960
68520.30997, 3,  -1.253,  2.384,  0.940, 4,   0.413,  0.856, -3.039, 5, -22.320,-18.000, -0.960
68520.33110, 3,  -1.444,  1.594, -0.354, 4,   0.590,  1.254, -4.038, 5, -23.340,-17.040, -1.020
68520.35118, 3,  -2.057,  2.247, -0.109, 4,   0.818,  1.289, -4.636, 5, -24.240,-16.260, -0.960
68520.37153, 3,  -1.035,  3.391, -0.368, 4,   1.157,  1.093, -4.917, 5, -24.900,-15.780, -1.020
68520.39436, 3,  -1.144,  5.557, -0.844, 4,   1.621,  0.559, -6.015, 5, -25.260,-15.360, -1.020
68520.41119, 3,  -1.321,  9.030, -1.852, 4,   1.788,  0.046, -6.635, 5, -25.200,-15.240, -0.900
68520.43404, 3,  -0.381, 13.184, -2.152, 4,   1.720, -0.334, -7.009, 5, -24.900,-15.420, -0.780
68520.45169, 3,   1.852, 16.358, -2.057, 4,   1.557, -0.093, -7.301, 5, -24.120,-16.080, -0.600
68520.47378, 3,   2.642, 17.938, -2.615, 4,   1.624,  0.291, -7.233, 5, -22.860,-16.860, -0.540
68520.49323, 3,   3.541, 18.742, -0.409, 4,   1.836,  0.081, -6.760, 5, -21.120,-17.940, -0.300
68520.51269, 3,  11.073, 16.481,  4.331, 4,   1.679, -0.122, -5.536, 5, -18.900,-19.200,  0.120
68520.53525, 3,  15.296, 17.434,  2.384, 4,   0.577, -0.731, -2.560, 5, -16.320,-20.820,  0.480
68520.55322, 3,  17.407, 16.603,  1.376, 4,  -0.501, -1.337, -0.938, 5, -13.500,-22.320,  0.960
68520.57304, 3,  18.469, 16.685,  1.076, 4,  -0.603,  0.365,  1.322, 5, -10.680,-23.880,  1.440
68520.59351, 3,  -0.531, 18.101, -7.137, 4,  -0.205,  1.353,  1.562, 5,  -7.980,-25.320,  1.800
68520.61370, 3,  -4.862, 10.283, -5.230, 4,  -0.526,  1.436,  1.278, 5,  -5.400,-26.820,  2.100
68520.63437, 3,   6.061, 13.130, -0.490, 4,  -1.414, -1.637,  5.453, 5,  -3.120,-28.260,  2.580
68520.65430, 3,   8.989, 12.149,  9.466, 4,  -1.472, -0.804,  3.503, 5,  -1.080,-29.520,  3.000
68520.67447, 3,   2.315, 10.338,  3.460, 4,  -1.642,  1.684,  2.005, 5,   0.660,-30.660,  3.240
68520.69439, 3,   0.381, 10.188,  4.549, 4,  -0.162,  0.451,  1.839, 5,   2.220,-31.560,  3.420
68520.71542, 3,   2.125, 10.801, -2.574, 4,   0.209, -0.142,  2.071, 5,   3.420,-32.400,  3.540
68520.73576, 3,   3.541, 10.896, -0.613, 4,  -0.496,  0.093,  1.365, 5,   4.260,-33.000,  3.600
68520.75508, 3,   1.498, 10.556, -0.627, 4,  -0.244,  0.057,  0.840, 5,   4.920,-33.420,  3.660
68520.77511, 3,   0.095, 10.052,  0.463, 4,  -0.204,  0.017,  0.769, 5,   5.220,-33.420,  3.780
68520.79519, 3,  -2.206,  9.493,  1.348, 4,   0.011, -0.186,  0.800, 5,   5.100,-33.420,  3.660
68520.81493, 3,  -2.193,  9.248,  1.444, 4,   0.099, -0.432,  1.080, 5,   4.560,-33.360,  3.480
68520.83524, 3,  -0.804,  9.330,  0.695, 4,   0.090, -0.409,  1.218, 5,   3.720,-33.300,  3.240
68520.85552, 3,  -0.245,  9.725, -0.313, 4,   0.062, -0.319,  1.084, 5,   2.520,-33.120,  2.880
68520.87986, 3,  -1.158,  9.670,  0.014, 4,  -0.013, -0.210,  1.116, 5,   1.020,-33.060,  2.580
68520.89637, 3,  -0.967, 10.079,  0.640, 4,  -0.009, -0.451,  1.266, 5,  -0.540,-32.820,  2.340
68520.91531, 3,  -0.640,  9.643,  0.027, 4,   0.008, -0.486,  1.318, 5,  -2.160,-32.880,  2.160
68520.93593, 3,  -0.858,  9.902, -0.409, 4,  -0.004, -0.385,  1.411, 5,  -3.660,-32.580,  1.860
68520.95581, 3,  -0.095,  9.902, -0.885, 4,  -0.032, -0.362,  1.597, 5,  -5.040,-32.280,  1.740
68520.97586, 3,   1.130, 10.351, -1.566, 4,  -0.039, -0.284,  1.634, 5,  -6.180,-31.920,  1.560
68521.00361, 3,   1.144, 11.005, -1.185, 4,  -0.029,  0.014,  1.711, 5,  -7.320,-31.620,  1.560
68521.02238, 3,  -0.313, 11.959, -0.953, 4,  -0.007,  0.062,  1.852, 5,  -8.400,-31.200,  1.620
68521.04257, 3,  -0.627, 12.395, -1.920, 4,  -0.049, -0.024,  2.137, 5,  -9.480,-30.780,  1.800
68521.06317, 3,  -0.027, 12.912, -2.779, 4,  -0.152, -0.130,  2.526, 5, -10.560,-30.180,  1.800
68521.08484, 3,  -1.471, 14.056, -3.514, 4,  -0.170,  0.045,  2.839, 5, -11.760,-29.580,  1.800
68521.10560, 3,  -3.800, 16.794, -4.617, 4,  -0.250,  0.140,  3.151, 5, -13.020,-29.100,  1.680
68521.12500, 3,  -8.377, 18.156, -5.475, 4,  -0.343,  0.029,  3.638, 5, -14.160,-28.440,  1.560
68521.14758, 3, -13.961, 18.837, -3.664, 4,  -1.007, -1.896,  4.337, 5, -15.540,-27.540,  1.500
68521.16561, 3,  -8.268, 18.823,  3.732, 4,  -1.647, -0.731,  5.880, 5, -16.980,-26.520,  1.500
68521.18524, 3,   4.290, 18.415,  6.374, 4,  -1.020,  0.084,  5.841, 5, -18.420,-25.260,  1.560
68521.20539, 3,   8.145, 18.973,  4.958, 4,  -0.761,  1.062,  4.234, 5, -19.920,-23.640,  1.440
68521.22597, 3,   3.609,  8.417,  2.779, 4,  -0.458,  0.604,  0.969, 5, -21.540,-22.140,  1.200
68521.24619, 3,  -3.283,  9.548,  2.152, 4,  -0.754,  0.533,  0.046, 5, -23.100,-20.460,  0.960
68521.26726, 3,  -7.273,  4.072,  2.002, 4,  -0.725,  0.338, -1.732, 5, -24.720,-19.080,  0.600
68521.28742, 3,  -5.475,  2.601,  1.212, 4,  -0.295,  0.322, -1.969, 5, -26.160,-17.760,  0.180
68521.31240, 3,  -1.498,  2.588,  0.572, 4,   0.432,  0.526, -2.961, 5, -27.660,-16.620, -0.180
68521.32750, 3,  -0.831,  1.961,  0.027, 4,   0.683,  0.867, -4.094, 5, -28.980,-15.660, -0.720
68521.34767, 3,  -1.580,  1.634,  0.150, 4,   0.920,  1.151, -4.745, 5, -30.120,-15.300, -1.380
68521.36827, 3,  -1.607,  2.193, -0.027, 4,   1.310,  1.096, -5.086, 5, -30.780,-15.000, -2.160
68521.38872, 3,  -1.253,  3.187, -0.449, 4,   1.610,  0.876, -5.495, 5, -31.200,-15.180, -2.760
68521.40915, 3,  -1.008,  5.257, -0.994, 4,   1.826,  0.658, -6.024, 5, -31.020,-15.720, -3.360
68521.42848, 3,  -0.545,  8.050, -1.852, 4,   1.998,  0.551, -6.640, 5, -30.540,-16.440, -4.020
68521.44944, 3,  -0.967, 11.713, -1.743, 4,   1.899,  0.029, -7.094, 5, -29.520,-17.520, -4.380
68521.47218, 3,  -0.095, 15.623, -1.185, 4,   1.840,  0.157, -7.396, 5, -27.780,-18.780, -4.560
68521.49262, 3,   0.858, 17.570, -1.022, 4,   2.045, -0.249, -7.014, 5, -25.140,-20.160, -4.680
68521.50946, 3,   3.242, 18.551, -0.436, 4,   1.795, -0.950, -6.001, 5, -21.960,-21.660, -4.680
68521.52938, 3,   7.164, 17.706,  3.378, 4,   1.099, -1.530, -4.584, 5, -18.300,-23.400, -4.560
68521.55020, 3,  13.348, 18.292,  2.411, 4,   0.372, -2.662, -3.138, 5, -14.280,-24.960, -4.140
68521.57031, 3,  16.440, 15.473, -0.286, 4,  -0.367, -2.809, -1.165, 5, -10.080,-26.460, -3.900
68521.60167, 3,   8.254, 15.255, -4.209, 4,  -0.246,  2.344,  1.766, 5,  -5.700,-27.720, -3.660
68521.63336, 3,  -5.639,  7.818,-11.863, 4,  -0.578,  3.013,  5.527, 5,  -1.500,-28.980, -3.360
68521.65151, 3,   6.933, 13.675, -5.966, 4,  -1.335, -1.080,  4.881, 5,   6.540,-30.840, -2.280
68521.67099, 3,   6.633, 14.533, -4.958, 4,  -1.688,  0.561,  2.424, 5,  10.080,-31.440, -1.560
68521.69132, 3,   7.246, 11.278,  7.083, 4,  -2.023,  2.152,  2.413, 5,  13.200,-31.920, -0.900
68521.71173, 3,   1.471, 10.460,  3.105, 4,  -0.284,  0.672,  2.213, 5,  16.020,-31.920, -0.420
68521.73188, 3,   0.218,  9.902,  4.481, 4,  -0.275,  0.254,  2.206, 5,  18.300,-31.620, -0.420
68521.75196, 3,   1.008, 10.351, -0.545, 4,   0.446, -0.056,  2.204, 5,  20.220,-31.380,  0.540
68521.77207, 3,   1.989, 10.324, -0.545, 4,  -0.222,  0.044,  1.771, 5,  21.540,-30.960,  0.900
68521.79219, 3,   0.749, 10.025, -0.068, 4,  -0.237,  0.102,  1.228, 5,  22.260,-30.420,  1.140
68521.81731, 3,  -0.449,  9.739,  0.749, 4,  -0.019,  0.138,  0.775, 5,  22.260,-30.000,  1.140
68521.83257, 3,  -1.539,  9.561,  0.858, 4,   0.170,  0.078,  0.807, 5,  21.660,-29.700,  0.900
68521.85399, 3,  -1.253,  9.507,  0.204, 4,   0.252, -0.150,  0.994, 5,  20.880,-29.460,  0.840
68521.87376, 3,   0.054,  9.766, -0.640, 4,   0.240, -0.261,  1.104, 5,  19.620,-29.340,  0.540
68521.89390, 3,  -0.913,  9.725, -0.477, 4,   0.196, -0.164,  0.974, 5,  18.240,-29.340,  0.420
68521.91427, 3,  -1.280,  9.752, -0.381, 4,   0.156, -0.168,  0.988, 5,  16.620,-29.460,  0.540
68521.93382, 3,  -0.708,  9.779, -0.381, 4,   0.144, -0.300,  1.228, 5,  15.060,-29.580,  0.480
68521.95379, 3,  -0.953, 10.052, -0.899, 4,   0.125, -0.388,  1.324, 5,  13.560,-29.640,  0.300
68521.97483, 3,  -0.572, 10.311, -1.239, 4,   0.068, -0.616,  1.535, 5,  12.240,-29.760,  0.240
68521.99426, 3,   0.368, 10.025, -1.798, 4,   0.036, -0.631,  1.686, 5,  11.100,-29.640,  0.180
68522.01497, 3,   2.070, 10.597, -2.588, 4,   0.062, -0.409,  1.772, 5,   9.900,-29.640,  0.240
68522.03470, 3,   0.913, 11.155, -2.138, 4,   0.139, -0.054,  1.743, 5,   8.820,-29.580,  0.420
68522.05485, 3,  -0.313, 11.877, -1.689, 4,   0.155, -0.037,  1.859, 5,   7.740,-29.640,  0.600
68522.07723, 3,  -0.313, 12.027, -2.996, 4,   0.091, -0.191,  2.181, 5,   6.600,-29.400,  0.780
68522.09620, 3,   0.409, 13.062, -3.201, 4,   0.050, -0.112,  2.549, 5,   5.640,-29.160,  0.960
68522.11872, 3,  -1.866, 14.996, -3.637, 4,   0.133,  0.241,  3.060, 5,   4.560,-28.860,  1.020
68522.13894, 3,  -4.740, 17.257, -4.508, 4,   0.015, -0.035,  3.627, 5,   3.300,-28.500,  1.200
68522.15991, 3,  -9.561, 18.387, -5.257, 4,  -0.081, -1.072,  3.943, 5,   1.980,-28.020,  1.380
68522.17908, 3, -14.547, 18.960, -0.545, 4,  -0.714, -2.234,  4.398, 5,   0.420,-27.480,  1.500
68522.19917, 3,  -5.189, 15.541,  7.600, 4,  -1.372, -0.242,  6.022, 5,  -0.960,-26.820,  1.680
68522.21961, 3,   7.164, 17.529,  7.028, 4,  -0.780,  1.197,  6.067, 5,  -2.580,-25.980,  1.860
68522.23966, 3,   2.397, 16.072,  2.901, 4,  -0.821,  1.589,  3.067, 5,  -4.320,-24.960,  1.980
68522.25976, 3,  -3.119, 12.449,  0.735, 4,  -0.649,  0.467,  0.102, 5,  -5.940,-23.700,  2.040
68522.28190, 3,  -8.022,  7.505,  0.967, 4,  -0.837,  0.210, -1.112, 5,  -7.560,-22.500,  2.040
68522.30000, 3,  -7.845,  3.582,  1.471, 4,  -0.471, -0.021, -1.381, 5,  -9.180,-21.300,  1.800
68522.32057, 3,  -4.195,  2.996,  1.498, 4,  -0.188,  0.102, -2.022, 5, -10.500,-20.160,  1.680
68522.34092, 3,  -1.512,  2.751,  1.253, 4,   0.020,  0.489, -3.087, 5, -11.940,-18.960,  1.380
68522.36156, 3,  -1.008,  2.533,  0.763, 4,   0.237,  0.903, -3.975, 5, -12.960,-17.880,  1.140
68522.38165, 3,  -1.144,  2.601,  0.572, 4,   0.418,  1.125, -4.627, 5, -13.860,-16.740,  0.840
68522.40191, 3,  -1.703,  3.187,  0.381, 4,   0.647,  1.093, -5.176, 5, -14.580,-15.780,  0.480
68522.42766, 3,  -1.008,  6.156,  0.477, 4,   1.057,  0.762, -5.975, 5, -15.180,-14.940,  0.180
68522.44634, 3,   0.027,  9.071, -0.259, 4,   1.211,  0.525, -6.493, 5, -15.360,-14.280, -0.060
68522.46438, 3,  -0.368, 12.531, -0.776, 4,   1.173,  0.203, -7.091, 5, -15.240,-13.800, -0.420
68522.48254, 3,  -0.368, 12.531, -0.776, 4,   1.006,  0.051, -7.637, 5, -14.820,-13.440, -0.720
68522.50281, 3,   0.981, 17.775, -1.485, 4,   0.900,  0.221, -7.509, 5, -14.160,-13.260, -1.200
68522.52307, 3,   3.637, 18.646, -2.384, 4,   1.188, -0.448, -7.171, 5, -13.260,-13.440, -1.620
68522.54278, 3,  10.079, 17.489,  1.348, 4,   1.309, -0.983, -5.983, 5, -11.760,-13.920, -1.980
68522.56365, 3,  14.805, 13.225,  2.697, 4,   1.024, -1.223, -4.265, 5,  -9.900,-14.580, -2.280
68522.58371, 3,  17.162, 16.154, -0.708, 4,   0.587, -1.008, -2.594, 5,  -7.980,-15.420, -2.400
68522.61178, 3,  18.347, 12.721,  0.136, 4,  -0.624, -0.188,  1.626, 5,  -5.940,-16.200, -2.520
68522.63229, 3,  10.678, 16.126, -9.194, 4,  -0.425,  1.965,  2.880, 5,  -4.080,-17.040, -2.580
68522.65239, 3,  -4.413,  5.693,-14.369, 4,  -0.788,  0.801, -1.882, 5,  -2.280,-17.940, -2.700
68522.67421, 3,   7.546, 12.612, -7.505, 4,  -0.482,  2.538,  5.059, 5,  -0.420,-18.900, -2.760
68522.69615, 3,   7.518, 13.021, -2.956, 4,  -1.694,  0.841,  1.788, 5,   0.780,-19.680, -2.760
68522.71464, 3,   9.221, 13.961,  7.273, 4,  -1.069,  1.854,  2.070, 5,   1.920,-20.400, -2.940
68522.73367, 3,   1.417, 11.659,  0.041, 4,  -0.064,  0.564,  1.992, 5,   2.940,-21.000, -3.000
68522.75453, 3,   0.436, 10.896,  2.629, 4,  -0.300,  0.255,  2.071, 5,   3.780,-21.600, -3.300
68522.77483, 3,   1.866, 10.760, -1.253, 4,   0.242, -0.074,  1.901, 5,   4.380,-21.960, -3.600
68522.79386, 3,   1.171, 10.515, -0.354, 4,  -0.217,  0.098,  1.327, 5,   4.740,-22.200, -3.780
68522.81392, 3,   0.163, 10.025, -0.259, 4,  -0.088,  0.105,  1.057, 5,   4.800,-22.440, -3.960
68522.84028, 3,  -1.539,  9.412,  1.239, 4,  -0.011,  0.034,  0.857, 5,   4.800,-22.500, -3.900
68522.85669, 3,  -1.539,  9.412,  1.239, 4,   0.133, -0.044,  0.938, 5,   4.620,-22.380, -4.020
68522.87508, 3,  -1.784,  9.534,  0.735, 4,   0.151, -0.153,  1.144, 5,   4.140,-22.260, -4.200
68522.89450, 3,  -0.885,  9.630,  0.041, 4,   0.126, -0.109,  1.088, 5,   3.240,-22.080, -4.320
68522.91441, 3,  -1.062,  9.820, -0.599, 4,   0.059, -0.211,  1.107, 5,   2.340,-21.780, -4.500
68522.93462, 3,  -0.613, 10.052, -0.436, 4,   0.011, -0.060,  1.334, 5,   1.320,-21.540, -4.800
68522.95466, 3,  -1.076,  9.725, -0.109, 4,   0.014, -0.172,  1.426, 5,   0.420,-21.360, -5.100
68522.97497, 3,  -1.130,  9.670,  0.123, 4,  -0.014, -0.188,  1.581, 5,  -0.660,-21.180, -5.280
68522.99507, 3,  -1.362,  9.861, -0.163, 4,  -0.038, -0.291,  1.750, 5,  -1.620,-20.700, -5.460
68523.01514, 3,  -0.599,  9.902, -0.300, 4,  -0.074, -0.370,  1.883, 5,  -2.460,-20.340, -5.640
68523.03800, 3,   1.716, 10.733, -1.866, 4,  -0.085, -0.423,  1.978, 5,  -3.300,-19.980, -5.580
68523.05537, 3,   0.831, 11.536, -1.417, 4,  -0.029, -0.075,  1.933, 5,  -4.080,-19.800, -5.460
68523.07817, 3,  -0.259, 12.258, -1.866, 4,  -0.034, -0.104,  2.038, 5,  -4.920,-19.380, -5.340
68523.09590, 3,   0.286, 12.531, -2.683, 4,  -0.134, -0.224,  2.398, 5,  -5.640,-19.020, -5.100
68523.11611, 3,  -0.449, 13.539, -2.833, 4,  -0.178, -0.091,  2.757, 5,  -6.360,-18.720, -5.100
68523.13591, 3,  -2.928, 15.827, -3.936, 4,  -0.181,  0.046,  2.996, 5,  -7.200,-18.240, -4.980
68523.15609, 3,  -5.938, 17.666, -4.903, 4,  -0.252,  0.021,  3.465, 5,  -8.040,-17.700, -4.980
68523.17620, 3, -12.735, 18.605, -4.903, 4,  -0.377, -0.393,  3.948, 5,  -8.940,-17.100, -4.920
68523.19984, 3, -16.140, 19.055,  1.130, 4,  -1.459, -2.224,  5.107, 5,  -9.780,-16.140, -4.800
68523.21772, 3,  -1.062, 16.998,  6.402, 4,  -1.402, -0.678,  6.374, 5, -10.560,-15.120, -4.560
68523.23686, 3,   8.921, 18.265,  5.857, 4,  -0.747, -0.025,  5.044, 5, -11.640,-13.920, -4.440
68523.25662, 3,   4.536, 12.503,  1.417, 4,  -0.428,  1.178,  2.429, 5, -12.540,-12.600, -4.260
68523.27706, 3,  -0.831,  9.861,  1.308, 4,  -0.740, -0.077, -0.294, 5, -13.500,-11.160, -4.080
68523.29730, 3,  -5.326,  6.116,  2.002, 4,  -0.762,  0.598, -1.006, 5, -14.280, -9.600, -3.960
68523.31836, 3,  -7.736,  2.888,  1.267, 4,  -0.516,  0.146, -2.071, 5, -15.060, -8.220, -3.900
68523.33858, 3,  -4.604,  2.424,  1.035, 4,  -0.133, -0.057, -2.282, 5, -15.660, -6.960, -3.840
68523.35845, 3,  -0.245,  2.724,  0.640, 4,   0.108,  0.037, -2.423, 5, -16.260, -5.700, -3.900
68523.38203, 3,   0.259,  2.261,  0.150, 4,   0.482,  0.669, -4.527, 5, -16.740, -4.500, -3.840
68523.40011, 3,  -0.667,  2.533,  0.163, 4,   0.633,  1.002, -5.187, 5, -17.040, -3.600, -3.960
68523.41952, 3,  -0.885,  3.310,  0.095, 4,   0.914,  1.093, -5.529, 5, -17.400, -2.820, -4.080
68523.43996, 3,  -0.504,  4.808, -0.150, 4,   1.110,  1.040, -5.911, 5, -17.460, -2.040, -4.020
68523.45970, 3,  -0.994,  7.450, -1.035, 4,   1.261,  0.778, -6.516, 5, -17.220, -1.560, -4.080
68523.47992, 3,  -0.572, 10.801, -1.580, 4,   1.306,  0.314, -6.947, 5, -16.860, -1.380, -4.260
68523.50000, 3,  -0.586, 14.819, -1.553, 4,   1.204, -0.007, -7.421, 5, -16.200, -1.260, -4.380
68523.52017, 3,   1.308, 17.175, -1.539, 4,   1.150,  0.253, -7.578, 5, -15.540, -1.440, -4.380
68523.54243, 3,   1.730, 18.347, -2.806, 4,   1.714, -0.328, -6.611, 5, -14.820, -1.980, -4.680
68523.56034, 3,   5.925, 18.932, -2.806, 4,   1.522, -0.464, -4.976, 5, -13.560, -2.760, -4.800
68523.58130, 3,  11.931, 14.356,  4.032, 4,   0.956, -0.465, -3.353, 5, -12.540, -3.660, -4.860
68523.60155, 3,  15.732, 16.944,  1.348, 4,   0.017, -1.792, -1.852, 5, -11.340, -4.620, -4.740
68523.62189, 3,  17.625, 13.089,  1.130, 4,  -0.658, -1.554,  0.290, 5, -10.200, -5.760, -4.680
68523.64277, 3,  14.696, 16.317, -2.996, 4,  -0.193,  0.766,  2.398, 5,  -9.060, -6.780, -4.620
68523.66211, 3,  -2.411, 16.222, -3.746, 4,  -0.871,  0.545,  0.120, 5,  -7.980, -7.620, -4.680
68523.68253, 3,   5.543, 12.340, -3.283, 4,   0.317,  2.698,  3.131, 5,  -6.960, -8.400, -4.680
68523.70396, 3,  10.706, 13.566, -0.627, 4,  -1.611,  0.233,  2.641, 5,  -6.180, -9.000, -4.740
68523.72401, 3,  11.591, 12.544,  9.439, 4,  -1.708,  2.243,  1.860, 5,  -5.460, -9.480, -4.740
68523.74269, 3,  -0.123,  9.698,  3.827, 4,  -0.281,  0.773,  1.747, 5,  -4.800, -9.540, -4.800
68523.76304, 3,   0.095, 10.379,  4.999, 4,  -0.337,  0.157,  2.361, 5,  -4.500, -9.600, -4.920
68523.78333, 3,   1.893, 10.774,  0.014, 4,   0.420, -0.286,  2.099, 5,  -4.320, -9.540, -4.980
68523.80337, 3,   1.934, 10.774, -1.675, 4,  -0.107, -0.183,  1.520, 5,  -4.200, -9.240, -4.980
68523.82360, 3,   1.525, 10.351, -0.150, 4,  -0.305, -0.011,  1.108, 5,  -4.260, -9.000, -4.860
68523.84366, 3,   0.327,  9.916,  0.191, 4,  -0.185,  0.093,  0.812, 5,  -4.440, -8.640, -4.980
68523.86684, 3,  -1.975,  9.344,  1.376, 4,   0.059, -0.004,  0.756, 5,  -4.680, -8.100, -4.980
68523.88505, 3,  -1.648,  9.398,  0.844, 4,   0.179, -0.085,  0.969, 5,  -5.220, -7.500, -5.100
68523.90447, 3,  -1.090,  9.480,  0.054, 4,   0.211, -0.119,  1.091, 5,  -5.700, -6.780, -5.220
68523.92478, 3,  -2.193,  9.180, -0.572, 4,   0.159, -0.005,  1.078, 5,  -6.360, -6.240, -5.400
68523.94497, 3,  -1.498,  9.398,  0.381, 4,   0.095,  0.056,  1.202, 5,  -6.780, -5.520, -5.520
68523.96504, 3,  -1.975,  9.235,  0.667, 4,   0.045, -0.206,  1.241, 5,  -7.380, -4.800, -5.760
68523.98533, 3,  -1.716,  9.698,  0.095, 4,   0.014, -0.072,  1.247, 5,  -7.920, -4.140, -5.760
68524.00549, 3,  -0.831,  9.916, -0.749, 4,  -0.013, -0.290,  1.460, 5,  -8.400, -3.480, -5.880
68524.02946, 3,  -0.204,  9.984, -0.681, 4,  -0.122, -0.409,  1.768, 5,  -8.760, -3.000, -6.000
68524.04743, 3,   0.368, 10.120, -0.994, 4,  -0.133, -0.418,  1.790, 5,  -9.120, -2.280, -6.000
68524.06543, 3,   0.708, 10.951, -0.708, 4,  -0.118, -0.411,  1.890, 5,  -9.540, -1.800, -5.820
68524.08611, 3,   0.191, 12.095, -1.117, 4,  -0.051, -0.371,  1.918, 5,  -9.600, -1.200, -5.580
68524.10641, 3,   0.218, 12.612, -2.315, 4,  -0.084, -0.351,  2.151, 5,  -9.780, -0.600, -5.460
68524.12665, 3,   0.804, 13.076, -2.642, 4,  -0.178, -0.265,  2.524, 5,  -9.840, -0.120, -5.160
68524.14683, 3,  -1.062, 14.383, -3.378, 4,  -0.158, -0.000,  2.755, 5, -10.140,  0.600, -4.980
68524.16763, 3,  -2.901, 16.957, -4.318, 4,  -0.220,  0.023,  3.064, 5, -10.260,  1.440, -4.860
68524.19228, 3,  -6.878, 18.238, -5.094, 4,  -0.386, -0.504,  3.921, 5, -10.560,  2.280, -4.680
68524.21033, 3, -13.212, 18.878, -4.604, 4,  -0.679, -2.034,  4.118, 5, -10.680,  3.120, -4.440
68524.22858, 3, -14.315, 19.205,  0.722, 4,  -1.505, -1.899,  5.237, 5, -10.740,  4.200, -4.200
68524.24879, 3,   0.027, 17.175,  5.707, 4,  -1.318, -1.002,  6.285, 5, -10.620,  5.520, -3.840
68524.26896, 3,   9.766, 18.347,  5.789, 4,  -0.810,  0.052,  4.962, 5, -10.680,  6.780, -3.420
68524.29043, 3,   5.135,  9.412,  2.710, 4,  -0.502,  0.998,  2.064, 5, -10.440,  8.220, -2.760
68524.31074, 3,  -1.634, 10.760,  1.812, 4,  -0.738,  0.129, -0.078, 5, -10.320,  9.780, -1.980
68524.33624, 3,  -6.442,  5.666,  2.084, 4,  -0.348,  0.154, -1.853, 5, -10.140, 11.280, -1.080
68524.35360, 3,  -6.538,  2.901,  1.267, 4,  -0.003,  0.170, -1.830, 5, -10.080, 12.840, -0.300
68524.37079, 3,  -2.247,  2.601,  1.226, 4,   0.253,  0.433, -2.293, 5,  -9.900, 14.220,  0.540
68524.39157, 3,   0.327,  2.220,  0.640, 4,   0.500,  0.924, -3.402, 5,  -9.780, 15.600,  1.320
68524.41157, 3,   0.068,  1.539,  0.313, 4,   0.690,  1.430, -4.342, 5, -10.020, 16.980,  2.340
68524.43184, 3,  -0.695,  1.634,  0.232, 4,   0.971,  1.725, -4.891, 5, -10.260, 18.300,  3.300
68524.45213, 3,  -1.117,  1.989,  0.136, 4,   1.255,  1.747, -5.315, 5, -10.860, 19.500,  4.140
68524.47152, 3,  -1.158,  3.500,  0.708, 4,   1.462,  1.558, -5.759, 5, -11.640, 20.460,  5.040
68524.49237, 3,  -0.926,  5.652, -0.123, 4,   1.732,  1.419, -6.274, 5, -12.900, 21.180,  6.000
68524.51536, 3,  -0.204,  8.826, -0.749, 4,   1.743,  0.535, -7.225, 5, -14.280, 21.600,  6.780
68524.53356, 3,  -0.027, 12.967, -0.640, 4,   1.655,  0.636, -7.556, 5, -16.140, 21.600,  7.620
68524.55276, 3,   1.144, 16.249, -0.463, 4,   1.723,  0.509, -7.393, 5, -18.300, 21.000,  8.400
68524.57272, 3,   1.171, 17.884, -0.913, 4,   1.960, -0.588, -6.709, 5, -20.820, 19.620,  9.180
68524.59340, 3,   5.121, 18.701,  1.607, 4,   1.722, -1.460, -5.012, 5, -23.220, 17.340, 10.080
68524.61416, 3,  12.095, 13.661,  4.699, 4,   0.867, -1.791, -3.189, 5, -25.620, 14.220, 11.100
68524.63431, 3,  15.800, 16.154, -0.354, 4,   0.179, -2.788, -1.872, 5, -27.240, 10.620, 12.060
68524.65497, 3,  18.592, 16.045, -7.518, 4,  -0.667, -2.125,  0.317, 5, -28.740,  6.900, 13.320
68524.67649, 3,  -0.463, 14.397, -2.888, 4,  -1.023,  0.963, -0.207, 5, -30.180,  3.060, 14.640
68524.69535, 3,   4.781, 10.161, -4.536, 4,   0.382,  2.693,  1.739, 5, -31.680, -0.840, 15.660
68524.71522, 3,  11.632, 12.204,  0.082, 4,  -1.476, -1.301,  7.224, 5, -33.180, -4.740, 16.500
68524.73541, 3,   8.826, 10.597,  9.807, 4,  -0.999, -0.506,  2.635, 5, -34.560, -8.400, 17.340
68524.75589, 3,   2.520, 10.338,  2.111, 4,  -2.178,  2.282,  2.186, 5, -36.000,-12.000, 18.060
68524.77768, 3,   1.866,  9.997,  3.269, 4,   0.011,  0.338,  1.923, 5, -37.320,-15.480, 18.600
68524.79621, 3,   2.942, 10.583,  0.150, 4,  -0.474,  0.608,  2.321, 5, -38.220,-18.780, 19.080
68524.82153, 3,   2.547, 10.583, -1.512, 4,  -0.101, -0.029,  1.466, 5, -39.000,-21.840, 19.560
68524.83991, 3,   2.302, 10.379,  0.218, 4,  -0.288,  0.016,  1.037, 5, -39.360,-24.600, 20.220
68524.85857, 3,   1.090, 10.256, -0.245, 4,  -0.050, -0.016,  0.681, 5, -39.480,-27.000, 20.760
68524.87880, 3,   0.054,  9.902,  0.381, 4,  -0.072, -0.051,  0.577, 5, -39.300,-29.040, 21.300
68524.89870, 3,  -1.730,  9.534,  1.253, 4,   0.080, -0.106,  0.582, 5, -38.880,-30.300, 21.660
68524.91877, 3,  -2.738,  9.344,  1.253, 4,   0.229, -0.183,  0.778, 5, -38.520,-30.840, 21.960
68524.93864, 3,  -1.417,  9.398,  0.381, 4,   0.272, -0.242,  1.050, 5, -38.460,-30.660, 21.960
68524.95867, 3,  -1.716,  9.534, -0.109, 4,   0.206, -0.167,  1.091, 5, -39.240,-30.000, 21.840
68524.98262, 3,  -1.607,  9.371, -0.027, 4,   0.153, -0.133,  1.277, 5, -39.960,-29.160, 21.480
68524.99957, 3,  -1.975,  9.548,  0.027, 4,   0.045, -0.062,  1.448, 5, -40.620,-28.200, 21.120
68525.01903, 3,  -1.621,  9.739, -0.449, 4,   0.020, -0.339,  1.668, 5, -41.400,-27.120, 21.000
68525.03981, 3,  -0.341,  9.861, -1.022, 4,  -0.024, -0.362,  1.841, 5, -41.940,-26.040, 20.940
68525.06052, 3,   0.422, 10.134, -1.267, 4,  -0.067, -0.398,  1.809, 5, -42.720,-25.200, 20.820
68525.08248, 3,   0.681, 10.093, -1.158, 4,  -0.070, -0.469,  1.856, 5, -43.320,-24.300, 20.880
68525.10420, 3,   1.471, 11.060, -1.961, 4,  -0.038, -0.407,  1.930, 5, -43.560,-23.160, 21.120
68525.12783, 3,  -0.054, 12.326, -2.833, 4,  -0.009, -0.159,  2.124, 5, -44.100,-22.200, 21.420
68525.14548, 3,  -0.054, 12.381, -2.833, 4,  -0.141, -0.210,  2.493, 5, -44.400,-21.120, 21.840
68525.16517, 3,   0.504, 13.198, -3.378, 4,  -0.133,  0.040,  2.875, 5, -44.700,-19.980, 22.140
68525.18722, 3,  -1.267, 14.873, -3.732, 4,  -0.143,  0.210,  3.174, 5, -45.000,-18.660, 22.500
68525.20419, 3,  -4.290, 17.202, -4.331, 4,  -0.203,  0.104,  3.678, 5, -45.300,-17.280, 22.860
68525.22531, 3,  -9.221, 18.360, -5.203, 4,  -0.281, -0.832,  3.992, 5, -45.480,-15.780, 23.280
68525.24547, 3, -14.383, 18.946, -2.506, 4,  -0.580, -2.775,  4.352, 5, -45.600,-13.980, 23.580
68525.26593, 3,  -7.764, 14.097,  5.475, 4,  -1.531, -1.138,  6.140, 5, -45.900,-12.240, 23.940
68525.29217, 3,  10.011, 17.870,  3.391, 4,  -0.308,  1.062,  4.003, 5, -45.600,-10.380, 24.300
68525.32764, 3,  -6.116,  7.982,  2.234, 4,  -0.963,  0.778, -0.849, 5, -45.660, -8.460, 24.480
68525.34748, 3,  -9.493,  3.119,  2.002, 4,  -0.600,  0.424, -2.058, 5, -45.540, -5.100, 24.480
68525.36701, 3,  -6.320,  2.329,  1.675, 4,  -0.215,  0.094, -1.885, 5, -45.660, -4.020, 24.420
68525.38710, 3,  -1.062,  3.024,  1.321, 4,   0.028, -0.012, -1.887, 5, -45.420, -3.240, 24.120
68525.40616, 3,   0.313,  2.493,  0.518, 4,   0.298,  0.300, -2.917, 5, -45.060, -2.700, 23.700
68525.42731, 3,  -0.722,  2.275,  0.191, 4,   0.445,  0.775, -4.150, 5, -44.880, -2.700, 23.100
68525.45124, 3,  -1.648,  2.833,  0.027, 4,   0.807,  1.143, -5.422, 5, -44.340, -3.060, 22.440
68525.46948, 3,  -1.525,  4.032, -0.191, 4,   1.008,  0.929, -5.719, 5, -43.500, -3.900, 21.780
68525.48857, 3,  -0.967,  6.238, -0.504, 4,   1.153,  0.593, -6.227, 5, -42.420, -5.280, 20.940
68525.50710, 3,  -0.531,  9.384, -1.471, 4,   1.297,  0.161, -6.858, 5, -40.680, -7.080, 20.100
68525.52864, 3,  -0.477, 13.184, -1.812, 4,   1.247, -0.219, -7.413, 5, -38.640, -9.240, 19.440
68525.54856, 3,   1.798, 16.358, -1.798, 4,   1.054,  0.010, -7.666, 5, -36.120,-11.820, 18.780
68525.56878, 3,   2.765, 17.938, -3.446, 4,   1.082,  0.363, -7.476, 5, -33.240,-14.520, 18.360
68525.58864, 3,   5.898, 18.742, -1.607, 4,   1.526, -0.021, -7.044, 5, -29.640,-17.280, 17.760
68525.61187, 3,  11.891, 14.642,  2.588, 4,   1.380,  0.086, -3.410, 5, -25.860,-19.980, 17.460
68525.63046, 3,  15.704, 14.329,  3.078, 4,   0.213, -0.469, -1.919, 5, -21.780,-22.920, 17.280
68525.65051, 3,  17.611, 14.996, -0.613, 4,  -0.535, -1.725, -0.259, 5, -17.520,-25.560, 17.100
68525.67116, 3,  18.578, 17.257, -4.767, 4,  -0.372,  0.119,  2.365, 5, -13.200,-27.960, 16.980
68525.69113, 3,  -0.477, 18.387,  1.280, 4,  -0.980,  0.899,  0.359, 5,  -9.000,-30.060, 16.920
68525.71080, 3,   0.449,  9.956, -6.579, 4,   0.736,  1.866,  1.872, 5,  -4.740,-31.980, 17.040
68525.73163, 3,   9.997, 13.934,  1.280, 4,  -1.472, -1.448,  7.054, 5,  -1.020,-33.780, 17.220
68525.75220, 3,  10.774, 13.144, 10.406, 4,  -1.350, -0.116,  3.027, 5,   2.400,-35.280, 17.520
68525.77541, 3,   1.212, 10.147,  3.446, 4,  -0.170,  0.554,  1.843, 5,   5.400,-36.480, 17.700
68525.79340, 3,   1.444, 10.651,  4.372, 4,  -0.491,  0.215,  2.341, 5,   8.160,-37.380, 17.880
68525.81173, 3,   2.901, 10.706,  0.504, 4,   0.290, -0.291,  2.069, 5,  10.200,-37.920, 18.120
68525.83189, 3,   2.057, 10.637, -1.171, 4,  -0.151, -0.086,  1.440, 5,  11.640,-38.280, 18.360
68525.85210, 3,   1.893, 10.474,  0.627, 4,  -0.264,  0.062,  1.115, 5,  12.780,-38.280, 18.420
68525.87247, 3,   0.599, 10.025,  0.572, 4,  -0.043,  0.106,  0.799, 5,  13.080,-38.160, 18.600
68525.90136, 3,  -1.703,  9.344,  1.417, 4,   0.155, -0.054,  0.753, 5,  13.020,-38.040, 18.480
68525.93456, 3,  -1.948,  9.235,  0.899, 4,   0.222, -0.192,  1.075, 5,  12.480,-37.920, 18.360
68525.95292, 3,  -0.572,  9.493,  0.163, 4,   0.198, -0.065,  1.039, 5,   9.840,-37.980, 17.880
68525.97287, 3,  -2.002,  9.616, -0.395, 4,   0.155, -0.100,  1.059, 5,   8.160,-38.100, 17.580
68525.99283, 3,  -1.961,  9.793, -0.082, 4,   0.127, -0.188,  1.274, 5,   6.420,-38.400, 17.460
68526.01312, 3,  -1.716,  9.602, -0.082, 4,   0.048, -0.261,  1.420, 5,   4.740,-38.520, 17.280
68526.03314, 3,  -1.035,  9.820, -0.300, 4,   0.029, -0.292,  1.534, 5,   2.820,-38.700, 17.100
68526.05325, 3,  -0.776, 10.025, -0.831, 4,  -0.012, -0.425,  1.636, 5,   1.200,-38.640, 16.920
68526.07335, 3,   0.449, 10.215, -1.226, 4,  -0.061, -0.481,  1.771, 5,  -0.180,-38.640, 16.860
68526.09334, 3,   1.185, 10.215, -1.444, 4,  -0.065, -0.481,  1.797, 5,  -1.440,-38.460, 16.980
68526.11646, 3,   0.395, 12.217, -1.893, 4,   0.032, -0.085,  1.872, 5,  -2.700,-38.160, 16.860
68526.13517, 3,  -0.395, 12.258, -2.656, 4,   0.008, -0.130,  2.072, 5,  -3.900,-37.860, 16.980
68526.15506, 3,   0.422, 13.116, -2.969, 4,  -0.113, -0.194,  2.498, 5,  -4.980,-37.500, 17.040
68526.17511, 3,  -1.553, 14.778, -3.609, 4,  -0.069,  0.076,  2.822, 5,  -6.420,-37.020, 17.280
68526.19526, 3,  -4.018, 17.162, -4.672, 4,  -0.096,  0.099,  3.114, 5,  -7.680,-36.420, 17.280
68526.21614, 3,  -8.772, 18.347, -6.034, 4,  -0.155, -0.018,  3.653, 5,  -9.180,-35.880, 17.280
68526.23686, 3, -14.152, 18.932, -4.072, 4,  -0.220, -0.927,  3.918, 5, -10.860,-35.340, 17.280
68526.25684, 3,  -7.028, 13.879,  5.734, 4,  -0.569, -2.868,  4.304, 5, -12.480,-34.740, 17.400
68526.27775, 3,   6.238, 16.699,  8.104, 4,  -0.899,  0.695,  6.482, 5, -14.400,-33.720, 17.340
68526.29760, 3,   7.546, 15.895,  2.329, 4,  -0.523,  1.574,  3.654, 5, -16.320,-32.520, 17.520
68526.31760, 3,  -0.627, 10.052,  2.928, 4,  -0.920,  0.502, -0.357, 5, -18.360,-31.020, 17.280
68526.33726, 3, -10.079,  6.320,  1.634, 4,  -0.899, -0.235, -1.609, 5, -20.220,-29.700, 17.040
68526.35837, 3,  -7.804,  2.833,  1.417, 4,  -0.367, -0.371, -1.190, 5, -21.900,-28.380, 16.680
68526.37872, 3,  -3.228,  3.160,  1.607, 4,  -0.273, -0.823, -1.130, 5, -23.160,-27.240, 16.260
68526.39828, 3,  -1.743,  2.996,  0.831, 4,  -0.031, -0.466, -2.347, 5, -24.300,-26.160, 15.840
68526.42082, 3,  -1.607,  2.561,  0.204, 4,   0.308,  0.801, -4.219, 5, -25.440,-25.320, 15.360
68526.44204, 3,  -1.989,  2.806,  0.286, 4,   0.463,  0.961, -4.860, 5, -26.100,-24.720, 14.940
68526.45850, 3,  -2.002,  3.541,  0.627, 4,   0.711,  0.953, -5.315, 5, -26.340,-24.300, 14.400
68526.47881, 3,  -1.049,  4.999,  0.640, 4,   0.965,  0.893, -5.730, 5, -26.340,-24.000, 13.800
68526.49947, 3,  -0.395,  7.192,  0.504, 4,   1.134,  0.806, -6.271, 5, -25.680,-23.940, 13.200
68526.51978, 3,  -0.191, 10.283, -0.477, 4,   1.259,  0.561, -6.873, 5, -24.420,-24.000, 12.540
68526.53988, 3,  -0.395, 14.369, -1.171, 4,   1.125,  0.342, -7.400, 5, -22.680,-24.120, 12.300
68526.55995, 3,   1.199, 16.944, -0.981, 4,   0.922,  0.527, -7.579, 5, -20.280,-24.300, 11.940
68526.58229, 3,   2.098, 18.238, -1.866, 4,   1.247, -0.060, -6.597, 5, -17.520,-24.360, 11.640
68526.60027, 3,   6.279, 18.878, -0.381, 4,   1.041, -0.306, -5.137, 5, -14.220,-24.600, 11.400
68526.62136, 3,  12.000, 15.636,  2.452, 4,   0.855, -0.657, -3.483, 5, -10.560,-24.900, 10.980
68526.64135, 3,  15.759, 13.089,  2.738, 4,   0.068, -1.039, -1.881, 5,  -6.540,-25.440, 10.920
68526.66204, 3,  17.638, 14.587, -0.804, 4,  -0.596, -1.417, -0.136, 5,  -2.520,-25.740, 10.980
68526.68230, 3,  18.578, 12.926, -0.313, 4,  -0.502,  0.309,  2.019, 5,   1.260,-26.100, 11.100
68526.70237, 3,   0.926, 16.222, -7.968, 4,  -0.572,  1.495,  1.392, 5,   4.920,-26.340, 11.280
68526.72262, 3,  -9.289,  5.053,-13.743, 4,   0.290,  2.320, -0.385, 5,   8.400,-26.520, 11.340
68526.74225, 3,   5.108, 12.286, -5.026, 4,  -1.248,  0.919,  6.290, 5,  11.640,-26.520, 11.460
68526.76558, 3,   8.281, 13.920,  5.530, 4,  -2.239,  1.702,  2.188, 5,  14.340,-26.460, 11.580
68526.78357, 3,   5.230, 12.095,  3.827, 4,  -0.272,  1.360,  1.575, 5,  16.620,-26.280, 11.580
68526.80327, 3,   2.288, 11.400,  1.471, 4,  -0.407,  0.804,  2.261, 5,  18.600,-26.040, 11.760
68526.82357, 3,   2.125, 11.509,  1.158, 4,   0.307, -0.203,  2.061, 5,  20.040,-25.680, 11.760
68526.84304, 3,   2.819, 11.046, -1.934, 4,   0.239, -0.312,  1.580, 5,  21.000,-25.380, 12.000
68526.86382, 3,   2.384, 11.060, -1.171, 4,  -0.179, -0.289,  1.086, 5,  21.420,-25.080, 12.000
68526.88448, 3,   1.566, 10.379, -0.858, 4,  -0.124, -0.259,  0.742, 5,  21.420,-24.720, 12.000
68526.90473, 3,  -1.784,  9.807,  1.362, 4,  -0.148, -0.029,  0.465, 5,  21.120,-24.600, 11.880
68526.92733, 3,  -2.901,  9.303,  1.348, 4,   0.308, -0.167,  0.637, 5,  20.400,-24.540, 11.700
68526.94525, 3,  -2.111,  9.316,  0.041, 4,   0.454, -0.325,  0.979, 5,  19.500,-24.900, 11.460
68526.96507, 3,  -1.376,  9.534, -0.804, 4,   0.354, -0.341,  1.092, 5,  18.300,-25.080, 11.220
68526.98534, 3,  -1.907,  9.698, -0.858, 4,   0.202, -0.168,  1.042, 5,  17.040,-25.320, 10.980
68527.00541, 3,  -2.452,  9.466, -0.245, 4,   0.145, -0.035,  1.173, 5,  15.840,-25.620, 10.800
68527.02564, 3,  -2.888,  9.616, -0.341, 4,   0.079, -0.037,  1.359, 5,  14.760,-25.860, 10.560
68527.04536, 3,  -1.171,  9.807, -0.831, 4,   0.078, -0.239,  1.729, 5,  13.500,-26.040, 10.440
68527.06596, 3,  -0.708, 10.065, -1.239, 4,   0.028, -0.468,  1.998, 5,  12.360,-26.340, 10.200
68527.08918, 3,   0.095, 10.637, -1.703, 4,   0.002, -0.486,  2.197, 5,  11.340,-26.460, 10.260
68527.10731, 3,   0.735, 11.673, -0.804, 4,   0.020, -0.381,  2.217, 5,  10.380,-26.640, 10.320
68527.12661, 3,   0.463, 12.408, -0.831, 4,   0.168, -0.275,  2.264, 5,   9.360,-26.760, 10.260
68527.14608, 3,  -0.436, 12.912, -3.051, 4,   0.164, -0.305,  2.347, 5,   8.340,-26.880, 10.260
68527.16717, 3,   0.722, 13.770, -3.868, 4,   0.051, -0.235,  2.830, 5,   7.440,-26.820, 10.320
68527.18757, 3,  -1.648, 15.732, -4.440, 4,   0.119,  0.152,  3.083, 5,   6.420,-26.640, 10.200
68527.20775, 3,  -5.584, 17.638, -4.386, 4,   0.146,  0.283,  3.348, 5,   5.340,-26.520, 10.080
68527.22794, 3, -11.141, 18.578, -4.563, 4,   0.061,  0.063,  3.938, 5,   4.080,-26.280, 10.020
68527.24757, 3, -15.337, 19.055,  0.477, 4,  -0.658, -1.770,  4.884, 5,   2.700,-25.980, 10.140
68527.26936, 3,  -2.479, 14.751,  9.289, 4,  -1.210,  0.335,  6.709, 5,   1.380,-25.320, 10.320
68527.28869, 3,   8.513, 17.134,  5.707, 4,  -0.548,  1.579,  5.855, 5,  -0.300,-24.780, 10.260
68527.30874, 3,   0.749, 10.324,  3.541, 4,  -0.900,  1.723,  0.964, 5,  -2.100,-24.000, 10.140
68527.32856, 3,  -9.384, 12.177,  2.152, 4,  -0.882,  1.337, -0.462, 5,  -3.600,-23.040,  9.660
68527.34877, 3, -10.951,  5.448,  2.315, 4,  -0.776,  0.830, -0.797, 5,  -5.520,-22.200,  9.240
68527.37045, 3,  -5.802,  3.677,  2.084, 4,  -0.661,  0.027, -0.769, 5,  -7.080,-21.480,  8.700
68527.38996, 3,  -3.541,  2.996,  1.362, 4,  -0.415, -0.239, -1.936, 5,  -8.340,-20.580,  8.400
68527.41355, 3,  -3.133,  2.588,  0.804, 4,   0.015,  0.255, -3.988, 5,  -9.540,-19.800,  7.860
68527.43166, 3,  -2.288,  2.806,  0.218, 4,   0.223,  0.315, -4.555, 5, -10.320,-19.020,  7.320
68527.44972, 3,  -1.961,  3.391, -0.354, 4,   0.384,  0.305, -5.146, 5, -10.980,-18.480,  6.900
68527.47060, 3,  -1.580,  4.645, -0.872, 4,   0.524,  0.215, -5.618, 5, -11.400,-17.880,  6.300
68527.49095, 3,  -0.708,  6.456, -1.158, 4,   0.625,  0.053, -6.116, 5, -11.580,-17.400,  5.760
68527.51122, 3,  -0.109,  9.344, -1.634, 4,   0.726, -0.067, -6.691, 5, -11.280,-17.100,  5.400
68527.53116, 3,   0.572, 12.626, -2.234, 4,   0.685, -0.128, -7.210, 5, -10.740,-16.740,  4.920
