68759.96929, 3,  -1.417,  3.664, -0.695, 4,   0.058,  1.124, -2.863, 5,  -9.720,-10.260,  6.000
68759.98809, 3,  -1.989,  4.563, -0.572, 4,   0.215,  1.103, -3.185, 5, -10.320,-10.500,  5.280
68760.00825, 3,  -1.703,  5.530, -0.163, 4,   0.390,  0.914, -3.395, 5, -10.440,-10.800,  4.320
68760.02828, 3,  -1.321,  6.674, -0.136, 4,   0.532,  0.750, -3.718, 5, -10.740,-11.400,  3.420
68760.04837, 3,  -1.130,  8.731,  0.136, 4,   0.621,  0.286, -4.105, 5, -10.740,-12.120,  2.640
68760.07323, 3,   0.232, 10.120,  0.354, 4,   0.754, -0.080, -4.297, 5, -10.440,-12.840,  1.800
68760.09312, 3,   2.574, 11.101,  0.504, 4,   0.772, -0.293, -4.353, 5,  -9.900,-13.740,  0.720
68760.11461, 3,   4.931, 12.517,  1.267, 4,   0.714, -0.130, -4.103, 5,  -8.820,-14.580, -0.180
68760.13325, 3,   8.213, 13.893,  3.242, 4,   0.650, -0.482, -3.514, 5,  -7.740,-15.480, -1.080
68760.15341, 3,  13.866, 14.996,  5.203, 4,   0.432, -0.890, -2.633, 5,  -6.360,-16.440, -1.980
68760.17500, 3,  16.699, 14.710,  5.966, 4,   0.163, -1.129, -1.537, 5,  -4.860,-17.280, -2.820
68760.19357, 3,  18.115, 13.103,  5.353, 4,  -0.152, -1.174, -0.002, 5,  -3.300,-18.180, -3.540
68760.21368, 3,  18.823,  9.670,  2.956, 4,  -0.451, -0.799,  1.463, 5,  -1.800,-19.140, -4.200
68760.23377, 3,  19.177, 12.422, -1.158, 4,  -0.877,  0.175,  2.808, 5,  -0.480,-20.100, -4.980
68760.25384, 3,  12.027, 15.977, -3.609, 4,  -0.013,  0.285,  2.228, 5,   0.660,-20.820, -5.580
68760.27418, 3,  -3.746, 10.038,  2.438, 4,  -0.218,  0.480,  3.656, 5,   1.980,-21.600, -6.120
68760.29409, 3,   6.688, 10.025,  0.068, 4,  -0.884, -0.412,  3.517, 5,   2.940,-22.320, -6.780
68760.31413, 3,   5.094,  9.602,  1.376, 4,  -0.757,  0.000,  1.972, 5,   3.780,-22.860, -7.200
68760.33436, 3,   4.645,  9.698,  1.335, 4,  -1.087, -0.566,  2.100, 5,   4.440,-23.340, -7.680
68760.35435, 3,   6.007,  9.752,  3.364, 4,  -0.913, -0.865,  1.643, 5,   4.980,-23.460, -8.100
68760.37443, 3,   5.612,  9.793,  3.977, 4,  -0.525, -1.172,  1.140, 5,   5.400,-23.580, -8.580
68760.39458, 3,   5.652,  9.861,  5.380, 4,   0.024, -1.188,  0.775, 5,   5.520,-23.460, -9.000
68760.41463, 3,   5.666, 12.994,  5.802, 4,   0.673, -1.284,  0.363, 5,   5.340,-23.340, -9.120
68760.43470, 3,   3.541, 16.263,  0.722, 4,   1.209, -1.441,  0.002, 5,   4.740,-23.280, -9.300
68760.45522, 3,   4.059, 17.897, -3.119, 4,   1.008, -1.026,  0.610, 5,   4.080,-23.280, -9.420
68760.47494, 3,  -0.504, 18.701, -5.339, 4,   0.640, -1.320,  0.819, 5,   3.060,-23.280, -9.540
68760.49498, 3,  -8.812, 15.405, -4.413, 4,   0.590, -1.828,  1.239, 5,   1.980,-23.220, -9.540
68760.52000, 3,   1.185,  8.240,  1.335, 4,   0.547, -1.049,  2.690, 5,   0.840,-23.160, -9.540
68760.53548, 3,   5.148, 10.474,  3.541, 4,   0.303, -0.105,  3.494, 5,  -0.540,-23.040, -9.480
68760.55540, 3,   0.967, 12.735,  1.389, 4,  -0.032,  1.740,  3.716, 5,  -1.740,-22.860, -9.240
68760.57539, 3,  -3.432, 10.215,  0.422, 4,  -0.322,  2.013,  3.666, 5,  -2.880,-22.680, -9.420
68760.59556, 3,  -6.102, 14.083,  0.123, 4,  -0.593,  0.265,  3.341, 5,  -4.140,-22.440, -9.360
68760.61804, 3,  -9.793, 14.969, -0.286, 4,  -0.293, -0.135,  3.855, 5,  -5.460,-21.960, -9.360
68760.63567, 3,  -9.793, 15.936,  0.136, 4,  -0.148,  0.060,  4.036, 5,  -6.780,-21.480, -9.360
68760.65574, 3,  -4.767, 17.080,  0.504, 4,  -0.074,  0.441,  3.867, 5,  -8.220,-21.000, -9.300
68760.68688, 3,  -4.685, 14.710,  1.171, 4,  -0.235,  1.207,  2.391, 5,  -9.600,-20.400, -9.360
68760.70486, 3,  -5.952, 12.735,  1.525, 4,  -0.333,  1.983,  0.980, 5, -11.160,-19.800, -9.420
68760.72546, 3,  -2.697,  9.344,  1.444, 4,   0.097,  1.519, -1.167, 5, -12.780,-19.200, -9.660
68760.74344, 3,   1.062,  5.053,  1.798, 4,   0.195,  1.282, -3.463, 5, -14.100,-18.660,-10.140
68760.76250, 3,   1.267,  3.010,  2.697, 4,   0.526,  1.399, -5.669, 5, -15.360,-18.120,-10.800
68760.78258, 3,  -0.994,  3.283,  2.874, 4,   1.115,  1.211, -6.925, 5, -16.380,-17.880,-11.340
68760.80267, 3,  -2.384,  5.380,  2.574, 4,   1.561,  0.642, -7.503, 5, -16.980,-17.760,-12.120
68760.82300, 3,  -2.765,  8.635,  1.185, 4,   1.912,  0.103, -7.988, 5, -17.340,-18.180,-13.200
68760.84310, 3,  -3.623, 12.844,  0.123, 4,   2.090, -0.575, -8.604, 5, -17.160,-18.660,-14.040
68760.86346, 3,   0.368, 16.181, -0.545, 4,   2.085, -1.177, -8.869, 5, -16.320,-19.440,-14.760
68760.88339, 3,   5.448, 17.856, -0.627, 4,   1.815, -1.559, -8.587, 5, -15.120,-20.460,-15.600
68760.90566, 3,  11.700, 18.687,  1.185, 4,   1.250, -3.324, -5.852, 5, -13.260,-21.480,-16.080
68760.92411, 3,  15.609, 17.570,  1.403, 4,   1.211, -3.775, -3.804, 5, -10.800,-22.560,-16.680
68760.94380, 3,  17.570, 11.182, -1.226, 4,   1.162, -2.901, -1.771, 5,  -8.040,-23.820,-17.100
68760.96388, 3,  18.537,  5.666, -2.193, 4,   0.521, -0.652,  0.040, 5,  -5.160,-25.200,-17.700
68760.98403, 3,  19.028, 12.599, -8.649, 4,  -0.169,  2.026,  0.779, 5,  -1.920,-26.640,-18.300
68761.00409, 3,  17.053, 16.058,-14.097, 4,  -1.658,  3.703,  2.477, 5,   1.260,-28.200,-18.780
68761.02572, 3,   0.885, 15.023,  2.710, 4,  -3.826,  3.417,  3.135, 5,   4.620,-29.940,-19.200
68761.04569, 3,  10.202, 11.673,  6.824, 4,   1.348, -0.958,  9.409, 5,   7.740,-31.740,-19.800
68761.07144, 3,   5.394, 11.455, -1.376, 4,  -1.354, -0.124,  2.650, 5,  10.260,-33.600,-20.220
68761.08687, 3,   5.394, 11.455, -1.376, 4,  -1.195, -0.821,  2.859, 5,  12.420,-35.280,-20.580
68761.10642, 3,   8.227, 10.896,  0.327, 4,  -0.799, -0.990,  2.346, 5,  14.400,-36.660,-21.120
68761.12631, 3,   7.178, 10.052,  3.950, 4,  -0.013, -1.168,  1.160, 5,  15.900,-37.800,-21.480
68761.14657, 3,   4.713, 13.021,  3.637, 4,   0.642, -1.271,  0.734, 5,  16.920,-38.640,-21.720
68761.16679, 3,   2.928, 16.276,  1.580, 4,   1.024, -1.729,  0.702, 5,  17.460,-39.300,-22.080
68761.18605, 3,  -1.689, 17.897,  0.722, 4,   1.192, -1.647,  0.884, 5,  17.520,-39.780,-22.500
68761.20765, 3, -10.256, 17.597, -3.460, 4,   1.059, -1.546,  1.230, 5,  17.040,-40.020,-22.740
68761.23217, 3, -14.901, 15.405, -1.880, 4,   0.544, -1.131,  2.101, 5,  15.900,-40.380,-23.040
68761.25041, 3,  -8.322,  6.538,  2.465, 4,   0.347, -1.248,  3.093, 5,  14.160,-40.740,-23.220
68761.26889, 3,  -0.640,  9.970,  4.318, 4,  -0.159, -0.732,  3.981, 5,  12.000,-41.100,-23.340
68761.28843, 3,   0.926, 11.114,  2.751, 4,  -0.385,  0.745,  4.196, 5,   9.660,-41.340,-23.460
68761.30965, 3,  -3.528, 10.093,  0.817, 4,  -0.609,  1.174,  3.599, 5,   6.960,-41.520,-23.460
68761.32969, 3,  -4.127, 11.945, -0.381, 4,  -0.469,  0.325,  3.081, 5,   4.200,-41.580,-23.400
68761.34975, 3,  -7.655, 12.503, -0.300, 4,  -0.498,  0.039,  3.597, 5,   1.140,-41.520,-23.580
68761.37001, 3, -12.572, 11.046, -2.002, 4,  -0.385,  0.258,  3.039, 5,  -1.680,-41.160,-23.640
68761.38945, 3, -11.822, 11.577, -1.280, 4,  -0.212,  0.250,  3.122, 5,  -4.020,-40.620,-23.460
68761.41190, 3,  -4.045, 15.159,  1.389, 4,  -0.009,  0.383,  2.930, 5,  -6.360,-40.020,-23.280
68761.43132, 3,  -1.117, 11.455,  2.588, 4,   0.336,  1.361,  1.424, 5,  -8.820,-39.360,-23.220
68761.45071, 3,  -2.206, 13.416,  1.948, 4,   0.448,  2.612,  0.265, 5, -11.100,-38.700,-23.160
68761.47082, 3,  -0.940, 11.250,  2.261, 4,   0.724,  3.012, -0.757, 5, -13.200,-37.980,-23.160
68761.49005, 3,  -0.068,  8.322,  3.868, 4,   0.870,  2.374, -2.286, 5, -15.060,-37.500,-23.520
68761.51104, 3,  -0.994,  6.674,  4.427, 4,   1.196,  2.124, -3.997, 5, -16.500,-37.020,-23.940
68761.53139, 3,  -1.253,  5.816,  4.862, 4,   1.642,  1.595, -5.359, 5, -17.520,-36.720,-24.720
68761.55169, 3,  -0.586,  6.797,  3.964, 4,   2.015,  1.095, -6.111, 5, -17.760,-36.540,-25.440
68761.57441, 3,  -1.185, 10.161,  2.179, 4,   2.642, -0.403, -7.438, 5, -17.400,-36.600,-26.220
68761.59105, 3,   0.259, 13.157,  1.757, 4,   2.477, -1.002, -8.159, 5, -16.200,-36.780,-26.940
68761.61197, 3,   1.348, 16.344,  1.634, 4,   2.267, -1.163, -8.460, 5, -14.100,-36.840,-27.360
68761.63208, 3,   4.536, 17.924,  0.409, 4,   1.946, -1.492, -7.858, 5, -11.340,-36.840,-27.960
68761.65257, 3,  12.027, 18.728,  1.675, 4,   1.404, -2.229, -6.524, 5,  -7.740,-36.720,-28.680
68761.67276, 3,  15.772, 15.514,  2.520, 4,   1.237, -2.741, -5.025, 5,  -3.540,-36.360,-29.340
68761.69216, 3,  17.652,  8.458,  2.179, 4,   1.224, -2.529, -2.852, 5,   0.840,-35.940,-30.060
68761.71338, 3,  18.592,  6.619,  1.321, 4,   0.765, -1.655, -0.746, 5,   5.340,-35.580,-31.080
68761.73600, 3,  19.055,  6.197, -1.226, 4,  -0.535,  0.407,  1.956, 5,  10.140,-35.100,-32.160
68761.75894, 3,  19.286, 12.054, -4.359, 4,  -0.836,  2.036,  2.328, 5,  15.120,-34.800,-33.240
68761.79348, 3,   9.698, 16.222,  7.409, 4,  -5.250,  2.833,  9.597, 5,  20.220,-34.440,-34.260
68761.81493, 3,  14.601,  4.059, 13.471, 4,  -2.037, -1.637,  6.206, 5,  29.940,-33.840,-36.240
68761.83524, 3,   5.993, 11.795, 16.058, 4,  -0.802,  2.392,  2.826, 5,  34.140,-33.660,-37.200
68761.93241, 3,   2.697, 16.126,  2.710, 4,   1.324, -1.600,  0.379, 5,  37.800,-33.240,-38.160
68762.03673, 3,  -4.604,  4.645,  1.430, 4,   0.234, -0.913,  3.905, 5,  40.500,-32.760,-39.180
68762.09064, 3,  -1.253,  9.589,  1.117, 4,  -0.619,  0.185,  3.647, 5,  41.880,-32.520,-40.380
68762.12962, 3,  -4.685, 13.021,  0.885, 4,  -0.122,  0.702,  4.331, 5,  42.360,-32.280,-41.940
68762.14986, 3,  -7.600, 12.885,  0.054, 4,  -0.047,  0.915,  4.533, 5,  41.940,-32.280,-44.040
68762.16982, 3,  -9.180, 16.208,  0.967, 4,  -0.007,  0.934,  4.725, 5,  41.160,-32.400,-46.200
68762.18988, 3,  -1.812, 17.870,  1.566, 4,   0.126,  1.870,  3.679, 5,  39.960,-33.000,-48.300
68762.21048, 3,  -2.670, 15.963,  2.779, 4,  -0.225,  2.242,  1.697, 5,  39.000,-33.900,-50.100
68762.23086, 3,  -6.143, 13.743,  2.343, 4,   0.007,  2.944,  0.702, 5,  38.520,-34.980,-51.540
68762.25154, 3,  -3.746,  8.417,  3.160, 4,   0.318,  2.507, -0.208, 5,  38.700,-36.180,-52.140
68762.27184, 3,  -0.409,  4.576,  2.806, 4,   1.053,  1.681, -4.514, 5,  39.420,-37.260,-52.140
68762.29205, 3,  -1.239,  3.487,  3.037, 4,   1.536,  1.736, -6.023, 5,  40.320,-37.800,-51.180
68762.31201, 3,  -2.206,  3.895,  2.901, 4,   2.176,  1.140, -6.711, 5,  41.700,-37.620,-49.680
68762.33214, 3,  -1.961,  7.369,  1.607, 4,   2.631,  0.474, -7.491, 5,  42.720,-36.900,-47.520
68762.35240, 3,  -4.236, 11.577,  0.613, 4,   2.754, -0.071, -8.382, 5,  44.040,-35.160,-44.760
68762.37240, 3,  -1.253, 15.554,  0.177, 4,   2.749, -0.897, -9.102, 5,  44.940,-32.820,-41.880
68762.39252, 3,   5.148, 17.543,  1.253, 4,   2.442, -1.100, -8.818, 5,  45.720,-30.060,-38.640
68762.41265, 3,   8.949, 18.537,  2.315, 4,   2.235, -1.260, -8.523, 5,  46.200,-26.940,-35.520
68762.43284, 3,  14.233, 19.028,  4.876, 4,   1.903, -1.376, -7.634, 5,  47.400,-23.280,-32.220
68762.45350, 3,  16.876, 13.988,  5.135, 4,   1.283, -2.724, -3.676, 5,  48.540,-19.440,-28.740
68762.47297, 3,  18.197,  8.962,  3.514, 4,   0.373, -3.097, -1.966, 5,  49.860,-15.480,-25.020
68762.49313, 3,  18.864,  6.224, -0.572, 4,  -0.223, -2.800, -0.104, 5,  51.000,-11.760,-21.300
68762.51328, 3,  19.191,  5.830, -3.936, 4,  -0.458, -1.874,  1.629, 5,  51.780, -7.860,-17.520
68762.53609, 3,  11.237,  8.799,-11.713, 4,  -0.565, -0.039,  2.827, 5,  52.020, -4.080,-13.860
68762.56156, 3,  -4.141, 14.165,-15.623, 4,  -4.826,  4.143,  3.349, 5,  51.660, -0.420,-10.440
68762.58038, 3,   7.682,  2.206,-17.570, 4,   3.940, -2.164,  9.963, 5,  50.460,  3.180, -7.440
68762.60047, 3,  13.607,  0.708, -4.004, 4,  -2.476,  2.062,  2.989, 5,  48.660,  6.180, -4.860
68762.62062, 3,  -1.335,  5.326, -2.084, 4,  -1.470, -0.646,  2.451, 5,  46.440,  8.520, -3.180
68762.64071, 3,   6.715,  7.845, -0.885, 4,  -1.179, -0.858,  3.826, 5,  43.800, 10.200, -1.860
68762.66089, 3,   9.534,  9.439,  4.767, 4,  -0.463, -1.058,  2.257, 5,  41.280, 11.040, -1.260
68762.68097, 3,   6.756, 12.354,  4.481, 4,   0.463, -0.735,  0.953, 5,  38.940, 11.100, -1.080
68762.70107, 3,   5.448, 15.936,  1.961, 4,   0.913, -1.174,  0.616, 5,  36.720, 10.560, -1.140
68762.72232, 3,   0.109, 17.734, -1.512, 4,   1.226, -1.033,  1.161, 5,  35.160,  9.660, -1.260
68762.74159, 3,  -4.931, 18.633, -4.086, 4,   0.879, -1.503,  1.344, 5,  34.080,  8.460, -1.380
68762.76137, 3, -11.332, 17.529, -3.827, 4,   0.601, -1.313,  1.750, 5,  33.060,  6.960, -1.680
68762.78147, 3, -15.432, 12.735, -1.961, 4,   0.582, -1.093,  2.402, 5,  32.400,  5.400, -1.860
68762.80152, 3,  -6.701,  4.563,  2.234, 4,   0.103, -1.315,  3.835, 5,  31.800,  3.840, -1.860
68762.82155, 3,   1.158,  9.357,  4.440, 4,  -0.183, -0.190,  4.266, 5,  31.080,  2.280, -1.920
68762.84168, 3,   0.994, 10.828,  2.996, 4,  -0.354,  0.995,  3.731, 5,  30.360,  0.660, -2.040
68762.86177, 3,  -3.378,  6.647,  1.893, 4,  -0.469,  0.417,  2.775, 5,  29.400, -0.960, -2.040
68762.88186, 3,  -2.860,  9.507,  0.994, 4,  -0.323, -0.529,  3.635, 5,  28.500, -2.460, -2.160
68762.90294, 3,  -6.333, 10.637,  1.444, 4,  -0.100,  0.538,  3.151, 5,  27.300, -4.020, -2.640
68762.92502, 3,  -9.929,  9.956,  0.054, 4,   0.028,  0.522,  3.642, 5,  26.160, -5.400, -3.060
68762.94275, 3,  -9.820, 11.032, -1.185, 4,  -0.268,  0.302,  3.719, 5,  24.780, -6.720, -3.360
68762.96281, 3,  -5.394, 15.282,  1.117, 4,   0.097,  1.089,  2.837, 5,  23.340, -7.980, -3.840
68762.98283, 3,  -1.171, 12.776,  2.697, 4,   0.261,  1.967,  1.658, 5,  21.960, -8.940, -4.260
68763.00289, 3,   0.014, 10.937,  1.771, 4,   0.484,  3.023,  0.676, 5,  20.460, -9.900, -4.560
68763.02299, 3,   1.090,  7.518,  3.691, 4,   0.797,  3.311, -0.688, 5,  19.080,-10.860, -4.680
68763.04664, 3,   1.117,  6.143,  5.026, 4,   1.198,  2.268, -4.202, 5,  17.460,-11.880, -5.100
68763.06563, 3,   1.117,  5.530,  4.631, 4,   1.640,  1.872, -5.607, 5,  15.900,-12.780, -5.400
68763.08568, 3,  -0.463,  5.748,  4.250, 4,   1.858,  1.058, -6.336, 5,  14.580,-13.620, -5.400
68763.10575, 3,  -0.627,  8.377,  2.765, 4,   2.177,  0.339, -6.969, 5,  13.560,-14.340, -5.520
68763.12745, 3,   0.627, 11.686,  2.765, 4,   2.360, -0.467, -7.621, 5,  12.660,-15.120, -5.580
68763.14627, 3,   3.446, 14.315, -0.504, 4,   2.326, -0.974, -8.038, 5,  12.060,-15.660, -5.640
68763.16620, 3,   5.938, 16.916, -0.899, 4,   2.314, -0.986, -8.176, 5,  11.760,-16.080, -5.520
68763.18697, 3,  10.311, 18.224, -0.545, 4,   2.166, -0.887, -7.730, 5,  12.060,-16.200, -5.280
68763.21005, 3,  14.928, 17.080,  1.103, 4,   1.956, -1.425, -4.999, 5,  12.420,-16.320, -5.100
68763.23205, 3,  17.216, 11.101,  4.386, 4,   1.592, -0.769, -3.299, 5,  13.320,-16.320, -4.740
68763.24919, 3,  18.374, 10.610,  3.092, 4,   0.799, -0.474, -1.770, 5,  14.340,-16.140, -4.500
68763.26900, 3,  18.946,  6.701,  3.310, 4,  -0.171, -1.115, -0.557, 5,  15.660,-15.840, -4.440
68763.28910, 3,  19.232,  5.121,  1.185, 4,  -0.221, -1.123,  1.634, 5,  17.160,-15.720, -4.140
68763.30918, 3,  17.679, 12.326, -1.321, 4,  -0.470, -0.074,  2.712, 5,  18.480,-15.780, -4.020
68763.33083, 3,  -0.926, 15.936,-10.420, 4,   0.161,  2.391,  1.267, 5,  19.860,-15.720, -3.840
68763.34937, 3,   9.289, 12.027,  4.536, 4,  -3.589,  1.892,  6.014, 5,  21.420,-15.780, -3.840
68763.37074, 3,  13.770,  6.442, 11.659, 4,  -1.862, -0.212,  4.467, 5,  22.620,-15.840, -3.900
68763.38957, 3,  10.351,  8.050,  8.594, 4,  -1.680, -0.649,  3.740, 5,  23.520,-15.960, -4.020
68763.40970, 3,  11.128,  9.453,  6.252, 4,  -1.487, -0.406,  3.576, 5,  24.240,-16.260, -4.260
68763.42997, 3,  10.529,  9.956,  4.958, 4,  -0.797, -0.613,  2.483, 5,  24.540,-16.440, -4.680
68763.44999, 3,   8.690, 11.359,  3.337, 4,  -0.289, -0.813,  1.629, 5,  24.540,-16.620, -4.980
68763.47012, 3,   7.736, 14.247,  2.847, 4,   0.195, -0.997,  1.164, 5,  24.180,-16.740, -5.340
68763.49015, 3,   5.094, 16.889, -1.185, 4,   0.759, -1.094,  0.644, 5,  23.460,-16.980, -5.760
68763.51030, 3,   0.531, 18.210, -4.631, 4,   1.027, -1.333,  0.863, 5,  22.560,-17.460, -6.300
68763.53030, 3,  -6.551, 18.864, -5.639, 4,   0.964, -1.361,  0.859, 5,  21.480,-18.060, -6.660
68763.55090, 3, -13.048, 19.191, -5.380, 4,   0.971, -1.516,  1.714, 5,  20.160,-18.540, -7.020
68763.57047, 3,  -9.643,  3.841, -2.901, 4,   0.398, -1.562,  3.151, 5,  18.600,-19.200, -7.440
68763.59112, 3,   3.419, 10.828,  4.209, 4,  -0.095, -0.010,  4.025, 5,  16.980,-19.860, -7.680
68763.61073, 3,   4.999, 11.455,  3.841, 4,  -0.175,  1.885,  3.340, 5,  15.060,-20.460, -8.040
68763.63370, 3,  -2.738,  5.257,  0.395, 4,  -0.489,  0.708,  2.095, 5,  13.140,-20.880, -8.280
68763.65083, 3,  -3.936,  7.205,  0.804, 4,  -0.689, -0.378,  2.535, 5,  11.100,-21.360, -8.520
68763.67093, 3,  -8.540,  8.431,  0.286, 4,  -0.377, -0.483,  2.423, 5,   8.940,-21.660, -8.760
68763.69104, 3, -10.624,  8.894, -1.376, 4,  -0.013,  0.149,  3.322, 5,   6.900,-21.960, -8.700
68763.71281, 3, -10.011, 11.264, -3.146, 4,  -0.501,  0.645,  2.628, 5,   5.100,-22.080, -8.820
68763.73168, 3,  -9.670, 10.733, -1.444, 4,  -0.276,  0.869,  1.990, 5,   3.180,-22.080, -8.820
68763.75198, 3,  -8.649, 14.152, -0.041, 4,   0.235,  1.761,  1.301, 5,   1.200,-22.020, -8.760
68763.77183, 3,  -3.895, 12.149,  1.130, 4,   0.387,  2.262,  0.453, 5,  -0.660,-21.900, -8.820
68763.79191, 3,  -3.882, 13.675,  1.022, 4,   0.736,  2.461, -1.313, 5,  -2.520,-22.020, -8.880
68763.81364, 3,   0.191,  9.384,  6.974, 4,   0.968,  2.045, -2.159, 5,  -4.080,-22.020, -8.940
68763.83227, 3,   0.531,  9.289,  7.164, 4,   1.527,  1.852, -3.336, 5,  -5.820,-22.200, -9.240
68763.85222, 3,   0.804, 10.065,  7.151, 4,   1.937,  1.731, -4.600, 5,  -7.380,-22.620, -9.600
68763.87324, 3,   1.158, 10.719,  6.606, 4,   2.050,  1.184, -5.409, 5,  -8.640,-23.220,-10.020
68763.89271, 3,   1.130, 12.585,  5.053, 4,   2.188,  0.258, -6.889, 5,  -9.540,-23.760,-10.200
68763.91249, 3,   1.607, 14.519,  4.045, 4,   2.047, -0.562, -7.537, 5,  -9.900,-24.720,-10.260
68763.93419, 3,   2.779, 17.025,  2.601, 4,   1.907, -1.341, -7.844, 5,  -9.540,-25.800,-10.380
68763.95689, 3,   5.870, 18.279,  1.594, 4,   1.679, -2.238, -7.575, 5,  -8.280,-27.060,-10.140
68763.97433, 3,  10.610, 18.891,  0.749, 4,   1.259, -3.080, -6.772, 5,  -6.540,-27.960,-10.020
68763.99573, 3,  15.064, 15.718,  0.763, 4,   0.987, -3.680, -5.482, 5,  -4.140,-28.800, -9.840
68764.01874, 3,  17.298, 10.801, -0.763, 4,   0.780, -2.927, -2.169, 5,  -1.260,-29.340, -9.840
68764.03673, 3,  18.415,  7.818, -0.913, 4,   0.144, -1.386, -0.777, 5,   1.740,-29.880, -9.720
68764.05597, 3,  18.960,  6.075, -1.893, 4,  -0.541, -0.310,  0.301, 5,   4.920,-30.480, -9.660
68764.07612, 3,  19.246,  3.732, -3.269, 4,  -0.609,  0.924,  1.702, 5,   8.460,-31.140, -9.720
68764.09612, 3,  16.862, 11.632,-10.569, 4,  -0.451,  2.129,  2.627, 5,  11.820,-31.860, -9.840
68764.11838, 3,  -1.335, 15.568,-15.064, 4,  -0.912,  3.731,  1.535, 5,  15.300,-32.460, -9.840
68764.13688, 3,   9.085,  7.246,  2.220, 4,  -2.899,  3.330,  6.026, 5,  18.660,-33.240, -9.840
68764.15695, 3,  13.280,  1.417, 10.869, 4,  -0.788,  0.816,  9.468, 5,  21.540,-33.960, -9.900
68764.17716, 3,   7.968,  5.189, 13.511, 4,  -1.466,  0.740,  3.789, 5,  24.000,-34.560,-10.020
68764.19876, 3,  10.583,  7.764, 14.737, 4,  -1.216, -0.554,  3.614, 5,  25.740,-35.040,-10.200
68764.21731, 3,  13.607,  9.670,  7.668, 4,  -0.773, -0.530,  2.327, 5,  27.120,-35.520,-10.680
68764.23743, 3,   9.248, 11.019,  4.754, 4,  -0.162, -0.658,  1.247, 5,  27.900,-35.520,-11.100
68764.25752, 3,   7.382, 13.784,  4.250, 4,   0.309, -0.903,  1.061, 5,  28.020,-35.520,-11.700
68764.27760, 3,   4.113, 16.658,  0.245, 4,   0.935, -1.031,  0.843, 5,  27.540,-35.400,-12.660
68764.29768, 3,   0.804, 18.088, -3.964, 4,   1.220, -1.315,  1.232, 5,  26.400,-35.640,-13.500
68764.31777, 3,  -5.898, 18.810, -6.892, 4,   1.004, -1.387,  0.961, 5,  24.660,-35.940,-14.160
68764.33788, 3, -12.721, 19.164, -5.884, 4,   0.640, -1.580,  1.364, 5,  22.560,-36.600,-14.760
68764.35790, 3, -11.005,  5.625, -2.574, 4,   0.873, -0.920,  1.814, 5,  20.280,-37.320,-15.060
68764.37941, 3,   1.839, 10.188,  4.222, 4,  -0.038,  0.440,  3.782, 5,  17.820,-38.040,-15.240
68764.39811, 3,   2.983, 10.992,  4.045, 4,  -0.236,  1.695,  3.125, 5,  14.820,-38.820,-15.300
68764.42047, 3,  -3.174,  5.530,  1.539, 4,  -0.492,  0.131,  2.591, 5,  12.060,-39.600,-15.360
68764.43832, 3,  -6.061,  9.711,  1.376, 4,  -0.683, -0.972,  2.350, 5,   9.120,-40.200,-15.300
68764.45904, 3, -12.803,  8.540, -0.123, 4,  -0.350, -1.079,  1.767, 5,   6.180,-40.620,-15.240
68764.48214, 3, -14.628,  5.543, -1.158, 4,  -0.238, -1.008,  2.675, 5,   3.660,-40.920,-14.940
68764.50231, 3, -12.531,  6.156, -1.444, 4,  -0.138, -1.378,  2.859, 5,   1.260,-40.860,-14.460
68764.52273, 3,  -9.166, 10.065, -0.436, 4,   0.133, -0.169,  1.376, 5,  -0.900,-40.800,-13.920
68764.54243, 3,  -5.666, 13.348,  2.002, 4,   0.817,  1.575,  0.845, 5,  -2.880,-40.560,-13.320
68764.56434, 3,  -6.007, 15.732, -0.572, 4,   0.732,  1.910, -0.460, 5,  -4.740,-40.500,-12.780
68764.58283, 3,  -2.479, 14.914,  2.942, 4,   0.697,  1.428, -1.574, 5,  -6.300,-40.260,-12.120
68764.60726, 3,   3.555, 13.757,  4.781, 4,   0.763,  0.752, -2.101, 5,  -7.680,-40.080,-11.340
68764.62789, 3,   2.697, 13.579,  3.923, 4,   0.699,  1.031, -3.651, 5,  -8.760,-39.840,-10.680
68764.65799, 3,   3.337, 12.762,  4.645, 4,   0.624,  1.593, -5.837, 5,  -9.420,-39.720,-10.320
68764.68751, 3,   2.166, 13.688,  3.432, 4,   1.000,  1.732, -7.498, 5,  -9.720,-39.480, -9.720
68764.70755, 3,   0.722, 15.377,  2.724, 4,   1.222,  0.882, -7.992, 5,  -8.400,-38.940, -8.880
68764.72762, 3,   1.553, 17.448,  1.362, 4,   1.395, -0.257, -8.023, 5,  -6.720,-38.460, -8.400
68764.75057, 3,   8.581, 18.483,  1.839, 4,   1.279, -1.785, -7.442, 5,  -4.620,-37.800, -7.740
68764.76773, 3,  14.056, 19.000,  2.138, 4,   0.755, -2.936, -6.365, 5,  -1.860,-37.080, -7.020
68764.78785, 3,  16.794, 15.922,  0.218, 4,   0.591, -3.626, -5.243, 5,   1.140,-36.360, -6.420
68764.81076, 3,  18.156,  9.384, -1.362, 4,   0.382, -3.050, -1.046, 5,   4.260,-35.220, -6.060
68764.82860, 3,  18.837,  5.516, -3.160, 4,   0.534, -0.781,  0.385, 5,   7.740,-34.320, -5.880
68764.84814, 3,  19.191,  5.612, -3.582, 4,  -0.034,  1.497,  1.496, 5,  11.460,-33.360, -5.580
68764.86825, 3,  19.355,  4.767, -3.746, 4,  -0.630,  2.527,  2.173, 5,  14.940,-32.460, -5.340
68764.88827, 3,   8.336,  5.598, -6.061, 4,  -1.051,  3.839,  1.457, 5,  18.600,-31.680, -4.980
68764.90865, 3,  -5.598, 12.558,-12.803, 4,  -1.156,  1.761,  0.740, 5,  21.840,-30.900, -4.560
68764.92863, 3,   6.960,  6.701, -1.321, 4,  -3.472,  0.945,  9.841, 5,  24.720,-30.300, -4.260
68764.94875, 3,   4.141,  5.394,  9.071, 4,  -2.005, -0.783,  5.466, 5,  26.940,-29.940, -3.960
68764.96873, 3,   3.895,  8.063,  7.968, 4,  -1.036,  0.661,  3.680, 5,  28.500,-29.580, -3.600
68764.98985, 3,   8.404,  7.941,  4.290, 4,  -0.924, -0.796,  3.038, 5,  29.760,-29.100, -3.600
68765.01179, 3,  10.474, 10.501,  6.143, 4,  -0.272, -0.692,  1.692, 5,  30.300,-28.740, -3.600
68765.02967, 3,   6.987, 13.688,  3.623, 4,   0.321, -0.936,  1.316, 5,  30.120,-28.620, -3.780
68765.05015, 3,   3.977, 16.603,  2.520, 4,   0.734, -1.402,  0.880, 5,  29.640,-28.440, -4.140
68765.06989, 3,   0.667, 18.061, -1.566, 4,   1.075, -1.348,  1.463, 5,  28.620,-28.560, -4.500
68765.08997, 3,  -2.384, 18.796, -4.045, 4,   1.011, -1.504,  1.338, 5,  27.120,-28.920, -4.800
68765.11018, 3, -10.964, 19.150, -2.928, 4,   0.833, -1.735,  1.145, 5,  25.440,-29.340, -5.160
68765.13027, 3, -15.255,  9.357, -0.940, 4,   1.046, -1.453,  1.878, 5,  23.400,-30.060, -5.160
68765.15040, 3,   0.967,  5.339,  3.351, 4,   0.691, -1.191,  3.354, 5,  21.180,-30.720, -4.980
68765.17079, 3,   6.034, 10.951,  5.176, 4,  -0.320,  1.007,  3.010, 5,  18.600,-31.380, -4.860
68765.19057, 3,  -0.463, 10.597,  2.506, 4,  -0.843, -0.853,  2.046, 5,  15.900,-32.040, -4.740
68765.21066, 3,  -2.819, 13.293,  4.318, 4,  -0.679, -2.241,  3.032, 5,  13.260,-32.580, -4.740
68765.23071, 3,  -6.742, 15.296,  2.765, 4,  -0.210, -1.758,  3.032, 5,  10.440,-33.180, -4.680
68765.25152, 3, -10.065, 12.449,  0.395, 4,   0.108, -0.864,  3.793, 5,   7.620,-33.540, -4.740
68765.27092, 3,  -8.254, 11.128, -0.436, 4,   0.046, -0.310,  4.792, 5,   5.280,-33.420, -4.500
68765.29099, 3,  -4.059, 12.286, -0.082, 4,  -0.232,  0.431,  4.736, 5,   2.880,-33.180, -4.260
68765.31418, 3,  -3.105, 15.868,  0.994, 4,  -0.330,  2.371,  2.274, 5,   0.240,-32.940, -4.020
68765.33173, 3,  -3.718, 14.615,  2.915, 4,  -0.111,  3.352,  1.941, 5,  -2.160,-32.520, -3.900
68765.35135, 3,  -1.948, 11.959,  3.160, 4,   0.237,  3.340,  0.620, 5,  -4.500,-31.860, -3.840
68765.37139, 3,  -1.948,  8.935,  1.621, 4,   0.327,  2.937, -2.016, 5,  -6.780,-31.440, -3.720
68765.39150, 3,   1.022,  5.353,  4.454, 4,   0.571,  2.620, -3.712, 5,  -8.700,-30.960, -3.900
68765.41159, 3,  -1.117,  3.024,  3.923, 4,   1.242,  1.953, -5.172, 5, -10.440,-30.540, -4.320
68765.43221, 3,  -0.449,  5.285,  3.378, 4,   1.582,  1.232, -6.178, 5, -12.000,-30.420, -4.560
68765.45245, 3,  -0.123,  7.546,  1.662, 4,   1.801,  0.349, -6.699, 5, -12.900,-30.480, -5.040
68765.47259, 3,   0.572, 10.964, -0.477, 4,   1.948, -0.190, -7.421, 5, -13.260,-30.600, -5.520
68765.49456, 3,   3.146, 13.593, -1.703, 4,   1.603, -1.178, -8.422, 5, -12.720,-30.840, -5.820
68765.51284, 3,   4.318, 16.249, -2.642, 4,   1.453, -1.016, -8.642, 5, -11.460,-31.080, -6.060
68765.53317, 3,   8.676, 17.884, -2.697, 4,   1.315, -0.975, -8.037, 5,  -9.900,-31.140, -6.180
68765.55315, 3,  14.097, 18.701, -0.586, 4,   1.128, -1.002, -6.834, 5,  -7.560,-30.900, -6.300
68765.57313, 3,  16.808, 14.519,  1.199, 4,   1.539, -1.030, -5.163, 5,  -4.680,-30.600, -6.360
68765.59325, 3,  18.170,  9.126,  0.872, 4,   1.881, -1.053, -3.094, 5,  -1.440,-30.240, -6.720
68765.61337, 3,  18.851,  8.104,  0.041, 4,   1.570, -0.972, -1.338, 5,   2.220,-30.000, -7.020
68765.63353, 3,  19.191,  6.347, -0.245, 4,   0.495, -0.074, -0.403, 5,   6.180,-29.760, -7.080
68765.65362, 3,  19.355,  7.464, -2.670, 4,  -0.387,  0.207,  1.097, 5,  10.380,-29.640, -7.140
68765.67476, 3,  -0.082, 13.498,-11.101, 4,  -0.093,  2.146,  0.694, 5,  14.460,-29.760, -7.080
68765.69376, 3,  -7.573,  1.634,  4.209, 4,  -4.610,  1.290,  7.493, 5,  18.300,-29.760, -6.900
68765.71386, 3,   5.966, -2.424,  7.627, 4,  -0.013, -0.802,  9.069, 5,  21.600,-30.000, -6.720
68765.75821, 3,   9.807,  6.987, 11.591, 4,  -1.641, -1.002,  4.345, 5,  24.360,-30.180, -6.480
68765.78143, 3,   8.254,  7.314,  6.946, 4,  -0.792, -0.584,  2.516, 5,  26.580,-30.300, -6.420
68765.80133, 3,   7.641, 10.093,  4.903, 4,  -0.374, -0.973,  1.861, 5,  27.720,-30.360, -6.540
68765.84981, 3,   4.222, 17.965, -1.989, 4,   0.542, -1.043,  1.281, 5,  28.440,-30.240, -6.600
68765.88441, 3,  -1.403, 18.742, -3.065, 4,   1.092, -0.836,  1.184, 5,  28.320,-30.120, -6.900
68765.90321, 3,  -9.384, 18.919, -3.024, 4,   1.088, -1.260,  1.102, 5,  26.820,-30.300, -7.440
68765.92330, 3, -14.465, 17.175, -1.880, 4,   1.233, -1.866,  1.779, 5,  25.260,-30.600, -7.680
68765.94517, 3,   8.785, 11.155,  3.432, 4,   0.476, -0.961,  2.826, 5,  23.160,-31.080, -8.040
68765.96348, 3,   8.785, 11.155,  3.432, 4,   0.466,  1.415,  2.673, 5,  20.580,-31.800, -8.040
68765.98355, 3,   6.156, 11.536,  3.337, 4,   0.341,  2.663,  2.550, 5,  17.760,-32.520, -7.980
68766.00362, 3,  -3.800, 13.893,  1.103, 4,  -0.354,  1.780,  3.608, 5,  14.820,-33.240, -8.100
68766.02502, 3,  -7.423, 14.642, -0.708, 4,  -0.724,  1.541,  3.354, 5,  11.340,-33.960, -8.100
68766.04518, 3,  -9.058, 14.519, -0.627, 4,  -0.869,  1.510,  3.277, 5,   7.980,-34.440, -8.100
68766.06726, 3, -10.052, 16.876,  0.558, 4,  -0.966,  0.698,  3.302, 5,   4.620,-34.920, -8.280
68766.09245, 3,  -7.055, 17.652,  1.280, 4,  -0.426,  0.186,  3.020, 5,   1.500,-34.860, -8.280
68766.11016, 3,  -6.211, 15.282,  3.024, 4,  -0.424,  0.207,  2.182, 5,  -1.500,-34.620, -8.340
68766.12859, 3,  -4.862, 14.329,  4.086, 4,  -0.025,  0.909,  1.539, 5,  -4.140,-34.080, -8.340
68766.14900, 3,   0.504, 10.052,  4.672, 4,   0.548,  1.388,  0.787, 5,  -6.120,-33.540, -8.280
68766.17064, 3,   1.430,  6.415,  4.931, 4,   0.889,  1.407, -1.804, 5,  -8.100,-32.940, -8.220
68766.19040, 3,  -0.858,  5.530,  4.481, 4,   1.126,  1.697, -4.116, 5,  -9.900,-32.340, -8.220
68766.21074, 3,  -1.580,  6.047,  4.767, 4,   1.482,  1.429, -5.690, 5, -11.160,-31.980, -8.280
68766.23567, 3,  -0.095,  6.497,  4.045, 4,   1.910,  0.228, -7.182, 5, -12.240,-31.680, -8.400
68766.25339, 3,  -0.422,  8.853,  2.547, 4,   2.065, -0.020, -7.931, 5, -12.840,-31.620, -8.640
68766.27357, 3,  -0.204, 11.046,  1.008, 4,   2.101, -0.718, -8.265, 5, -12.720,-31.680, -8.700
68766.29375, 3,   1.348, 12.544,  0.054, 4,   1.922, -1.211, -8.455, 5, -11.940,-31.740, -8.700
68766.31431, 3,   3.609, 15.391, -0.994, 4,   1.870, -1.005, -8.438, 5, -10.500,-31.860, -8.640
68766.33414, 3,   8.036, 17.461, -1.498, 4,   1.705, -1.143, -7.780, 5,  -8.520,-31.740, -8.640
68766.36154, 3,  16.658, 12.000,  3.187, 4,   1.517, -1.386, -4.832, 5,  -5.760,-31.500, -8.400
68766.37823, 3,  16.658, 12.000,  3.187, 4,   1.436, -0.307, -3.119, 5,  -2.640,-31.260, -8.100
68766.39648, 3,  18.088, 10.392,  2.384, 4,   0.575,  0.082, -1.390, 5,   0.720,-30.900, -7.680
68766.41577, 3,  18.810,  8.268,  2.738, 4,  -0.265,  0.358,  0.122, 5,   4.260,-30.780, -7.260
68766.43592, 3,  19.164,  5.285,  1.539, 4,  -0.425,  0.924,  2.073, 5,   8.100,-30.600, -6.900
68766.45582, 3,  14.329, 12.408, -4.127, 4,  -0.969,  1.610,  1.382, 5,  11.880,-30.840, -6.480
68766.47592, 3,  -2.601, 15.963,-11.836, 4,  -0.362,  2.013,  3.537, 5,  15.540,-30.960, -6.000
68766.49610, 3,   8.458, 17.611,-15.677, 4,  -1.689,  0.803,  9.967, 5,  18.840,-31.500, -5.880
68766.51775, 3,  10.011,  9.997,-15.023, 4,  -4.055,  0.336,  3.809, 5,  21.660,-32.040, -5.700
68766.53887, 3,  11.496,  9.098, -4.794, 4,  -1.547, -0.432,  4.228, 5,  23.760,-32.460, -5.280
68766.55690, 3,   9.507, 10.815,  0.368, 4,  -0.812, -0.500,  2.501, 5,  25.320,-32.820, -5.280
68766.57648, 3,   7.954, 13.443,  1.920, 4,  -0.155, -0.656,  1.426, 5,  26.400,-33.060, -5.280
68766.59657, 3,   7.273, 16.481,  1.580, 4,   0.336, -1.060,  1.336, 5,  27.060,-33.060, -5.460
68766.61673, 3,   1.417, 18.006, -2.452, 4,   0.963, -1.226,  0.573, 5,  26.880,-33.240, -5.880
68766.63723, 3,  -4.590, 18.769, -5.734, 4,   1.086, -1.473,  1.093, 5,  26.160,-33.240, -6.300
68766.65741, 3, -12.054, 19.150, -0.899, 4,   0.881, -1.467,  1.073, 5,  24.960,-33.420, -6.660
68766.67788, 3, -15.541,  8.159, -1.471, 4,   0.591, -2.420,  1.387, 5,  23.220,-33.840, -7.080
68766.69806, 3,   0.722,  5.666,  4.931, 4,   0.649, -1.300,  2.053, 5,  21.180,-34.380, -7.320
68766.71880, 3,   7.736, 10.678,  5.380, 4,  -0.393,  0.215,  4.556, 5,  18.720,-35.100, -7.560
68766.73829, 3,   1.253,  7.886,  2.356, 4,  -0.587,  0.300,  3.596, 5,  16.020,-35.700, -7.800
68766.75834, 3,   1.417, 13.116,  0.735, 4,  -0.851, -0.725,  4.653, 5,  12.840,-36.300, -7.980
68766.77894, 3,  -4.876, 15.377, -0.354, 4,  -0.852, -1.189,  4.019, 5,   9.720,-36.600, -8.040
68766.79930, 3,  -8.581, 13.416, -0.177, 4,  -0.639, -0.381,  4.209, 5,   6.480,-36.840, -7.980
68766.81920, 3,  -7.791, 12.245, -0.409, 4,  -0.431,  0.248,  4.983, 5,   3.180,-36.540, -7.740
68766.83965, 3,  -6.306, 14.451, -0.627, 4,  -0.246,  0.200,  5.260, 5,   0.120,-36.060, -7.560
68766.85980, 3,  -5.475, 16.985,  0.695, 4,  -0.360,  0.296,  4.798, 5,  -2.820,-35.340, -7.440
68766.88188, 3,  -5.380, 14.914,  2.029, 4,  -0.177,  2.042,  2.593, 5,  -5.580,-34.320, -7.200
68766.90036, 3,  -5.666, 13.757,  3.024, 4,   0.002,  2.544,  1.975, 5,  -8.280,-33.120, -6.960
68766.92071, 3,  -2.084,  9.153,  2.833, 4,   0.510,  2.673,  0.569, 5, -11.100,-32.040, -6.660
68766.94159, 3,   0.218,  4.045,  3.174, 4,   0.787,  2.355, -1.876, 5, -13.560,-30.720, -6.540
68766.96190, 3,  -1.607,  2.275,  3.378, 4,   1.083,  2.504, -4.392, 5, -15.960,-29.640, -6.540
68766.98222, 3,  -3.228,  2.288,  3.541, 4,   1.699,  2.269, -6.191, 5, -17.940,-28.860, -6.660
68767.00248, 3,  -1.471,  4.059,  4.059, 4,   2.219,  1.338, -7.088, 5, -19.620,-28.260, -6.960
68767.02238, 3,  -1.362,  8.022,  2.792, 4,   2.542,  0.564, -7.861, 5, -20.940,-27.960, -7.320
68767.04684, 3,  -2.697, 11.305,  1.689, 4,   2.412, -0.786, -9.095, 5, -21.600,-27.900, -7.620
68767.06354, 3,  -1.539, 14.942,  0.449, 4,   2.169, -1.634, -8.915, 5, -21.360,-28.020, -7.860
68767.08337, 3,   3.637, 17.230,  0.163, 4,   1.923, -1.619, -8.536, 5, -20.340,-28.320, -7.740
68767.10360, 3,   8.663, 18.387, -0.586, 4,   1.637, -1.272, -8.060, 5, -18.660,-28.740, -7.680
68767.12400, 3,  13.716, 18.960,  1.675, 4,   1.198, -1.319, -7.111, 5, -16.380,-29.100, -7.560
68767.14500, 3,  16.617, 17.094,  1.730, 4,   1.183, -1.559, -5.352, 5, -13.140,-29.520, -7.260
68767.16666, 3,  18.074, 12.081,  2.057, 4,   1.087, -2.111, -3.619, 5,  -9.480,-29.880, -6.960
68767.19038, 3,  19.164,  6.511, -1.798, 4,   0.233, -1.016,  0.125, 5,  -5.580,-30.420, -6.660
68767.20561, 3,  19.164,  6.511, -1.798, 4,  -0.336, -0.227,  1.399, 5,  -1.560,-31.200, -6.240
68767.22561, 3,  19.355,  5.285, -3.895, 4,  -0.237,  1.261,  2.810, 5,   2.460,-32.160, -5.760
68767.24627, 3,   9.371,  6.320, -7.341, 4,  -1.931,  2.460,  1.542, 5,   6.420,-33.240, -5.220
68767.26658, 3,  -5.080, 12.926,  6.088, 4,  -6.299,  6.041,  7.073, 5,  10.140,-34.500, -4.680
68767.28666, 3,   7.219,  2.697, -6.715, 4,   0.717, -1.272,  9.058, 5,  13.140,-35.820, -4.140
68767.30684, 3,  11.196, 10.583, -6.837, 4,  -0.394,  2.213,  3.672, 5,  15.480,-36.960, -3.600
68767.32676, 3,  12.204,  8.635, -3.773, 4,  -1.127, -0.540,  3.680, 5,  17.400,-37.980, -3.300
68767.35209, 3,  12.640, 11.891, -0.409, 4,  -0.338, -0.742,  1.915, 5,  18.660,-38.640, -3.000
68767.37046, 3,   7.505, 14.301,  2.302, 4,   0.401, -0.790,  1.181, 5,  19.320,-39.000, -2.880
68767.38707, 3,   2.806, 16.916, -1.171, 4,   1.071, -0.930,  0.701, 5,  19.200,-39.360, -2.820
68767.40791, 3,   0.967, 18.224, -4.794, 4,   1.304, -1.494,  1.190, 5,  18.600,-39.420, -2.820
68767.42779, 3,  -9.289, 18.864, -7.014, 4,   1.283, -1.388,  0.918, 5,  17.340,-39.540, -2.880
68767.44858, 3, -14.410, 19.191, -3.541, 4,   1.110, -1.682,  1.265, 5,  15.660,-39.780, -3.000
68767.46883, 3,  -1.212,  3.037,  0.899, 4,   1.139, -1.875,  1.977, 5,  13.440,-40.260, -2.880
68767.48928, 3,   9.153, 10.515,  5.312, 4,   0.588, -1.703,  3.471, 5,  10.800,-40.800, -2.700
68767.51136, 3,   6.129, 10.556,  2.601, 4,  -0.254,  0.470,  3.779, 5,   7.740,-41.280, -2.460
68767.52945, 3,   7.396, 14.928,  2.601, 4,  -0.378, -1.349,  4.572, 5,   4.500,-41.760, -2.340
68767.54971, 3,   2.520, 16.018,  2.234, 4,  -0.612, -0.951,  4.293, 5,   1.080,-42.000, -2.100
68767.57034, 3,  -5.217, 14.547,  0.667, 4,  -0.382, -0.711,  3.973, 5,  -2.400,-42.000, -1.920
68767.59248, 3,  -6.715, 13.021,  0.558, 4,  -0.206,  0.221,  4.821, 5,  -6.000,-41.820, -1.560
68767.60967, 3,  -6.606, 12.599,  0.422, 4,   0.017,  0.546,  5.313, 5,  -9.120,-41.160, -1.200
68767.62961, 3,  -6.347, 13.511,  0.109, 4,   0.106,  0.767,  5.277, 5, -12.180,-40.260, -0.840
68767.65229, 3,  -4.944, 16.508,  0.613, 4,   0.115,  0.934,  4.940, 5, -15.360,-38.880, -0.240
68767.67406, 3,  -1.948, 16.753,  1.852, 4,   0.002,  2.085,  3.027, 5, -18.240,-37.440,  0.360
68767.69282, 3,  -1.444, 15.500,  3.868, 4,  -0.022,  2.659,  2.089, 5, -21.180,-35.880,  0.780
68767.71228, 3,  -0.654, 10.351,  3.160, 4,   0.210,  2.750,  0.377, 5, -23.940,-34.080,  0.960
68767.73234, 3,  -0.926,  4.794,  4.386, 4,   0.361,  1.867, -2.028, 5, -26.940,-32.340,  0.480
68767.75257, 3,  -0.654,  2.833,  4.699, 4,   0.802,  1.584, -3.912, 5, -29.640,-30.840,  0.120
68767.77269, 3,  -0.422,  2.452,  3.991, 4,   1.256,  1.332, -5.826, 5, -32.460,-29.760, -0.420
68767.79445, 3,  -0.477,  3.283,  3.964, 4,   1.464,  1.378, -7.227, 5, -34.740,-29.040, -1.260
68767.81270, 3,  -0.831,  6.483,  1.907, 4,   1.824,  1.567, -8.248, 5, -36.540,-28.680, -2.220
68767.83420, 3,  -1.730, 10.420,  0.858, 4,   1.953,  0.169, -9.193, 5, -37.260,-28.980, -3.420
68767.85290, 3,  -1.948, 13.035, -0.068, 4,   1.793, -0.807, -9.277, 5, -37.200,-29.640, -4.320
68767.87326, 3,   0.899, 15.609, -0.531, 4,   1.702, -1.392, -9.074, 5, -36.300,-30.720, -5.220
68767.89323, 3,   5.979, 17.570, -0.722, 4,   1.651, -1.309, -8.656, 5, -34.440,-32.040, -6.000
68767.91392, 3,  11.250, 18.537, -0.354, 4,   1.195, -1.880, -7.900, 5, -31.320,-33.600, -6.600
68767.93468, 3,  15.391, 19.028,  2.438, 4,   0.841, -2.363, -6.330, 5, -27.420,-35.280, -7.140
68767.95382, 3,  17.461, 14.410,  1.920, 4,   0.919, -3.205, -4.630, 5, -22.680,-36.900, -7.560
68767.97391, 3,  18.496,  8.635, -0.831, 4,   0.675, -3.534, -2.467, 5, -17.340,-38.940, -8.040
68767.99632, 3,  19.014,  5.053, -3.936, 4,   0.529, -0.687,  1.142, 5, -11.940,-41.160, -8.640
68768.01857, 3,  19.395, 11.046,-13.634, 4,   0.835,  1.775,  2.333, 5,  -6.300,-43.500, -9.120
68768.03422, 3,  19.395, 11.046,-13.634, 4,  -0.261,  3.852,  0.264, 5,  -0.780,-46.140, -9.180
68768.05434, 3,  -0.054, 15.282,  2.928, 4,  -5.589,  6.345,  5.128, 5,   4.980,-48.960, -8.940
68768.07441, 3,   9.725,  4.440, -8.295, 4,   1.059, -3.134,  9.822, 5,   9.780,-51.600, -8.820
68768.09444, 3,  14.628,  7.546,-13.920, 4,   0.284,  2.079,  4.066, 5,  13.680,-54.180, -8.820
68768.11458, 3,   3.691, 11.019,-16.726, 4,  -0.702, -0.350,  2.613, 5,  16.980,-56.340, -8.760
68768.13466, 3,   9.861,  9.956, -7.695, 4,  -0.881, -0.824,  4.219, 5,  19.500,-58.140, -8.880
68768.16113, 3,   7.409, 14.356,  1.280, 4,   0.545, -0.821,  1.186, 5,  21.060,-59.340, -8.880
68768.17617, 3,   3.105, 16.944, -1.158, 4,   1.186, -0.865,  0.878, 5,  21.780,-60.240, -9.000
68768.19998, 3,  -0.572, 18.238, -4.576, 4,   1.377, -1.393,  1.159, 5,  21.780,-60.900, -9.060
68768.22299, 3, -10.052, 18.878, -6.878, 4,   1.358, -1.519,  0.937, 5,  21.120,-61.560, -9.120
68768.24533, 3, -14.805, 18.810, -4.141, 4,   1.309, -1.736,  1.288, 5,  19.320,-62.100, -9.120
68768.26304, 3,   2.356,  5.475,  1.498, 4,   1.303, -2.342,  2.412, 5,  16.800,-62.640, -9.060
68768.28411, 3,  10.937, 10.774,  5.230, 4,   0.177,  0.903,  4.263, 5,  13.200,-63.360, -8.700
68768.30433, 3,   1.607, 11.768,  2.084, 4,  -0.300,  0.640,  3.743, 5,   9.000,-64.080, -8.340
68768.32385, 3,   4.263, 15.650,  1.144, 4,  -0.648, -0.472,  5.236, 5,   4.440,-64.560, -7.860
68768.34457, 3,  -1.689, 16.876,  1.294, 4,  -0.667, -1.081,  4.503, 5,  -0.540,-64.980, -7.260
68768.36463, 3,  -5.489, 15.405,  0.245, 4,  -0.414, -0.531,  4.984, 5,  -5.760,-65.040, -6.720
68768.38474, 3,  -4.032, 13.852,  0.831, 4,  -0.288,  0.065,  5.697, 5, -11.280,-64.620, -6.000
68768.40478, 3,  -4.345, 13.961,  0.831, 4,  -0.163,  0.603,  5.674, 5, -16.560,-63.840, -5.280
68768.42484, 3,  -7.627, 15.119, -0.300, 4,  -0.253,  0.993,  5.104, 5, -21.300,-62.460, -4.320
68768.44596, 3, -10.311, 15.786,  0.150, 4,  -0.583,  1.029,  4.468, 5, -26.040,-60.600, -3.600
68768.46511, 3,  -4.604, 16.249,  4.740, 4,   0.089,  1.809,  3.841, 5, -30.480,-58.440, -2.640
68768.48515, 3,   1.798, 13.266,  5.094, 4,   0.543,  2.078,  2.379, 5, -34.860,-56.100, -1.920
68768.59398, 3,  -1.580,  6.633,  2.969, 4,   2.767,  1.547, -8.478, 5, -39.060,-53.460, -1.620
68768.62349, 3,  -2.098, 11.986,  1.553, 4,   2.818,  0.717, -8.995, 5, -43.200,-50.940, -1.740
68768.64482, 3,  -0.790, 14.628,  1.703, 4,   2.145, -1.129, -9.241, 5, -44.400,-52.140, -2.880
68768.66373, 3,   1.444, 16.658,  0.831, 4,   1.912, -1.362, -9.082, 5, -42.720,-53.100, -3.060
68768.68659, 3,   5.257, 18.088, -0.027, 4,   1.717, -1.449, -8.617, 5, -38.940,-53.340, -3.120
68768.70707, 3,  10.065, 18.810,  0.218, 4,   1.336, -1.779, -7.905, 5, -33.840,-52.500, -3.180
68768.73501, 3,  17.162, 17.053,  2.084, 4,   1.021, -2.879, -5.110, 5, -28.080,-51.240, -3.300
68768.77098, 3,  18.932,  6.892, -2.234, 4,   0.570, -3.082, -0.611, 5, -21.780,-49.680, -3.600
68768.79062, 3,  19.232,  2.738, -3.936, 4,   0.478, -1.185,  0.932, 5,  -7.800,-46.560, -5.100
68768.81324, 3,  12.435, 10.229,-11.741, 4,   0.133,  1.311,  2.310, 5,  -0.360,-45.480, -6.060
68768.83323, 3,  -3.541, 14.873,  3.895, 4,  -2.284,  3.488,  3.615, 5,   7.320,-44.940, -6.780
68768.87571, 3,  13.757, -5.121,-13.675, 4,  -2.377, -0.060,  7.131, 5,  15.060,-44.940, -7.440
68768.90534, 3,  14.424,  7.192,-12.667, 4,  -0.685, -0.050,  3.360, 5,  22.320,-45.780, -7.800
68768.92542, 3,  13.348, 10.951,  0.218, 4,  -0.597, -0.386,  3.073, 5,  35.640,-48.840, -8.220
68768.95151, 3,   9.098, 13.293,  3.432, 4,   0.437, -0.604,  1.055, 5,  42.000,-50.340, -7.980
68768.97181, 3,   4.168, 16.413,  1.294, 4,   1.402, -0.451,  0.626, 5,  45.420,-49.020, -7.500
68768.99239, 3,  -2.206, 17.965, -4.576, 4,   1.648, -0.994,  0.632, 5,  47.460,-47.280, -7.260
68769.01177, 3, -10.869, 18.742, -7.968, 4,   1.367, -1.564,  0.530, 5,  48.000,-45.600, -7.440
68769.03229, 3, -15.200, 13.334, -2.833, 4,   1.189, -2.118,  1.531, 5,  46.980,-44.460, -7.920
68769.05243, 3,   2.152,  4.631,  5.693, 4,   0.961, -2.447,  3.906, 5,  44.700,-44.640, -8.220
68769.07253, 3,  10.842, 11.959,  6.224, 4,  -0.314, -2.271,  5.678, 5,  41.700,-45.420, -8.340
68769.09337, 3,   8.676, 15.745,  4.931, 4,  -0.144, -1.363,  6.447, 5,  37.980,-46.740, -8.460
68769.11577, 3,   5.012, 17.638,  2.792, 4,  -0.370, -0.739,  5.953, 5,  33.780,-48.240, -8.160
68769.13378, 3,  -5.189, 17.870,  0.327, 4,  -0.083, -0.210,  5.725, 5,  28.980,-49.800, -7.740
68769.15421, 3,  -5.925, 15.854,  1.022, 4,  -0.049,  0.688,  6.614, 5,  23.940,-51.060, -7.260
68769.17445, 3,  -7.123, 16.699,  1.498, 4,   0.054,  1.067,  6.584, 5,  18.540,-51.900, -6.780
68769.19570, 3,  -9.153, 18.115,  0.858, 4,   0.095,  1.295,  6.249, 5,  12.840,-52.260, -6.420
68769.21467, 3, -10.746, 18.823, -0.368, 4,  -0.033,  1.028,  5.767, 5,   7.260,-51.960, -6.360
68769.23482, 3, -11.250, 19.177,  2.138, 4,  -0.610,  0.252,  4.908, 5,   2.400,-51.000, -6.120
68769.25906, 3,  -7.682, 18.687,  4.931, 4,  -0.096,  0.895,  2.654, 5,  -2.400,-49.560, -5.700
68769.27688, 3,  -6.456, 14.669,  6.701, 4,   0.374,  2.094,  1.917, 5,  -7.320,-47.880, -5.340
68769.29521, 3,  -2.656,  7.055,  4.672, 4,   0.794,  2.332, -1.513, 5, -11.760,-46.140, -4.860
68769.31573, 3,  -1.321, -1.539,  4.372, 4,   0.969,  2.527, -4.624, 5, -16.200,-44.400, -4.500
68769.33599, 3,  -5.012, -4.386,  3.119, 4,   1.743,  2.374, -6.959, 5, -20.340,-42.840, -4.440
68769.35554, 3,  -5.148, -0.095,  2.983, 4,   2.254,  1.535, -8.033, 5, -24.060,-41.820, -4.680
68769.37628, 3,  -1.308,  4.794,  2.996, 4,   2.682,  1.508, -9.070, 5, -26.940,-40.980, -4.680
68769.39656, 3,  -2.615,  8.186,  1.158, 4,   2.974,  1.942, -9.949, 5, -28.920,-40.500, -4.920
68769.42172, 3,  -0.599, 16.671, -1.553, 4,   2.808, -0.115,-10.004, 5, -29.520,-40.260, -4.740
68769.43909, 3,   3.378, 18.088, -1.621, 4,   2.526, -0.639,-10.004, 5, -28.800,-40.080, -4.380
68769.46401, 3,   8.799, 18.810, -1.376, 4,   2.640, -0.561,-10.003, 5, -26.640,-39.900, -3.660
68769.48394, 3,  14.152, 19.164,  2.261, 4,   2.512, -0.866, -9.493, 5, -22.800,-39.360, -2.700
68769.50427, 3,  16.835, 19.355,  3.446, 4,   2.376, -1.345, -7.823, 5, -17.760,-38.520, -1.800
68769.52696, 3,  18.183, 12.939,  7.845, 4,   1.318, -2.765, -3.416, 5, -11.580,-37.380, -0.840
68769.54424, 3,  18.851, 11.223,  4.862, 4,   0.048, -3.321, -1.324, 5,  -4.800,-36.060, -0.840
68769.56446, 3,  19.191,  4.999,  2.779, 4,  -0.486, -2.303,  0.854, 5,   1.980,-34.800,  0.480
68769.58458, 3,  19.355, 12.258, -0.531, 4,  -0.498,  0.134,  3.019, 5,   9.120,-33.660,  0.780
68769.60469, 3,  -0.082, 15.895, -9.561, 4,  -2.114,  2.222,  3.064, 5,  16.260,-32.880,  1.020
68769.62500, 3,   9.711, 13.729,  4.971, 4,  -4.750,  5.384,  6.191, 5,  23.040,-32.160,  1.380
68769.64511, 3,  11.618, -2.697, 12.258, 4,   0.891,  1.531,  9.134, 5,  29.580,-31.800,  1.800
68769.66535, 3,   6.633,  8.377,  7.995, 4,  -0.332,  2.562,  2.954, 5,  35.520,-31.440,  2.400
68769.68548, 3,  10.583,  8.717,  8.867, 4,  -1.394, -1.307,  3.877, 5,  40.860,-30.780,  3.180
68769.70551, 3,   9.861,  9.466,  5.748, 4,  -0.518, -0.336,  1.464, 5,  45.480,-30.000,  3.660
68769.72758, 3,   9.384, 13.770,  5.435, 4,   0.111, -0.701,  1.017, 5,  49.440,-28.860,  3.960
68769.74639, 3,   4.903, 16.644,  1.062, 4,   1.002, -0.875,  0.374, 5,  52.500,-27.480,  4.080
68769.76693, 3,  -3.732, 18.088, -3.351, 4,   1.052, -1.646,  0.673, 5,  54.660,-26.220,  3.780
68769.78743, 3, -11.645, 18.796, -6.116, 4,   0.784, -2.008,  1.138, 5,  55.980,-25.020,  3.120
68769.80745, 3, -15.582, 19.164, -4.767, 4,   0.785, -2.076,  2.028, 5,  55.800,-24.300,  2.100
68769.82799, 3,  -2.315,  2.220, -1.090, 4,   0.460, -2.212,  3.430, 5,  54.660,-24.240,  1.080
68769.84830, 3,   8.526, 10.869,  4.971, 4,  -0.537, -2.175,  5.184, 5,  52.620,-24.900,  0.120
68769.87157, 3,   3.895, 13.225,  2.002, 4,  -0.744, -0.861,  3.853, 5,  50.040,-25.980, -0.780
68769.88975, 3,   3.446, 14.942,  1.594, 4,  -0.717, -1.250,  4.395, 5,  47.160,-27.360, -1.260
68769.90935, 3,  -2.833, 12.531,  2.234, 4,  -0.438, -1.079,  2.914, 5,  43.920,-29.040, -1.740
68769.92897, 3,  -9.398, 10.678,  0.545, 4,  -0.022,  0.169,  3.525, 5,  40.440,-30.540, -2.220
68769.94998, 3,  -9.820, 10.896,  0.735, 4,   0.044,  0.769,  4.374, 5,  37.020,-31.980, -2.760
68769.96870, 3,  -8.363, 11.931,  1.308, 4,   0.059,  1.058,  4.506, 5,  33.480,-32.940, -3.300
68769.98964, 3,  -7.641, 15.732, -0.177, 4,  -0.056,  1.147,  4.114, 5,  29.940,-33.540, -3.660
68770.01236, 3,  -7.478, 17.625,  0.831, 4,  -0.092,  1.968,  2.308, 5,  26.520,-33.840, -4.080
68770.03246, 3,  -0.272, 12.190,  4.413, 4,   0.261,  2.672,  1.573, 5,  23.100,-33.840, -4.500
68770.05085, 3,  -0.272, 12.190,  4.413, 4,   0.879,  3.593,  0.022, 5,  19.560,-33.720, -4.740
68770.07029, 3,   0.354,  9.575,  2.765, 4,   1.033,  3.355, -2.304, 5,  16.140,-33.540, -4.980
68770.09045, 3,  -0.422,  6.238,  4.277, 4,   1.670,  3.006, -3.953, 5,  12.780,-33.300, -5.280
68770.11083, 3,  -0.667,  3.323,  4.318, 4,   2.153,  2.172, -5.674, 5,   9.660,-33.180, -5.280
68770.13092, 3,  -3.092,  4.672,  2.901, 4,   2.570,  1.447, -6.965, 5,   6.840,-33.060, -5.220
68770.15058, 3,  -3.637,  8.540,  1.035, 4,   2.902,  0.329, -7.838, 5,   4.620,-33.000, -5.280
68770.17112, 3,  -0.885, 12.381, -1.130, 4,   2.925, -0.980, -8.256, 5,   3.000,-32.880, -5.160
68770.19587, 3,   0.150, 15.527, -2.247, 4,   2.454, -3.094, -9.258, 5,   2.280,-32.640, -4.800
68770.21293, 3,   2.683, 17.529, -4.168, 4,   2.218, -2.997, -9.230, 5,   2.220,-32.400, -4.260
68770.23234, 3,   9.739, 18.524, -3.391, 4,   1.690, -2.335, -8.329, 5,   3.060,-31.860, -3.540
68770.25141, 3,  14.628, 19.028, -1.376, 4,   1.346, -1.207, -6.557, 5,   4.500,-31.200, -2.700
68770.27270, 3,  17.080, 13.062,  2.629, 4,   1.279,  0.351, -5.224, 5,   6.480,-30.420, -1.920
68770.29387, 3,  18.306, 10.678,  5.353, 4,   1.358,  0.961, -3.431, 5,   9.000,-29.580, -1.140
68770.31421, 3,  18.919,  5.612,  3.991, 4,   0.212, -0.882, -1.004, 5,  11.940,-28.740, -0.360
68770.33440, 3,  13.035,  2.901,  6.129, 4,  -0.266, -1.876,  1.163, 5,  15.180,-27.840,  0.300
68770.35390, 3,   1.989, 11.223, -6.701, 4,  -0.207,  1.346,  3.998, 5,  18.480,-27.120,  0.900
68770.37496, 3,  10.760, 15.364, -6.946, 4,  -4.125,  1.724,  9.261, 5,  21.780,-26.760,  1.680
68770.39492, 3,  12.136,  0.518,  6.279, 4,  -3.788, -0.068,  5.427, 5,  24.780,-26.700,  2.280
68770.41524, 3,  11.605,  8.445,  0.531, 4,  -1.589, -0.466,  4.177, 5,  27.360,-26.880,  2.880
68770.43528, 3,  11.359,  9.807, -0.395, 4,  -1.230, -0.506,  3.616, 5,  29.580,-27.120,  3.240
68770.45532, 3,  11.496, 10.733,  1.444, 4,  -0.806, -0.345,  3.024, 5,  31.380,-27.180,  3.480
68770.47639, 3,   9.112, 14.111,  2.588, 4,  -0.280, -0.466,  1.283, 5,  32.760,-27.180,  3.960
68770.50153, 3,   3.909, 16.821,  1.989, 4,   1.105, -1.417,  0.486, 5,  33.780,-27.300,  4.140
68770.51941, 3,  -0.150, 18.170, -3.609, 4,   1.145, -1.865,  0.732, 5,  34.380,-27.420,  4.140
68770.53975, 3,  -9.507, 18.851, -7.464, 4,   0.984, -1.712,  0.652, 5,  34.260,-27.600,  4.020
68770.55693, 3, -14.519, 19.191, -7.014, 4,   0.996, -2.631,  2.030, 5,  33.660,-27.960,  3.900
68770.57785, 3,   2.438,  0.858, -2.329, 4,   0.217, -3.034,  4.501, 5,  32.700,-28.500,  3.780
68770.59817, 3,  10.978, 10.188,  5.721, 4,  -0.615, -2.402,  6.300, 5,  31.200,-29.280,  3.540
68770.61836, 3,   3.214, 13.743,  1.376, 4,  -0.280,  0.003,  5.747, 5,  29.160,-30.120,  3.360
68770.64017, 3,   5.680, 16.644,  0.068, 4,  -0.425, -0.987,  6.198, 5,  26.700,-31.200,  2.760
68770.66039, 3,  -2.397, 18.088,  0.735, 4,  -0.362,  0.080,  5.128, 5,  23.580,-32.280,  2.340
68770.68109, 3,  -8.145, 16.699, -0.014, 4,  -0.388,  0.808,  5.800, 5,  20.280,-33.240,  1.860
68770.70084, 3,  -8.254, 15.963,  0.572, 4,  -0.262,  0.824,  5.920, 5,  16.980,-33.840,  1.380
68770.72123, 3,  -8.608, 16.590,  0.735, 4,  -0.309,  0.772,  5.378, 5,  13.620,-33.900,  0.840
68770.74233, 3, -11.904, 18.701,  0.572, 4,  -0.376,  0.386,  4.796, 5,  10.380,-33.540,  0.300
68770.76176, 3,  -6.402, 18.047,  3.187, 4,  -0.558, -0.067,  4.379, 5,   7.320,-32.880,  0.300
68770.78301, 3,  -4.304, 12.612,  5.217, 4,   0.062,  0.757,  3.386, 5,   4.500,-32.280, -0.360
68770.80688, 3,  -2.656,  6.565,  4.386, 4,   0.962,  2.833,  0.597, 5,   1.620,-31.320, -1.020
68770.82464, 3,  -2.261,  0.667,  4.508, 4,   1.434,  3.087, -2.297, 5,  -1.200,-30.360, -1.380
68770.84361, 3,  -4.127, -2.888,  3.351, 4,   2.060,  3.506, -4.513, 5,  -3.960,-29.460, -1.800
68770.86276, 3,  -6.156, -2.574,  2.642, 4,   2.845,  2.951, -6.456, 5,  -6.060,-28.380, -2.280
68770.88448, 3,  -4.290,  2.996,  4.154, 4,   3.241,  1.761, -7.717, 5,  -8.100,-27.600, -2.880
68770.90425, 3,  -3.214,  7.246,  3.419, 4,   3.646,  1.126, -8.660, 5,  -9.840,-26.880, -3.180
68770.92426, 3,  -5.680, 10.801,  1.675, 4,   3.855,  0.417, -9.168, 5, -10.980,-26.100, -3.360
68770.94432, 3,  -4.004, 15.159,  1.280, 4,   3.651, -0.793, -9.740, 5, -11.460,-25.440, -3.420
68770.96720, 3,   2.016, 17.352,  0.994, 4,   2.947, -2.332, -9.709, 5, -11.580,-24.600, -3.120
68770.98536, 3,   8.063, 18.442,  0.027, 4,   2.447, -1.672, -9.406, 5, -10.620,-23.820, -2.640
68771.00481, 3,  13.797, 18.987,  1.294, 4,   1.786, -1.286, -8.163, 5,  -9.240,-23.160, -2.040
68771.02447, 3,  16.658, 19.246,  2.452, 4,   1.526, -1.293, -6.322, 5,  -7.500,-22.500, -1.440
68771.04454, 3,  18.088, 10.774,  5.898, 4,   1.380, -1.399, -4.071, 5,  -4.860,-21.960, -0.900
68771.06468, 3,  18.810,  8.322,  5.040, 4,   0.413, -1.430, -1.407, 5,  -2.160,-21.720, -0.180
68771.08481, 3,  19.164,  5.503,  1.607, 4,  -0.451, -1.215,  0.699, 5,   0.660,-21.720,  0.540
68771.10488, 3,  19.355,  7.641, -1.049, 4,  -0.656, -0.383,  2.699, 5,   3.540,-21.840,  1.080
68771.12563, 3,   0.191, 13.579,  9.235, 4,  -1.791,  1.395,  4.965, 5,   6.420,-22.260,  1.860
68771.14716, 3,   9.861,  3.296,  1.444, 4,  -2.188,  2.014,  6.466, 5,   8.940,-22.980,  2.400
68771.16566, 3,  14.696, 10.896, 10.488, 4,  -1.517, -1.201,  4.555, 5,  10.920,-23.640,  2.820
68771.18587, 3,  11.387, 10.474,  6.742, 4,  -0.985, -0.093,  3.605, 5,  12.300,-24.420,  3.240
68771.20599, 3,  10.433, 10.025,  5.285, 4,  -0.667, -0.071,  3.055, 5,  13.560,-24.840,  3.600
68771.22611, 3,   9.507, 12.776,  4.290, 4,  -0.226, -0.571,  1.784, 5,  14.340,-25.200,  3.660
68771.24616, 3,   7.192, 16.154,  2.029, 4,   0.488, -0.814,  1.236, 5,  14.640,-25.560,  3.660
68771.26624, 3,   4.250, 17.829, -4.181, 4,   1.115, -1.172,  1.042, 5,  14.580,-25.860,  3.540
68771.28645, 3,  -5.707, 18.673, -7.001, 4,   1.203, -1.333,  0.881, 5,  14.460,-26.280,  3.360
68771.30925, 3, -12.626, 19.096, -9.425, 4,   0.955, -2.483,  2.227, 5,  13.800,-26.700,  3.120
68771.32717, 3,  -6.252,  0.953, -6.156, 4,   0.313, -2.965,  4.771, 5,  12.960,-27.060,  2.760
68771.34680, 3,   6.633, 10.025,  6.674, 4,  -0.559, -1.575,  6.510, 5,  11.700,-27.480,  2.400
68771.36686, 3,   2.152, 14.778,  1.566, 4,  -0.224,  0.397,  4.583, 5,   9.720,-27.840,  2.220
68771.38700, 3,   2.002, 17.162,  0.095, 4,  -0.661, -0.696,  6.089, 5,   7.440,-28.080,  1.860
68771.40713, 3,  -5.189, 18.347,  0.735, 4,  -0.524, -1.389,  5.502, 5,   5.100,-28.140,  1.380
68771.42825, 3,  -6.987, 17.066,  0.817, 4,  -0.220, -0.475,  6.040, 5,   2.280,-27.960,  1.260
68771.44769, 3,  -6.143, 17.856,  1.580, 4,  -0.180,  0.058,  6.570, 5,  -0.660,-27.480,  1.020
68771.47384, 3, -11.455, 19.109,  0.068, 4,  -0.072,  0.503,  5.634, 5,  -3.300,-26.520,  0.900
68771.48899, 3, -11.455, 19.109,  0.068, 4,  -0.323,  0.290,  5.265, 5,  -5.580,-25.260,  0.840
68771.50885, 3, -10.665, 19.314,  1.308, 4,  -0.200,  0.494,  4.493, 5,  -7.800,-23.700,  0.720
68771.52922, 3,  -6.865, 18.251,  3.092, 4,  -0.024,  1.508,  3.043, 5, -10.080,-22.080,  0.720
68771.55006, 3,  -5.571, 13.525,  4.835, 4,   0.467,  2.947,  2.048, 5, -12.060,-20.340,  0.600
68771.56959, 3,  -2.574,  5.189,  3.923, 4,   1.233,  3.835, -0.309, 5, -13.920,-18.300,  0.240
68771.58902, 3,  -2.533, -3.460,  3.092, 4,   1.770,  3.652, -3.583, 5, -15.660,-16.380, -0.360
68771.60989, 3,  -6.347, -6.047,  2.057, 4,   2.428,  3.211, -6.304, 5, -17.700,-14.640, -1.380
68771.63015, 3,  -7.450, -2.329,  2.860, 4,   2.898,  1.344, -7.814, 5, -19.440,-13.320, -2.460
68771.65203, 3,  -3.705,  6.374,  2.125, 4,   3.554,  0.801, -9.584, 5, -21.060,-12.300, -3.660
68771.67118, 3,  -6.769, 10.801, -0.150, 4,   3.608,  0.771,-10.003, 5, -22.320,-11.760, -4.740
68771.69060, 3,  -3.187, 15.159, -1.022, 4,   3.243, -0.402,-10.004, 5, -22.920,-11.700, -5.880
68771.71109, 3,   3.419, 17.352, -0.749, 4,   2.847, -0.919,-10.004, 5, -22.680,-12.120, -6.960
68771.73117, 3,   8.989, 18.442, -1.485, 4,   2.546, -0.232,-10.003, 5, -21.780,-12.840, -7.800
68771.75127, 3,  14.247, 18.987,  3.786, 4,   2.310,  0.175, -9.674, 5, -20.100,-13.920, -8.700
68771.77178, 3,  16.889, 19.246,  5.189, 4,   2.031,  0.213, -7.887, 5, -17.400,-15.180, -9.360
68771.79208, 3,  18.210,  7.791,  8.976, 4,   2.351, -1.506, -5.865, 5, -13.980,-16.500, -9.900
68771.81616, 3,  18.864, 10.787,  3.759, 4,   0.145, -3.619, -0.393, 5, -10.200,-17.940,-10.200
68771.83375, 3,  16.685, 10.338, -1.907, 4,  -0.671, -2.997,  1.656, 5,  -6.300,-19.620,-10.620
68771.85130, 3,  12.572, 14.928,-10.719, 4,  -1.786,  0.841,  5.706, 5,  -2.280,-21.420,-11.280
68771.87225, 3,  16.058, 17.230,-15.119, 4,  -4.888,  2.461,  7.512, 5,   1.440,-23.400,-11.880
68771.89192, 3,  11.877, -1.144,-17.325, 4,  -2.012,  2.698,  7.446, 5,   4.680,-25.680,-12.420
68771.91257, 3,  15.704,  9.194,-16.508, 4,  -1.293, -0.578,  4.275, 5,   7.620,-28.020,-12.900
68771.93297, 3,  17.611,  9.030, -8.036, 4,  -1.106, -0.940,  4.886, 5,  10.560,-30.120,-13.200
68771.95294, 3,   9.493, 11.536, -3.977, 4,  -0.613,  0.050,  3.265, 5,  12.960,-31.800,-13.500
68771.97488, 3,   7.927, 15.445, -1.512, 4,  -0.094, -0.794,  1.484, 5,  15.240,-33.240,-13.680
68771.99418, 3,   7.464, 17.489, -0.014, 4,   0.761, -1.024,  1.299, 5,  17.160,-34.140,-13.920
68772.01452, 3,   2.397, 18.510, -3.119, 4,   1.378, -1.486,  0.678, 5,  18.600,-34.740,-14.100
68772.03397, 3,  -8.567, 19.014, -6.606, 4,   1.374, -1.718,  0.488, 5,  19.440,-34.860,-14.400
68772.05446, 3, -14.056, 19.273, -5.748, 4,   1.115, -2.799,  1.567, 5,  19.680,-34.920,-14.460
68772.07461, 3,   2.738, -0.123, -2.479, 4,   0.937, -4.308,  3.782, 5,  19.260,-34.740,-14.640
68772.09488, 3,  11.128,  9.698,  4.222, 4,  -0.698, -4.270,  5.818, 5,  17.700,-34.560,-14.760
68772.11500, 3,   4.032,  9.793,  1.035, 4,   0.100, -0.876,  5.576, 5,  15.300,-34.320,-15.000
68772.13754, 3,   2.697, 14.655,  0.449, 4,  -0.028, -1.658,  5.859, 5,  12.120,-34.140,-15.300
68772.15713, 3,  -5.012, 17.094,  0.409, 4,   0.411, -0.767,  5.949, 5,   8.700,-33.780,-15.420
68772.17559, 3,  -5.108, 17.489,  1.348, 4,   0.409,  0.438,  6.897, 5,   4.980,-33.240,-15.120
68772.19596, 3,  -5.217, 18.510,  2.901, 4,   0.414,  0.962,  6.625, 5,   1.380,-32.220,-14.700
68772.21603, 3,  -8.281, 19.014,  2.833, 4,   0.286,  1.498,  5.947, 5,  -1.980,-30.900,-14.220
68772.23626, 3, -13.471, 19.273,  1.403, 4,  -0.080,  1.196,  5.453, 5,  -5.100,-29.280,-13.680
68772.25638, 3, -11.741, 19.395,  2.888, 4,  -0.472,  0.430,  5.237, 5,  -8.100,-27.180,-12.960
68772.27800, 3,  -5.761, 17.734,  4.181, 4,  -0.041,  0.739,  4.114, 5, -10.740,-24.960,-12.360
68772.30157, 3,  -4.944, 11.536,  4.767, 4,   0.698,  3.625,  1.045, 5, -13.320,-22.500,-11.700
68772.31867, 3,  -2.125,  1.648,  4.767, 4,   1.252,  3.031, -2.057, 5, -15.600,-19.980,-11.400
68772.33894, 3,  -1.090, -7.096,  4.141, 4,   1.591,  3.368, -5.500, 5, -17.760,-17.520,-11.340
68772.35869, 3,  -6.442, -7.873,  2.751, 4,   2.257,  2.445, -8.111, 5, -19.740,-15.480,-11.640
68772.38012, 3,  -6.279, -3.827,  2.029, 4,   2.642,  1.258, -9.015, 5, -21.600,-13.680,-12.300
68772.40045, 3,  -3.391,  4.250,  0.327, 4,   2.873,  1.103, -9.887, 5, -22.980,-12.360,-13.080
68772.42498, 3,  -3.609, 12.190, -0.981, 4,   3.116,  1.144,-10.004, 5, -23.760,-11.520,-14.160
68772.44412, 3,  -1.471, 15.868, -0.831, 4,   2.991,  0.494,-10.004, 5, -23.340,-11.340,-15.300
68772.46417, 3,   3.569, 17.693, -1.457, 4,   3.112,  0.407,-10.004, 5, -21.840,-11.460,-16.440
68772.48436, 3,  10.338, 18.605, -1.457, 4,   2.864,  0.676,-10.003, 5, -19.260,-11.580,-17.580
68772.50468, 3,  14.928, 19.068,  3.514, 4,   2.513,  0.528, -9.311, 5, -15.720,-11.940,-18.780
68772.52553, 3,  17.230, 19.300,  7.954, 4,   2.814, -0.762, -7.559, 5, -11.340,-12.360,-19.800
68772.54628, 3,  18.387,  7.832, 10.297, 4,   2.569, -2.345, -4.540, 5,  -6.240,-12.360,-20.640
68772.56759, 3,  18.960, 11.223,  4.767, 4,  -0.325, -3.635, -0.091, 5,  -0.780,-12.360,-21.540
68772.59136, 3,  19.246,  3.500,  3.541, 4,  -0.613, -2.117,  2.987, 5,   4.800,-12.480,-22.740
68772.61165, 3,  19.382, 11.509, -7.995, 4,  -0.646,  1.126,  4.918, 5,  10.560,-12.720,-23.880
68772.63229, 3,  -0.068, 15.514,-13.770, 4,  -1.348,  1.385, -0.167, 5,  16.320,-12.900,-24.960
68772.65295, 3,   9.725,  7.096,-16.644, 4,  -5.119,  2.117,  9.428, 5,  21.960,-13.200,-25.620
68772.67364, 3,  14.628,  0.395,-18.088, 4,  -4.705, -0.700,  6.545, 5,  27.300,-13.980,-25.740
68772.69528, 3,   7.627,  8.540,-13.103, 4,  -1.089,  0.054,  3.924, 5,  32.460,-14.460,-25.560
68772.71487, 3,  12.463,  8.921, -6.402, 4,  -0.851, -0.556,  3.419, 5,  37.440,-14.460,-25.140
68772.73463, 3,  11.986, 10.637, -2.193, 4,  -0.340, -0.425,  1.585, 5,  41.820,-14.340,-24.960
68772.75494, 3,   8.268, 15.078,  1.158, 4,   0.260, -0.930,  0.980, 5,  46.140,-13.860,-24.540
68772.77515, 3,   5.830, 17.298, -0.586, 4,   0.906, -1.453,  0.788, 5,  49.320,-12.960,-24.060
68772.79473, 3,  -0.354, 18.415, -4.903, 4,   1.041, -2.064,  0.608, 5,  51.900,-11.880,-23.760
68772.81584, 3, -14.737, 14.192, -3.759, 4,   0.884, -2.594,  0.523, 5,  53.460,-11.100,-23.580
68772.83606, 3,   2.384,  1.199,  4.318, 4,   1.056, -4.145,  2.226, 5,  53.880,-10.380,-23.640
68772.85645, 3,  10.964, 10.365,  4.141, 4,  -0.329, -2.330,  6.597, 5,  53.280,-10.440,-23.880
68772.87713, 3,   5.176, 13.212,  1.975, 4,  -0.086, -0.732,  4.862, 5,  51.660,-11.040,-24.120
68772.89577, 3,   6.102, 16.372,  0.354, 4,  -0.228, -1.373,  6.921, 5,  49.620,-12.060,-24.420
68772.91674, 3,  -2.574, 17.952,  0.613, 4,  -0.192, -0.639,  6.205, 5,  47.040,-13.500,-24.420
68772.93689, 3,  -6.783, 18.742,  0.994, 4,  -0.021,  0.953,  6.436, 5,  43.740,-15.060,-24.360
68772.95748, 3,  -8.145, 19.123,  1.621, 4,  -0.095,  2.113,  7.053, 5,  40.080,-16.920,-24.360
68772.97780, 3,  -9.643, 19.327,  1.784, 4,  -0.295,  2.301,  7.021, 5,  36.120,-18.720,-24.360
68772.99998, 3,  -9.262, 19.423,  2.384, 4,  -1.306,  0.856,  5.778, 5,  31.980,-19.920,-24.720
68773.02121, 3,  -7.968, 19.477,  4.127, 4,  -0.682,  0.310,  4.841, 5,  27.900,-20.880,-24.960
68773.03844, 3,  -7.001, 17.352,  5.053, 4,  -0.051,  1.284,  2.985, 5,  23.520,-21.600,-25.140
68773.05939, 3,  -9.943,  9.929,  4.576, 4,   0.181,  1.869,  1.143, 5,  19.320,-22.020,-25.020
68773.07960, 3,  -5.189,  0.068,  5.857, 4,   0.625,  2.220,  0.209, 5,  14.940,-22.200,-24.900
68773.10018, 3,  -3.827, -6.797,  2.642, 4,   1.619,  1.881, -2.684, 5,  10.860,-22.320,-24.900
68773.12112, 3,  -5.966, -6.565,  0.994, 4,   1.860,  2.007, -6.475, 5,   6.840,-22.560,-24.840
68773.14135, 3,  -7.409, -3.092,  1.498, 4,   2.129,  1.987, -8.535, 5,   3.180,-22.860,-24.660
68773.16483, 3,  -7.069,  3.228,  0.327, 4,   3.783,  1.097, -9.979, 5,   0.360,-23.280,-24.000
68773.18340, 3,  -5.652,  8.377, -0.463, 4,   3.897,  0.920, -9.998, 5,  -2.040,-23.580,-23.340
68773.20127, 3,  -4.072, 13.266, -1.825, 4,   3.690,  0.492,-10.004, 5,  -3.420,-23.940,-22.560
68773.22206, 3,  -3.718, 16.399, -1.049, 4,   3.428, -0.334,-10.004, 5,  -4.140,-24.240,-21.540
68773.24224, 3,   0.981, 17.965, -0.477, 4,   3.363, -0.477,-10.004, 5,  -3.960,-24.420,-20.160
68773.26262, 3,   9.984, 18.742, -1.076, 4,   3.087, -0.761, -9.943, 5,  -2.640,-24.420,-18.660
68773.28277, 3,  14.751, 19.137,  0.885, 4,   2.452, -0.831, -8.858, 5,  -0.780,-23.940,-17.100
68773.30381, 3,  17.134, 19.327,  5.366, 4,   2.290, -1.892, -7.279, 5,   1.860,-23.520,-15.540
68773.32512, 3,  18.333,  7.736,  5.830, 4,   0.115, -2.591, -1.005, 5,   5.160,-22.920,-13.920
68773.34365, 3,  18.932,  4.890,  3.637, 4,  -0.397, -1.625,  1.599, 5,   8.520,-22.440,-12.480
68773.36278, 3,  19.218, 12.204, -4.808, 4,  -0.726,  1.095,  2.990, 5,  12.180,-22.200,-11.280
68773.38287, 3,  -0.150, 15.868,-12.177, 4,  -0.101,  1.068,  3.187, 5,  15.960,-22.200,-10.200
68773.40412, 3,   9.684, 17.693,  3.677, 4,  -4.013,  1.028,  9.936, 5,  19.500,-22.440, -9.240
68773.42378, 3,   4.113, -0.913, 11.605, 4,  -4.829,  1.081,  4.220, 5,  22.380,-23.220, -8.160
68773.44392, 3,  -0.027,  8.485, 15.323, 4,  -1.513, -0.556,  4.009, 5,  24.960,-23.820, -7.200
68773.46405, 3,   7.382,  9.480,  8.690, 4,  -1.227, -0.405,  4.454, 5,  27.120,-24.240, -6.480
68773.48573, 3,   8.840, 10.025,  6.810, 4,  -0.222, -0.655,  1.796, 5,  28.800,-24.600, -6.060
68773.50516, 3,   7.355, 12.803,  5.462, 4,   0.336, -1.003,  1.457, 5,  30.180,-24.720, -5.580
68773.52473, 3,   5.040, 16.154,  3.446, 4,   0.970, -1.191,  1.324, 5,  30.840,-24.780, -5.400
68773.54491, 3,   3.705, 17.843, -2.888, 4,   1.136, -1.266,  1.380, 5,  31.080,-24.900, -5.160
68773.56503, 3, -11.713, 19.109, -5.380, 4,   1.040, -0.845,  1.082, 5,  30.840,-25.020, -5.280
68773.58509, 3, -12.653,  6.960, -1.907, 4,   0.846, -1.401,  1.811, 5,  29.820,-25.320, -5.580
68773.60487, 3,   3.432,  8.840,  5.925, 4,   0.588, -0.960,  3.487, 5,  28.200,-26.040, -5.940
68773.62533, 3,   7.559, 14.124,  4.495, 4,  -0.211, -0.764,  4.840, 5,  25.920,-26.940, -6.420
68773.64900, 3,   2.601, 15.732,  3.569, 4,  -0.644, -0.783,  3.999, 5,  23.220,-28.020, -6.900
68773.66691, 3,  -3.541, 17.625,  2.956, 4,  -0.935, -1.627,  4.693, 5,  20.340,-29.040, -7.140
68773.68824, 3,  -8.281, 18.251,  1.825, 4,  -0.463, -1.499,  4.895, 5,  17.100,-30.120, -7.500
68773.70591, 3,  -7.205, 17.611,  1.989, 4,  -0.227, -0.666,  5.899, 5,  13.740,-31.020, -7.800
68773.72596, 3,  -5.489, 18.565,  0.054, 4,  -0.092, -0.159,  6.314, 5,  10.200,-31.620, -7.800
68773.74605, 3,  -9.412, 19.041, -0.191, 4,  -0.521,  0.138,  5.428, 5,   7.020,-31.620, -7.980
68773.77587, 3,  -8.159, 19.286,  2.179, 4,  -0.671,  0.650,  4.304, 5,   3.780,-31.440, -8.160
68773.80738, 3,  -1.743, 10.379,  3.078, 4,  -0.306,  2.156,  3.338, 5,   0.540,-30.960, -7.980
68773.82837, 3,  -0.627,  3.786,  1.703, 4,   0.762,  4.304, -0.725, 5,  -5.820,-29.760, -7.980
68773.84721, 3,  -3.391, -2.901,  2.302, 4,   1.361,  4.168, -3.734, 5,  -8.760,-29.100, -8.160
68773.86729, 3,  -8.322, -5.612,  3.364, 4,   2.221,  2.985, -6.111, 5, -11.640,-28.620, -8.760
68773.88734, 3,  -7.164, -2.996,  4.181, 4,   3.079,  1.417, -6.961, 5, -14.160,-28.260, -9.360
68773.90745, 3,  -5.952,  0.545,  2.860, 4,   3.535,  0.423, -7.858, 5, -16.080,-28.260, -9.960
68773.92760, 3,  -7.219,  5.666,  2.860, 4,   3.662, -0.526, -9.252, 5, -17.460,-28.560,-10.320
68773.94805, 3,  -5.271, 11.673, -1.389, 4,   3.315, -1.538, -9.935, 5, -17.820,-28.920,-10.380
68773.96825, 3,  -0.395, 15.595, -2.479, 4,   2.757, -2.018, -9.972, 5, -17.340,-29.460,-10.200
68773.99070, 3,   6.769, 17.557, -3.773, 4,   1.957, -0.308, -9.878, 5, -15.780,-30.000, -9.840
68774.00847, 3,  13.144, 18.537, -1.798, 4,   1.772,  0.301, -9.011, 5, -13.320,-30.240, -9.180
68774.02903, 3,  16.331, 19.028,  2.765, 4,   2.243,  0.181, -6.703, 5,  -9.900,-30.120, -8.280
68774.04991, 3,  17.924, 17.543,  4.250, 4,   2.191, -0.448, -4.730, 5,  -6.000,-29.820, -7.440
68774.07007, 3,  18.728, 14.029,  4.604, 4,   1.018, -0.797, -2.462, 5,  -1.440,-29.520, -6.360
68774.08997, 3,  19.123,  7.464,  5.802, 4,  -0.213, -1.122,  0.296, 5,   3.360,-29.220, -5.160
68774.11036, 3,  19.000, 13.498, -2.860, 4,  -0.483,  0.156,  2.400, 5,   8.460,-29.160, -3.960
68774.13056, 3,  -0.259, 16.508,-11.196, 4,  -0.751,  2.571,  1.787, 5,  13.440,-29.340, -2.580
68774.15431, 3,   9.630, 12.122,  4.154, 4,   1.702, -1.462,  9.817, 5,  18.300,-29.640, -1.080
68774.17341, 3,  12.721, -0.981, 11.836, 4,  -3.601,  0.287,  3.551, 5,  22.680,-30.300,  0.420
68774.19104, 3,  -3.405,  2.247, 15.677, 4,  -1.812, -0.788,  2.775, 5,  26.640,-31.020,  2.040
68774.21173, 3,   3.746,  6.293, 17.053, 4,  -1.615, -0.513,  4.145, 5,  30.060,-31.500,  3.540
68774.23053, 3,   7.055,  8.485, 12.054, 4,  -0.877, -1.092,  2.529, 5,  32.940,-31.860,  5.040
68774.25151, 3,   5.271, 14.002,  8.935, 4,  -0.107, -1.193,  1.592, 5,  35.460,-31.860,  6.060
68774.27342, 3,   2.370, 16.767,  1.348, 4,   0.426, -1.633,  1.248, 5,  37.140,-31.680,  6.900
68774.29193, 3,   0.150, 18.142, -3.010, 4,   0.662, -1.677,  1.704, 5,  37.980,-31.440,  7.440
68774.31649, 3,  -5.966, 18.837, -5.148, 4,   0.652, -2.098,  1.467, 5,  37.860,-31.200,  7.620
68774.33279, 3, -12.749, 19.177, -6.674, 4,   0.770, -3.056,  2.545, 5,  37.140,-31.260,  7.800
68774.35236, 3,  -5.775,  2.247, -2.343, 4,  -0.020, -2.540,  4.783, 5,  35.520,-31.920,  7.560
68774.37302, 3,   6.865, 10.869,  5.979, 4,  -0.330, -0.365,  5.107, 5,  33.360,-32.760,  7.440
68774.39340, 3,   7.369, 14.247,  2.043, 4,  -0.423,  0.878,  3.767, 5,  30.660,-33.660,  6.960
68774.41349, 3,   4.808, 16.889,  1.348, 4,  -0.744, -0.209,  5.364, 5,  27.720,-34.860,  6.360
68774.43285, 3,  -1.648, 18.210,  2.166, 4,  -0.734, -0.660,  5.022, 5,  24.420,-35.940,  5.940
68774.45340, 3,  -6.361, 17.761,  0.477, 4,  -0.507,  0.198,  5.466, 5,  20.880,-36.780,  4.980
68774.47703, 3,  -9.752, 18.878,  1.076, 4,  -0.671, -0.489,  5.481, 5,  17.220,-37.440,  4.020
68774.49506, 3, -10.610, 19.205,  2.833, 4,  -0.750, -1.181,  5.137, 5,  13.860,-37.560,  3.300
68774.51356, 3,  -4.290, 19.368,  3.732, 4,  -0.467, -0.804,  4.757, 5,  10.500,-37.380,  2.760
68774.53456, 3,  -1.893, 16.440,  4.713, 4,  -0.124,  0.617,  3.475, 5,   7.200,-36.960,  2.220
68774.55396, 3,  -0.967, 11.155,  3.460, 4,  -0.132,  2.273,  2.253, 5,   3.960,-36.240,  1.800
68774.57499, 3,  -1.539,  2.574,  2.642, 4,   0.256,  4.030,  0.652, 5,   0.720,-35.460,  1.320
68774.59513, 3,  -2.206, -4.345,  1.457, 4,   0.930,  3.729, -1.876, 5,  -2.280,-34.680,  0.720
68774.61524, 3,  -6.156, -6.728,  1.594, 4,   1.565,  3.151, -4.330, 5,  -5.040,-33.840,  0.180
68774.63447, 3,  -5.353, -2.697,  2.860, 4,   2.044,  1.859, -6.843, 5,  -7.020,-33.180, -0.480
68774.65858, 3,  -2.928,  1.839,  2.806, 4,   3.109,  0.850, -8.594, 5,  -8.760,-32.640, -1.020
68774.67687, 3,  -4.958,  4.917, -0.041, 4,   3.311,  0.909, -9.548, 5,  -9.780,-31.920, -1.260
68774.69598, 3,  -5.666, 10.610, -0.926, 4,   3.002, -0.036, -9.981, 5, -10.140,-31.440, -1.500
68774.71609, 3,  -1.607, 14.465, -1.158, 4,   2.669, -0.810, -9.983, 5,  -9.840,-30.840, -1.560
68774.73579, 3,   5.285, 16.998, -1.743, 4,   2.396, -0.350, -9.885, 5,  -8.880,-30.120, -1.560
68774.75671, 3,   9.916, 18.251, -1.062, 4,   2.250,  0.206, -9.706, 5,  -7.200,-29.340, -1.560
68774.77721, 3,  14.724, 18.891,  3.310, 4,   1.928, -0.322, -8.678, 5,  -4.620,-28.500, -1.140
68774.79723, 3,  17.121, 17.189,  6.660, 4,   2.249, -1.313, -5.870, 5,  -1.500,-27.600, -0.780
68774.82123, 3,  18.319, 11.005,  5.843, 4,   0.780, -1.700, -0.958, 5,   1.980,-26.580, -0.360
68774.83749, 3,  18.932,  8.186,  3.800, 4,  -0.571, -1.856,  1.157, 5,   5.880,-25.620, -0.060
68774.85878, 3,  19.218, 13.866, -3.378, 4,  -0.675, -0.089,  3.245, 5,   9.960,-24.900,  0.240
68774.87865, 3,  -0.150, 16.699, -2.547, 4,  -2.079,  0.123,  3.019, 5,  13.920,-24.360,  0.540
68774.89943, 3,   9.684, 18.088,  8.472, 4,  -4.463,  5.073,  7.570, 5,  17.880,-24.000,  1.020
68774.91887, 3,  11.196,  0.613, 14.002, 4,  -0.042,  0.089,  8.235, 5,  21.240,-23.880,  1.440
68774.93871, 3,   0.586,  8.254, 16.767, 4,  -0.315,  2.626,  3.343, 5,  24.180,-23.880,  1.980
68774.95968, 3,   4.999,  7.791, 12.149, 4,  -1.272, -1.121,  3.987, 5,  26.460,-23.820,  2.400
68774.98346, 3,   9.221,  8.880,  9.085, 4,  -0.560, -0.803,  2.205, 5,  28.140,-23.880,  2.760
68775.00141, 3,   9.071, 12.898,  6.674, 4,   0.153, -0.897,  1.576, 5,  29.280,-24.000,  2.820
68775.02000, 3,   3.705, 16.208,  4.195, 4,   0.833, -1.319,  0.937, 5,  29.940,-24.000,  2.700
68775.03967, 3,   2.479, 17.870, -2.084, 4,   1.040, -1.524,  1.538, 5,  30.180,-24.120,  2.580
68775.06033, 3,  -4.359, 18.701, -5.148, 4,   1.030, -1.344,  1.166, 5,  30.000,-24.300,  2.580
68775.08057, 3, -11.945, 19.109, -5.652, 4,   0.811, -1.996,  1.301, 5,  29.340,-24.480,  2.400
68775.10097, 3, -10.992,  4.141, -3.841, 4,   0.822, -2.755,  2.634, 5,  27.960,-24.960,  2.100
68775.12119, 3,   4.250, 10.447,  7.341, 4,  -0.019, -3.201,  4.340, 5,  26.100,-25.560,  1.800
68775.14112, 3,  11.673, 12.503,  3.923, 4,  -0.248, -1.002,  3.571, 5,  23.940,-26.340,  1.500
68775.16276, 3,   7.982, 16.018,  4.481, 4,  -0.595, -1.883,  5.305, 5,  21.360,-27.240,  1.260
68775.18146, 3,   1.757, 17.775,  4.032, 4,  -0.220, -1.857,  5.003, 5,  18.540,-27.960,  1.080
68775.20174, 3,  -4.345, 17.257,  1.634, 4,  -0.089, -0.648,  6.082, 5,  15.600,-28.560,  0.960
68775.22203, 3,  -4.631, 17.543,  2.206, 4,  -0.120,  0.015,  6.653, 5,  12.420,-28.920,  0.780
68775.24549, 3,  -7.478, 18.823,  2.220, 4,  -0.099,  0.588,  6.283, 5,   9.420,-28.920,  0.780
68775.26222, 3,  -7.478, 18.823,  2.220, 4,  -0.267,  0.845,  5.464, 5,   6.540,-28.500,  0.660
68775.28252, 3,  -9.412, 19.177,  4.318, 4,  -0.187,  0.612,  5.047, 5,   3.480,-27.900,  0.660
68775.30499, 3,  -4.250, 15.391,  4.563, 4,   0.144,  2.045,  2.993, 5,   0.600,-26.940,  0.600
68775.32272, 3,  -1.280,  7.614,  4.386, 4,   0.496,  2.989,  1.760, 5,  -2.280,-25.740,  0.420
68775.34616, 3,  -0.218,  0.545,  4.168, 4,   0.813,  3.261, -0.452, 5,  -4.920,-24.540,  0.180
68775.36254, 3,  -3.092, -5.176,  2.724, 4,   1.458,  3.456, -3.132, 5,  -7.680,-23.220, -0.360
68775.38298, 3,  -5.830, -5.680,  2.152, 4,   2.196,  2.942, -5.716, 5, -10.500,-22.080, -1.200
68775.40295, 3,  -4.032,  0.436,  2.288, 4,   2.579,  1.371, -7.630, 5, -13.140,-21.420, -2.220
68775.42304, 3,  -2.956,  4.413,  1.512, 4,   2.916,  0.975, -8.585, 5, -15.180,-21.000, -3.180
68775.44328, 3,  -3.419,  7.478,  0.572, 4,   3.180,  0.739, -9.255, 5, -16.620,-21.000, -3.960
68775.46853, 3,  -3.378, 11.959, -0.735, 4,   3.052,  0.096, -9.992, 5, -17.520,-21.420, -4.800
68775.48456, 3,  -0.599, 15.732, -1.035, 4,   2.682, -0.342,-10.004, 5, -17.580,-21.900, -5.580
68775.50516, 3,   5.298, 17.638, -1.185, 4,   2.323, -0.074, -9.998, 5, -16.620,-22.620, -6.060
68775.52485, 3,  12.354, 18.578,  0.667, 4,   1.915, -0.347, -9.586, 5, -14.640,-23.340, -6.420
68775.54425, 3,  15.936, 19.055,  5.857, 4,   1.720, -1.102, -8.067, 5, -11.820,-23.820, -6.540
68775.56521, 3,  17.734, 17.407,  4.849, 4,   2.049, -2.324, -5.856, 5,  -8.100,-24.180, -6.720
68775.58557, 3,  18.633, 11.182,  5.053, 4,   1.604, -3.202, -3.706, 5,  -3.960,-24.660, -6.780
68775.60559, 3,  19.082,  8.022,  1.253, 4,   0.676, -2.965, -1.440, 5,   0.720,-25.020, -7.020
68775.63110, 3,  19.300,  6.619,  0.245, 4,  -0.436, -0.054,  2.445, 5,   5.520,-25.500, -7.260
68775.64696, 3,  10.651, 13.076, -7.900, 4,  -0.805,  1.450,  2.575, 5,  10.260,-26.100, -7.260
68775.66593, 3,  -4.440, 16.304,-13.716, 4,  -0.982,  1.862,  0.833, 5,  14.880,-27.000, -7.320
68775.68667, 3,   7.546, 16.004,-16.630, 4,  -2.197,  1.244,  9.951, 5,  19.560,-28.020, -7.020
68775.70683, 3,  12.544,  6.184,-16.794, 4,  -4.163,  0.116,  4.096, 5,  23.520,-29.400, -6.600
68775.72673, 3,   7.232,  9.412,-14.833, 4,  -1.389,  0.106,  3.507, 5,  27.180,-30.420, -6.120
68775.74685, 3,   9.534,  8.962, -4.767, 4,  -1.206, -0.377,  4.255, 5,  30.300,-31.320, -5.580
68775.76881, 3,  10.161, 10.392,  1.662, 4,  -0.836, -0.626,  2.993, 5,  32.760,-31.860, -5.280
68775.78955, 3,   8.908, 11.605,  3.146, 4,   0.477, -1.044,  1.019, 5,  34.680,-32.100, -5.040
68775.81014, 3,   6.007, 15.568,  2.343, 4,   1.067, -1.312,  0.323, 5,  35.940,-32.160, -4.860
68775.82908, 3,   1.580, 17.543, -3.105, 4,   1.104, -1.769,  1.032, 5,  36.360,-32.160, -4.800
68775.84877, 3,  -5.761, 18.537, -6.088, 4,   0.843, -1.909,  0.921, 5,  36.060,-32.220, -4.980
68775.87669, 3,  -6.252,  0.409, -3.773, 4,   0.555, -2.995,  1.403, 5,  35.100,-32.640, -5.220
68775.91027, 3,   6.633,  9.589,  6.415, 4,  -0.426, -2.505,  5.415, 5,  33.600,-33.420, -5.700
68775.92907, 3,   2.983, 14.560,  2.247, 4,  -0.157, -0.383,  5.230, 5,  28.440,-35.460, -6.120
68775.95142, 3,   2.384, 17.039,  0.232, 4,  -0.386, -1.569,  5.004, 5,  25.500,-36.660, -6.300
68775.96937, 3,  -5.026, 18.279,  1.280, 4,   0.152, -1.002,  5.018, 5,  22.380,-37.800, -6.480
68775.98932, 3,  -6.224, 15.949,  1.144, 4,   0.104,  0.132,  6.052, 5,  19.020,-38.640, -6.300
68776.00941, 3,  -5.639, 16.630,  1.839, 4,   0.237,  0.694,  6.165, 5,  15.240,-39.360, -6.300
68776.02997, 3,  -6.919, 18.074,  1.130, 4,   0.149,  1.047,  5.626, 5,  11.940,-39.300, -6.240
68776.05025, 3, -10.311, 18.796,  0.967, 4,  -0.378,  1.045,  4.852, 5,   8.580,-39.180, -6.060
68776.07022, 3,  -7.668, 19.164,  2.874, 4,  -0.241,  1.548,  4.209, 5,   5.400,-38.520, -5.880
68776.09042, 3,  -5.326, 15.609,  4.604, 4,  -0.085,  2.398,  3.128, 5,   2.400,-37.800, -5.580
68776.11060, 3,  -4.236, 10.433,  3.991, 4,   0.386,  3.733,  1.876, 5,  -0.600,-37.080, -5.460
68776.13281, 3,  -3.065, -1.512,  3.814, 4,   1.503,  3.432, -2.496, 5,  -3.360,-36.180, -5.460
68776.15078, 3,  -3.065, -1.512,  3.964, 4,   2.182,  2.832, -5.393, 5,  -5.760,-35.340, -5.520
68776.17147, 3,  -5.530, -2.152,  4.386, 4,   2.728,  1.691, -7.006, 5,  -7.860,-34.500, -5.340
68776.19172, 3,  -5.148,  1.825,  3.024, 4,   3.341,  1.029, -7.880, 5,  -9.420,-33.780, -5.340
68776.21174, 3,  -5.652,  5.571,  1.226, 4,   3.674,  0.436, -8.738, 5, -10.560,-33.120, -5.040
68776.23195, 3,  -5.053, 10.174, -0.082, 4,   3.628, -0.244, -9.476, 5, -10.800,-32.340, -4.500
68776.25217, 3,  -1.062, 14.506, -0.395, 4,   3.226, -1.279, -9.733, 5, -10.320,-31.620, -3.900
68776.27290, 3,   4.086, 17.025, -0.885, 4,   2.776, -1.414, -9.881, 5,  -9.240,-30.660, -2.940
68776.29477, 3,  11.795, 18.279, -0.790, 4,   1.848, -0.702, -9.016, 5,  -7.740,-29.460, -1.920
68776.31319, 3,  15.663, 18.891,  4.685, 4,   1.313, -1.049, -7.225, 5,  -5.460,-28.320, -1.080
68776.33450, 3,  17.597, 16.317,  3.623, 4,   1.504, -1.591, -5.213, 5,  -2.580,-27.060,  0.060
68776.35349, 3,  18.565, 10.964,  4.508, 4,   0.926, -2.269, -2.445, 5,   0.840,-25.860,  0.900
68776.37454, 3,  19.041,  6.279,  0.640, 4,   0.047, -2.184,  0.012, 5,   4.380,-24.780,  1.680
68776.39509, 3,  19.286, 12.326, -2.016, 4,  -0.504, -0.783,  1.544, 5,   8.040,-24.000,  2.280
68776.41522, 3,  -0.123, 15.936,  8.744, 4,  -1.581,  1.119,  4.073, 5,  11.760,-23.400,  2.940
68776.43438, 3,   9.698, 12.503, -5.380, 4,  -5.960,  3.235,  6.306, 5,  15.420,-22.800,  3.600
68776.45686, 3,  10.379, 11.087,-12.463, 4,  -0.760,  1.131,  3.780, 5,  18.480,-22.620,  4.380
68776.47523, 3,   8.050, 11.645,-13.579, 4,  -1.138, -0.758,  3.401, 5,  21.360,-22.380,  5.100
68776.49674, 3,  12.790, 11.155, -3.133, 4,  -0.743, -0.588,  3.453, 5,  23.640,-22.260,  5.340
68776.51688, 3,   9.221, 14.220,  1.335, 4,  -0.143, -0.693,  1.673, 5,  25.260,-22.140,  5.760
68776.53712, 3,   2.928, 16.862,  1.866, 4,   0.542, -1.039,  1.088, 5,  26.460,-21.900,  5.880
68776.55733, 3,   2.288, 18.197, -2.888, 4,   0.951, -1.412,  1.515, 5,  27.180,-21.660,  5.700
68776.57733, 3,  -2.724, 18.864, -4.767, 4,   1.039, -1.567,  1.452, 5,  27.540,-21.360,  5.580
68776.59767, 3, -11.128, 19.191, -4.181, 4,   0.998, -1.238,  1.247, 5,  27.300,-21.360,  5.220
68776.62000, 3, -15.337,  9.030,  1.090, 4,   0.729, -2.374,  3.401, 5,  26.820,-21.600,  4.500
68776.63862, 3,   2.084,  6.592,  7.083, 4,  -0.257, -2.148,  4.525, 5,  25.800,-21.900,  3.900
68776.65696, 3,   9.003, 12.858,  6.020, 4,  -0.012,  0.669,  4.363, 5,  24.360,-22.560,  3.180
68776.67736, 3,  -0.300,  8.540,  2.411, 4,  -0.327, -0.183,  3.069, 5,  22.380,-23.460,  2.580
68776.69851, 3,  -2.738, 13.484,  1.866, 4,  -0.470, -1.062,  4.389, 5,  20.220,-24.180,  1.920
68776.71856, 3,  -7.409, 14.887,  1.239, 4,  -0.022, -1.247,  4.472, 5,  17.940,-24.960,  1.560
68776.73882, 3,  -5.938, 15.609,  0.967, 4,   0.133, -0.146,  5.529, 5,  15.540,-25.560,  1.080
68776.75833, 3,  -5.884, 17.570,  0.735, 4,   0.268,  0.167,  5.742, 5,  12.960,-26.040,  0.780
68776.78226, 3,  -8.867, 18.537, -1.185, 4,  -0.190,  0.309,  4.797, 5,  10.440,-26.160,  0.480
68776.80271, 3,  -3.609, 19.028,  3.555, 4,  -0.285,  0.481,  4.434, 5,   7.860,-25.980,  0.300
68776.82084, 3,  -3.609, 19.014,  3.555, 4,   0.063,  1.727,  3.545, 5,   5.220,-25.620,  0.420
68776.84123, 3,  -0.232, 14.288,  4.481, 4,   0.250,  3.274,  2.380, 5,   2.580,-25.260,  0.240
68776.86044, 3,  -1.866,  7.668,  2.724, 4,   0.712,  3.834, -0.673, 5,   0.060,-24.780,  0.060
68776.88247, 3,  -3.446, -1.825,  3.732, 4,   0.950,  3.090, -2.519, 5,  -2.220,-24.480, -0.300
68776.90130, 3,  -6.184, -1.471,  3.446, 4,   1.521,  2.382, -4.767, 5,  -4.440,-24.420, -0.720
68776.92104, 3,  -4.345, -1.471,  3.351, 4,   1.975,  1.351, -6.779, 5,  -6.360,-24.360, -1.080
68776.94247, 3,  -2.928,  4.862,  1.934, 4,   2.543,  0.062, -8.405, 5,  -7.800,-24.600, -1.320
68776.96168, 3,  -3.855,  8.458, -0.395, 4,   2.497, -0.084, -9.346, 5,  -8.760,-24.900, -1.440
68776.98125, 3,  -2.561, 12.626, -1.158, 4,   2.175, -0.730, -9.901, 5,  -9.120,-25.140, -1.380
68777.00148, 3,   3.187, 16.072, -1.934, 4,   1.802, -0.719, -9.903, 5,  -8.520,-25.320, -1.200
68777.02130, 3,  11.346, 17.802, -2.697, 4,   1.670,  0.261, -9.626, 5,  -7.320,-25.440, -0.600
68777.04148, 3,  15.445, 18.660,  1.975, 4,   1.417,  0.346, -9.030, 5,  -5.640,-25.320, -0.600
68777.06155, 3,  17.475, 16.794,  6.333, 4,   1.270, -0.585, -7.465, 5,  -3.240,-24.960,  0.780
68777.08162, 3,  18.510, 11.959,  5.380, 4,   1.823, -2.164, -4.611, 5,  -0.540,-24.360,  1.620
68777.10279, 3,  19.014,  7.151,  2.152, 4,   0.446, -2.285,  0.004, 5,   2.760,-23.760,  2.460
68777.12260, 3,  13.375, 11.210, -3.868, 4,  -0.025,  0.011,  1.523, 5,   6.120,-23.460,  3.180
68777.14236, 3,  -3.065, 15.364,  4.440, 4,  -2.362,  1.008,  3.981, 5,   9.720,-23.220,  3.840
68777.16241, 3,   8.213, 14.220, -7.546, 4,  -4.932,  3.940,  7.995, 5,  13.380,-22.980,  4.740
68777.18251, 3,   9.316,  0.150,-12.544, 4,  -1.893, -0.094,  6.807, 5,  16.500,-23.220,  5.580
68777.20257, 3,  10.529,  9.807, -8.104, 4,  -0.620,  0.827,  4.385, 5,  19.140,-23.460,  6.660
68777.22396, 3,   9.303,  9.739,  0.681, 4,  -1.152, -0.640,  3.727, 5,  21.480,-23.700,  7.440
68777.24407, 3,   9.670, 10.774,  1.539, 4,  -0.650, -0.219,  3.319, 5,  23.460,-23.700,  8.340
68777.26799, 3,   7.736, 14.015,  4.440, 4,   0.578, -1.017,  1.342, 5,  24.960,-23.580,  9.120
68777.28836, 3,   3.650, 16.767,  0.177, 4,   1.299, -1.422,  0.732, 5,  26.160,-23.460,  9.660
68777.30422, 3,  -0.204, 18.156, -4.563, 4,   1.421, -1.768,  1.134, 5,  26.880,-23.220, 10.080
68777.32471, 3,  -9.861, 18.837, -6.102, 4,   1.153, -1.782,  1.000, 5,  27.060,-22.980, 10.440
68777.34513, 3, -14.710, 19.191, -4.345, 4,   0.794, -2.778,  1.781, 5,  26.760,-22.920, 10.440
68777.36521, 3,   2.411,  0.449, -0.967, 4,   0.540, -3.488,  4.104, 5,  25.860,-23.040, 10.440
68777.38537, 3,  10.964,  9.984,  4.835, 4,  -0.602, -3.299,  5.394, 5,  24.480,-23.520, 10.200
68777.40461, 3,   3.092,  7.314,  2.098, 4,   0.038, -0.059,  4.835, 5,  22.560,-24.480, 10.080
68777.43038, 3,  -0.681, 12.871,  0.804, 4,  -0.445, -0.201,  4.064, 5,  20.160,-25.500,  9.660
68777.44787, 3, -10.106, 13.702,  0.763, 4,  -0.231, -0.228,  4.181, 5,  17.640,-26.400,  9.420
68777.46705, 3, -10.869, 13.620,  1.103, 4,  -0.402, -0.400,  5.208, 5,  15.060,-27.240,  9.120
68777.48664, 3,  -8.921, 15.091,  1.703, 4,  -0.320, -0.517,  5.335, 5,  12.120,-28.020,  8.880
68777.50537, 3,  -8.799, 17.271,  1.662, 4,  -0.252, -0.332,  4.973, 5,   9.600,-28.260,  8.640
68777.52762, 3, -10.433, 18.401,  1.199, 4,  -0.109, -0.227,  4.668, 5,   7.200,-28.320,  8.340
68777.54692, 3,  -6.511, 18.960,  1.294, 4,   0.129,  0.234,  4.283, 5,   4.740,-28.080,  8.280
68777.56752, 3,  -2.261, 15.936,  2.996, 4,   0.131,  1.566,  3.201, 5,   2.160,-27.720,  8.040
68777.58753, 3,  -0.313, 12.898,  2.928, 4,   0.016,  2.835,  2.239, 5,  -0.480,-27.420,  7.860
68777.60881, 3,   0.095,  4.958,  2.901, 4,   0.989,  2.887, -2.212, 5,  -3.180,-27.000,  7.440
68777.62789, 3,   0.831,  0.150,  3.868, 4,   1.329,  2.609, -4.838, 5,  -5.760,-26.640,  7.080
68777.64852, 3,  -2.479, -0.681,  3.283, 4,   1.798,  1.885, -6.838, 5,  -8.280,-26.580,  6.420
68777.66853, 3,  -3.364,  0.368,  3.146, 4,   2.014,  0.801, -7.783, 5, -10.320,-26.640,  6.000
68777.68856, 3,  -2.302,  3.092,  2.806, 4,   2.334,  0.571, -8.548, 5, -11.880,-26.880,  5.400
68777.70806, 3,  -2.520,  6.061,  0.667, 4,   2.494,  0.539, -9.268, 5, -13.020,-27.240,  5.280
68777.72906, 3,  -2.656, 10.270, -0.899, 4,   2.194,  0.090, -9.898, 5, -13.140,-27.540,  4.920
68777.75402, 3,   5.830, 17.025, -0.967, 4,   1.771,  0.528, -9.770, 5, -12.720,-27.960,  5.040
68777.77149, 3,  12.667, 18.279, -1.335, 4,   1.831,  0.744, -8.961, 5, -11.340,-28.380,  5.100
68777.78999, 3,  16.099, 18.891,  5.993, 4,   1.558, -0.129, -7.506, 5,  -9.240,-28.800,  5.520
68777.80929, 3,  16.099, 18.891,  5.993, 4,   1.701, -1.388, -5.280, 5,  -6.540,-29.040,  5.880
68777.83003, 3,  18.673,  8.908,  4.617, 4,   1.282, -2.545, -3.114, 5,  -3.180,-29.280,  6.480
68777.85204, 3,  19.096,  5.448,  4.617, 4,   0.402, -2.968, -0.790, 5,   0.480,-29.640,  6.960
68777.87225, 3,  19.191, 11.945,  6.919, 4,  -0.160, -1.567,  1.476, 5,   4.620,-30.120,  7.320
68777.89264, 3,  -0.163, 15.732, 13.225, 4,  -1.899,  1.658,  3.117, 5,   8.880,-30.720,  7.620
68777.91480, 3,   9.670,  8.635, -3.160, 4,   1.455,  1.523,  9.271, 5,  13.020,-31.680,  7.800
68777.93296, 3,   7.314,  6.415, -6.293, 4,  -1.142,  2.167,  3.705, 5,  16.440,-33.060,  8.220
68777.95357, 3,   7.900, 10.120, -7.695, 4,  -1.219, -1.722,  4.118, 5,  19.320,-34.440,  8.460
68777.97328, 3,  13.716,  9.425,  1.703, 4,  -0.969, -0.435,  4.206, 5,  21.900,-35.820,  8.760
68777.99353, 3,   9.071, 12.190,  1.730, 4,  -0.354, -0.393,  2.184, 5,  23.760,-37.020,  8.880
68778.01434, 3,   7.832, 15.854,  2.479, 4,   0.082, -0.597,  1.382, 5,  25.260,-38.040,  9.060
68778.03289, 3,   5.530, 17.693, -1.103, 4,   0.687, -1.012,  1.344, 5,  26.100,-38.940,  8.880
68778.05374, 3,  -1.062, 18.605, -5.285, 4,   1.156, -1.202,  0.946, 5,  26.460,-39.600,  8.820
68778.07788, 3, -10.297, 19.068, -7.123, 4,   0.940, -2.001,  1.216, 5,  26.400,-40.260,  8.580
68778.09593, 3, -14.914, 14.288, -2.983, 4,   1.099, -3.610,  3.128, 5,  25.620,-40.980,  8.400
68778.11753, 3,   2.302,  5.748,  5.612, 4,  -0.064, -2.661,  5.276, 5,  24.060,-41.880,  8.160
68778.13413, 3,  10.038, 12.640,  3.909, 4,  -0.243, -0.590,  5.529, 5,  21.780,-42.900,  7.800
68778.15478, 3,   0.940, 12.817,  1.771, 4,  -0.193, -0.914,  3.502, 5,  18.720,-43.980,  7.380
68778.17513, 3,  -3.991, 15.091,  3.936, 4,  -0.557, -1.658,  4.950, 5,  15.360,-45.060,  7.200
68778.19565, 3,  -9.303, 13.757,  0.926, 4,  -0.072, -1.350,  4.500, 5,  11.580,-46.260,  7.200
68778.22038, 3,  -7.845, 15.105,  1.485, 4,   0.118,  0.203,  5.708, 5,   7.380,-47.220,  7.320
68778.25761, 3, -10.202, 18.415,  1.743, 4,   0.237,  0.363,  4.403, 5,   3.180,-47.700,  7.740
68778.27736, 3,  -7.968, 18.973,  1.989, 4,   0.140,  0.998,  4.053, 5,  -4.020,-47.340,  8.640
68778.29634, 3,  -5.721, 18.129,  5.516, 4,  -0.285,  1.673,  3.028, 5,  -7.500,-46.800,  9.360
68778.31657, 3,  -5.993, 15.718,  5.666, 4,   0.234,  2.989,  1.755, 5, -10.860,-46.200, 10.140
68778.33711, 3,  -3.160,  8.608,  4.059, 4,   0.694,  2.888,  0.232, 5, -14.100,-45.600, 10.920
68778.35700, 3,  -0.994,  3.010,  3.732, 4,   0.969,  2.445, -2.216, 5, -16.920,-45.000, 11.460
68778.37722, 3,  -2.016,  1.498,  3.882, 4,   1.237,  2.684, -5.380, 5, -19.380,-44.520, 11.940
68778.39756, 3,  -5.026,  1.607,  3.705, 4,   1.746,  2.445, -7.645, 5, -21.180,-44.100, 12.360
68778.41966, 3,  -4.958,  4.222,  2.629, 4,   2.444,  0.540, -9.245, 5, -22.380,-43.800, 12.600
68778.43703, 3,  -4.440,  7.913,  1.512, 4,   2.446,  0.175, -9.997, 5, -22.800,-43.080, 12.960
68778.46270, 3,  -4.141, 12.354, -0.191, 4,   2.362, -0.846,-10.004, 5, -21.960,-42.180, 13.380
68778.49849, 3,   5.584, 17.734, -2.370, 4,   2.041, -0.353,-10.004, 5, -20.280,-41.160, 13.680
68778.51839, 3,  12.558, 18.633, -2.928, 4,   1.801,  0.294, -9.519, 5, -14.820,-37.740, 14.280
68778.53884, 3,  16.045, 19.082, -0.150, 4,   1.522,  0.005, -7.948, 5, -11.280,-35.460, 14.580
68778.56241, 3,  18.660,  7.723,  2.751, 4,   1.841, -1.737, -2.456, 5,  -7.260,-33.120, 14.820
68778.58043, 3,  19.096,  3.065,  4.072, 4,   1.054, -1.205,  0.466, 5,  -2.820,-30.780, 14.940
68778.59949, 3,  19.314, 11.210, -3.541, 4,   0.005,  0.523,  2.395, 5,   1.860,-28.620, 14.940
68778.61861, 3,  -0.109, 15.364, -0.136, 4,  -0.873,  1.534,  2.294, 5,   6.480,-26.460, 14.880
68778.64062, 3,   9.698, 17.448,  9.684, 4,  -1.539,  0.973,  0.297, 5,  11.400,-24.420, 14.940
68778.65892, 3,  14.615,  8.772, 14.601, 4,  -2.133,  0.100,  9.982, 5,  15.960,-22.620, 14.820
68778.67899, 3,   6.701, 13.171, 17.066, 4,  -5.290,  1.497,  4.022, 5,  19.860,-21.180, 15.060
68778.69907, 3,  10.379, 11.891, 11.482, 4,  -1.571, -1.333,  4.206, 5,  23.400,-19.680, 15.300
68778.71959, 3,   8.281, 11.387,  8.118, 4,  -0.783,  0.683,  3.974, 5,  26.100,-18.240, 15.480
68778.74107, 3,   7.627, 14.955,  5.598, 4,   0.100, -0.610,  1.772, 5,  28.200,-16.740, 15.660
68778.76051, 3,   0.994, 17.243,  1.798, 4,   0.745, -1.135,  1.243, 5,  29.640,-15.540, 15.660
68778.78002, 3,  -2.601, 18.387, -4.508, 4,   1.061, -1.401,  1.442, 5,  30.060,-14.400, 15.480
68778.80014, 3,  -9.139, 18.960, -8.772, 4,   0.934, -1.606,  1.498, 5,  30.060,-13.680, 15.360
68778.82025, 3, -14.342, 19.246, -7.341, 4,   1.002, -1.221,  1.608, 5,  29.460,-13.260, 15.180
68778.84009, 3,   2.288,  1.634,  0.191, 4,   1.126, -2.378,  2.869, 5,  28.320,-13.440, 15.120
68778.86059, 3,  10.910, 10.569,  4.808, 4,   0.184, -0.881,  6.034, 5,  27.000,-14.040, 14.880
68778.88067, 3,   0.722,  9.548,  0.926, 4,   0.027,  0.602,  4.873, 5,  25.320,-14.940, 14.580
68778.90413, 3,   2.424, 14.533,  1.335, 4,  -0.648, -1.038,  5.576, 5,  23.400,-15.840, 14.220
68778.92114, 3,  -4.467, 17.025,  0.354, 4,  -0.203, -1.463,  5.183, 5,  21.180,-16.800, 13.860
68778.94236, 3,  -6.579, 16.658,  0.232, 4,  -0.186, -0.899,  5.801, 5,  19.020,-17.760, 13.560
68778.96305, 3,  -7.382, 16.481,  0.994, 4,  -0.098, -0.930,  5.938, 5,  16.560,-18.660, 13.140
68778.98290, 3,  -8.090, 17.202,  0.245, 4,   0.099, -0.950,  5.767, 5,  14.160,-19.140, 12.780
68779.00372, 3,  -8.145, 16.644,  0.082, 4,  -0.111, -0.792,  5.351, 5,  12.060,-19.200, 12.300
68779.02298, 3,  -8.513, 14.615,  1.117, 4,  -0.443, -0.524,  4.801, 5,   9.840,-19.080, 11.760
68779.04306, 3,  -7.723, 14.179,  3.201, 4,  -0.797, -0.239,  4.304, 5,   7.740,-18.600, 11.280
68779.06490, 3,  -3.759, 14.696,  4.794, 4,   0.414,  2.083,  2.671, 5,   5.400,-18.060, 10.560
68779.08390, 3,   0.123,  6.402,  6.538, 4,   0.999,  3.476,  1.310, 5,   3.180,-17.520,  9.600
68779.10366, 3,   1.580, -0.586,  4.413, 4,   1.491,  4.988, -2.890, 5,   1.080,-17.100,  8.700
68779.12382, 3,  -3.827, -5.380,  4.181, 4,   2.126,  5.220, -5.960, 5,  -1.080,-16.620,  7.680
68779.14384, 3,  -9.262, -3.814,  3.569, 4,   2.843,  2.869, -7.313, 5,  -3.120,-16.440,  6.240
68779.16416, 3,  -3.882,  1.934,  6.197, 4,   2.971,  1.331, -7.893, 5,  -4.680,-16.260,  4.860
68779.18426, 3,   3.024,  6.824,  5.543, 4,   3.148,  1.476, -8.994, 5,  -5.820,-16.260,  3.720
68779.20436, 3,  -0.381, 12.286,  1.839, 4,   3.349,  2.395, -9.937, 5,  -6.360,-16.440,  2.520
68779.23075, 3,  -1.076, 15.895,  1.430, 4,   2.583, -0.974, -9.948, 5,  -6.240,-16.860,  1.800
68779.24631, 3,   6.906, 17.706,  1.430, 4,   2.374, -1.231, -9.830, 5,  -5.340,-17.220,  1.140
68779.26671, 3,   8.363, 18.619,  0.300, 4,   2.568, -1.458, -9.968, 5,  -3.720,-17.580,  0.600
68779.28601, 3,  11.700, 19.068,  1.226, 4,   2.339, -1.873, -8.639, 5,  -1.560,-17.460,  0.300
68779.30624, 3,  15.609, 19.300,  0.667, 4,   2.421, -2.263, -7.225, 5,   1.080,-17.220,  0.240
68779.32658, 3,  17.570, 19.409, -2.179, 4,   1.854, -2.136, -6.139, 5,   4.260,-16.800,  0.180
68779.34616, 3,  18.537, 11.959,  2.411, 4,   0.751, -1.100, -4.481, 5,   7.620,-16.380,  0.120
68779.36668, 3,  19.028, 10.815, -0.613, 4,   0.048, -1.339, -2.600, 5,  11.100,-15.960,  0.180
68779.38681, 3,  19.286,  0.286, -0.831, 4,  -0.313, -0.855, -0.085, 5,  14.880,-15.600,  0.240
68779.41038, 3,  15.895,  4.835, -3.133, 4,  -0.252,  2.274,  2.561, 5,  18.600,-15.300,  0.540
68779.42858, 3,  17.706, 12.177, -8.349, 4,  -0.440,  2.219,  3.638, 5,  22.140,-15.240,  1.080
68779.45414, 3,  -0.899, 15.854,-13.934, 4,  -0.769,  2.371,  0.489, 5,  25.620,-15.180,  1.740
68779.47117, 3,   9.303, 17.693, -2.125, 4,  -1.432,  0.757,  0.640, 5,  29.100,-14.940,  2.880
68779.48719, 3,  14.410, 10.161,  7.205, 4,   1.620,  0.370,  9.994, 5,  32.040,-14.760,  3.660
68779.50830, 3,  14.002, 11.264, -3.895, 4,  -5.534, -0.860,  4.674, 5,  34.140,-14.760,  4.560
68779.54880, 3,  16.767,  9.126, -0.341, 4,  -1.225,  0.349,  3.765, 5,  35.760,-14.760,  5.220
68779.58133, 3,   5.993, 14.764,  2.411, 4,  -0.383, -0.318,  0.918, 5,  36.660,-14.700,  5.460
68779.59968, 3,   6.374, 16.086,  2.343, 4,  -0.070, -1.084,  1.489, 5,  36.480,-14.640,  5.760
68779.61921, 3,   2.819, 17.802, -3.037, 4,   0.396, -1.372,  0.328, 5,  35.760,-15.060,  5.760
68779.65070, 3, -13.103, 19.096, -7.587, 4,   0.801, -1.016,  0.418, 5,  34.740,-15.840,  5.640
68779.67061, 3, -16.317, 15.187, -5.925, 4,   0.810, -0.977,  1.629, 5,  33.360,-16.860,  5.340
68779.69082, 3,  -2.819,  4.658, -1.253, 4,   0.831, -1.110,  2.684, 5,  31.860,-18.120,  5.340
68779.71333, 3,   6.415, 12.095,  1.566, 4,   0.238,  1.480,  4.367, 5,  30.240,-19.560,  5.340
68779.73138, 3,  -1.253, 12.572, -2.411, 4,   0.234,  0.512,  2.743, 5,  28.200,-21.060,  5.460
68779.75126, 3,  -5.312, 10.542, -1.825, 4,  -0.021, -2.556,  2.888, 5,  26.100,-22.560,  5.580
68779.77133, 3, -10.283,  8.635, -3.609, 4,   0.399, -3.410,  2.620, 5,  24.120,-23.700,  5.640
68779.79139, 3, -10.188,  7.232, -4.318, 4,   0.738, -3.339,  2.904, 5,  22.140,-24.720,  5.700
68779.81167, 3,  -8.308,  6.810, -3.746, 4,   0.983, -2.751,  2.907, 5,  19.980,-25.980,  5.640
68779.83182, 3,  -7.832,  5.080, -3.323, 4,   1.186, -1.866,  2.192, 5,  17.880,-27.120,  6.180
68779.85217, 3,  -7.096,  3.882, -2.234, 4,   1.188, -0.786,  1.629, 5,  16.200,-27.660,  6.660
68779.87220, 3,  -5.271,  3.269, -0.191, 4,   1.116,  0.028,  1.181, 5,  14.580,-28.020,  7.440
68779.89396, 3,  -3.827,  2.506,  2.057, 4,   0.671,  0.499, -0.255, 5,  13.020,-28.200,  8.460
68779.91256, 3,  -4.903,  6.606,  5.108, 4,   0.746,  0.061, -1.128, 5,  11.760,-28.440,  9.660
68779.93335, 3,  -2.098, 13.062,  7.055, 4,   1.659, -0.024, -1.628, 5,  10.440,-28.620, 10.920
