68366.93344, 3,   0.885,  9.344, -2.166, 4,  -0.080,  1.027,  0.901, 5, -17.580,-51.900, -2.880
68366.95338, 3,   0.449,  9.698, -1.539, 4,  -0.017,  0.817,  0.877, 5, -18.360,-51.720, -3.060
68366.97353, 3,  -0.477, 10.501, -1.784, 4,  -0.206,  0.534,  0.934, 5, -19.260,-51.420, -3.240
68366.99482, 3,  -1.961,  9.848, -0.681, 4,  -0.511,  0.315,  0.916, 5, -20.460,-50.940, -3.480
68367.01496, 3,  -1.457, 10.474, -0.490, 4,  -0.434,  0.007,  0.933, 5, -21.780,-50.460, -3.720
68367.03410, 3,  -0.191, 10.392,  0.599, 4,  -0.450, -0.281,  1.104, 5, -23.100,-49.920, -4.020
68367.05520, 3,   0.763, 11.931, -0.463, 4,  -0.423, -0.334,  1.022, 5, -24.420,-49.260, -4.320
68367.07641, 3,   0.436, 14.465, -0.640, 4,  -0.175, -0.074,  0.816, 5, -25.920,-48.720, -4.500
68367.10174, 3,  -3.446, 16.998, -3.024, 4,   0.009,  0.212,  1.159, 5, -27.420,-48.060, -4.800
68367.13599, 3, -10.774, 18.891, -7.123, 4,  -1.319, -1.138,  3.460, 5, -28.740,-47.400, -5.160
68367.15702, 3, -14.724, 15.840, -5.952, 4,  -1.445, -3.162,  4.491, 5, -31.500,-45.480, -5.520
68367.17668, 3,   1.866, 12.858,  5.925, 4,  -1.708, -2.906,  6.639, 5, -33.360,-44.100, -5.460
68367.19684, 3,   6.483, 16.181,  8.145, 4,  -0.933, -1.558,  7.279, 5, -35.400,-42.420, -5.460
68367.21840, 3,  -4.290, 17.856,  3.269, 4,  -0.274,  1.371,  4.171, 5, -37.320,-40.260, -5.280
68367.23691, 3, -11.918, 18.687, -2.452, 4,  -1.144,  0.970,  3.456, 5, -39.300,-37.800, -5.220
68367.25672, 3, -15.732, 16.304,  1.417, 4,  -1.742, -0.252,  3.468, 5, -41.040,-34.980, -5.280
68367.27681, 3, -17.039, 16.263,  1.512, 4,  -0.636, -1.278,  3.995, 5, -42.960,-31.920, -5.160
68367.29700, 3, -13.062, 16.317,  2.370, 4,  -0.051, -0.204,  3.359, 5, -44.940,-28.620, -5.040
68367.31734, 3,  -8.744, 15.691,  1.212, 4,   0.467,  1.070,  1.781, 5, -46.800,-25.020, -4.860
68367.33777, 3,  -5.707, 13.838,  0.967, 4,   0.890,  1.786,  0.088, 5, -48.720,-21.420, -4.680
68367.35770, 3,  -3.528, 10.760,  2.098, 4,   1.064,  2.390, -1.429, 5, -50.700,-17.940, -4.560
68367.37781, 3,  -0.613,  7.110,  3.705, 4,   1.557,  2.493, -2.578, 5, -52.920,-14.580, -4.980
68367.39784, 3,   0.259,  4.672,  4.345, 4,   2.751,  1.742, -5.607, 5, -55.320,-11.760, -5.760
68367.41826, 3,  -0.449,  4.822,  3.024, 4,   3.347,  1.449, -6.743, 5, -57.780, -9.960, -6.780
68367.43862, 3,   0.218,  7.123, -0.286, 4,   3.176,  1.516, -6.890, 5, -60.000, -9.240, -8.040
68367.45843, 3,   2.084,  7.845,  0.449, 4,   2.334,  1.391, -7.140, 5, -61.620,-10.200, -9.420
68367.47871, 3,   1.825,  6.306,  1.798, 4,   2.024,  0.882, -7.545, 5, -62.220,-12.120,-10.560
68367.49882, 3,   2.983,  6.660,  3.214, 4,   2.048,  0.217, -7.582, 5, -60.960,-15.000,-11.760
68367.52003, 3,   7.314,  9.316,  4.331, 4,   2.342,  0.004, -7.055, 5, -58.440,-18.600,-12.540
68367.54023, 3,  12.898, 14.424,  5.257, 4,   2.445,  0.021, -5.997, 5, -54.900,-22.680,-13.080
68367.56416, 3,  16.208, 16.971,  9.507, 4,   1.483, -0.221, -2.769, 5, -50.640,-27.060,-13.140
68367.58112, 3,  17.870, 18.251, 12.898, 4,   0.337, -0.064, -1.562, 5, -46.080,-31.560,-12.840
68367.60078, 3,  18.701, 18.891, 15.214, 4,  -0.747, -0.367, -0.037, 5, -41.100,-36.240,-12.660
68367.62125, 3,  19.109, 19.205,  9.316, 4,  -1.057, -0.622,  1.816, 5, -35.940,-41.280,-12.480
68367.64172, 3,  19.164, 17.189, 14.315, 4,  -2.374, -0.487,  4.615, 5, -30.960,-46.620,-12.420
68367.66119, 3,  19.341, 16.712, -2.601, 4,   1.883,  0.648,  3.785, 5, -26.520,-52.140,-12.540
68367.68162, 3,  -0.095, 10.379,  8.417, 4,  -3.726,  0.952,  0.420, 5, -22.080,-57.480,-12.420
68367.70159, 3,   8.690, 10.719, 10.283, 4,  -2.672,  1.353,  4.485, 5, -17.700,-62.700,-12.420
68367.72689, 3,   3.351, 13.184,  1.689, 4,  -0.880,  0.026,  0.864, 5, -13.680,-67.440,-11.940
68367.74436, 3,  -4.536, 15.078,  1.485, 4,  -0.670, -0.292,  0.620, 5,  -9.480,-71.280,-11.160
68367.76260, 3,  -4.536, 15.078,  1.485, 4,  -0.286, -0.061,  2.541, 5,  -5.640,-73.800,-10.320
68367.78279, 3,  -5.094, 17.298, -3.092, 4,  -0.396, -0.356,  3.024, 5,  -2.580,-75.180, -9.420
68367.80298, 3, -15.268, 18.415, -8.077, 4,  -1.581, -1.697,  3.422, 5,  -0.540,-75.480, -8.820
68367.82331, 3, -17.393, 12.326,-10.011, 4,  -1.789, -3.734,  3.603, 5,  -0.180,-75.060, -8.460
68367.84329, 3,  -2.220, 10.256, -3.255, 4,  -3.002, -4.498,  5.891, 5,  -1.260,-74.100, -8.460
68367.86364, 3,   0.313, 14.805, -1.335, 4,  -1.338, -4.957,  6.858, 5,  -4.140,-72.600, -9.000
68367.88506, 3,  -9.602, 17.162, -6.252, 4,  -0.638, -1.298,  3.402, 5,  -8.040,-70.620, -9.480
68367.90541, 3, -14.574, 18.347, -1.444, 4,  -1.288, -0.072,  4.160, 5, -12.660,-68.640,-10.380
68367.92399, 3, -16.998, 18.932, -1.348, 4,  -0.856,  0.075,  5.010, 5, -17.580,-66.300,-11.220
68367.94448, 3, -18.265, 17.611, -0.558, 4,  -0.845,  0.153,  4.255, 5, -22.740,-63.540,-12.060
68367.96479, 3, -14.969, 15.268, -0.027, 4,  -0.349,  0.046,  4.020, 5, -27.660,-60.480,-12.960
68367.98537, 3,  -9.848, 13.498, -0.068, 4,   0.248,  0.509,  3.635, 5, -31.920,-56.820,-13.560
68368.00510, 3,  -4.876, 10.760, -0.054, 4,   0.623,  1.182,  2.487, 5, -36.120,-52.980,-14.220
68368.02513, 3,  -0.095,  7.764,  0.531, 4,   1.244,  2.355,  1.092, 5, -39.720,-49.140,-14.580
68368.05048, 3,   0.804,  4.903,  1.920, 4,   2.115,  2.713, -2.650, 5, -42.480,-45.300,-15.120
68368.06783, 3,  -0.449,  2.642,  4.222, 4,   2.799,  2.263, -4.404, 5, -45.060,-41.640,-15.720
68368.09050, 3,   2.629,  0.381,  4.522, 4,   3.367,  1.876, -5.206, 5, -47.280,-38.400,-16.440
68368.11207, 3,   4.127,  1.553,  2.029, 4,   3.942,  1.768, -6.768, 5, -48.840,-35.580,-16.980
68368.13221, 3,   2.547,  4.372, -3.255, 4,   4.344,  2.250, -7.623, 5, -49.620,-33.420,-17.520
68368.15250, 3,   0.286,  4.563, -0.695, 4,   3.139,  2.176, -7.664, 5, -49.500,-31.740,-17.820
68368.17664, 3,  -3.242,  3.664,  3.092, 4,   2.776, -1.301, -8.286, 5, -48.300,-30.660,-18.000
68368.19191, 3,  -4.086,  4.794,  2.956, 4,   3.056, -2.222, -7.434, 5, -45.780,-30.240,-17.700
68368.21441, 3,   2.765,  9.997,  1.280, 4,   2.781, -1.615, -6.419, 5, -42.240,-30.480,-17.520
68368.23398, 3,  11.141, 14.764,  4.236, 4,   2.591, -1.386, -5.822, 5, -37.740,-30.780,-16.920
68368.25389, 3,  15.337, 17.148,  5.693, 4,   2.556, -0.828, -4.484, 5, -32.880,-31.260,-16.080
68368.27465, 3,  17.434, 18.333, 12.612, 4,   0.462,  0.437, -2.404, 5, -27.540,-32.160,-15.180
68368.29401, 3,  18.483, 18.932, 15.377, 4,  -0.783,  0.113, -0.641, 5, -22.140,-33.300,-14.220
68368.31988, 3,  17.884, 19.232, 16.290, 4,  -2.083, -0.869,  4.497, 5, -16.800,-34.860,-13.260
68368.33839, 3,  18.701, 12.953, -1.621, 4,  -2.229,  0.966,  6.626, 5, -11.520,-36.660,-12.300
68368.35677, 3,   4.999, 12.054,  8.949, 4,  -1.004, -1.386,  3.044, 5,  -7.140,-38.580,-11.460
68368.37611, 3,  12.258, 15.445, -5.285, 4,  -4.566,  3.121,  3.892, 5,  -3.000,-40.380,-10.620
68368.39537, 3,  10.992, 17.489,  0.150, 4,   1.615, -1.336,  4.334, 5,   0.420,-42.120, -9.720
68368.41690, 3,  -4.263, 16.031, -1.335, 4,  -1.255,  0.298,  0.681, 5,   3.420,-43.440, -8.760
68368.43688, 3,  -8.989, 17.775, -8.322, 4,  -0.741, -0.223,  0.903, 5,   6.120,-44.340, -7.800
68368.45682, 3,  -9.602, 18.646,-11.101, 4,  -0.817, -0.620,  3.555, 5,   7.980,-44.580, -6.960
68368.48256, 3, -14.574, 19.096,-10.787, 4,  -1.705, -3.434,  3.772, 5,   9.120,-44.460, -6.360
68368.49787, 3, -10.283, 16.617,  4.359, 4,  -2.475, -4.119,  5.289, 5,   9.300,-43.860, -5.880
68368.51854, 3,   3.146, 11.060,  4.794, 4,  -0.932, -4.868,  7.012, 5,   8.580,-43.080, -5.880
68368.53766, 3,   9.303, 15.296,  4.195, 4,  -1.113, -3.461,  6.370, 5,   6.720,-41.820, -6.000
68368.55803, 3,  -5.094, 17.407, -4.032, 4,  -0.385, -2.213,  3.591, 5,   4.020,-40.620, -6.300
68368.57819, 3, -12.313, 17.094, -0.300, 4,  -1.013, -1.987,  2.450, 5,   0.660,-39.360, -6.900
68368.59738, 3, -15.936, 18.306,  0.123, 4,  -1.589, -1.158,  4.244, 5,  -2.940,-38.040, -7.380
68368.61869, 3, -17.734, 18.919,  0.436, 4,  -1.252, -1.003,  5.044, 5,  -6.780,-36.420, -7.860
68368.63833, 3, -17.829, 17.952, -0.109, 4,  -0.995, -0.978,  4.793, 5, -10.740,-34.620, -8.160
68368.66009, 3, -14.819, 16.767,  0.054, 4,   0.174,  0.344,  4.143, 5, -14.640,-32.400, -8.400
68368.67905, 3, -10.992, 15.541,  0.286, 4,   0.189,  1.578,  3.461, 5, -17.940,-29.940, -8.460
68368.69925, 3,  -4.508, 13.239,  3.310, 4,   0.617,  2.476,  2.247, 5, -20.940,-27.300, -8.580
68368.71941, 3,   0.286,  8.077,  1.689, 4,   1.856,  3.319,  0.034, 5, -23.460,-24.600, -8.460
68368.73977, 3,  -0.627,  3.378,  2.029, 4,   2.247,  2.711, -2.081, 5, -25.680,-21.840, -8.520
68368.76054, 3,   2.424,  0.994,  4.236, 4,   3.044,  2.237, -3.860, 5, -27.900,-19.320, -8.700
68368.78116, 3,   5.026, -0.967,  2.724, 4,   3.766,  1.645, -5.322, 5, -29.820,-17.160, -9.000
68368.80517, 3,   3.841,  1.784,  1.634, 4,   4.339,  2.232, -8.891, 5, -31.200,-15.420, -9.180
68368.82442, 3,   0.667,  4.290, -2.193, 4,   4.149,  2.529, -9.306, 5, -32.100,-14.220, -9.240
68368.84265, 3,  -4.127,  5.802, -0.831, 4,   2.797,  1.199, -9.716, 5, -32.220,-13.500, -9.120
68368.86195, 3,  -7.110,  5.789,  3.609, 4,   2.633, -1.251, -9.457, 5, -31.320,-13.140, -8.820
68368.88242, 3,  -2.847,  8.213,  3.936, 4,   3.136, -2.775, -8.608, 5, -29.940,-13.140, -8.460
68368.90192, 3,   5.312, 13.866,  0.123, 4,   3.668, -1.345, -7.731, 5, -27.840,-13.380, -7.800
68368.92277, 3,  12.408, 16.699,  0.994, 4,   3.485, -0.351, -6.692, 5, -25.560,-13.800, -7.320
68368.94298, 3,  15.963, 18.115,  5.639, 4,   2.217,  0.794, -6.234, 5, -22.740,-14.520, -6.600
68368.96882, 3,  18.633, 17.339, 16.058, 4,  -1.366,  0.396, -1.710, 5, -19.440,-15.480, -5.880
68368.98645, 3,  18.633, 17.339, 16.058, 4,  -0.603, -1.879,  1.259, 5, -16.200,-16.740, -5.400
68369.00320, 3,  19.082, 15.636, 12.967, 4,  -0.246, -1.712,  3.756, 5, -12.960,-18.180, -4.980
68369.02361, 3,  19.300, 16.889, -0.790, 4,  -1.201,  1.096,  4.814, 5, -10.020,-19.860, -4.320
68369.04399, 3,  -0.109, 18.210,  9.357, 4,  -7.725,  4.121,  6.340, 5,  -7.500,-21.660, -3.780
68369.06434, 3,   5.462, -0.654, -5.080, 4,   0.777, -3.271,  4.897, 5,  -5.340,-23.400, -3.240
68369.08404, 3,  12.490,  9.425,  7.219, 4,  -4.581,  1.641,  6.032, 5,  -3.420,-24.840, -2.760
68369.10428, 3,  15.418, 14.478, -5.353, 4,   1.589, -0.994,  2.377, 5,  -1.800,-25.860, -2.160
68369.12472, 3,  -1.389, 16.998,  0.204, 4,  -1.504,  0.002,  0.253, 5,  -0.480,-26.700, -1.500
68369.14835, 3, -13.471, 18.891,-11.877, 4,  -1.688, -2.133,  5.038, 5,   0.540,-27.060, -1.080
68369.16668, 3, -16.508, 19.109, -9.752, 4,  -2.153, -3.790,  5.024, 5,   0.900,-26.820, -0.780
68369.18520, 3, -16.440, 16.590, -4.263, 4,  -1.746, -5.300,  4.477, 5,   0.420,-26.460, -0.840
68369.20474, 3,  -1.743, 11.768,  4.059, 4,  -0.992, -5.435,  6.246, 5,  -0.300,-25.920, -0.780
68369.23621, 3,   1.417, 15.636,  5.244, 4,  -0.200, -1.742,  3.747, 5,  -1.800,-24.960, -0.900
68369.25452, 3,  -9.058, 17.584, -3.964, 4,  -0.452, -1.310,  3.101, 5,  -3.600,-23.880, -1.020
68369.27176, 3, -14.288, 18.551, -0.586, 4,  -1.651,  0.137,  4.619, 5,  -5.880,-22.680, -1.260
68369.29179, 3, -16.916, 19.041,  0.654, 4,  -1.520, -0.059,  4.919, 5,  -8.520,-21.420, -1.620
68369.31353, 3, -18.224, 19.082,  0.899, 4,  -1.128, -0.853,  4.504, 5, -11.280,-19.920, -1.860
68369.33213, 3, -15.541, 16.767,  0.599, 4,  -0.169, -1.169,  4.539, 5, -13.980,-18.300, -1.980
68369.35208, 3,  -9.153, 15.391, -1.594, 4,   0.480, -0.068,  4.295, 5, -16.500,-16.440, -2.280
68369.37215, 3,  -5.503, 13.076, -2.098, 4,   0.423,  1.134,  3.397, 5, -18.600,-14.280, -2.340
68369.39228, 3,  -0.341,  8.540,  0.449, 4,   0.192,  1.920,  1.920, 5, -20.580,-12.060, -2.280
68369.41456, 3,   1.280,  5.407,  1.607, 4,   1.871,  3.071, -2.062, 5, -22.200, -9.960, -2.160
68369.43395, 3,   2.220,  1.498,  2.860, 4,   2.574,  2.903, -4.201, 5, -23.640, -7.920, -2.280
68369.45313, 3,   3.405, -0.735,  2.874, 4,   3.474,  2.435, -6.204, 5, -24.900, -6.000, -2.640
68369.47298, 3,   4.454, -0.545,  2.479, 4,   3.863,  2.140, -8.106, 5, -26.220, -4.500, -2.940
68369.49322, 3,   0.477,  2.806, -1.444, 4,   4.474,  2.186, -9.314, 5, -27.060, -3.480, -3.240
68369.51351, 3,  -3.378,  5.475, -4.141, 4,   3.831,  2.019, -9.224, 5, -27.300, -3.060, -3.600
68369.53629, 3,  -5.421,  5.448,  0.872, 4,   2.669,  0.636, -9.254, 5, -27.420, -3.060, -4.140
68369.55385, 3,  -4.508,  6.333, -0.204, 4,   3.064, -1.643, -9.384, 5, -26.820, -3.540, -4.800
68369.57398, 3,  -0.109,  9.834, -1.771, 4,   3.119, -2.354, -8.872, 5, -25.860, -4.560, -5.220
68369.59571, 3,   9.698, 14.669, -0.667, 4,   3.450,  0.426, -7.099, 5, -24.420, -5.820, -5.820
68369.61396, 3,  14.615, 17.094,  0.531, 4,   2.121,  1.242, -6.986, 5, -22.440, -7.320, -6.120
68369.63416, 3,  17.066, 18.319, 10.025, 4,  -0.107,  1.134, -4.688, 5, -20.040, -9.240, -6.300
68369.65427, 3,  18.292, 18.919, 14.778, 4,  -0.575, -1.394, -1.360, 5, -17.340,-11.280, -6.360
68369.67437, 3,  18.905, 16.658, 16.113, 4,   0.036, -2.803,  1.861, 5, -14.460,-13.560, -6.780
68369.69455, 3,  19.218, 15.337,  7.818, 4,  -0.348, -1.126,  4.202, 5, -12.060,-16.080, -7.200
68369.71468, 3,  13.171, 17.107, -0.926, 4,  -1.870,  2.531,  4.634, 5,  -9.720,-18.780, -7.500
68369.73603, 3,  16.344, 13.348,-10.229, 4,  -4.623,  3.872,  8.204, 5,  -7.800,-21.240, -8.160
68369.75942, 3,  18.442, 12.095, -7.450, 4,  -2.324,  0.435,  6.336, 5,  -6.540,-23.820, -8.520
68369.77720, 3,   6.143, 13.607, -0.436, 4,   0.796, -0.635,  1.298, 5,  -5.520,-26.040, -8.820
68369.79695, 3,  -6.715, 13.607, -3.800, 4,  -1.387,  0.156,  0.163, 5,  -4.380,-27.960, -9.000
68369.81615, 3,  -6.688, 16.562, -3.800, 4,  -0.614, -1.337,  2.873, 5,  -3.600,-29.460, -9.180
68369.83736, 3, -15.377, 18.782, -9.194, 4,  -1.721, -2.417,  5.470, 5,  -3.240,-30.300, -9.300
68369.85761, 3, -17.448, 14.587, -0.395, 4,  -2.077, -4.234,  4.593, 5,  -3.180,-30.720, -9.480
68369.87772, 3, -13.198, 11.223,  1.417, 4,  -1.501, -5.622,  4.595, 5,  -3.720,-30.780, -9.660
68369.89758, 3,   3.160, 11.332,  6.020, 4,  -1.019, -5.906,  7.048, 5,  -4.800,-30.240, -9.720
68369.91986, 3,   2.915, 15.432,  1.130, 4,  -0.228, -1.659,  5.034, 5,  -6.480,-29.280, -9.480
68369.93941, 3,  -8.308, 17.475, -2.574, 4,  -0.586, -0.650,  2.575, 5,  -8.820,-28.080, -9.540
68369.95874, 3, -13.920, 17.638,  2.016, 4,  -1.999,  0.097,  3.909, 5, -11.580,-26.580, -9.780
68369.97864, 3, -16.726, 18.578,  3.010, 4,  -1.610, -0.793,  4.901, 5, -14.520,-25.020, -9.780
68369.99869, 3, -18.129, 17.053,  1.961, 4,  -0.840, -1.598,  4.614, 5, -17.700,-23.100, -9.660
68370.01842, 3, -15.078, 15.228,  1.117, 4,  -0.057, -1.385,  4.483, 5, -20.580,-21.000, -9.420
68370.03951, 3, -10.174, 14.424,  0.531, 4,   0.479, -0.377,  4.226, 5, -23.160,-18.660, -9.180
68370.05979, 3,  -5.448, 13.089,  0.531, 4,   0.768,  0.770,  3.632, 5, -25.560,-16.380, -8.400
68370.08360, 3,   2.193,  8.976,  0.477, 4,   1.742,  3.220,  0.635, 5, -27.120,-13.920, -7.800
68370.10148, 3,   1.634,  6.088,  1.989, 4,   1.943,  3.594, -1.650, 5, -28.440,-11.460, -7.260
68370.11927, 3,   1.267,  1.335,  3.228, 4,   2.744,  3.468, -3.400, 5, -29.640, -9.180, -7.020
68370.14318, 3,   1.185, -1.403,  3.609, 4,   3.399,  2.595, -5.564, 5, -30.780, -7.080, -6.960
68370.15979, 3,   2.084,  1.594,  3.119, 4,   3.854,  1.669, -7.434, 5, -31.680, -5.460, -6.720
68370.18046, 3,   1.798,  4.931,  0.735, 4,   3.981,  2.016, -8.713, 5, -32.160, -4.320, -6.540
68370.20023, 3,  -1.539,  6.933, -1.566, 4,   3.788,  2.209, -9.392, 5, -32.340, -3.720, -6.480
68370.22132, 3,  -4.549,  7.464,  0.899, 4,   2.831,  1.935, -9.591, 5, -31.860, -3.660, -6.660
68370.24193, 3,  -6.974,  7.478,  2.016, 4,   2.754, -2.050, -9.850, 5, -30.960, -4.320, -6.960
68370.26110, 3,  -3.010, 11.264,  0.531, 4,   3.377, -1.639, -8.690, 5, -29.400, -5.280, -7.020
68370.28117, 3,   8.254, 15.391, -1.049, 4,   3.852, -0.351, -7.245, 5, -27.300, -6.660, -6.840
68370.30123, 3,  13.893, 17.461,  0.831, 4,   2.924,  0.972, -7.080, 5, -25.080, -8.220, -6.480
68370.32327, 3,  16.699, 18.496, 10.174, 4,   0.338,  1.462, -6.380, 5, -22.320,-10.140, -6.180
68370.34335, 3,  18.115, 18.170, 14.846, 4,  -0.603,  0.129, -3.086, 5, -19.320,-12.180, -5.880
68370.36244, 3,  18.823, 15.895, 16.426, 4,  -0.392, -2.045,  0.573, 5, -16.380,-14.460, -5.640
68370.38295, 3,  19.177, 13.443,  7.328, 4,   0.097, -2.172,  3.429, 5, -13.380,-16.920, -5.460
68370.40660, 3,  12.381, 16.481,  2.901, 4,  -7.358,  3.639,  6.588, 5, -10.800,-19.500, -5.220
68370.42483, 3,  15.949,  9.166, -8.322, 4,   1.380, -2.822,  9.447, 5,  -8.640,-22.080, -4.980
68370.44335, 3,  17.734,  3.460,  5.598, 4,  -5.180,  1.342,  5.792, 5,  -7.080,-24.480, -4.500
68370.46356, 3,  15.473, 11.496, -6.960, 4,   2.331,  0.228,  1.240, 5,  -5.940,-26.520, -4.080
68370.48356, 3,   1.253, 14.015, -0.967, 4,  -1.441,  0.371,  0.759, 5,  -4.920,-28.320, -3.840
68370.50362, 3,  -9.126, 16.767, -7.641, 4,  -0.799, -1.132,  3.049, 5,  -4.020,-29.640, -3.480
68370.52420, 3, -11.441, 18.156,-12.395, 4,  -1.476, -1.985,  5.052, 5,  -3.480,-30.360, -3.120
68370.54509, 3, -15.486, 18.837,-11.673, 4,  -1.502, -3.227,  4.635, 5,  -3.540,-30.660, -2.880
68370.57045, 3,  -7.437, 10.161,  4.576, 4,  -0.810, -5.642,  6.379, 5,  -4.080,-30.600, -2.580
68370.60652, 3,   1.812, 16.113, -1.090, 4,  -0.112, -2.441,  4.693, 5,  -5.340,-30.120, -2.400
68370.62533, 3,   1.812, 16.126, -1.090, 4,   0.313, -0.875,  2.751, 5,  -9.180,-27.780, -2.280
68370.64621, 3, -14.192, 17.829,  0.722, 4,  -1.269,  0.462,  2.836, 5, -11.880,-26.340, -2.220
68370.66633, 3, -16.862, 17.992,  2.601, 4,  -1.603,  0.204,  3.988, 5, -14.820,-24.900, -2.340
68370.68635, 3, -18.197, 15.772,  2.043, 4,  -1.213, -0.529,  4.271, 5, -17.940,-23.280, -2.520
68370.70661, 3, -14.683, 14.478,  2.057, 4,  -0.483, -1.077,  4.281, 5, -21.000,-21.420, -2.640
68370.72609, 3, -10.706, 13.947,  2.152, 4,   0.139, -0.779,  4.120, 5, -23.880,-19.500, -2.640
68370.74946, 3,  -5.666, 14.152,  2.738, 4,   0.764,  0.834,  2.766, 5, -26.460,-17.460, -2.580
68370.76796, 3,   4.222, 11.768,  0.504, 4,   1.960,  2.915,  1.447, 5, -28.320,-15.360, -2.580
68370.78721, 3,   3.541,  7.219,  0.341, 4,   1.917,  3.602, -1.443, 5, -29.760,-13.380, -2.520
68370.80750, 3,   1.130,  3.024,  2.833, 4,   2.469,  3.406, -3.968, 5, -31.140,-11.580, -2.460
68370.82694, 3,   3.296,  2.506,  1.812, 4,   3.121,  2.925, -5.494, 5, -32.340,-10.200, -2.640
68370.84787, 3,   4.985,  3.528,  0.940, 4,   3.539,  2.380, -6.896, 5, -32.940, -9.300, -2.760
68370.86844, 3,   2.983,  6.075, -0.967, 4,   3.469,  2.739, -8.732, 5, -32.880, -8.640, -2.820
68370.88847, 3,  -2.601,  7.682, -2.833, 4,   3.698,  2.893, -9.858, 5, -32.160, -8.220, -3.000
68370.91217, 3,  -7.219,  8.513,  2.642, 4,   2.247,  0.235,-10.004, 5, -30.900, -8.220, -3.240
68370.92832, 3,  -4.767, 12.490,  3.541, 4,   2.784, -2.086, -9.963, 5, -28.980, -8.520, -3.480
68370.94880, 3,   3.283, 16.004,  2.860, 4,   3.241, -2.362, -8.826, 5, -26.700, -8.940, -3.720
68370.96944, 3,  11.414, 17.775,  1.730, 4,   3.550, -1.880, -7.224, 5, -24.180, -9.420, -3.900
68370.98946, 3,  15.473, 18.646,  7.791, 4,   2.464, -1.439, -6.519, 5, -21.360, -9.900, -3.900
68371.00949, 3,  17.502, 19.096,  9.180, 4,   0.692,  0.019, -5.181, 5, -18.240,-10.680, -4.140
68371.02906, 3,  18.510, 16.930, 11.169, 4,   0.241,  0.090, -1.443, 5, -15.240,-11.580, -4.140
68371.05005, 3,  19.028, 16.603, 13.607, 4,  -1.425,  0.367,  2.124, 5, -12.180,-12.660, -4.440
68371.07426, 3,  13.225, 18.061,  3.255, 4,  -1.261,  2.196,  3.381, 5,  -9.240,-13.980, -4.680
68371.09205, 3,  -3.160, 18.796, 11.387, 4,  -7.349,  1.379,  6.504, 5,  -6.540,-15.360, -4.800
68371.11030, 3,   7.927,  3.051, -3.800, 4,   0.661, -2.484,  9.419, 5,  -4.140,-16.620, -4.980
68371.12990, 3,  13.729,  7.668,  7.859, 4,  -6.800,  2.338,  6.436, 5,  -2.040,-17.640, -4.980
68371.15124, 3,  16.630, 13.607, -5.830, 4,   3.379, -0.994,  4.249, 5,  -0.240,-18.300, -4.980
68371.17148, 3,   5.475, 15.078,  4.508, 4,  -2.146,  0.647,  0.008, 5,   1.140,-18.540, -4.920
68371.19151, 3,  -7.028, 17.298, -5.053, 4,  -0.820, -0.221,  0.736, 5,   2.100,-18.540, -5.100
68371.21177, 3,  -8.377, 18.415,-12.286, 4,  -1.513, -2.115,  4.255, 5,   2.400,-18.180, -5.280
68371.23188, 3, -13.852, 18.960,-10.665, 4,  -1.543, -3.867,  3.502, 5,   2.520,-17.640, -5.400
68371.25362, 3, -16.699, 12.313,  4.427, 4,  -1.353, -4.115,  3.784, 5,   1.800,-17.040, -5.820
68371.27229, 3, -10.896, 11.414,  3.037, 4,  -1.089, -3.925,  6.610, 5,   0.600,-16.320, -6.060
68371.29237, 3,   2.642, 13.430,  7.736, 4,  -1.044, -3.385,  4.566, 5,  -0.840,-15.540, -6.420
68371.31272, 3,   0.381, 16.481,  2.969, 4,  -0.464, -3.026,  2.508, 5,  -2.460,-14.520, -6.720
68371.33200, 3,  -9.575, 16.235,  0.341, 4,  -0.880, -2.869,  2.442, 5,  -4.320,-13.440, -6.540
68371.35296, 3, -11.836, 16.644,  1.920, 4,  -1.018, -2.018,  5.183, 5,  -6.180,-12.240, -6.540
68371.37335, 3, -13.253, 18.088,  3.119, 4,  -0.992, -1.629,  5.279, 5,  -8.100,-10.800, -6.300
68371.39818, 3, -11.250, 15.146,  0.395, 4,   0.099, -1.005,  4.316, 5,  -9.780, -9.000, -6.060
68371.41608, 3,  -8.118, 13.811,  0.409, 4,   0.359,  0.035,  3.962, 5, -11.220, -6.960, -5.580
68371.43373, 3,  -8.118, 13.811,  0.409, 4,   0.608,  0.960,  3.378, 5, -12.360, -4.980, -5.100
68371.45455, 3,  -6.170, 12.177,  2.833, 4,   0.868,  1.820,  2.611, 5, -13.140, -2.940, -4.620
68371.47469, 3,   2.452,  9.289,  3.705, 4,   2.033,  2.973,  0.710, 5, -13.620, -0.780, -3.960
68371.49481, 3,   0.654,  5.312,  2.738, 4,   2.029,  3.186, -1.799, 5, -14.100,  1.380, -3.360
68371.51470, 3,   1.321,  0.504,  3.882, 4,   2.447,  2.625, -4.034, 5, -14.340,  3.660, -2.880
68371.53409, 3,   5.666,  0.449,  0.763, 4,   3.140,  1.872, -5.103, 5, -14.400,  5.580, -2.520
68371.55738, 3,   6.252,  1.689, -1.171, 4,   2.941,  2.217, -8.540, 5, -14.580,  7.440, -2.100
68371.57705, 3,   0.735,  4.903, -2.302, 4,   2.917,  2.742, -9.932, 5, -14.400,  9.180, -1.680
68371.59513, 3,  -6.170,  6.592, -2.152, 4,   2.853,  2.239,-10.004, 5, -14.100, 10.860, -1.440
68371.61560, 3,  -7.232,  8.131,  3.337, 4,   1.961,  0.735, -9.864, 5, -13.800, 12.180, -1.440
68371.63520, 3,  -4.454, 11.291,  1.798, 4,   2.438, -1.709, -9.530, 5, -13.860, 13.140, -1.320
68371.65621, 3,   4.699, 15.418,  0.109, 4,   2.987, -2.043, -8.785, 5, -14.220, 13.980, -1.380
68371.67545, 3,  12.122, 17.475,  0.477, 4,   3.184, -0.960, -7.403, 5, -14.700, 14.460, -1.380
68371.69570, 3,  15.827, 18.496,  9.058, 4,   2.715,  0.243, -6.831, 5, -15.600, 14.460, -1.320
68371.71594, 3,  17.666, 19.014, 11.019, 4,   0.558,  1.214, -6.341, 5, -16.980, 13.860, -1.380
68371.73688, 3,  18.605, 14.833, 15.268, 4,  -1.014, -0.541,  1.266, 5, -18.780, 12.600, -1.500
68371.75597, 3,  19.055, 13.757, 10.610, 4,  -0.689, -0.383,  2.701, 5, -21.240, 10.860, -1.380
68371.77803, 3,  19.286, 15.214,  7.110, 4,  -1.139,  0.892,  3.585, 5, -24.300,  9.000, -1.080
68371.79726, 3,   4.672, 17.366, 13.321, 4,  -5.464,  0.019,  4.602, 5, -27.720,  7.020, -0.780
68371.81753, 3,  12.095, -1.062,  3.786, 4,   0.907, -0.340,  9.880, 5, -31.620,  5.160, -0.360
68371.83685, 3,  15.813,  9.221,  9.739, 4,  -4.333, -0.068,  7.694, 5, -35.760,  3.780,  0.300
68371.85781, 3,   4.617, 14.342,  3.895, 4,   1.231,  0.398,  0.699, 5, -40.080,  2.880,  0.960
68371.87801, 3,  -7.450, 16.930,  0.409, 4,  -2.191,  0.663, -0.276, 5, -44.220,  1.860,  1.620
68371.90220, 3, -11.441, 18.224, -7.791, 4,  -1.144, -2.028,  4.571, 5, -48.360,  1.080,  2.280
68371.91915, 3, -13.947, 18.878, -8.513, 4,  -1.098, -3.091,  4.313, 5, -52.320,  0.420,  3.240
68371.93776, 3, -16.739, 13.525,  0.232, 4,  -0.750, -4.320,  2.688, 5, -55.920,  0.420,  4.620
68371.95962, 3, -12.885, 12.994,  0.749, 4,  -0.789, -4.089,  5.102, 5, -58.860, -0.240,  6.300
68371.97967, 3,   0.054, 11.087,  6.197, 4,  -1.552, -4.709,  5.605, 5, -61.140, -0.300,  8.340
68371.99964, 3,   1.948, 13.157,  6.374, 4,  -0.652, -4.705,  4.109, 5, -62.880, -0.060, 10.560
68372.01987, 3,  -4.699, 13.974,  2.956, 4,  -0.090, -3.584,  4.019, 5, -63.840,  0.360, 12.840
68372.03923, 3,  -9.807, 16.739,  1.076, 4,  -0.170, -1.775,  4.522, 5, -64.140,  1.200, 15.480
68372.06079, 3, -13.348, 18.129,  2.288, 4,  -1.041, -0.591,  5.078, 5, -63.960,  2.460, 17.940
68372.08167, 3, -16.440, 17.870,  2.343, 4,  -0.668, -1.031,  5.041, 5, -63.060,  4.080, 20.340
68372.10045, 3, -15.486, 15.936,  2.084, 4,  -0.338, -1.161,  5.190, 5, -61.680,  5.700, 22.260
68372.12076, 3, -11.754, 14.451,  2.193, 4,  -0.057, -0.965,  4.741, 5, -59.940,  7.380, 24.180
68372.14035, 3,  -8.417, 13.743,  2.833, 4,   0.223, -0.468,  3.949, 5, -57.840,  9.000, 25.980
68372.16116, 3,  -5.135, 13.089,  4.222, 4,   0.650,  0.371,  3.122, 5, -55.560,  9.900, 27.480
68372.18117, 3,   1.880, 10.447,  3.677, 4,   1.980,  2.296,  1.876, 5, -53.400, 10.680, 28.680
68372.20163, 3,   3.977,  5.884,  1.117, 4,   2.418,  2.963, -0.479, 5, -51.420, 11.340, 29.640
68372.22341, 3,   0.599,  2.833,  2.384, 4,   2.967,  3.055, -5.012, 5, -49.620, 11.700, 29.940
68372.24138, 3,   0.449,  0.218,  1.934, 4,   3.414,  2.520, -6.518, 5, -47.820, 11.580, 29.940
68372.26208, 3,   1.716,  0.926, -0.204, 4,   3.198,  2.678, -8.137, 5, -46.440, 10.740, 29.340
68372.28271, 3,   0.259,  3.909, -2.384, 4,   3.047,  3.060, -9.165, 5, -44.880,  9.240, 28.020
68372.30270, 3,  -5.543,  7.995, -3.187, 4,   2.603,  2.543, -9.252, 5, -43.500,  7.200, 26.160
68372.32271, 3,  -5.135, 10.556, -1.267, 4,   2.470,  1.388, -8.254, 5, -42.060,  4.560, 24.060
68372.34208, 3,  -2.792, 12.435, -0.286, 4,   2.431, -0.873, -8.454, 5, -40.380,  1.560, 21.840
68372.36406, 3,   6.837, 15.977,  3.609, 4,   2.336, -2.977, -7.897, 5, -38.520, -1.620, 19.620
68372.38669, 3,  13.157, 18.633,  3.119, 4,   1.296, -1.285, -3.876, 5, -36.120, -5.100, 17.640
68372.40496, 3,  16.344, 13.838,  9.779, 4,   0.222, -0.670, -3.469, 5, -33.600, -8.640, 15.960
68372.42385, 3,  17.924,  8.649,  9.126, 4,   0.122, -0.690, -2.440, 5, -30.780,-12.120, 14.340
68372.44346, 3,  18.728,  1.580,  5.135, 4,   0.382, -1.762, -1.350, 5, -27.600,-15.540, 12.780
68372.46462, 3,  19.123, -2.574, 12.326, 4,  -0.019, -1.435,  1.195, 5, -24.240,-19.080, 11.460
68372.48476, 3,  19.327,  8.472, 15.868, 4,  -1.500,  2.444,  2.258, 5, -21.000,-22.620, 10.200
68372.50490, 3,  19.423, 13.988,  8.853, 4,   3.035,  8.827,  3.410, 5, -17.760,-26.100,  9.360
68372.52516, 3,  11.073,  6.674, -5.257, 4,  -2.151,  1.515,  4.817, 5, -14.640,-29.580,  8.880
68372.54737, 3,  -3.051,  4.154,  7.123, 4,  -5.477,  3.363, -0.176, 5, -11.460,-32.820,  8.940
68372.56668, 3,  -5.203,  9.807,  2.996, 4,  -1.177,  0.890,  1.418, 5,  -8.460,-35.700,  8.700
68372.58721, 3,  -3.051, 14.669,  5.407, 4,  -0.631,  0.019,  2.840, 5,  -5.460,-37.980,  8.640
68372.60582, 3, -11.291, 17.094, -2.234, 4,  -0.284, -1.614,  2.596, 5,  -3.060,-39.660,  8.760
68372.62612, 3, -12.898, 18.319, -6.238, 4,  -0.936, -2.357,  3.291, 5,  -0.960,-40.740,  9.000
68372.64564, 3, -13.089, 15.105, -3.923, 4,  -0.867, -2.863,  3.704, 5,   0.540,-41.280,  9.120
68372.66650, 3, -10.992, 12.503, -3.378, 4,  -1.204, -3.498,  3.261, 5,   1.260,-41.220,  9.300
68372.68684, 3,  -3.609, 11.346, -0.191, 4,  -0.743, -4.434,  5.163, 5,   1.320,-40.860,  9.180
68372.71093, 3,  -0.259, 10.924,  0.763, 4,  -1.710, -4.431,  2.842, 5,   0.540,-40.140,  9.000
68372.72921, 3,  -5.080,  9.997, -1.090, 4,  -1.263, -4.156,  2.344, 5,  -0.540,-39.300,  8.640
68372.74635, 3,  -5.271,  9.616, -1.539, 4,  -0.806, -3.972,  3.148, 5,  -2.220,-38.520,  8.280
68372.76731, 3,  -7.232, 12.177, -0.109, 4,  -0.671, -3.141,  3.406, 5,  -4.260,-37.620,  7.980
68372.78798, 3, -10.256, 13.048,  0.409, 4,  -0.610, -2.062,  3.809, 5,  -6.660,-36.660,  7.620
68372.80787, 3,  -9.371, 12.653,  0.177, 4,  -0.430, -1.424,  4.508, 5,  -8.940,-35.340,  7.500
68372.82822, 3,  -7.478, 12.517,  0.409, 4,  -0.337, -1.136,  4.503, 5, -11.220,-34.140,  7.320
68372.84756, 3,  -6.088, 12.476,  1.607, 4,  -0.195, -0.902,  3.876, 5, -13.320,-32.580,  7.020
68372.87258, 3,   1.335, 14.192,  3.473, 4,   1.704,  1.910,  2.921, 5, -15.420,-30.960,  6.840
68372.89075, 3,   6.170, 14.315,  1.975, 4,   2.195,  2.921,  0.551, 5, -17.340,-29.160,  7.080
68372.91039, 3,   2.697, 11.577,  1.199, 4,   2.253,  2.852, -1.466, 5, -19.140,-27.240,  7.080
68372.92898, 3,  -0.068,  7.192,  2.928, 4,   2.329,  2.160, -2.356, 5, -20.700,-25.320,  7.080
68372.94853, 3,   3.500,  4.290,  3.923, 4,   2.885,  1.141, -3.190, 5, -21.960,-23.580,  7.140
68372.96966, 3,   6.824,  3.950,  1.512, 4,   2.676,  0.615, -4.868, 5, -22.920,-21.960,  7.140
68372.98980, 3,   5.121,  5.857, -0.436, 4,   1.895,  1.355, -7.000, 5, -23.460,-20.760,  7.020
68373.00998, 3,   2.043,  6.810, -0.776, 4,   1.386,  2.098, -7.760, 5, -23.580,-19.860,  6.840
68373.03019, 3,   2.288,  8.227, -0.463, 4,   1.212,  2.287, -7.634, 5, -22.860,-19.080,  6.600
68373.05132, 3,   1.539,  9.834,  2.084, 4,   0.551,  0.415, -8.014, 5, -21.960,-18.660,  6.240
68373.07074, 3,   2.520, 11.768,  3.242, 4,   0.729, -0.344, -7.232, 5, -20.580,-18.300,  6.000
68373.09063, 3,   5.898, 15.650,  3.882, 4,   0.967, -0.721, -5.931, 5, -18.900,-18.180,  5.520
68373.11087, 3,   8.989, 17.584,  1.321, 4,   0.684, -1.354, -5.320, 5, -16.740,-18.120,  5.040
68373.13106, 3,  13.157, 16.903,  3.391, 4,  -0.260, -1.536, -4.435, 5, -14.460,-18.300,  4.380
68373.15027, 3,  16.344, 11.605,  1.621, 4,  -0.049, -1.746, -2.895, 5, -11.820,-18.480,  3.780
68373.17387, 3,  17.924,  7.341,  1.730, 4,  -0.166, -1.321, -1.160, 5,  -8.940,-18.900,  3.240
68373.19092, 3,  18.728,  2.847,  6.919, 4,  -0.165, -1.550, -0.203, 5,  -5.880,-19.320,  2.340
68373.21337, 3,  19.327, 12.000, 13.184, 4,  -0.240,  1.446,  4.298, 5,  -2.880,-19.800,  1.440
68373.23191, 3,  19.423, 15.772,  1.376, 4,   1.808,  6.849,  3.388, 5,  -0.120,-20.460,  0.720
68373.25118, 3,  19.423, 15.772,  1.376, 4,  -1.380,  4.624,  1.429, 5,   2.640,-21.180,  0.180
68373.27150, 3,  -0.054, 12.653, -4.944, 4,  -0.897,  1.107, -0.861, 5,   5.220,-21.900, -0.420
68373.29155, 3,  -3.119, 12.463,  6.020, 4,  -1.425,  0.989,  0.239, 5,   7.680,-22.380, -0.900
68373.31237, 3,   0.259, 13.675,  2.547, 4,  -1.995,  0.602,  1.777, 5,   9.960,-22.680, -1.380
68373.33160, 3,  -2.765, 16.603, -0.490, 4,  -0.108, -0.358,  2.278, 5,  11.880,-22.800, -1.860
68373.35171, 3,  -8.935, 17.557, -1.403, 4,   0.065, -0.521,  1.590, 5,  13.140,-22.920, -2.220
68373.37398, 3,  -9.003, 16.767, -1.212, 4,  -0.166, -2.266,  2.476, 5,  14.220,-22.800, -2.820
68373.39205, 3,  -7.655, 13.389, -0.940, 4,   0.104, -2.968,  2.256, 5,  14.880,-22.500, -3.360
68373.41191, 3,  -6.388,  9.548,  1.062, 4,  -0.031, -3.526,  2.160, 5,  15.120,-22.260, -3.720
68373.43247, 3,  -0.872,  9.548,  0.272, 4,  -0.389, -3.443,  3.495, 5,  15.000,-21.900, -4.320
68373.45245, 3,  -2.343,  7.369,  0.926, 4,  -0.938, -3.856,  2.629, 5,  14.640,-21.600, -4.740
68373.47344, 3,  -4.154,  6.701, -1.321, 4,  -0.309, -4.932,  2.353, 5,  13.740,-21.360, -5.280
68373.49333, 3,  -0.858,  8.240, -1.784, 4,   0.308, -4.649,  3.366, 5,  12.600,-21.060, -5.700
68373.51323, 3,  -1.975, 10.869, -1.675, 4,   0.507, -3.512,  3.940, 5,  11.280,-20.700, -5.940
