68327.34041, 3,  -1.866,  9.085, -0.586, 4,   1.773, -0.770, -7.632, 5,  -9.480,-15.780, -2.160
68327.35706, 3,   2.411, 14.301, -0.518, 4,   1.736, -0.374, -7.561, 5,  -8.880,-16.260, -2.820
68327.37638, 3,   7.995, 16.916,  2.452, 4,   2.092,  0.135, -6.861, 5,  -7.740,-16.680, -3.300
68327.39854, 3,  11.931, 18.224,  5.094, 4,   1.938, -0.204, -5.683, 5,  -6.300,-17.040, -3.840
68327.41757, 3,  15.568, 17.965,  7.600, 4,   0.802, -0.411, -4.125, 5,  -4.560,-17.460, -4.020
68327.43786, 3,  17.543, 14.955,  4.876, 4,   0.483, -0.770, -1.786, 5,  -2.460,-17.940, -4.260
68327.45709, 3,  18.524, 15.568,  3.909, 4,  -0.369, -0.677,  0.869, 5,  -0.120,-18.540, -4.620
68327.47850, 3,  19.028,  7.314,  5.748, 4,  -1.106, -0.239,  2.055, 5,   2.100,-19.440, -4.980
68327.50244, 3,  13.634, 13.416, -6.892, 4,   3.707,  0.237,  3.242, 5,   4.380,-20.160, -5.280
68327.52072, 3,  -0.109,  4.631, -5.993, 4,  -3.388,  2.620,  2.231, 5,   6.540,-20.940, -5.460
68327.53967, 3,   9.698, 12.054,  6.756, 4,  -0.680,  0.632,  4.204, 5,   8.640,-21.720, -5.880
68327.55832, 3,   9.643, 13.076, -4.141, 4,   0.718, -0.041,  1.160, 5,  10.500,-22.560, -5.880
68327.57870, 3,   1.839, 11.700, -0.967, 4,  -0.676,  0.482,  0.236, 5,  12.060,-23.220, -6.120
68327.59918, 3,  -0.926, 12.817,  1.280, 4,  -0.381,  0.129,  0.897, 5,  13.560,-23.580, -6.240
68327.61920, 3,  -1.703, 15.473, -0.259, 4,  -0.146, -0.228,  1.239, 5,  14.640,-23.940, -6.420
68327.63929, 3,  -6.728, 17.502, -1.185, 4,  -0.313, -0.749,  1.424, 5,  15.300,-24.240, -6.600
68327.66294, 3,  -8.472, 17.380, -4.086, 4,  -0.766, -1.760,  2.701, 5,  15.660,-24.420, -6.720
68327.68109, 3,  -6.184, 15.977, -5.230, 4,  -0.996, -1.778,  2.743, 5,  15.660,-24.540, -6.840
68327.70004, 3,  -4.290, 13.607, -1.689, 4,  -1.183, -1.574,  2.524, 5,  15.120,-24.720, -7.200
68327.72063, 3,  -2.874, 12.313,  0.667, 4,  -0.383, -1.650,  2.774, 5,  14.280,-24.900, -7.560
68327.75736, 3,  -7.409,  7.450,  1.348, 4,  -0.729, -1.541,  3.475, 5,  13.080,-25.140, -8.160
68327.77761, 3,  -6.865,  8.336,  0.191, 4,  -0.757, -1.212,  4.278, 5,  11.280,-25.380, -8.820
68327.79772, 3,  -8.322,  9.439,  0.082, 4,  -0.790, -1.199,  4.606, 5,   9.180,-25.500, -9.180
68327.83830, 3,  -5.189, 13.253, -0.082, 4,  -0.629, -1.755,  5.123, 5,   7.260,-25.440, -9.600
68327.86826, 3,   0.422, 16.617,  2.629, 4,   0.149,  0.366,  4.062, 5,   4.860,-25.380, -9.900
68327.89138, 3,  -0.831, 16.317,  0.368, 4,   1.069,  1.286,  2.724, 5,   2.520,-24.480,-10.440
68327.90828, 3,  -5.053, 12.408, -0.504, 4,   1.086,  1.487,  0.804, 5,  -2.220,-23.940,-10.800
68327.93781, 3,  -2.860,  7.913,  1.158, 4,   1.185,  1.634, -0.539, 5,  -4.380,-23.400,-11.100
68327.95813, 3,   1.008,  4.672,  0.858, 4,   1.445,  1.144, -2.256, 5,  -6.480,-23.160,-11.520
68327.97816, 3,   1.689,  3.705,  0.368, 4,   1.126,  1.207, -4.575, 5,  -8.220,-22.920,-11.940
68327.99870, 3,  -0.136,  3.174,  0.068, 4,   0.989,  1.474, -6.093, 5,  -9.780,-22.860,-12.480
68328.03530, 3,  -2.901,  4.617, -0.899, 4,   1.232,  1.505, -7.539, 5, -10.980,-22.980,-13.020
68328.06471, 3,  -2.588, 10.569, -0.776, 4,   1.571,  0.377, -8.267, 5, -11.700,-23.280,-13.680
68328.08475, 3,   0.449, 15.050,  0.313, 4,   1.902, -0.044, -8.150, 5, -10.980,-24.240,-14.520
68328.10562, 3,   7.409, 17.284,  4.236, 4,   2.276,  0.065, -7.442, 5,  -9.600,-24.720,-14.760
68328.12962, 3,  12.544, 18.415,  6.129, 4,   1.685, -0.977, -4.858, 5,  -7.440,-25.260,-14.820
68328.15158, 3,  16.031, 18.960,  9.153, 4,   0.827, -1.297, -2.487, 5,  -4.740,-25.920,-14.940
68328.17014, 3,  17.775, 13.593,  5.407, 4,  -0.170, -0.608,  0.624, 5,  -1.620,-26.460,-15.120
68328.19465, 3,  18.633, 15.541,  5.189, 4,  -1.054,  0.353,  1.804, 5,   1.740,-27.120,-15.240
68328.21114, 3,  18.878, 11.155, 10.542, 4,  -1.598,  1.105,  3.294, 5,   5.220,-28.140,-15.420
68328.23286, 3,  14.628, 15.337, -4.495, 4,  -0.974,  2.230,  4.687, 5,   8.760,-29.220,-15.600
68328.25125, 3,   1.403,  6.974,  4.359, 4,  -0.775, -1.166,  2.903, 5,  12.060,-30.540,-15.720
68328.27381, 3,  10.460, 12.217, 11.700, 4,   1.985, -0.449,  3.925, 5,  15.180,-31.740,-15.840
68328.29131, 3,  10.583, 14.710, -2.384, 4,  -0.648,  0.334,  0.379, 5,  18.000,-32.940,-16.020
68328.31158, 3,   2.996, 12.994, -1.444, 4,  -0.256,  0.376,  0.670, 5,  20.580,-34.140,-15.960
68328.33196, 3,  -2.152, 13.498,  0.627, 4,  -0.283, -0.066,  1.295, 5,  22.920,-35.040,-15.960
68328.35204, 3,  -1.812, 16.508, -0.994, 4,  -0.385, -0.570,  1.843, 5,  24.780,-35.820,-15.840
68328.37223, 3,  -5.189, 18.020, -2.996, 4,  -0.653, -1.215,  1.905, 5,  26.220,-36.420,-15.720
68328.39224, 3,  -8.172, 17.516, -5.271, 4,  -0.823, -1.722,  2.431, 5,  27.060,-36.840,-15.600
68328.41216, 3,  -7.273, 15.554, -5.789, 4,  -1.085, -1.826,  2.901, 5,  27.000,-37.260,-15.720
68328.43945, 3,  -2.806, 13.838,  0.572, 4,  -0.477, -1.592,  3.078, 5,  26.280,-37.800,-16.020
68328.47592, 3,  -9.112,  8.772,  0.191, 4,  -0.939, -1.330,  3.198, 5,  24.840,-38.100,-16.440
68328.49356, 3,  -9.112,  8.772,  0.191, 4,  -0.898, -1.337,  4.306, 5,  20.580,-39.120,-17.400
68328.51415, 3,  -8.962,  8.867,  0.163, 4,  -0.820, -1.352,  4.772, 5,  17.940,-39.540,-18.000
68328.53467, 3,  -7.873, 12.871, -0.436, 4,  -0.710, -1.669,  4.877, 5,  15.120,-39.840,-18.720
68328.55493, 3,  -6.674, 11.468,  0.136, 4,  -0.656, -1.948,  4.495, 5,  12.300,-39.900,-19.260
68328.57510, 3,  -5.557, 14.233,  3.228, 4,  -0.545, -1.808,  3.820, 5,   9.180,-39.720,-19.920
68328.59454, 3,  -0.218, 15.541,  2.765, 4,   0.110, -1.212,  3.341, 5,   6.120,-39.300,-20.220
68328.61648, 3,  -1.253, 14.764,  0.831, 4,   1.232,  1.805,  0.911, 5,   3.240,-38.940,-20.700
68328.63657, 3,  -4.318, 11.237,  0.123, 4,   1.404,  1.911, -0.622, 5,   0.420,-38.460,-21.180
68328.65599, 3,  -0.926,  7.219,  2.206, 4,   1.097,  2.189, -1.383, 5,  -2.460,-38.040,-21.540
68328.67610, 3,   1.130,  5.612,  2.315, 4,   1.408,  1.640, -2.714, 5,  -4.860,-37.560,-22.020
68328.72099, 3,  -1.961,  3.855,  0.327, 4,   1.340,  1.696, -6.426, 5,  -6.960,-37.320,-22.380
68328.75039, 3,  -3.473,  5.489, -0.735, 4,   1.609,  1.375, -7.235, 5,  -8.520,-37.200,-22.860
68328.77046, 3,  -1.634,  7.559,  0.109, 4,   1.463,  0.889, -7.553, 5,  -8.160,-37.380,-23.040
68328.79071, 3,  -0.191, 13.144,  0.490, 4,   1.581,  0.302, -8.035, 5,  -6.780,-37.380,-22.980
68328.81080, 3,   4.508, 16.331,  2.915, 4,   1.832, -0.151, -8.139, 5,  -4.620,-37.080,-22.860
68328.83235, 3,  10.338, 17.924,  4.004, 4,   2.156, -0.435, -6.115, 5,  -1.560,-36.300,-22.440
68328.85164, 3,  14.928, 18.728,  7.682, 4,   1.181, -0.800, -4.735, 5,   2.280,-35.340,-21.660
68328.87182, 3,  17.230, 16.794,  7.777, 4,   0.575, -0.718, -2.651, 5,   6.600,-34.140,-21.120
68328.89188, 3,  18.387, 13.675,  6.797, 4,  -0.166, -0.589,  0.200, 5,  11.520,-32.820,-20.520
68328.91201, 3,  16.576, 16.385,  4.127, 4,  -0.669,  0.069,  1.774, 5,  16.800,-31.500,-20.040
68328.93389, 3,   9.289, 17.965, 11.836, 4,  -1.374,  1.149,  2.443, 5,  22.080,-30.420,-19.800
68328.95384, 3,   6.442,  8.826, -3.841, 4,  -3.450,  1.856,  4.345, 5,  27.600,-29.460,-19.200
68328.97663, 3,   1.185,  6.306,  7.832, 4,  -4.707,  3.556,  3.761, 5,  32.940,-28.680,-18.780
68328.99501, 3,  10.351, 10.610,  1.239, 4,   0.702, -0.425,  5.064, 5,  38.280,-27.840,-18.360
68329.01455, 3,   9.030, 15.064, -2.833, 4,   0.364,  0.161,  1.815, 5,  43.200,-27.420,-17.820
68329.03486, 3,  -0.613, 11.441, -3.391, 4,  -0.637,  0.495,  0.038, 5,  47.700,-26.760,-17.340
68329.05488, 3,  -3.160, 13.947, -1.471, 4,  -0.461, -0.084,  1.111, 5,  51.780,-25.980,-16.620
68329.07514, 3,  -1.948, 16.739, -2.098, 4,  -0.349, -0.339,  2.049, 5,  54.660,-25.140,-16.200
68329.09549, 3,  -5.870, 18.129, -3.351, 4,  -0.667, -0.901,  1.973, 5,  56.940,-24.420,-15.900
68329.11562, 3,  -8.989, 18.129, -5.857, 4,  -0.785, -1.374,  2.295, 5,  58.380,-23.820,-15.840
68329.14041, 3,  -9.248, 15.786, -6.265, 4,  -1.513, -1.837,  3.005, 5,  59.100,-23.700,-16.080
68329.15643, 3,  -4.604, 13.906,  2.983, 4,  -1.465, -1.860,  3.310, 5,  58.920,-24.060,-16.620
68329.17624, 3,  -3.092, 12.177,  0.027, 4,  -0.471, -2.030,  2.986, 5,  58.140,-24.720,-17.460
68329.19662, 3,  -8.077,  8.485,  0.313, 4,  -1.128, -1.435,  2.759, 5,  56.880,-25.860,-18.300
68329.21699, 3,  -9.439,  7.982, -0.136, 4,  -1.113, -1.244,  4.034, 5,  55.200,-27.240,-19.260
68329.23920, 3,  -8.894,  9.997,  0.095, 4,  -1.084, -1.583,  4.727, 5,  53.100,-28.740,-20.220
68329.25735, 3,  -8.867, 11.346,  2.002, 4,  -0.959, -2.112,  4.535, 5,  50.940,-30.300,-21.300
68329.27759, 3,  -7.205, 11.618,  2.152, 4,  -0.551, -1.838,  4.074, 5,  48.600,-31.800,-22.560
68329.30263, 3,  -8.717, 14.111,  0.572, 4,   0.115, -1.506,  3.136, 5,  46.140,-33.000,-23.880
68329.31928, 3,  -9.330, 15.772,  1.934, 4,   0.671,  0.622,  3.439, 5,  43.680,-34.440,-25.200
68329.33806, 3,  -1.730, 15.704,  1.934, 4,   1.106,  1.320,  2.397, 5,  41.460,-35.580,-26.640
68329.35866, 3,  -1.062, 14.383, -0.014, 4,   1.009,  1.577,  0.045, 5,  39.720,-36.660,-27.900
68329.37883, 3,  -0.831,  9.344, -0.027, 4,   0.669,  1.980, -1.787, 5,  38.340,-37.740,-28.980
68329.39916, 3,   0.204,  4.754,  1.103, 4,   0.842,  1.761, -3.490, 5,  37.740,-38.340,-29.580
68329.41953, 3,   1.239,  2.724,  0.613, 4,   1.101,  1.588, -4.603, 5,  37.620,-38.460,-29.700
68329.44105, 3,   0.272,  2.179, -1.022, 4,   1.236,  1.482, -6.419, 5,  38.160,-37.860,-29.040
68329.46277, 3,  -2.193,  6.061, -2.057, 4,   1.597,  1.296, -7.851, 5,  39.180,-36.480,-27.960
68329.48238, 3,  -2.152,  8.349, -0.259, 4,   1.671,  0.947, -8.258, 5,  40.140,-34.260,-26.460
68329.50071, 3,  -2.152,  8.349, -0.259, 4,   1.899,  0.588, -8.646, 5,  41.040,-31.500,-24.600
68329.52046, 3,  -0.872, 12.204, -0.490, 4,   2.096,  0.487, -8.383, 5,  41.820,-28.140,-22.500
68329.54010, 3,   2.016, 15.868,  2.070, 4,   2.163,  0.338, -7.477, 5,  42.360,-24.300,-20.220
68329.56144, 3,  13.293, 18.605,  7.546, 4,   1.927, -0.323, -6.063, 5,  42.660,-20.400,-17.640
68329.58073, 3,  16.413, 18.210,  7.423, 4,   1.222, -1.033, -4.410, 5,  43.200,-16.440,-15.000
68329.60103, 3,  17.965, 14.615,  6.674, 4,   0.833, -0.953, -2.358, 5,  43.440,-12.420,-12.300
68329.62438, 3,  18.742, 13.348,  5.598, 4,  -0.717,  0.382,  1.670, 5,  44.040, -8.640, -9.540
68329.64356, 3,  13.988, 14.083,  3.936, 4,  -1.286,  1.070,  2.627, 5,  44.700, -4.680, -6.720
68329.66267, 3,  -2.765, 16.794, 11.741, 4,  -3.011,  1.461,  4.315, 5,  45.300, -0.720, -3.840
68329.68212, 3,  -2.397,  0.191,  2.452, 4,   2.399, -0.688,  5.042, 5,  45.600,  3.180, -1.020
68329.70208, 3,   8.554,  7.587, 10.992, 4,  -3.829,  2.359,  4.828, 5,  45.480,  6.840,  1.620
68329.72307, 3,  14.043, 11.482, -4.263, 4,  -0.429, -0.126,  5.764, 5,  44.640, 10.080,  3.900
68329.74322, 3,   2.697, 12.000,  2.574, 4,   0.875, -0.007,  1.189, 5,  43.260, 12.600,  5.760
68329.76849, 3,  -4.127, 11.877,  1.103, 4,  -0.403, -0.111,  1.298, 5,  41.520, 14.640,  7.080
68329.78657, 3,  -1.580, 15.704, -1.634, 4,  -0.406, -0.430,  2.155, 5,  39.420, 15.900,  8.040
68329.80709, 3,  -4.072, 17.611, -1.975, 4,  -0.745, -0.846,  2.065, 5,  37.680, 16.380,  8.880
68329.82690, 3,  -9.275, 18.578, -4.059, 4,  -0.701, -1.420,  2.236, 5,  36.300, 16.200,  9.420
68329.84866, 3, -11.659, 17.012, -5.911, 4,  -0.822, -1.803,  2.879, 5,  35.220, 15.300,  9.660
68329.86829, 3,  -8.772, 13.743, -0.858, 4,  -1.400, -2.015,  3.144, 5,  34.320, 13.860,  9.840
68329.88835, 3,  -3.201, 14.642, -1.771, 4,  -1.056, -2.395,  3.733, 5,  34.140, 12.240,  9.780
68329.90898, 3,  -6.415, 10.569, -0.409, 4,  -0.640, -2.274,  2.851, 5,  33.660, 10.560,  9.660
68329.93277, 3,  -9.207,  7.668, -0.068, 4,  -1.060, -1.932,  3.765, 5,  33.600,  8.760,  9.540
68329.95063, 3,  -8.036,  7.968,  0.504, 4,  -0.902, -1.845,  4.264, 5,  33.240,  7.020,  9.300
68329.96952, 3, -10.447, 10.161,  0.245, 4,  -0.795, -1.972,  4.140, 5,  32.640,  5.160,  8.880
68329.98964, 3, -10.815, 11.319,  0.027, 4,  -0.609, -1.773,  4.337, 5,  31.860,  3.180,  8.460
68330.00995, 3,  -8.635, 13.021, -0.436, 4,  -0.383, -1.801,  4.061, 5,  30.900,  1.380,  7.860
68330.02971, 3,  -9.357, 14.560,  0.531, 4,  -0.416, -1.269,  3.365, 5,  29.820, -0.360,  7.140
68330.05086, 3,  -4.685, 14.506,  4.209, 4,   0.228,  0.158,  3.499, 5,  28.620, -2.100,  6.420
68330.07131, 3,   2.765, 14.478,  3.514, 4,   1.158,  2.254,  3.027, 5,  27.180, -3.660,  5.640
68330.09420, 3,  -0.981,  8.676, -0.667, 4,   1.978,  1.961, -1.357, 5,  25.500, -5.220,  4.980
68330.11225, 3,  -0.981,  8.676, -0.667, 4,   1.319,  2.030, -2.775, 5,  23.940, -6.840,  4.320
68330.13039, 3,  -0.259,  5.271,  1.607, 4,   1.308,  1.534, -3.974, 5,  22.140, -8.400,  3.720
68330.15166, 3,   0.899,  3.718,  0.490, 4,   1.755,  1.403, -4.865, 5,  20.280, -9.900,  3.240
68330.17189, 3,   2.779,  2.697, -0.899, 4,   1.503,  1.291, -6.685, 5,  18.780,-11.100,  2.940
68330.19232, 3,   0.354,  4.481, -2.002, 4,   1.413,  1.454, -8.105, 5,  17.400,-12.300,  2.760
68330.21246, 3,  -1.389,  8.690, -1.457, 4,   1.421,  1.602, -8.395, 5,  16.200,-13.320,  2.700
68330.23252, 3,  -0.654, 12.231, -1.771, 4,   1.570,  1.239, -8.689, 5,  15.540,-14.220,  2.700
68330.25579, 3,   1.049, 15.881,  1.035, 4,   2.111,  0.298, -8.592, 5,  15.180,-14.760,  2.820
68330.27446, 3,   6.769, 17.706,  4.508, 4,   2.644,  0.254, -7.209, 5,  15.060,-15.060,  3.180
68330.29361, 3,  10.256, 18.605,  8.022, 4,   2.394, -0.739, -5.646, 5,  15.540,-14.940,  3.840
68330.31382, 3,  14.887, 19.068,  9.739, 4,   1.622, -1.693, -3.628, 5,  16.140,-14.640,  4.260
68330.33301, 3,  17.202, 13.934,  8.199, 4,   0.803, -1.386, -0.914, 5,  17.100,-14.340,  4.920
68330.35386, 3,  18.360, 16.726,  6.769, 4,  -0.517, -0.425,  1.388, 5,  18.180,-13.980,  5.460
68330.37452, 3,  12.790, 18.129, 13.157, 4,  -1.108,  0.297,  1.986, 5,  19.560,-13.440,  5.820
68330.39482, 3,  15.514, 10.311, -3.187, 4,  -3.350,  0.191,  3.935, 5,  21.060,-13.080,  6.360
68330.41730, 3,   5.148,  3.487,  8.159, 4,  -4.907,  3.196,  3.594, 5,  22.500,-12.780,  6.780
68330.43421, 3,  12.340,  8.050,  8.268, 4,  -1.336,  0.612,  4.839, 5,  23.820,-12.600,  7.200
68330.45620, 3,  13.402, 13.784, -0.477, 4,   1.260, -0.197,  3.107, 5,  25.200,-12.600,  7.380
68330.47638, 3,   2.901, 10.787, -1.648, 4,  -1.059,  0.597,  0.409, 5,  26.520,-12.600,  7.500
68330.49687, 3,  -3.255, 13.893, -0.218, 4,  -0.153, -0.107,  0.954, 5,  27.480,-12.600,  7.680
68330.51706, 3,  -1.934, 16.712, -2.261, 4,  -0.177, -0.281,  2.183, 5,  28.440,-12.480,  7.680
68330.53628, 3,  -6.511, 18.129, -4.222, 4,  -0.724, -0.902,  2.297, 5,  28.860,-12.540,  7.680
68330.56155, 3, -11.754, 18.061, -6.769, 4,  -0.987, -2.349,  3.007, 5,  29.040,-12.660,  7.560
68330.57990, 3, -11.182, 14.914, -5.911, 4,  -1.390, -2.680,  3.220, 5,  28.860,-13.020,  7.320
68330.59859, 3,  -5.802, 12.762,  0.926, 4,  -0.421, -3.135,  3.667, 5,  28.380,-13.620,  6.900
68330.61884, 3,  -2.533, 12.149,  1.035, 4,  -0.470, -2.258,  3.516, 5,  27.480,-14.340,  6.300
68330.63829, 3,  -7.069,  8.472,  2.098, 4,  -1.150, -1.833,  2.852, 5,  26.340,-15.180,  5.760
68330.65954, 3,  -7.151,  6.483,  1.430, 4,  -0.850, -1.574,  3.785, 5,  24.960,-16.140,  4.980
68330.68113, 3,  -9.548,  8.772,  2.098, 4,  -0.672, -1.166,  4.170, 5,  23.340,-17.100,  4.320
68330.70589, 3, -10.243, 14.179,  0.191, 4,  -0.577, -0.783,  4.810, 5,  21.420,-18.000,  3.720
68330.72379, 3, -10.243, 14.179,  0.191, 4,  -0.464, -1.135,  4.053, 5,  19.680,-18.720,  3.060
68330.74099, 3, -11.523, 14.737,  0.667, 4,  -0.677, -1.114,  3.774, 5,  17.640,-19.320,  2.400
68330.76229, 3, -11.128, 17.121,  4.236, 4,   0.077, -0.284,  3.833, 5,  15.720,-19.680,  1.740
68330.78271, 3,  -2.261, 16.726,  4.658, 4,   0.982,  1.962,  3.297, 5,  13.680,-19.740,  1.140
68330.80298, 3,   0.545, 15.377,  2.166, 4,   1.479,  1.335,  0.911, 5,  11.460,-19.800,  0.480
68330.82380, 3,  -2.738, 10.706, -2.125, 4,   1.598,  1.255, -1.252, 5,   9.360,-19.740, -0.180
68330.84398, 3,   1.525,  3.923, -0.368, 4,   0.789,  1.511, -2.493, 5,   7.140,-19.740, -0.900
68330.86686, 3,   3.637,  2.029, -1.607, 4,   1.351,  1.021, -5.359, 5,   5.220,-19.560, -1.800
68330.88566, 3,   1.934,  2.601, -2.479, 4,   1.202,  1.419, -7.484, 5,   3.300,-19.560, -2.220
68330.90558, 3,  -1.498,  4.154, -3.255, 4,   1.383,  1.635, -8.837, 5,   1.680,-19.620, -2.820
68330.92495, 3,  -4.481,  6.783, -1.703, 4,   1.537,  1.736, -9.192, 5,   0.420,-19.860, -3.300
68330.94404, 3,  -2.152, 10.937, -2.247, 4,   1.879,  1.190, -9.132, 5,  -0.300,-20.160, -3.660
68330.96521, 3,   0.095, 15.228, -1.308, 4,   2.260,  0.957, -8.934, 5,  -0.360,-20.580, -3.960
68330.98572, 3,   4.086, 17.380,  5.121, 4,   2.312,  0.837, -8.715, 5,   0.060,-21.060, -4.020
68331.00578, 3,   9.412, 18.442,  9.058, 4,   2.596,  0.384, -7.574, 5,   1.020,-21.420, -3.960
68331.02994, 3,  14.478, 18.987,  9.453, 4,   1.161, -1.294, -3.623, 5,   2.700,-21.780, -3.900
68331.04643, 3,  16.998, 14.642,  8.431, 4,   0.301, -0.670, -0.179, 5,   4.800,-21.960, -3.600
68331.06781, 3,  18.265, 13.648,  6.865, 4,  -0.463,  0.324,  1.979, 5,   7.320,-22.320, -3.360
68331.08666, 3,  13.961, 16.440,  4.522, 4,  -1.133,  1.683,  2.134, 5,   9.840,-22.860, -3.180
68331.10704, 3,  -2.779, 17.979, 12.027, 4,  -2.070,  2.314,  3.199, 5,  12.540,-23.700, -2.940
68331.12738, 3,   2.438,  0.885, -3.746, 4,  -0.619,  0.383,  6.253, 5,  15.180,-24.540, -2.760
68331.14652, 3,  10.978,  5.380,  7.886, 4,  -2.545,  0.108,  6.024, 5,  17.580,-25.740, -2.520
68331.16748, 3,  15.255, 10.474, -5.816, 4,  -2.850,  0.856,  5.791, 5,  19.560,-27.060, -2.280
68331.19028, 3,   4.440, 12.640,  4.045, 4,  -1.722,  0.836, -0.020, 5,  21.540,-28.380, -1.980
68331.20975, 3,  -4.304, 12.898,  0.041, 4,  -0.238, -0.322,  1.040, 5,  23.340,-29.460, -1.860
68331.23354, 3,  -3.446, 16.222, -2.615, 4,  -0.582, -0.735,  2.247, 5,  24.840,-30.480, -1.680
68331.24862, 3,  -6.374, 17.870, -4.141, 4,  -0.969, -1.473,  2.367, 5,  26.040,-31.380, -1.500
68331.26910, 3, -11.182, 18.701, -7.055, 4,  -0.862, -2.293,  2.521, 5,  26.580,-32.160, -1.440
68331.29052, 3, -10.365, 16.508, -3.310, 4,  -1.131, -2.575,  2.826, 5,  26.640,-32.820, -1.500
68331.30915, 3,  -7.804, 13.021, -1.308, 4,  -0.512, -3.071,  2.704, 5,  26.160,-33.420, -1.680
68331.32886, 3,  -6.184, 10.992, -0.313, 4,  -0.429, -2.377,  3.685, 5,  25.140,-33.960, -1.980
68331.35085, 3,  -8.063,  7.314,  1.226, 4,  -1.032, -1.944,  3.995, 5,  23.580,-34.680, -2.340
68331.36899, 3,  -6.374,  7.409,  0.286, 4,  -0.760, -1.531,  4.524, 5,  21.240,-35.460, -2.880
68331.39104, 3, -10.910,  9.643,  1.444, 4,  -0.851, -1.414,  4.049, 5,  18.660,-36.120, -3.600
68331.41114, 3, -10.052, 12.000,  1.525, 4,  -0.552, -1.485,  4.703, 5,  15.900,-36.600, -4.260
68331.43146, 3, -10.351, 13.784, -0.627, 4,  -0.098, -1.637,  4.145, 5,  12.900,-36.840, -4.800
68331.45151, 3, -11.741, 14.846, -0.409, 4,  -0.359, -1.219,  3.765, 5,   9.960,-36.960, -5.220
68331.47166, 3, -11.673, 16.549,  2.901, 4,  -0.126, -0.770,  3.738, 5,   7.140,-36.660, -5.640
68331.49150, 3,  -2.479, 16.086,  4.290, 4,   0.764,  1.698,  3.929, 5,   4.560,-36.300, -6.000
68331.51318, 3,   0.082, 15.418,  2.860, 4,   1.768,  1.920, -0.454, 5,   1.860,-35.760, -6.420
68331.53223, 3,  -2.043, 10.392,  0.286, 4,   1.302,  2.306, -2.041, 5,  -0.660,-35.340, -6.900
68331.55229, 3,  -0.286,  5.257,  1.471, 4,   1.442,  1.487, -3.366, 5,  -2.940,-34.980, -7.320
68331.57250, 3,   1.117,  3.541,  0.354, 4,   1.870,  1.156, -4.867, 5,  -4.740,-34.620, -7.860
68331.59307, 3,   1.798,  2.084, -0.899, 4,   1.640,  1.162, -6.603, 5,  -6.240,-34.260, -8.160
68331.61289, 3,   0.177,  2.860, -1.022, 4,   1.631,  1.330, -8.070, 5,  -6.960,-34.020, -8.460
68331.63396, 3,  -2.779,  7.328, -1.389, 4,   1.798,  1.541, -8.506, 5,  -7.140,-33.900, -8.460
68331.65405, 3,  -1.675, 10.583, -1.321, 4,   1.798,  1.142, -8.957, 5,  -6.600,-33.660, -8.400
68331.67693, 3,   0.123, 15.023, -0.286, 4,   2.104,  0.616, -8.932, 5,  -5.460,-33.180, -8.100
68331.69610, 3,   4.999, 17.284,  4.318, 4,   2.447,  0.371, -7.905, 5,  -3.420,-32.640, -7.740
68331.71475, 3,  12.054, 18.401,  9.030, 4,   2.445, -0.450, -6.451, 5,  -0.960,-31.800, -6.900
68331.73490, 3,  15.786, 18.960, 10.188, 4,   1.650, -1.056, -4.527, 5,   1.980,-30.600, -6.120
68331.75500, 3,  17.652, 15.187,  6.701, 4,   0.766, -1.377, -1.502, 5,   5.400,-29.460, -5.520
68331.77458, 3,  18.592, 15.800,  7.478, 4,  -0.247, -0.650,  1.936, 5,   8.940,-28.440, -4.980
68331.79566, 3,  15.159, 17.666, 12.531, 4,  -1.107,  0.330,  3.158, 5,  12.600,-27.600, -4.500
68331.81643, 3,  14.342, 13.334, -3.500, 4,  -3.454,  1.929,  3.705, 5,  16.200,-27.060, -3.960
68331.84088, 3,   2.370,  2.329,  8.009, 4,  -5.709,  2.865,  3.197, 5,  19.620,-26.820, -3.420
68331.85853, 3,  10.951,  9.466,  0.191, 4,  -0.405,  0.147,  5.197, 5,  23.040,-26.580, -3.060
68331.87584, 3,  12.926, 14.492, -2.247, 4,   1.112, -0.444,  3.555, 5,  25.800,-26.340, -2.580
68331.89673, 3,   2.261, 14.410, -0.926, 4,  -0.903,  0.807,  0.500, 5,  28.080,-26.220, -1.980
68331.91695, 3,  -5.285, 16.957, -3.283, 4,  -0.374, -0.027,  0.985, 5,  30.240,-26.040, -1.500
68331.93704, 3,  -3.923, 18.251, -6.170, 4,  -0.620, -0.690,  2.878, 5,  31.680,-25.740, -1.020
68331.95715, 3,  -8.554, 18.891, -6.511, 4,  -0.975, -1.087,  3.050, 5,  32.460,-25.380, -0.780
68331.97877, 3, -13.634, 16.344, -7.260, 4,  -0.791, -2.009,  2.548, 5,  32.760,-25.260, -0.660
68332.00217, 3,  -8.772, 12.858,  1.743, 4,  -0.393, -2.950,  3.712, 5,  32.340,-25.260, -0.780
68332.02039, 3,  -4.059, 12.572, -0.354, 4,  -0.575, -2.227,  3.601, 5,  30.900,-25.560, -1.200
68332.03879, 3,  -5.462,  8.690,  2.302, 4,  -1.147, -1.503,  3.051, 5,  29.340,-26.220, -1.740
68332.06143, 3,  -4.835,  7.995,  2.547, 4,  -0.858, -1.563,  3.567, 5,  27.180,-27.300, -2.400
68332.07867, 3, -10.215,  8.758,  2.084, 4,  -0.718, -1.929,  3.472, 5,  24.420,-28.440, -2.940
68332.09859, 3, -10.733, 11.713,  2.152, 4,  -0.668, -2.080,  3.952, 5,  21.600,-29.460, -3.480
68332.11866, 3, -13.225, 14.043,  0.327, 4,  -0.101, -2.251,  4.158, 5,  18.540,-30.420, -3.840
68332.13891, 3, -13.934, 14.315, -0.272, 4,  -0.296, -1.766,  4.212, 5,  15.600,-31.020, -4.380
68332.16357, 3, -11.741, 13.348,  0.613, 4,  -0.153, -0.577,  4.352, 5,  12.720,-31.320, -4.620
68332.17977, 3,  -6.837, 15.323,  4.209, 4,   0.600,  1.385,  4.023, 5,   9.660,-31.440, -4.740
68332.19989, 3,   2.206, 15.827,  3.214, 4,   1.340,  2.525,  2.111, 5,   6.720,-31.440, -4.800
68332.21983, 3,  -0.885, 13.402, -0.123, 4,   1.507,  1.920, -0.688, 5,   3.900,-31.260, -4.980
68332.23998, 3,  -2.384,  7.192, -0.136, 4,   0.959,  2.588, -2.154, 5,   1.200,-31.080, -5.040
68332.26025, 3,   0.245,  4.018,  2.179, 4,   1.282,  1.730, -3.269, 5,  -1.440,-30.780, -5.280
68332.27969, 3,   2.411,  2.275,  0.123, 4,   1.994,  1.337, -4.660, 5,  -3.600,-30.660, -5.280
68332.30045, 3,   2.479,  1.730, -1.294, 4,   1.763,  1.466, -6.716, 5,  -5.760,-30.540, -5.280
68332.32091, 3,  -0.885,  3.378, -2.356, 4,   1.676,  1.653, -8.708, 5,  -6.900,-30.540, -5.040
68332.34429, 3,  -3.964,  5.966, -1.893, 4,   1.900,  1.389, -9.214, 5,  -7.380,-30.660, -4.560
68332.36222, 3,  -3.037,  9.071, -1.253, 4,   2.092,  0.805, -9.462, 5,  -7.380,-30.780, -4.140
68332.38057, 3,  -1.185, 14.274, -1.771, 4,   2.245,  0.554, -9.272, 5,  -6.480,-30.780, -3.360
68332.40145, 3,   2.765, 16.903,  3.160, 4,   2.483,  0.327, -8.116, 5,  -4.620,-30.480, -2.460
68332.42130, 3,   7.845, 18.210,  7.641, 4,   2.351, -0.766, -6.487, 5,  -2.160,-30.000, -1.320
68332.44201, 3,  13.688, 18.864,  9.834, 4,   1.514, -1.634, -4.280, 5,   0.720,-29.460, -0.420
68332.46209, 3,  16.603, 16.617,  7.055, 4,   0.628, -1.250, -1.088, 5,   3.900,-28.860,  0.660
68332.48203, 3,  18.061, 13.825,  6.810, 4,  -0.309, -0.408,  1.902, 5,   7.440,-28.320,  1.560
68332.50538, 3,  -0.327, 16.576, 13.648, 4,  -2.148,  1.832,  3.566, 5,  11.040,-28.020,  2.280
68332.52307, 3,   6.075,  0.163, -2.928, 4,   1.674, -0.417,  6.771, 5,  14.880,-27.720,  2.940
68332.54356, 3,   8.240,  2.574,  8.281, 4,  -3.920,  1.397,  4.682, 5,  18.540,-27.840,  3.660
68332.56358, 3,  13.879,  8.921, -5.612, 4,  -2.441,  1.050,  4.908, 5,  21.960,-27.960,  4.200
68332.58297, 3,   6.865, 14.220,  3.773, 4,   1.975, -0.330,  3.044, 5,  24.960,-28.260,  4.980
68332.60446, 3,  -3.677, 13.838,  1.471, 4,  -1.402,  0.986,  0.386, 5,  27.540,-28.500,  5.460
68332.62554, 3,  -4.617, 16.685, -3.446, 4,  -0.392, -0.022,  1.075, 5,  30.180,-28.680,  6.060
68332.64476, 3,  -4.672, 18.101, -5.026, 4,  -0.674, -0.509,  2.623, 5,  31.920,-28.740,  6.240
68332.66626, 3, -11.931, 18.701, -6.906, 4,  -0.969, -1.947,  2.403, 5,  33.180,-28.680,  6.480
68332.68464, 3, -13.770, 14.887, -2.561, 4,  -1.290, -2.357,  2.655, 5,  33.780,-28.620,  6.540
68332.70517, 3,  -8.322, 14.220, -2.683, 4,  -0.485, -3.099,  3.598, 5,  33.540,-28.620,  6.240
68332.72510, 3,  -5.680, 11.019, -0.354, 4,  -0.593, -2.517,  3.862, 5,  32.520,-29.220,  5.580
68332.74932, 3,  -6.306,  7.573,  2.601, 4,  -1.293, -2.184,  3.416, 5,  30.720,-29.760,  4.860
68332.76494, 3,  -5.789,  7.832,  2.806, 4,  -0.872, -2.128,  3.981, 5,  28.620,-30.540,  4.080
68332.78598, 3,  -7.736,  9.466,  2.833, 4,  -0.668, -2.225,  3.838, 5,  26.160,-31.440,  3.180
68332.80639, 3, -11.278, 13.607,  0.354, 4,  -0.636, -1.500,  4.180, 5,  23.400,-32.280,  2.160
68332.82664, 3, -15.405, 14.819, -0.613, 4,  -0.615, -1.596,  3.982, 5,  20.280,-32.940,  1.380
68332.84484, 3, -15.936, 14.492, -0.286, 4,  -0.544, -1.496,  4.287, 5,  17.160,-33.600,  0.540
68332.86505, 3, -13.280, 15.541,  3.078, 4,  -0.195, -1.039,  4.522, 5,  14.040,-33.840, -0.240
68332.88509, 3,  -0.953, 15.745,  5.257, 4,   0.743,  1.726,  4.607, 5,  10.800,-33.780, -0.900
68332.90522, 3,   2.098, 16.930,  2.029, 4,   1.442,  2.286,  2.253, 5,   7.860,-33.540, -1.560
68332.92564, 3,  -3.296, 11.809,  0.095, 4,   1.498,  2.272, -0.785, 5,   5.100,-33.120, -2.220
68332.94581, 3,  -0.926,  5.312,  1.634, 4,   1.234,  2.828, -1.893, 5,   2.220,-32.820, -3.120
68332.96589, 3,   1.185,  3.569,  1.471, 4,   1.663,  1.891, -2.885, 5,  -0.060,-32.580, -3.660
68332.98580, 3,   2.697,  2.765, -0.177, 4,   2.146,  1.206, -4.499, 5,  -2.040,-32.220, -4.380
68333.00768, 3,   1.525,  3.160, -1.703, 4,   1.701,  1.494, -8.563, 5,  -3.600,-32.040, -4.860
68333.02789, 3,  -1.471,  5.121, -2.315, 4,   1.626,  1.636, -9.203, 5,  -4.380,-31.920, -5.100
68333.04760, 3,  -3.310,  7.328, -2.029, 4,   1.665,  1.431, -9.310, 5,  -4.620,-31.440, -5.280
68333.06765, 3,  -1.934,  9.698, -1.771, 4,   1.850,  0.972, -9.449, 5,  -4.020,-31.140, -5.340
68333.08720, 3,  -0.354, 14.165, -1.771, 4,   2.150,  0.577, -9.311, 5,  -2.700,-30.600, -5.220
68333.10818, 3,   4.781, 16.848,  3.419, 4,   2.711,  0.464, -8.340, 5,  -0.900,-29.880, -4.980
68333.12835, 3,   9.834, 18.183,  8.703, 4,   3.107, -0.238, -6.829, 5,   1.440,-28.920, -4.500
68333.14901, 3,  14.669, 18.864,  9.221, 4,   2.204, -1.330, -4.907, 5,   4.320,-27.900, -4.020
68333.17246, 3,  17.094, 15.173,  5.203, 4,  -0.325, -0.342,  1.553, 5,   7.320,-26.700, -3.420
68333.18957, 3,  18.319, 13.184,  7.546, 4,  -0.617,  0.945,  2.344, 5,  10.560,-25.680, -3.060
68333.21223, 3,  18.537, 16.344,  7.832, 4,  -1.502,  2.360,  2.552, 5,  14.040,-24.840, -2.640
68333.23259, 3,  -0.490, 17.938, 13.675, 4,  -5.018,  0.282,  5.749, 5,  17.640,-24.240, -2.340
68333.25275, 3,  12.667, -0.790,  8.513, 4,  -0.480, -0.511,  6.618, 5,  20.760,-23.940, -1.980
68333.27283, 3,  12.190, 12.081, -5.516, 4,  -4.205,  2.025,  5.639, 5,  23.700,-23.820, -1.620
68333.29245, 3,   0.804, 12.967,  1.362, 4,   1.837,  0.393,  1.540, 5,  26.100,-23.700, -1.320
68333.31431, 3,  -4.236, 16.235, -1.199, 4,  -0.524, -0.086,  1.322, 5,  28.380,-23.460, -1.020
68333.33359, 3,  -4.985, 17.884, -3.868, 4,  -0.607, -0.755,  2.521, 5,  30.240,-23.100, -0.720
68333.35366, 3,  -9.221, 18.701, -4.645, 4,  -0.820, -1.346,  2.662, 5,  31.500,-22.680, -0.600
68333.37378, 3, -13.375, 18.428, -6.524, 4,  -0.686, -2.047,  2.570, 5,  32.160,-22.380, -0.600
68333.39346, 3, -11.686, 15.377,  1.267, 4,  -1.015, -2.500,  2.662, 5,  32.100,-22.320, -0.840
68333.41474, 3,  -7.982, 13.443,  0.436, 4,  -0.404, -3.303,  3.224, 5,  31.380,-22.440, -1.080
68333.43450, 3,  -6.565,  8.853,  1.866, 4,  -0.861, -3.048,  3.557, 5,  30.180,-22.860, -1.440
68333.46003, 3,  -3.065,  6.551,  1.989, 4,  -0.680, -3.005,  4.019, 5,  28.320,-23.580, -2.040
68333.47652, 3,  -7.396,  8.213,  1.117, 4,  -0.327, -2.282,  3.616, 5,  26.160,-24.540, -2.760
68333.49443, 3,  -9.398, 11.959,  0.735, 4,  -0.388, -1.220,  4.181, 5,  23.640,-25.560, -3.480
68333.51517, 3, -14.465, 14.056, -0.804, 4,  -0.151, -1.227,  3.961, 5,  21.000,-26.580, -3.960
68333.53869, 3, -15.623, 13.770, -0.286, 4,  -0.514, -1.023,  4.182, 5,  18.120,-27.540, -4.500
68333.56138, 3, -13.920, 12.939,  1.117, 4,  -0.567, -1.046,  4.211, 5,  15.060,-28.260, -4.860
68333.58549, 3, -10.542, 14.669,  4.645, 4,   0.332,  0.528,  3.786, 5,  12.000,-28.560, -5.340
68333.60196, 3,  -0.844, 16.290,  4.754, 4,   1.246,  2.507,  2.568, 5,   9.180,-28.620, -5.760
68333.62270, 3,  -0.123, 15.568,  2.411, 4,   1.573,  2.167, -0.189, 5,   6.420,-28.560, -6.240
68333.64227, 3,  -3.855, 10.093,  1.062, 4,   1.537,  2.443, -1.677, 5,   3.840,-28.560, -6.660
68333.66238, 3,  -0.735,  5.176,  2.506, 4,   1.625,  1.824, -2.451, 5,   1.440,-28.560, -7.140
68333.68273, 3,   1.934,  4.127,  1.948, 4,   2.215,  1.252, -4.085, 5,  -0.840,-28.560, -7.440
68333.70201, 3,   3.773,  3.201,  0.858, 4,   1.988,  1.478, -5.889, 5,  -2.640,-28.620, -7.500
68333.72302, 3,   1.675,  4.086, -1.035, 4,   1.760,  2.026, -8.147, 5,  -3.780,-28.680, -7.680
68333.74638, 3,  -3.773,  8.499, -0.586, 4,   1.621,  2.199, -9.335, 5,  -4.440,-28.740, -7.680
68333.76425, 3,  -3.773,  8.499, -0.586, 4,   1.607,  1.331, -9.426, 5,  -4.500,-28.560, -7.560
68333.78380, 3,  -2.356, 11.795, -0.381, 4,   1.976,  0.575, -9.027, 5,  -3.960,-28.440, -7.140
68333.80293, 3,   1.185, 15.663,  2.411, 4,   2.471,  0.015, -8.167, 5,  -2.760,-28.080, -6.840
68333.82356, 3,   7.518, 17.597,  6.279, 4,   2.727, -0.622, -6.755, 5,  -0.900,-27.660, -6.420
68333.84383, 3,  13.525, 18.565,  9.602, 4,   1.790, -1.337, -4.954, 5,   1.380,-27.120, -6.180
68333.86447, 3,  18.020, 13.566,  8.186, 4,   0.708, -1.271, -2.264, 5,   4.140,-26.580, -5.700
68333.88544, 3,  18.769, 16.549,  6.279, 4,  -0.624, -0.111,  1.365, 5,   7.140,-26.040, -5.340
68333.90755, 3,  15.732, 16.031,  8.703, 4,  -1.597,  2.294,  2.641, 5,  10.260,-25.800, -4.800
68333.92454, 3,  12.217, 11.822, -5.407, 4,  -2.407,  1.930,  6.330, 5,  13.260,-25.740, -4.380
68333.94453, 3,   9.412,  4.958, -0.463, 4,  -1.281, -0.015,  4.041, 5,  16.140,-25.920, -3.900
68333.96462, 3,  14.465,  9.861, -3.133, 4,  -4.842,  2.240,  5.526, 5,  18.720,-26.220, -3.360
68333.98471, 3,   5.380, 14.696,  0.627, 4,   2.210, -0.209,  2.502, 5,  20.880,-26.520, -3.000
68334.00486, 3,  -2.329, 15.949, -1.117, 4,  -1.579,  0.964,  0.984, 5,  22.920,-26.880, -2.580
68334.02538, 3,  -6.919, 17.734, -4.181, 4,  -0.674, -0.129,  1.689, 5,  24.660,-27.300, -2.340
68334.04548, 3,  -7.804, 18.633, -5.870, 4,  -0.997, -0.971,  2.716, 5,  25.800,-27.480, -1.980
68334.06970, 3, -12.640, 17.557, -8.431, 4,  -1.179, -2.177,  2.701, 5,  26.400,-27.600, -1.860
68334.08768, 3, -10.610, 13.430,  0.409, 4,  -1.848, -2.521,  2.987, 5,  26.340,-27.840, -1.920
68334.10647, 3,  -5.571, 14.220, -2.329, 4,  -0.384, -3.264,  3.950, 5,  25.800,-28.140, -2.160
68334.12748, 3,  -5.217,  9.657,  0.259, 4,  -1.172, -1.936,  3.133, 5,  24.540,-28.680, -2.460
68334.14771, 3,  -4.399,  8.254,  1.566, 4,  -1.166, -2.399,  3.111, 5,  22.680,-29.280, -2.700
68334.16946, 3,  -7.546,  7.518,  1.294, 4,  -0.824, -3.360,  2.981, 5,  20.400,-30.060, -3.000
68334.18965, 3,  -8.118,  9.493,  1.417, 4,  -0.586, -3.185,  3.158, 5,  17.580,-30.780, -3.480
68334.20990, 3, -11.836, 12.122,  0.831, 4,   0.025, -3.358,  3.723, 5,  14.640,-31.560, -3.840
68334.23012, 3, -13.566, 14.002,  0.558, 4,  -0.108, -2.072,  4.443, 5,  11.700,-32.040, -4.080
68334.25200, 3, -12.476, 13.825,  0.136, 4,   0.138, -1.370,  4.725, 5,   8.580,-32.460, -4.140
68334.27257, 3,  -9.194, 13.797,  0.082, 4,   0.081, -0.241,  4.663, 5,   5.520,-32.400, -4.260
68334.29288, 3,  -5.189, 16.671,  2.070, 4,   0.590,  1.157,  4.040, 5,   2.400,-32.100, -4.260
68334.31279, 3,   0.763, 16.344,  1.771, 4,   1.346,  2.445,  2.461, 5,  -0.600,-31.620, -4.320
68334.33295, 3,  -1.703, 12.054, -0.735, 4,   1.268,  2.513, -0.393, 5,  -3.720,-31.140, -4.440
68334.35386, 3,  -2.683,  6.742,  0.858, 4,   0.725,  2.660, -2.167, 5,  -6.660,-30.600, -4.560
68334.37860, 3,   1.444,  4.059, -0.885, 4,   1.769,  0.703, -4.563, 5,  -9.360,-30.300, -4.680
68334.39527, 3,   1.444,  4.059, -0.885, 4,   1.485,  0.703, -5.984, 5, -11.700,-30.060, -4.800
68334.41623, 3,   1.730,  4.549, -1.893, 4,   1.145,  1.030, -8.237, 5, -13.440,-30.060, -4.680
68334.43616, 3,   0.150,  6.224, -2.942, 4,   1.170,  1.444, -8.998, 5, -14.640,-30.180, -4.500
68334.45631, 3,  -1.457,  7.818, -2.738, 4,   1.264,  1.272, -9.624, 5, -15.120,-30.480, -4.260
68334.47691, 3,  -0.572, 14.928, -2.016, 4,   1.490,  0.918, -9.971, 5, -14.880,-31.080, -4.080
68334.49714, 3,   4.740, 17.216,  2.928, 4,   1.713,  0.552, -9.818, 5, -13.800,-31.500, -3.600
68334.51945, 3,  10.188, 18.374,  8.635, 4,   2.640, -0.244, -6.932, 5, -11.640,-31.860, -3.000
68334.53984, 3,  14.860, 18.946,  9.289, 4,   1.587, -0.940, -5.071, 5,  -9.060,-32.100, -2.280
68334.55791, 3,  17.189, 15.268,  6.592, 4,   0.468, -0.885, -2.143, 5,  -5.820,-32.340, -1.560
68334.57829, 3,  18.360, 13.225,  6.892, 4,  -0.277,  0.292,  1.332, 5,  -2.160,-32.640, -0.960
68334.59805, 3,  18.837, 15.936,  6.865, 4,  -0.830,  1.457,  2.348, 5,   1.620,-33.240, -0.540
68334.61824, 3,  -0.341, 17.734, 13.198, 4,  -1.576,  2.479,  2.858, 5,   5.400,-34.020, -0.060
68334.63861, 3,   5.993,  1.934, -3.160, 4,  -5.207,  0.574,  5.900, 5,   9.180,-35.160,  0.180
68334.65864, 3,  12.762,  3.732,  8.172, 4,  -0.585, -1.179,  6.130, 5,  12.600,-36.420,  0.660
68334.68303, 3,  16.140, 11.632, -5.666, 4,   1.815, -0.103,  3.071, 5,  15.720,-37.800,  0.720
68334.70182, 3,   5.857, 13.239,  2.247, 4,  -1.461,  0.680,  0.195, 5,  18.360,-39.060,  0.960
68334.71855, 3,  -5.530, 12.871,  1.022, 4,  -0.373,  0.001,  0.718, 5,  20.760,-40.200,  1.140
68334.73962, 3,  -5.135, 16.195, -4.141, 4,  -0.311, -0.373,  2.590, 5,  22.680,-41.160,  1.200
68334.75964, 3,  -4.822, 17.870, -5.898, 4,  -0.996, -1.106,  3.091, 5,  24.180,-42.000,  1.200
68334.77979, 3, -10.379, 18.170, -7.587, 4,  -1.055, -1.870,  2.660, 5,  25.080,-42.600,  1.260
68334.80015, 3, -10.556, 15.282, -2.261, 4,  -1.051, -2.452,  2.647, 5,  25.020,-43.020,  1.140
68334.82031, 3,  -6.619, 12.803, -0.327, 4,  -0.775, -2.958,  2.742, 5,  24.000,-43.440,  0.780
68334.84033, 3,  -3.296, 11.700, -0.286, 4,  -0.395, -2.472,  4.007, 5,  22.140,-44.100,  0.240
68334.86350, 3,  -5.748,  8.894,  1.825, 4,  -1.157, -1.656,  3.172, 5,  19.560,-45.000, -0.540
68334.88095, 3,  -7.995, 10.188,  0.967, 4,  -0.939, -1.854,  3.667, 5,  16.440,-45.900, -1.380
68334.90096, 3, -11.918, 11.414,  1.417, 4,  -0.856, -2.333,  3.880, 5,  12.720,-46.680, -2.340
68334.92071, 3, -12.572, 13.498,  0.218, 4,  -0.272, -2.687,  4.666, 5,   8.880,-47.340, -2.940
68334.94133, 3, -13.048, 14.506, -0.749, 4,  -0.085, -2.435,  4.585, 5,   4.860,-47.820, -3.480
68334.96152, 3, -12.667, 13.934, -0.654, 4,  -0.062, -1.975,  4.480, 5,   0.720,-47.940, -3.780
68334.98296, 3,  -9.221, 14.560,  2.506, 4,   0.081, -1.384,  4.398, 5,  -3.180,-47.700, -3.900
68335.00203, 3,   0.667, 14.152,  3.146, 4,   0.925,  0.472,  4.246, 5,  -7.080,-47.100, -3.720
68335.02385, 3,   1.880, 13.770,  1.798, 4,   1.321,  2.347, -0.109, 5, -10.740,-46.260, -3.720
68335.04305, 3,  -0.858,  9.384,  0.858, 4,   1.779,  2.450, -1.938, 5, -14.520,-45.420, -3.780
68335.06241, 3,   0.913,  4.372,  0.640, 4,   1.626,  1.899, -3.270, 5, -18.180,-44.820, -3.960
68335.08347, 3,   1.594,  2.574,  1.185, 4,   1.792,  1.476, -5.184, 5, -21.300,-44.220, -4.140
68335.10287, 3,   0.804,  1.880,  0.368, 4,   1.872,  1.364, -6.665, 5, -24.180,-44.220, -4.320
68335.12300, 3,  -0.858,  2.751, -0.272, 4,   1.802,  1.392, -8.142, 5, -26.160,-44.460, -4.560
68335.14335, 3,  -1.975,  5.312, -0.504, 4,   1.844,  1.413, -8.785, 5, -27.060,-45.120, -4.560
68335.16348, 3,  -2.261,  8.050, -0.558, 4,   1.870,  1.503, -9.155, 5, -27.060,-45.840, -4.320
68335.18760, 3,   3.065, 15.990,  2.833, 4,   1.617,  1.693, -9.260, 5, -25.860,-46.620, -3.960
68335.20581, 3,   3.065, 15.990,  2.833, 4,   1.893,  1.228, -8.687, 5, -23.700,-47.340, -3.480
68335.22520, 3,   6.538, 17.761,  7.083, 4,   2.045, -0.234, -7.313, 5, -20.100,-47.880, -2.580
68335.24528, 3,   9.916, 18.633,  9.902, 4,   1.578, -2.053, -5.000, 5, -15.600,-48.240, -1.740
68335.26534, 3,  14.724, 19.082,  8.676, 4,   1.025, -2.449, -2.182, 5, -10.200,-48.600, -1.020
68335.28569, 3,  17.121, 13.702,  7.437, 4,   0.072, -1.519,  1.388, 5,  -4.440,-49.020, -0.420
68335.30612, 3,  17.584, 14.220,  0.640, 4,  -0.597, -0.142,  2.478, 5,   1.380,-49.860, -0.120
68335.32623, 3,  -0.068, 16.876, 10.079, 4,  -1.315,  1.479,  2.945, 5,   7.260,-50.880,  0.180
68335.34982, 3,  -0.994,  0.490, -4.726, 4,   1.199,  0.418,  5.182, 5,  13.020,-52.440,  0.420
68335.36728, 3,   9.248,  4.672,  7.396, 4,  -4.280,  2.114,  5.664, 5,  18.360,-54.120,  0.720
68335.38667, 3,  13.961, 10.801, -6.061, 4,  -0.695, -0.391,  5.765, 5,  23.220,-55.860,  0.960
68335.40684, 3,   3.160, 12.544,  0.286, 4,   0.567,  0.089,  0.252, 5,  27.180,-57.540,  1.140
68335.42697, 3,  -3.936, 13.362, -0.681, 4,  -1.118,  0.816,  0.626, 5,  30.840,-58.860,  1.200
68335.44768, 3,  -3.514, 16.440, -4.004, 4,  -0.075,  0.049,  1.741, 5,  34.020,-59.760,  1.440
68335.46787, 3,  -4.862, 17.992, -4.985, 4,  -0.433, -0.473,  2.400, 5,  36.180,-60.360,  1.500
68335.48850, 3, -11.700, 18.755, -6.579, 4,  -0.831, -1.303,  2.318, 5,  37.320,-60.960,  1.320
68335.51229, 3, -13.443, 15.432, -1.580, 4,  -0.575, -3.108,  2.464, 5,  37.380,-61.500,  0.840
68335.52753, 3,  -8.390, 13.212,  0.722, 4,  -0.154, -3.391,  3.521, 5,  36.300,-62.100,  0.240
68335.54836, 3,  -4.822, 10.406,  1.784, 4,  -0.921, -2.377,  4.182, 5,  33.960,-63.000, -0.600
68335.56870, 3,  -3.419,  8.268,  3.623, 4,  -1.256, -2.390,  4.256, 5,  30.360,-64.140, -1.560
68335.58881, 3,  -6.470,  9.412,  2.057, 4,  -0.909, -2.281,  4.260, 5,  25.680,-65.340, -2.520
68335.60951, 3,  -7.995, 11.060,  3.351, 4,  -0.675, -2.148,  4.131, 5,  20.760,-66.720, -3.420
68335.62949, 3, -10.787, 14.056,  0.831, 4,  -0.316, -1.608,  4.779, 5,  15.480,-67.620, -4.200
68335.64983, 3, -12.926, 14.833, -0.095, 4,  -0.192, -1.395,  4.430, 5,  10.140,-68.400, -5.100
68335.67403, 3, -12.803, 13.648, -0.068, 4,  -0.076, -1.029,  4.316, 5,   4.500,-68.700, -5.580
68335.69210, 3,  -9.888, 14.478,  2.779, 4,   0.305, -0.145,  4.202, 5,  -1.020,-68.760, -6.060
68335.70972, 3,  -1.321, 15.050,  4.454, 4,   1.100,  1.554,  3.383, 5,  -6.360,-68.400, -6.240
68335.72991, 3,  -1.730, 14.124,  0.245, 4,   1.502,  1.312,  0.826, 5, -11.400,-67.860, -6.360
68335.74995, 3,  -2.397,  8.540,  0.368, 4,   0.800,  2.284, -1.167, 5, -16.140,-67.500, -6.540
68335.77016, 3,   0.545,  3.677,  1.839, 4,   0.852,  2.043, -2.382, 5, -20.580,-67.500, -6.840
68335.79037, 3,   2.302,  2.315,  1.022, 4,   1.450,  1.528, -4.208, 5, -24.240,-67.800, -7.080
68335.81039, 3,   2.070,  2.057,  0.014, 4,   1.438,  1.640, -5.742, 5, -26.520,-68.220, -6.900
68335.83210, 3,  -0.245,  2.996, -1.362, 4,   1.318,  1.834, -8.719, 5, -27.420,-68.640, -6.600
68335.85321, 3,  -2.615,  4.794, -1.580, 4,   1.483,  1.672, -9.165, 5, -26.700,-68.760, -5.940
68335.87018, 3,  -4.045,  7.151, -1.866, 4,   1.509,  1.201, -9.278, 5, -24.600,-68.220, -5.100
68335.89018, 3,  -2.465, 10.869, -1.267, 4,   1.646,  0.923, -9.305, 5, -21.120,-66.960, -4.140
68335.91031, 3,  -0.177, 15.187, -0.967, 4,   2.059,  0.379, -9.122, 5, -16.740,-65.100, -3.180
68335.93081, 3,   6.538, 17.352,  4.658, 4,   2.559,  0.120, -7.942, 5, -11.580,-62.580, -2.160
68335.95092, 3,  11.931, 18.442,  7.982, 4,   2.333, -0.738, -6.129, 5,  -5.700,-59.820, -1.200
68335.97108, 3,  15.732, 18.987,  6.606, 4,   1.165, -1.658, -3.523, 5,   0.660,-56.760, -0.120
68335.99120, 3,  17.625, 12.313,  6.865, 4,   0.010, -0.957,  0.255, 5,   7.620,-53.940,  0.720
68336.01343, 3,  18.578, 15.922,  6.797, 4,  -1.388,  1.530,  2.436, 5,  14.580,-51.360,  1.500
68336.03174, 3,  10.760, 17.720, 13.157, 4,  -5.343,  1.868,  4.277, 5,  21.720,-49.080,  1.980
68336.05244, 3,   8.227,  6.565, -3.187, 4,   1.214, -1.371,  5.456, 5,  28.980,-47.040,  2.520
68336.07277, 3,  13.539,  4.318,  8.159, 4,  -6.003,  3.843,  5.388, 5,  35.640,-45.240,  3.120
68336.09334, 3,  16.535,  7.614, -5.680, 4,   2.155, -0.029,  2.535, 5,  41.820,-43.320,  3.840
68336.11381, 3,   4.685, 13.579,  1.226, 4,  -1.638,  0.605,  0.424, 5,  47.280,-41.160,  4.680
68336.13277, 3,  -1.961, 12.926, -1.580, 4,  -0.556, -0.073,  1.126, 5,  51.360,-38.880,  5.100
68336.15621, 3,  -2.928, 16.222, -2.806, 4,  -0.988, -1.086,  2.268, 5,  54.360,-36.600,  5.400
68336.17671, 3,  -8.894, 18.347, -4.672, 4,  -0.802, -1.798,  2.190, 5,  55.740,-34.740,  5.160
68336.19490, 3, -10.420, 15.146, -4.345, 4,  -0.810, -2.436,  2.284, 5,  55.920,-33.600,  4.740
68336.21543, 3,  -6.511, 12.735, -1.893, 4,  -0.519, -3.205,  2.591, 5,  55.080,-33.240,  4.020
68336.23365, 3,  -2.356, 12.286, -0.654, 4,  -0.157, -2.821,  3.487, 5,  53.580,-33.780,  3.060
68336.25468, 3,  -3.664,  9.180,  1.308, 4,  -0.778, -1.636,  3.010, 5,  51.480,-34.860,  2.100
68336.27619, 3,  -4.004,  8.336,  1.689, 4,  -0.978, -1.836,  3.101, 5,  48.720,-36.540,  1.200
68336.29639, 3,  -8.322,  9.493,  1.199, 4,  -0.839, -2.199,  3.592, 5,  45.600,-38.760,  0.060
68336.31953, 3,  -9.289, 11.986,  0.872, 4,  -0.376, -2.453,  4.622, 5,  41.940,-40.860, -0.900
68336.33759, 3, -11.836, 14.097, -0.558, 4,  -0.148, -2.585,  4.640, 5,  38.160,-42.900, -1.920
68336.35864, 3, -12.830, 14.015, -0.708, 4,  -0.312, -2.101,  4.668, 5,  34.320,-44.700, -2.640
68336.37741, 3, -11.863, 13.089, -0.123, 4,  -0.285, -1.617,  4.657, 5,  30.180,-46.380, -3.180
68336.39774, 3,  -8.540, 14.369,  3.351, 4,  -0.190, -1.175,  4.413, 5,  25.980,-47.400, -3.780
68336.41860, 3,   0.191, 14.097,  4.236, 4,   0.812,  0.777,  4.081, 5,  21.720,-48.060, -4.380
68336.43718, 3,   1.730, 12.422,  2.601, 4,   1.399,  1.819,  1.941, 5,  17.460,-48.600, -5.100
68336.45862, 3,  -1.062,  8.022,  0.804, 4,   1.694,  2.098, -0.476, 5,  13.200,-48.960, -5.460
68336.48262, 3,  -0.409,  4.127,  2.016, 4,   1.486,  1.358, -3.399, 5,   9.000,-49.320, -5.880
68336.50094, 3,   1.444,  2.601,  1.961, 4,   1.954,  0.767, -4.851, 5,   5.400,-49.620, -5.940
68336.52151, 3,   2.315,  2.629, -0.150, 4,   1.853,  0.939, -6.331, 5,   2.160,-49.920, -5.940
68336.53949, 3,   0.204,  4.100, -2.070, 4,   1.513,  1.330, -7.786, 5,  -0.240,-50.280, -5.520
68336.56066, 3,  -2.002,  5.884, -2.956, 4,   1.332,  1.476, -8.529, 5,  -2.040,-50.580, -4.800
68336.58089, 3,  -2.152,  8.281, -2.465, 4,   1.308,  1.263, -8.939, 5,  -2.820,-50.940, -3.900
68336.60132, 3,  -0.409, 12.000, -2.479, 4,   1.469,  0.845, -9.160, 5,  -2.400,-50.880, -2.760
68336.62664, 3,   2.152, 15.759, -0.926, 4,   1.943,  0.867, -8.661, 5,  -0.960,-50.340, -1.380
68336.64359, 3,   6.579, 17.638,  5.026, 4,   2.480, -0.097, -6.877, 5,   1.320,-49.440,  0.240
68336.66284, 3,  11.032, 18.578, 10.992, 4,   1.892, -1.560, -4.636, 5,   4.800,-48.060,  2.220
68336.68212, 3,  15.282, 19.055,  8.799, 4,   0.780, -2.664, -2.031, 5,   8.820,-46.380,  3.900
68336.70205, 3,  17.407, 13.348,  7.042, 4,  -0.088, -1.445,  1.130, 5,  13.620,-44.400,  5.340
68336.72226, 3,  18.469, 11.659,  4.699, 4,  -0.573, -0.047,  2.503, 5,  18.840,-42.480,  6.720
68336.74144, 3,  19.000, 11.101,  3.092, 4,  -1.388,  1.533,  2.730, 5,  24.480,-40.740,  8.100
68336.76260, 3,   4.440, 15.323, 11.319, 4,  -5.034,  2.961,  4.148, 5,  30.000,-39.360,  9.480
68336.78264, 3,   1.539,  1.743,  1.239, 4,   1.500, -1.231,  4.252, 5,  35.520,-38.340, 10.740
68336.80682, 3,   8.390, 13.402, -4.576, 4,   1.281, -0.216,  3.532, 5,  40.680,-37.440, 12.000
68336.82483, 3,   8.390, 13.402, -4.576, 4,  -0.737,  0.424,  0.459, 5,  45.300,-36.780, 13.140
68336.84231, 3,   1.812, 12.708,  3.569, 4,  -0.437,  0.248,  0.851, 5,  49.500,-36.120, 14.160
68336.86366, 3,  -2.915, 14.805,  0.981, 4,  -0.255, -0.094,  1.834, 5,  53.160,-35.340, 15.060
68336.88357, 3,  -3.296, 17.162, -4.672, 4,  -0.541, -0.726,  2.237, 5,  56.160,-34.500, 15.660
68336.90394, 3,  -5.571, 18.347, -4.958, 4,  -0.830, -1.292,  2.155, 5,  58.260,-33.720, 16.020
68336.92399, 3, -10.420, 17.829, -5.584, 4,  -0.641, -2.177,  2.284, 5,  59.520,-33.300, 15.900
68336.94383, 3,  -9.344, 14.669, -2.125, 4,  -0.459, -2.830,  2.449, 5,  59.820,-33.300, 15.480
68336.96928, 3,  -3.119, 11.387,  0.286, 4,  -0.406, -1.566,  3.405, 5,  59.340,-33.660, 14.700
68336.98650, 3,  -4.645,  8.772,  2.002, 4,  -0.884, -1.369,  3.450, 5,  58.020,-34.500, 13.560
68337.00641, 3,  -3.065,  8.499,  1.893, 4,  -0.789, -1.883,  4.139, 5,  55.980,-35.700, 12.420
68337.02554, 3,  -7.832, 10.488,  1.512, 4,  -0.481, -1.769,  4.275, 5,  53.340,-37.200, 11.340
68337.04479, 3,  -8.663, 13.062,  1.825, 4,  -0.597, -1.470,  4.275, 5,  50.520,-38.820, 10.440
68337.06617, 3, -11.182, 14.478,  0.123, 4,  -0.123, -1.525,  4.661, 5,  47.100,-40.500,  9.300
68337.08620, 3, -12.912, 14.315,  0.409, 4,  -0.267, -1.317,  4.466, 5,  43.800,-41.640,  7.980
68337.10633, 3, -12.367, 14.165,  1.348, 4,  -0.293, -1.268,  4.429, 5,  40.380,-42.480,  6.660
68337.13089, 3,  -4.862, 14.056,  4.631, 4,   0.697,  0.503,  4.340, 5,  36.900,-43.080,  5.220
68337.14717, 3,   2.452, 13.743,  2.860, 4,   1.308,  1.867,  2.666, 5,  33.540,-43.260,  3.960
68337.16743, 3,   0.150, 11.741,  2.029, 4,   1.427,  1.924,  0.170, 5,  30.120,-43.200,  2.760
68337.18692, 3,  -0.913,  6.524,  0.572, 4,   1.731,  2.139, -1.439, 5,  26.820,-43.020,  1.560
68337.20723, 3,   1.389,  3.364,  1.798, 4,   1.580,  1.411, -2.682, 5,  23.760,-42.720,  0.600
68337.22725, 3,   2.533,  2.601,  0.654, 4,   1.747,  0.757, -4.551, 5,  20.940,-42.180, -0.240
68337.24802, 3,   2.111,  2.751, -0.844, 4,   1.606,  0.910, -6.083, 5,  18.300,-41.580, -0.720
68337.26866, 3,  -0.068,  4.032, -2.642, 4,   1.313,  1.306, -7.554, 5,  16.200,-40.740, -0.840
68337.29095, 3,  -1.348,  5.966, -2.629, 4,   1.163,  1.444, -8.892, 5,  14.580,-39.900, -1.020
68337.30956, 3,  -0.844,  8.227, -2.506, 4,   1.306,  1.324, -9.246, 5,  13.560,-38.820, -0.720
68337.32826, 3,   0.409, 12.572, -1.948, 4,   1.318,  0.911, -9.342, 5,  13.260,-37.680, -0.180
68337.34834, 3,   5.666, 16.058,  1.444, 4,   1.667,  1.036, -8.833, 5,  13.560,-36.060,  0.360
68337.36839, 3,   8.799, 17.788,  6.483, 4,   2.262,  0.566, -7.797, 5,  14.220,-34.200,  1.260
68337.38856, 3,  11.931, 18.660, 11.223, 4,   1.906, -0.810, -5.742, 5,  15.480,-32.280,  2.160
68337.40865, 3,  15.732, 18.701,  7.164, 4,   1.150, -2.346, -3.205, 5,  16.980,-30.300,  3.180
68337.42917, 3,  17.625, 12.354,  5.407, 4,   0.209, -2.238, -0.150, 5,  19.020,-28.380,  4.200
68337.44905, 3,  18.578, 14.056, -0.381, 4,  -0.202, -0.846,  2.244, 5,  21.360,-26.520,  5.160
68337.47092, 3,  17.516, 13.893, -0.027, 4,  -2.975,  2.843,  3.392, 5,  23.760,-25.020,  6.060
68337.48956, 3,   9.289, 16.712, -5.407, 4,   1.567,  0.888,  4.540, 5,  26.160,-23.820,  6.780
68337.50960, 3,   5.775,  3.541, -2.710, 4,  -4.183,  2.345,  5.198, 5,  28.320,-22.860,  7.500
68337.53094, 3,  12.653, 11.496,  8.363, 4,  -0.575, -0.377,  5.302, 5,  30.120,-22.140,  7.980
68337.56363, 3,  -0.858, 12.000,  2.452, 4,  -1.124,  0.702,  0.750, 5,  31.620,-21.660,  8.580
68337.57946, 3,  -2.424, 15.772,  0.218, 4,  -0.080, -0.066,  1.679, 5,  33.000,-21.120,  8.940
68337.59875, 3,  -2.996, 17.638, -3.296, 4,  -0.380, -0.483,  2.226, 5,  33.960,-20.940,  9.180
68337.62035, 3,  -6.987, 18.578, -4.318, 4,  -0.779, -1.100,  2.139, 5,  34.440,-20.820,  9.420
68337.63710, 3,  -9.956, 16.739, -5.094, 4,  -0.651, -1.843,  2.276, 5,  34.560,-20.940,  9.360
68337.65738, 3,  -8.213, 13.879, -1.348, 4,  -0.637, -2.366,  2.598, 5,  34.380,-21.120,  9.180
68337.67780, 3,  -3.269, 13.089,  0.191, 4,  -0.186, -2.815,  2.621, 5,  33.540,-21.780,  8.880
68337.69769, 3,  -3.541, 10.815,  0.449, 4,  -0.307, -2.073,  3.436, 5,  32.580,-22.740,  8.400
68337.71730, 3,  -5.898,  8.063,  1.948, 4,  -0.858, -1.521,  2.802, 5,  31.200,-23.760,  7.980
68337.74023, 3,  -4.971,  8.853,  1.417, 4,  -0.859, -2.375,  4.401, 5,  29.460,-25.020,  7.380
68337.76123, 3,  -8.935, 10.256,  2.356, 4,  -0.766, -3.200,  4.093, 5,  27.360,-26.280,  6.780
68337.77762, 3,  -9.766, 10.597,  2.098, 4,  -0.168, -3.413,  4.554, 5,  25.020,-27.600,  6.120
68337.80003, 3,  -8.118, 11.809,  0.109, 4,   0.559, -3.158,  5.024, 5,  22.560,-28.740,  5.580
68337.82001, 3,  -7.709, 12.871, -0.586, 4,   0.612, -2.249,  4.778, 5,  19.980,-29.640,  5.220
68337.84009, 3,  -6.020, 15.187,  1.171, 4,   0.575, -1.228,  4.490, 5,  17.280,-30.480,  4.740
68337.86018, 3,   1.539, 13.838,  2.901, 4,   0.936,  0.911,  4.403, 5,  14.700,-31.080,  4.500
68337.88026, 3,   2.356, 12.708,  2.901, 4,   0.901,  2.255,  2.896, 5,  11.940,-31.440,  4.140
68337.90176, 3,  -0.177,  9.344,  1.539, 4,   1.247,  2.666, -1.242, 5,   9.180,-31.980,  3.900
68337.92272, 3,  -1.008,  4.903,  1.948, 4,   0.851,  2.050, -2.928, 5,   6.600,-32.280,  3.600
68337.94227, 3,  -0.313,  2.397,  1.607, 4,   0.961,  1.239, -4.482, 5,   4.320,-32.580,  3.360
68337.96231, 3,  -0.409,  2.452,  0.545, 4,   1.002,  0.886, -5.822, 5,   2.400,-33.000,  3.120
68337.98248, 3,  -0.054,  3.664, -0.449, 4,   0.811,  0.964, -6.953, 5,   0.780,-33.420,  3.060
68338.00274, 3,  -0.695,  5.067, -1.716, 4,   0.757,  1.148, -8.032, 5,  -0.060,-33.780,  3.180
68338.02241, 3,  -2.860,  7.110, -2.029, 4,   0.666,  1.070, -8.879, 5,  -0.300,-34.080,  3.480
68338.04412, 3,  -3.637, 10.011, -2.561, 4,   0.627,  0.877, -9.199, 5,   0.060,-34.260,  3.720
68338.06652, 3,  -2.138, 14.764, -3.187, 4,   1.045,  0.182, -8.682, 5,   1.320,-33.960,  4.260
68338.08460, 3,   3.065, 17.148,  0.204, 4,   1.820,  0.186, -7.595, 5,   3.180,-33.240,  4.920
68338.10378, 3,  10.678, 18.333,  5.475, 4,   2.002,  0.016, -6.248, 5,   5.640,-32.100,  5.820
68338.12323, 3,  12.817, 18.932,  5.789, 4,   1.067, -0.757, -4.534, 5,   8.400,-30.540,  6.600
68338.14406, 3,  16.167, 18.415,  2.901, 4,  -0.032, -0.974, -1.452, 5,  11.280,-28.920,  7.260
68338.16548, 3,  17.843, 13.893,  3.500, 4,  -0.764,  0.014,  1.589, 5,  14.460,-27.120,  7.920
68338.18572, 3,  18.210, 13.348,  1.771, 4,  -0.755,  1.415,  2.931, 5,  17.700,-25.440,  8.580
68338.21088, 3,  15.922,  9.984, -6.143, 4,  -0.940,  0.261,  4.409, 5,  21.240,-24.120,  9.240
68338.22731, 3,  14.233,  9.984,  1.839, 4,  -4.154,  2.838,  4.290, 5,  24.360,-22.860,  9.720
68338.24859, 3,   7.110, 13.239, -2.928, 4,   1.468,  0.433,  1.760, 5,  27.240,-21.840, 10.380
68338.26688, 3,   2.057, 13.239, -1.280, 4,  -1.226,  0.899,  1.335, 5,  29.940,-20.880, 10.980
68338.28673, 3,  -2.220, 13.007, -0.695, 4,  -0.284, -0.130,  1.232, 5,  32.340,-19.740, 11.520
68338.30694, 3,  -3.160, 17.380, -2.193, 4,  -0.480, -0.448,  1.859, 5,  34.260,-18.660, 11.940
68338.32623, 3,  -5.666, 17.284, -2.969, 4,  -0.575, -0.897,  2.073, 5,  35.640,-17.580, 12.240
68338.34727, 3,  -7.709, 15.473, -3.827, 4,  -0.573, -1.421,  2.112, 5,  36.420,-16.440, 12.360
68338.36761, 3,  -6.197, 12.953, -1.090, 4,  -0.698, -1.706,  2.366, 5,  36.660,-15.720, 12.420
68338.39049, 3,  -1.989, 11.795,  1.022, 4,  -0.439, -2.094,  2.782, 5,  36.180,-15.300, 12.120
68338.40819, 3,  -1.703, 11.046,  0.531, 4,  -0.285, -1.580,  2.886, 5,  35.100,-15.360, 11.820
68338.42714, 3,  -4.999,  8.499,  1.171, 4,  -0.738, -1.144,  2.313, 5,  33.540,-15.900, 11.340
68338.44835, 3,  -5.217,  8.826,  1.117, 4,  -0.786, -1.505,  3.179, 5,  31.800,-16.860, 10.860
68338.46844, 3,  -7.600,  9.126,  0.477, 4,  -0.612, -2.608,  3.509, 5,  30.060,-18.000, 10.380
68338.48864, 3, -10.488,  7.954, -0.177, 4,  -0.207, -3.941,  3.226, 5,  28.140,-19.380,  9.780
68338.50955, 3,  -8.581, 10.106, -0.913, 4,   0.467, -3.829,  3.479, 5,  26.100,-20.700,  9.180
68338.52952, 3,  -7.818, 11.359, -1.771, 4,   0.828, -3.326,  4.021, 5,  24.000,-21.780,  8.700
68338.55244, 3,  -5.652, 11.863, -0.627, 4,   0.492, -0.775,  3.324, 5,  22.020,-22.560,  8.160
68338.57082, 3,  -1.253, 12.830,  1.008, 4,   0.612,  0.689,  2.507, 5,  20.100,-23.040,  7.620
68338.59040, 3,   1.553, 12.027,  0.354, 4,   0.925,  1.852,  1.037, 5,  17.940,-23.400,  7.260
68338.61035, 3,  -0.490,  9.017, -0.163, 4,   0.595,  2.678, -0.722, 5,  15.840,-23.760,  6.900
68338.62949, 3,  -1.294,  5.993,  1.062, 4,   0.407,  2.726, -1.770, 5,  13.920,-24.120,  6.540
68338.65084, 3,  -0.994,  4.304,  1.948, 4,   0.745,  2.319, -2.659, 5,  11.940,-24.360,  6.120
68338.67114, 3,  -0.286,  4.100,  1.580, 4,   1.061,  1.888, -3.543, 5,  10.080,-24.660,  5.820
68338.69137, 3,  -0.885,  4.835,  0.531, 4,   1.148,  1.621, -4.519, 5,   8.340,-24.900,  5.460
68338.72411, 3,  -2.479,  6.061,  0.082, 4,   0.857,  0.827, -5.964, 5,   6.960,-25.020,  5.280
68338.75660, 3,  -1.376, 10.978, -1.866, 4,   0.551,  0.035, -6.780, 5,   5.880,-25.140,  5.160
68338.77504, 3,  -1.103, 14.070, -1.171, 4,   0.084, -0.224, -6.191, 5,   4.740,-25.500,  5.160
68338.81970, 3,   9.793, 17.053,  2.547, 4,   0.666, -2.952, -3.249, 5,   4.680,-25.560,  5.040
68338.85279, 3,  17.039, 13.729,  0.313, 4,   0.558, -2.995, -1.936, 5,   4.980,-25.560,  4.980
68338.87095, 3,  18.279, 13.266, -1.961, 4,  -0.110, -1.684, -0.880, 5,   7.080,-25.620,  4.800
68338.91852, 3,  19.218, 17.965,  1.716, 4,  -0.304,  1.271,  4.292, 5,   8.520,-25.680,  4.800
68338.95145, 3,  -4.018,  5.979,  1.512, 4,  -1.416,  2.204,  0.272, 5,  10.080,-25.980,  4.560
68338.97083, 3,  -2.724,  7.982,  1.852, 4,  -0.638, -0.063,  2.222, 5,  13.020,-26.520,  4.020
68338.98984, 3,   4.318, 10.719,  2.642, 4,  -0.267,  0.021,  2.133, 5,  14.460,-26.940,  3.660
68339.00988, 3,   1.226, 11.850,  1.512, 4,   0.194,  0.027,  0.799, 5,  15.960,-27.300,  3.240
68339.05448, 3,  -3.092, 13.825,  0.804, 4,   0.202, -1.188,  1.551, 5,  17.220,-27.780,  3.000
68339.08571, 3,  -3.800, 13.375,  0.409, 4,   0.247, -1.516,  1.557, 5,  18.420,-28.080,  2.940
68339.10647, 3,  -3.895, 12.354,  0.436, 4,   0.236, -1.928,  1.731, 5,  19.800,-28.740,  2.460
68339.12594, 3,  -4.495, 11.305,  0.177, 4,   0.164, -2.069,  1.938, 5,  20.220,-28.980,  2.100
68339.17058, 3,  -2.057, 11.264, -0.531, 4,  -0.168, -2.153,  2.874, 5,  20.160,-29.160,  1.860
68339.20017, 3,  -5.053, 11.046, -0.913, 4,  -0.158, -2.016,  3.565, 5,  19.800,-29.400,  1.800
68339.22105, 3,  -4.413, 10.665, -0.300, 4,  -0.075, -1.970,  4.109, 5,  17.640,-29.940,  1.320
68339.24071, 3,  -2.288,  9.807,  1.199, 4,   0.011, -1.685,  4.344, 5,  15.900,-30.180,  1.080
68339.26077, 3,   3.174, 11.931,  3.024, 4,   0.190, -1.264,  4.457, 5,  14.160,-30.300,  0.960
68339.28883, 3,   3.637, 11.795,  2.288, 4,   0.864,  2.070,  1.960, 5,  12.000,-30.360,  0.900
68339.30646, 3,   1.757, 10.515, -0.109, 4,   0.708,  2.744,  0.802, 5,  10.080,-30.300,  0.720
68339.32692, 3,  -3.541,  8.772, -0.163, 4,   0.478,  2.612, -0.476, 5,   8.340,-30.180,  0.600
68339.34661, 3,  -5.353,  5.448,  0.926, 4,   0.750,  2.261, -0.677, 5,   6.420,-29.940,  0.600
68339.36669, 3,  -2.615,  3.786,  1.839, 4,   1.091,  1.851, -1.153, 5,   4.620,-29.700,  0.660
68339.38677, 3,  -1.253,  3.473,  1.594, 4,   1.337,  1.668, -2.320, 5,   3.060,-29.460,  0.480
68339.40687, 3,  -1.771,  4.127,  0.926, 4,   1.382,  1.830, -3.478, 5,   1.560,-29.220,  0.240
68339.42796, 3,  -2.642,  4.999,  0.477, 4,   1.291,  1.827, -4.229, 5,   0.480,-29.160,  0.240
68339.45291, 3,  -2.043,  7.859,  1.389, 4,   0.983,  1.383, -5.102, 5,  -0.300,-29.040,  0.060
68339.47117, 3,  -2.043,  7.859,  2.070, 4,   0.830,  1.118, -5.398, 5,  -0.900,-28.860, -0.120
68339.48950, 3,  -0.994,  9.194,  2.070, 4,   0.837,  0.841, -5.882, 5,  -1.140,-28.620, -0.240
68339.50997, 3,  -1.771, 12.354,  2.098, 4,   0.485,  0.672, -5.487, 5,  -0.840,-28.320, -0.420
68339.52960, 3,  -0.041, 15.936,  1.961, 4,   0.396,  0.530, -4.333, 5,  -0.120,-27.960, -0.540
68339.55105, 3,   9.412, 16.331,  3.732, 4,   0.431, -0.249, -3.499, 5,   0.900,-27.540, -0.600
68339.57111, 3,  13.375, 11.741,  1.607, 4,   0.051, -0.741, -3.187, 5,   2.280,-27.240, -0.720
68339.59122, 3,  16.126, 10.951, -0.150, 4,   0.210, -1.376, -2.388, 5,   3.660,-26.940, -1.020
68339.61492, 3,  17.829, 15.241,  3.895, 4,  -0.511, -0.580,  0.892, 5,   5.700,-26.520, -1.440
68339.63230, 3,  18.673, 17.380, -3.814, 4,  -0.583,  0.597,  4.329, 5,   7.500,-26.400, -1.680
68339.65531, 3,   3.160, 10.406,  3.895, 4,  -1.688,  2.848,  1.734, 5,   9.180,-26.040, -2.040
68339.67530, 3,  -8.186,  5.680,  3.051, 4,  -1.201,  3.260, -0.655, 5,  10.860,-25.920, -2.580
68339.69552, 3,  -1.525,  9.289,  1.730, 4,  -0.762,  0.330,  1.584, 5,  12.540,-25.860, -2.940
68339.71558, 3,   3.528, 11.046,  1.321, 4,  -0.369, -0.185,  2.265, 5,  13.980,-25.620, -3.360
68339.73550, 3,   0.313, 10.719,  1.376, 4,  -0.239,  0.068,  0.914, 5,  15.360,-25.560, -3.840
68339.75859, 3,  -0.449, 10.597,  1.621, 4,   0.095, -0.152,  0.881, 5,  16.380,-25.440, -4.260
68339.77693, 3,  -0.204, 10.474,  1.771, 4,   0.206, -0.357,  0.885, 5,  17.220,-25.320, -4.500
68339.79638, 3,  -0.804, 10.733,  1.226, 4,   0.252, -0.568,  0.793, 5,  17.940,-25.200, -4.920
68339.81665, 3,  -0.436, 10.161,  1.348, 4,   0.208, -0.811,  0.790, 5,  18.300,-25.140, -5.340
68339.83605, 3,  -0.041,  9.412,  1.321, 4,   0.245, -0.929,  0.677, 5,  18.240,-25.140, -5.580
68339.85696, 3,  -0.899,  8.240,  2.506, 4,   0.210, -1.051,  0.419, 5,  17.940,-25.080, -5.940
68339.87715, 3,  -1.090,  7.532,  2.969, 4,   0.222, -1.378,  0.294, 5,  17.520,-25.260, -6.420
68339.89728, 3,  -1.226,  7.314,  2.928, 4,   0.223, -1.802,  0.158, 5,  16.980,-25.320, -6.600
68339.92123, 3,  -1.022,  8.050,  2.479, 4,   0.268, -2.268,  0.028, 5,  16.260,-25.500, -6.720
68339.93687, 3,  -0.599,  9.044,  1.580, 4,   0.347, -2.352,  0.061, 5,  15.480,-25.740, -6.960
68339.95769, 3,  -0.395,  9.984,  0.545, 4,   0.425, -2.400,  0.090, 5,  14.820,-25.800, -7.200
68339.97824, 3,  -0.735, 10.624, -0.667, 4,   0.484, -2.391,  0.226, 5,  14.340,-26.100, -7.080
68339.99840, 3,  -0.654, 12.122, -1.839, 4,   0.472, -2.323,  0.503, 5,  13.740,-26.160, -7.020
68340.01928, 3,  -0.259, 12.762, -2.520, 4,   0.460, -2.178,  0.748, 5,  13.080,-26.280, -7.020
68340.03846, 3,   0.341, 12.721, -2.833, 4,   0.488, -1.860,  1.039, 5,  12.540,-26.580, -7.020
68340.05928, 3,   0.354, 12.095, -2.629, 4,   0.478, -1.649,  1.190, 5,  11.760,-26.700, -6.840
68340.08234, 3,   0.477, 11.005, -1.784, 4,   0.373, -1.407,  1.266, 5,  11.100,-26.760, -6.840
68340.10062, 3,   1.594,  9.875, -1.008, 4,   0.236, -1.318,  1.068, 5,  10.500,-26.820, -6.900
68340.11995, 3,   2.860,  8.894, -0.245, 4,   0.025, -1.228,  0.531, 5,   9.660,-26.880, -6.720
68340.13931, 3,   2.574,  7.641,  0.054, 4,  -0.035, -0.619,  0.137, 5,   8.940,-26.940, -6.360
68340.16031, 3,   2.983,  7.750, -0.136, 4,  -0.337,  0.163,  0.010, 5,   8.100,-27.060, -6.300
68340.18080, 3,   1.675,  7.791, -0.449, 4,  -0.396,  0.564, -0.522, 5,   7.500,-27.180, -6.000
68340.20110, 3,   0.095,  7.478, -0.259, 4,  -0.302,  0.303, -0.704, 5,   6.840,-27.180, -5.700
68340.22114, 3,   0.191,  8.022, -0.449, 4,  -0.120, -0.119, -0.615, 5,   6.240,-27.300, -5.640
68340.24156, 3,   0.763,  8.635, -0.899, 4,   0.078, -0.669, -0.609, 5,   5.940,-27.300, -5.520
68340.26225, 3,   2.098,  9.439, -1.321, 4,   0.108, -0.696, -0.607, 5,   5.400,-27.420, -5.220
68340.28180, 3,   2.424,  9.548, -1.553, 4,   0.019, -0.528, -0.676, 5,   4.860,-27.600, -4.980
68340.30123, 3,   2.275,  9.507, -1.757, 4,  -0.078, -0.310, -0.771, 5,   4.560,-27.540, -4.980
68340.32135, 3,   2.029,  9.575, -2.057, 4,  -0.126, -0.130, -0.790, 5,   4.200,-27.600, -4.920
68340.34169, 3,   1.634,  9.739, -2.138, 4,  -0.149,  0.037, -0.789, 5,   4.080,-27.840, -4.800
68340.36174, 3,   1.485, 10.161, -2.275, 4,  -0.130,  0.129, -0.714, 5,   3.840,-27.900, -4.800
68340.38182, 3,   1.253, 10.379, -2.193, 4,  -0.062,  0.222, -0.599, 5,   3.780,-28.020, -4.800
68340.40604, 3,   0.858, 10.311, -2.397, 4,  -0.076,  0.352, -0.543, 5,   3.780,-28.140, -4.800
68340.42414, 3,   0.654, 10.052, -2.343, 4,  -0.100,  0.368, -0.489, 5,   3.780,-28.140, -4.740
68340.44249, 3,   0.545,  9.861, -2.247, 4,  -0.102,  0.354, -0.480, 5,   4.080,-28.140, -4.500
68340.46362, 3,   0.327,  9.725, -2.384, 4,  -0.067,  0.316, -0.486, 5,   4.500,-28.320, -4.620
68340.48368, 3,   0.354,  9.725, -2.411, 4,  -0.024,  0.229, -0.461, 5,   4.860,-28.320, -4.620
68340.50513, 3,   0.545,  9.834, -2.479, 4,   0.012,  0.225, -0.435, 5,   5.040,-28.380, -4.620
68340.52549, 3,   0.218,  9.739, -2.397, 4,   0.035,  0.284, -0.476, 5,   5.340,-28.500, -4.740
68340.54563, 3,   0.095,  9.575, -2.384, 4,   0.054,  0.292, -0.563, 5,   5.640,-28.620, -4.800
68340.56846, 3,  -0.123,  9.344, -2.329, 4,   0.196,  0.293, -0.672, 5,   5.880,-28.740, -4.680
68340.58658, 3,  -0.599,  9.085, -2.125, 4,   0.255,  0.355, -0.825, 5,   6.300,-28.800, -4.740
68340.60606, 3,  -0.899,  9.248, -1.730, 4,   0.301,  0.280, -0.860, 5,   6.780,-28.860, -4.860
68340.62610, 3,  -0.708,  9.766, -1.062, 4,   0.335,  0.101, -0.878, 5,   7.140,-29.100, -4.740
68340.64636, 3,  -0.354, 10.610, -0.150, 4,   0.380, -0.268, -0.731, 5,   7.680,-29.280, -4.800
68340.66747, 3,   0.735, 10.869,  0.899, 4,   0.322, -0.631, -0.542, 5,   7.980,-29.340, -4.560
68340.68713, 3,   2.193, 10.583,  1.907, 4,   0.218, -0.847, -0.280, 5,   8.340,-29.460, -4.440
68340.70731, 3,   3.078, 10.243,  2.792, 4,   0.046, -0.785, -0.204, 5,   9.000,-29.520, -4.200
68340.72956, 3,   4.481, 10.924,  3.868, 4,  -0.343, -0.421, -0.064, 5,   9.360,-29.640, -4.140
68340.74804, 3,   5.571, 10.569,  2.806, 4,  -0.346, -0.090, -0.278, 5,   9.780,-29.940, -4.140
68340.76821, 3,  -0.681, 10.065,  1.267, 4,  -0.422,  0.149, -0.529, 5,  10.020,-30.240, -4.320
68340.78847, 3,  -0.136, 10.474,  0.545, 4,  -0.354,  0.069, -0.077, 5,  10.260,-30.360, -4.380
68340.80861, 3,  -0.177, 10.093,  0.123, 4,  -0.341,  0.094, -0.235, 5,  10.500,-30.420, -4.500
68340.82894, 3,  -0.858,  9.929, -0.123, 4,  -0.358,  0.194, -0.312, 5,  10.800,-30.540, -4.680
68340.84878, 3,  -1.185,  9.984, -0.095, 4,  -0.313,  0.162, -0.292, 5,  11.160,-30.600, -4.740
68340.86939, 3,  -1.280,  9.807, -0.095, 4,  -0.235,  0.068, -0.273, 5,  11.520,-30.600, -4.860
68340.88978, 3,  -1.171,  9.861, -0.054, 4,  -0.137,  0.024, -0.281, 5,  11.640,-30.600, -4.980
68340.91130, 3,  -1.430,  9.793, -0.123, 4,  -0.126,  0.028, -0.303, 5,  11.820,-30.660, -5.040
68340.92993, 3,  -1.376,  9.698, -0.259, 4,  -0.111, -0.035, -0.274, 5,  11.940,-30.660, -4.980
68340.94993, 3,  -1.348,  9.643, -0.027, 4,  -0.084, -0.056, -0.319, 5,  12.180,-30.600, -5.280
68340.97037, 3,  -1.512,  9.548, -0.054, 4,  -0.074, -0.049, -0.317, 5,  12.240,-30.480, -5.280
68340.99051, 3,  -1.525,  9.575, -0.232, 4,  -0.093, -0.045, -0.293, 5,  12.540,-30.480, -5.580
68341.01074, 3,  -1.580,  9.521, -0.232, 4,  -0.140,  0.012, -0.314, 5,  12.840,-30.360, -5.640
68341.03099, 3,  -2.057,  9.548, -0.109, 4,  -0.126,  0.023, -0.309, 5,  12.780,-30.300, -5.880
68341.05492, 3,  -1.866,  9.575, -0.109, 4,  -0.104, -0.072, -0.218, 5,  12.840,-30.240, -6.000
68341.07207, 3,  -2.002,  9.602, -0.014, 4,  -0.110, -0.051, -0.203, 5,  13.080,-30.180, -6.180
68341.09273, 3,  -2.057,  9.616, -0.041, 4,  -0.104, -0.066, -0.195, 5,  13.260,-29.940, -6.300
68341.11266, 3,  -2.234,  9.507,  0.027, 4,  -0.100, -0.067, -0.162, 5,  13.560,-29.760, -6.420
